Password Store
├── [01;34mBrowser[00m
│   ├── Firefox
│   └── Vivaldi
├── [01;34mChat[00m
│   ├── Discord
│   ├── RaidCall
│   ├── Skype
│   └── Team_Speak
├── [01;34mEmail[00m
│   ├── alehate@gmail.com
│   ├── alexandrelo@hotmail.es
│   ├── alexpeed48@gmail.com
│   ├── alexpeedpainting@gmail.com
│   ├── AlexpeedZ@outlook.es
│   ├── govialex51@gmail.com
│   └── procourier.vigo@gmail.com
├── [01;34mGames[00m
│   ├── Bethesda
│   ├── Blizzard
│   ├── Epic_Games
│   ├── Garena
│   ├── GOG
│   ├── Humble_Bundle
│   ├── Nvidia
│   ├── Origin
│   ├── Steam
│   ├── Tunngle
│   ├── Uplay
│   └── War_Gaming
├── [01;34mMedia[00m
│   ├── Spotify
│   └── Twitch
├── [01;34mShops[00m
│   ├── 4Frags
│   ├── Amazon
│   ├── AquaTuning
│   ├── Coolmod
│   ├── Ebay
│   ├── Gamebuyers
│   ├── PcComponentes
│   └── Pixmanía
├── [01;34mSocial[00m
│   ├── Badoo
│   ├── Facebook
│   └── Twitter
└── [01;34mWeb[00m
    ├── Blockchain
    ├── Pay
    └── Vodafone
