01/28/21 02:02:55: DXSetup: CommandLine: /silent
01/28/21 02:02:55: DSETUP: DirectXSetupA(): hWnd: 00000000 dwFlags: 02010098



01/28/21 02:02:55: dsetup32: === SetupForDirectX() start ===
01/28/21 02:02:55: dsetup32: Mar 16 2009 14:01:09
01/28/21 02:02:55: dsetup32: DXSetupCommand = 0.
01/28/21 02:02:55: dsetup32: DirectXSetupIsJapanese == 0
01/28/21 02:02:55: dsetup32: DirectXSetupIsJapanNec == 0
01/28/21 02:02:55: dsetup32: Installing on Windows Server 2003 SP1 (64bit)
01/28/21 02:02:55: dsetup32: IsIA64(): not IA64.
01/28/21 02:02:55: dsetup32: CLR version number = 2.0.50727
01/28/21 02:02:55: dsetup32: DXCheckTrust(): C:\PROG~5P2\MICR~K4K\XNA_~4TN\v4.0\Redist\DX_R~L4K\dxupdate.cab is trusted.
01/28/21 02:02:55: dsetup32: GetCDXUpdate(): Extracting dxupdate.dll from C:\PROG~5P2\MICR~K4K\XNA_~4TN\v4.0\Redist\DX_R~L4K\dxupdate.cab.
01/28/21 02:02:55: dsetup32: Extracted file C:\users\govi\Temp\DXc17d.tmp\dxupdate.dll from cab
01/28/21 02:02:55: dsetup32: Extracted file C:\users\govi\Temp\DXc17d.tmp\dxupdate.inf from cab
01/28/21 02:02:55: dsetup32: Extracted file C:\users\govi\Temp\DXc17d.tmp\dxupdate.cif from cab
01/28/21 02:02:55: dsetup32: GetCDXUpdate(): Loading dxupdate.dll in C:\users\govi\Temp\DXc17d.tmp\.
01/28/21 02:02:55: dsetup32: DirectXSetupIsJapanese == 0
01/28/21 02:02:55: dsetup32: DirectXSetupIsJapanNec == 0
01/28/21 02:02:55: dxupdate: -----
01/28/21 02:02:55: dxupdate: DirectXUpdateInstallPlugIn(): Plug-In dxdllreg_x86.cab does not exist.
01/28/21 02:02:55: dxupdate: -----
01/28/21 02:02:55: dxupdate: DirectXUpdateInstallPlugIn(): Plug-In RGB9Rast_1_x86.cab does not exist.
01/28/21 02:02:55: dxupdate: -----
01/28/21 02:02:55: dxupdate: DirectXUpdateInstallPlugIn(): Plug-In RGB9Rast_1_x64.cab does not exist.
01/28/21 02:02:55: dxupdate: -----
01/28/21 02:02:55: dxupdate: DirectXUpdateInstallPlugIn(): Plug-In RGB9Rast_2_x86.cab does not exist.
01/28/21 02:02:55: dxupdate: -----
01/28/21 02:02:55: dxupdate: DirectXUpdateInstallPlugIn(): Plug-In RGB9Rast_2_x64.cab does not exist.
01/28/21 02:02:55: dxupdate: -----
01/28/21 02:02:55: dxupdate: DirectXUpdateInstallPlugIn(): Plug-In MDX_1.0.2902.0_x86.cab does not exist.
01/28/21 02:02:55: dxupdate: -----
01/28/21 02:02:55: dxupdate: DirectXUpdateInstallPlugIn(): Plug-In MDX_1.0.2903.0_x86.cab does not exist.
01/28/21 02:02:55: dxupdate: -----
01/28/21 02:02:55: dxupdate: DirectXUpdateInstallPlugIn(): Plug-In MDX_1.0.2904.0_x86.cab does not exist.
01/28/21 02:02:55: dxupdate: -----
01/28/21 02:02:55: dxupdate: DirectXUpdateInstallPlugIn(): Plug-In MDX_1.0.2905.0_x86.cab does not exist.
01/28/21 02:02:55: dxupdate: -----
01/28/21 02:02:55: dxupdate: DirectXUpdateInstallPlugIn(): Plug-In MDX_1.0.2906.0_x86.cab does not exist.
01/28/21 02:02:55: dxupdate: -----
01/28/21 02:02:55: dxupdate: DirectXUpdateInstallPlugIn(): Plug-In MDX_1.0.2907.0_x86.cab does not exist.
01/28/21 02:02:55: dxupdate: -----
01/28/21 02:02:55: dxupdate: DirectXUpdateInstallPlugIn(): Plug-In MDX_1.0.2908.0_x86.cab does not exist.
01/28/21 02:02:55: dxupdate: -----
01/28/21 02:02:55: dxupdate: DirectXUpdateInstallPlugIn(): Plug-In MDX_1.0.2909.0_x86.cab does not exist.
01/28/21 02:02:55: dxupdate: -----
01/28/21 02:02:55: dxupdate: DirectXUpdateInstallPlugIn(): Plug-In MDX_1.0.2910.0_x86.cab does not exist.
01/28/21 02:02:55: dxupdate: -----
01/28/21 02:02:55: dxupdate: DirectXUpdateInstallPlugIn(): Plug-In Feb2005_d3dx9_24_x86.cab does not exist.
01/28/21 02:02:55: dxupdate: -----
01/28/21 02:02:55: dxupdate: DirectXUpdateInstallPlugIn(): Plug-In Feb2005_d3dx9_24_x64.cab does not exist.
01/28/21 02:02:55: dxupdate: -----
01/28/21 02:02:55: dxupdate: DirectXUpdateInstallPlugIn(): Plug-In Feb2005_MDX_x86.MSI does not exist.
01/28/21 02:02:55: dxupdate: -----
01/28/21 02:02:55: dxupdate: DirectXUpdateInstallPlugIn(): Plug-In Apr2005_d3dx9_25_x86.cab does not exist.
01/28/21 02:02:55: dxupdate: -----
01/28/21 02:02:55: dxupdate: DirectXUpdateInstallPlugIn(): Plug-In Apr2005_d3dx9_25_x64.cab does not exist.
01/28/21 02:02:55: dxupdate: -----
01/28/21 02:02:55: dxupdate: DirectXUpdateInstallPlugIn(): Plug-In Apr2005_MDX_x86.cab does not exist.
01/28/21 02:02:55: dxupdate: -----
01/28/21 02:02:55: dxupdate: DirectXUpdateInstallPlugIn(): Plug-In Jun2005_d3dx9_26_x86.cab does not exist.
01/28/21 02:02:55: dxupdate: -----
01/28/21 02:02:55: dxupdate: DirectXUpdateInstallPlugIn(): Plug-In Jun2005_d3dx9_26_x64.cab does not exist.
01/28/21 02:02:55: dxupdate: -----
01/28/21 02:02:55: dxupdate: DirectXUpdateInstallPlugIn(): Plug-In Jun2005_MDX_x86.cab does not exist.
01/28/21 02:02:55: dxupdate: -----
01/28/21 02:02:55: dxupdate: DirectXUpdateInstallPlugIn(): Plug-In Aug2005_d3dx9_27_x86.cab does not exist.
01/28/21 02:02:55: dxupdate: -----
01/28/21 02:02:55: dxupdate: DirectXUpdateInstallPlugIn(): Plug-In Aug2005_d3dx9_27_x64.cab does not exist.
01/28/21 02:02:55: dxupdate: -----
01/28/21 02:02:55: dxupdate: DirectXUpdateInstallPlugIn(): Plug-In Aug2005_MDX_x86.cab does not exist.
01/28/21 02:02:55: dxupdate: -----
01/28/21 02:02:55: dxupdate: DirectXUpdateInstallPlugIn(): Plug-In Oct2005_d3dx9_27_x86.cab does not exist.
01/28/21 02:02:55: dxupdate: -----
01/28/21 02:02:55: dxupdate: DirectXUpdateInstallPlugIn(): Plug-In Oct2005_d3dx9_27_x64.cab does not exist.
01/28/21 02:02:55: dxupdate: -----
01/28/21 02:02:55: dxupdate: DirectXUpdateInstallPlugIn(): Plug-In Oct2005_MDX_x86.cab does not exist.
01/28/21 02:02:55: dxupdate: -----
01/28/21 02:02:55: dxupdate: DirectXUpdateInstallPlugIn(): Plug-In Oct2005_xinput_x86.cab does not exist.
01/28/21 02:02:55: dxupdate: -----
01/28/21 02:02:55: dxupdate: DirectXUpdateInstallPlugIn(): Plug-In Oct2005_xinput_x64.cab does not exist.
01/28/21 02:02:55: dxupdate: -----
01/28/21 02:02:55: dxupdate: DirectXUpdateInstallPlugIn(): Plug-In Dec2005_d3dx9_28_x86.cab does not exist.
01/28/21 02:02:55: dxupdate: -----
01/28/21 02:02:55: dxupdate: DirectXUpdateInstallPlugIn(): Plug-In Dec2005_d3dx9_28_x64.cab does not exist.
01/28/21 02:02:55: dxupdate: -----
01/28/21 02:02:55: dxupdate: DirectXUpdateInstallPlugIn(): Plug-In Dec2005_MDX1_x86_Archive.cab does not exist.
01/28/21 02:02:55: dxupdate: -----
01/28/21 02:02:55: dxupdate: DirectXUpdateInstallPlugIn(): Plug-In Dec2005_MDX1_x86.cab does not exist.
01/28/21 02:02:55: dxupdate: -----
01/28/21 02:02:55: dxupdate: DirectXUpdateInstallPlugIn(): Plug-In Feb2006_d3dx9_29_x86.cab does not exist.
01/28/21 02:02:55: dxupdate: -----
01/28/21 02:02:55: dxupdate: DirectXUpdateInstallPlugIn(): Plug-In Feb2006_d3dx9_29_x64.cab does not exist.
01/28/21 02:02:55: dxupdate: -----
01/28/21 02:02:55: dxupdate: DirectXUpdateInstallPlugIn(): Plug-In Feb2006_MDX1_x86_Archive.cab does not exist.
01/28/21 02:02:55: dxupdate: -----
01/28/21 02:02:55: dxupdate: DirectXUpdateInstallPlugIn(): Plug-In Feb2006_MDX1_x86.cab does not exist.
01/28/21 02:02:55: dxupdate: -----
01/28/21 02:02:55: dxupdate: DirectXUpdateInstallPlugIn(): Plug-In Feb2006_XACT_x86.cab does not exist.
01/28/21 02:02:55: dxupdate: -----
01/28/21 02:02:55: dxupdate: DirectXUpdateInstallPlugIn(): Plug-In Feb2006_XACT_x64.cab does not exist.
01/28/21 02:02:55: dxupdate: -----
01/28/21 02:02:55: dxupdate: DirectXUpdateInstallPlugIn(): Plug-In Apr2006_d3dx9_30_x86.cab does not exist.
01/28/21 02:02:55: dxupdate: -----
01/28/21 02:02:55: dxupdate: DirectXUpdateInstallPlugIn(): Plug-In Apr2006_d3dx9_30_x64.cab does not exist.
01/28/21 02:02:55: dxupdate: -----
01/28/21 02:02:55: dxupdate: DirectXUpdateInstallPlugIn(): Plug-In Apr2006_MDX1_x86_Archive.cab does not exist.
01/28/21 02:02:55: dxupdate: -----
01/28/21 02:02:55: dxupdate: DirectXUpdateInstallPlugIn(): Plug-In Apr2006_MDX1_x86.cab does not exist.
01/28/21 02:02:55: dxupdate: -----
01/28/21 02:02:55: dxupdate: DirectXUpdateInstallPlugIn(): Plug-In Apr2006_XACT_x86.cab does not exist.
01/28/21 02:02:55: dxupdate: -----
01/28/21 02:02:55: dxupdate: DirectXUpdateInstallPlugIn(): Plug-In Apr2006_XACT_x64.cab does not exist.
01/28/21 02:02:55: dxupdate: -----
01/28/21 02:02:55: dxupdate: DirectXUpdateInstallPlugIn(): Plug-In Apr2006_xinput_x86.cab does not exist.
01/28/21 02:02:55: dxupdate: -----
01/28/21 02:02:55: dxupdate: DirectXUpdateInstallPlugIn(): Plug-In Apr2006_xinput_x64.cab does not exist.
01/28/21 02:02:55: dxupdate: -----
01/28/21 02:02:55: dxupdate: DirectXUpdateInstallPlugIn(): Plug-In Jun2006_XACT_x86.cab does not exist.
01/28/21 02:02:55: dxupdate: -----
01/28/21 02:02:55: dxupdate: DirectXUpdateInstallPlugIn(): Plug-In Jun2006_XACT_x64.cab does not exist.
01/28/21 02:02:55: dxupdate: -----
01/28/21 02:02:55: dxupdate: DirectXUpdateInstallPlugIn(): Plug-In Aug2006_xinput_x86.cab does not exist.
01/28/21 02:02:55: dxupdate: -----
01/28/21 02:02:55: dxupdate: DirectXUpdateInstallPlugIn(): Plug-In Aug2006_xinput_x64.cab does not exist.
01/28/21 02:02:55: dxupdate: -----
01/28/21 02:02:55: dxupdate: DirectXUpdateInstallPlugIn(): Plug-In Aug2006_XACT_x86.cab does not exist.
01/28/21 02:02:55: dxupdate: -----
01/28/21 02:02:55: dxupdate: DirectXUpdateInstallPlugIn(): Plug-In Aug2006_XACT_x64.cab does not exist.
01/28/21 02:02:55: dxupdate: -----
01/28/21 02:02:55: dxupdate: DirectXUpdateInstallPlugIn(): Plug-In Oct2006_d3dx9_31_x86.cab does not exist.
01/28/21 02:02:55: dxupdate: -----
01/28/21 02:02:55: dxupdate: DirectXUpdateInstallPlugIn(): Plug-In Oct2006_d3dx9_31_x64.cab does not exist.
01/28/21 02:02:55: dxupdate: -----
01/28/21 02:02:55: dxupdate: DirectXUpdateInstallPlugIn(): Plug-In Oct2006_XACT_x86.cab does not exist.
01/28/21 02:02:55: dxupdate: -----
01/28/21 02:02:55: dxupdate: DirectXUpdateInstallPlugIn(): Plug-In Oct2006_XACT_x64.cab does not exist.
01/28/21 02:02:55: dxupdate: -----
01/28/21 02:02:55: dxupdate: DirectXUpdateInstallPlugIn(): Plug-In Dec2006_d3dx9_32_x86.cab does not exist.
01/28/21 02:02:55: dxupdate: -----
01/28/21 02:02:55: dxupdate: DirectXUpdateInstallPlugIn(): Plug-In Dec2006_d3dx9_32_x64.cab does not exist.
01/28/21 02:02:55: dxupdate: -----
01/28/21 02:02:55: dxupdate: DirectXUpdateInstallPlugIn(): Plug-In Dec2006_d3dx10_00_x86.cab does not exist.
01/28/21 02:02:55: dxupdate: -----
01/28/21 02:02:55: dxupdate: DirectXUpdateInstallPlugIn(): Plug-In Dec2006_d3dx10_00_x64.cab does not exist.
01/28/21 02:02:55: dxupdate: -----
01/28/21 02:02:55: dxupdate: DirectXUpdateInstallPlugIn(): Plug-In Dec2006_XACT_x86.cab does not exist.
01/28/21 02:02:55: dxupdate: -----
01/28/21 02:02:55: dxupdate: DirectXUpdateInstallPlugIn(): Plug-In Dec2006_XACT_x64.cab does not exist.
01/28/21 02:02:55: dxupdate: -----
01/28/21 02:02:55: dxupdate: DirectXUpdateInstallPlugIn(): Plug-In Feb2007_XACT_x86.cab does not exist.
01/28/21 02:02:55: dxupdate: -----
01/28/21 02:02:55: dxupdate: DirectXUpdateInstallPlugIn(): Plug-In Feb2007_XACT_x64.cab does not exist.
01/28/21 02:02:55: dxupdate: -----
01/28/21 02:02:55: dxupdate: DirectXUpdateInstallPlugIn(): Checking for Apr2007_d3dx9_33_x86.cab...
01/28/21 02:02:55: dxupdate: DXCheckTrust(): C:\PROG~5P2\MICR~K4K\XNA_~4TN\v4.0\Redist\DX_R~L4K\Apr2007_d3dx9_33_x86.cab is trusted.
01/28/21 02:02:55: dxupdate: Extracted file C:\users\govi\Temp\DXc17d.tmp\apr2007_d3dx9_33_x86.inf from cab
01/28/21 02:02:55: dxupdate: DirectXUpdateGetSetupInformation(): DirectX Version: 4.09.00.0904.0
01/28/21 02:02:55: dxupdate: CheckDependency(): no dependency.
01/28/21 02:02:55: dxupdate: DirectXUpdateGetSetupInformation(): Section [4.09.00.0904.0-4.09.00.0904.0_Srv2K3@64] is being installed.
01/28/21 02:02:55: dxupdate: -----
01/28/21 02:02:55: dxupdate: DirectXUpdateInstallPlugIn(): Plug-In Apr2007_d3dx9_33_x64.cab does not exist.
01/28/21 02:02:55: dxupdate: -----
01/28/21 02:02:55: dxupdate: DirectXUpdateInstallPlugIn(): Plug-In Apr2007_d3dx10_33_x86.cab does not exist.
01/28/21 02:02:55: dxupdate: -----
01/28/21 02:02:55: dxupdate: DirectXUpdateInstallPlugIn(): Plug-In Apr2007_d3dx10_33_x64.cab does not exist.
01/28/21 02:02:55: dxupdate: -----
01/28/21 02:02:55: dxupdate: DirectXUpdateInstallPlugIn(): Plug-In Apr2007_XACT_x86.cab does not exist.
01/28/21 02:02:55: dxupdate: -----
01/28/21 02:02:55: dxupdate: DirectXUpdateInstallPlugIn(): Plug-In Apr2007_XACT_x64.cab does not exist.
01/28/21 02:02:55: dxupdate: -----
01/28/21 02:02:55: dxupdate: DirectXUpdateInstallPlugIn(): Checking for Apr2007_xinput_x86.cab...
01/28/21 02:02:55: dxupdate: DXCheckTrust(): C:\PROG~5P2\MICR~K4K\XNA_~4TN\v4.0\Redist\DX_R~L4K\Apr2007_xinput_x86.cab is trusted.
01/28/21 02:02:55: dxupdate: Extracted file C:\users\govi\Temp\DXc17d.tmp\apr2007_xinput_x86.inf from cab
01/28/21 02:02:55: dxupdate: DirectXUpdateGetSetupInformation(): DirectX Version: 4.09.00.0904.0
01/28/21 02:02:55: dxupdate: CheckDependency(): no dependency.
01/28/21 02:02:55: dxupdate: DirectXUpdateGetSetupInformation(): Section [4.09.00.0904.0-4.09.00.0904.0_Srv2K3@64] is being installed.
01/28/21 02:02:55: dxupdate: -----
01/28/21 02:02:55: dxupdate: DirectXUpdateInstallPlugIn(): Plug-In Apr2007_xinput_x64.cab does not exist.
01/28/21 02:02:55: dxupdate: -----
01/28/21 02:02:55: dxupdate: DirectXUpdateInstallPlugIn(): Plug-In Jun2007_d3dx9_34_x86.cab does not exist.
01/28/21 02:02:55: dxupdate: -----
01/28/21 02:02:55: dxupdate: DirectXUpdateInstallPlugIn(): Plug-In Jun2007_d3dx9_34_x64.cab does not exist.
01/28/21 02:02:55: dxupdate: -----
01/28/21 02:02:55: dxupdate: DirectXUpdateInstallPlugIn(): Plug-In Jun2007_d3dx10_34_x86.cab does not exist.
01/28/21 02:02:55: dxupdate: -----
01/28/21 02:02:55: dxupdate: DirectXUpdateInstallPlugIn(): Plug-In Jun2007_d3dx10_34_x64.cab does not exist.
01/28/21 02:02:55: dxupdate: -----
01/28/21 02:02:55: dxupdate: DirectXUpdateInstallPlugIn(): Plug-In Jun2007_XACT_x86.cab does not exist.
01/28/21 02:02:55: dxupdate: -----
01/28/21 02:02:55: dxupdate: DirectXUpdateInstallPlugIn(): Plug-In Jun2007_XACT_x64.cab does not exist.
01/28/21 02:02:55: dxupdate: -----
01/28/21 02:02:55: dxupdate: DirectXUpdateInstallPlugIn(): Plug-In Aug2007_d3dx9_35_x86.cab does not exist.
01/28/21 02:02:55: dxupdate: -----
01/28/21 02:02:55: dxupdate: DirectXUpdateInstallPlugIn(): Plug-In Aug2007_d3dx9_35_x64.cab does not exist.
01/28/21 02:02:55: dxupdate: -----
01/28/21 02:02:55: dxupdate: DirectXUpdateInstallPlugIn(): Plug-In Aug2007_d3dx10_35_x86.cab does not exist.
01/28/21 02:02:55: dxupdate: -----
01/28/21 02:02:55: dxupdate: DirectXUpdateInstallPlugIn(): Plug-In Aug2007_d3dx10_35_x64.cab does not exist.
01/28/21 02:02:55: dxupdate: -----
01/28/21 02:02:55: dxupdate: DirectXUpdateInstallPlugIn(): Plug-In Aug2007_XACT_x86.cab does not exist.
01/28/21 02:02:55: dxupdate: -----
01/28/21 02:02:55: dxupdate: DirectXUpdateInstallPlugIn(): Plug-In Aug2007_XACT_x64.cab does not exist.
01/28/21 02:02:55: dxupdate: -----
01/28/21 02:02:55: dxupdate: DirectXUpdateInstallPlugIn(): Plug-In Nov2007_d3dx9_36_x86.cab does not exist.
01/28/21 02:02:55: dxupdate: -----
01/28/21 02:02:55: dxupdate: DirectXUpdateInstallPlugIn(): Plug-In Nov2007_d3dx9_36_x64.cab does not exist.
01/28/21 02:02:55: dxupdate: -----
01/28/21 02:02:55: dxupdate: DirectXUpdateInstallPlugIn(): Plug-In Nov2007_d3dx10_36_x86.cab does not exist.
01/28/21 02:02:55: dxupdate: -----
01/28/21 02:02:55: dxupdate: DirectXUpdateInstallPlugIn(): Plug-In Nov2007_d3dx10_36_x64.cab does not exist.
01/28/21 02:02:55: dxupdate: -----
01/28/21 02:02:55: dxupdate: DirectXUpdateInstallPlugIn(): Plug-In Nov2007_X3DAudio_x86.cab does not exist.
01/28/21 02:02:55: dxupdate: -----
01/28/21 02:02:55: dxupdate: DirectXUpdateInstallPlugIn(): Plug-In Nov2007_X3DAudio_x64.cab does not exist.
01/28/21 02:02:55: dxupdate: -----
01/28/21 02:02:55: dxupdate: DirectXUpdateInstallPlugIn(): Plug-In Nov2007_XACT_x86.cab does not exist.
01/28/21 02:02:55: dxupdate: -----
01/28/21 02:02:55: dxupdate: DirectXUpdateInstallPlugIn(): Plug-In Nov2007_XACT_x64.cab does not exist.
01/28/21 02:02:55: dxupdate: -----
01/28/21 02:02:55: dxupdate: DirectXUpdateInstallPlugIn(): Plug-In Mar2008_d3dx9_37_x86.cab does not exist.
01/28/21 02:02:55: dxupdate: -----
01/28/21 02:02:55: dxupdate: DirectXUpdateInstallPlugIn(): Plug-In Mar2008_d3dx9_37_x64.cab does not exist.
01/28/21 02:02:55: dxupdate: -----
01/28/21 02:02:55: dxupdate: DirectXUpdateInstallPlugIn(): Plug-In Mar2008_d3dx10_37_x86.cab does not exist.
01/28/21 02:02:55: dxupdate: -----
01/28/21 02:02:55: dxupdate: DirectXUpdateInstallPlugIn(): Plug-In Mar2008_d3dx10_37_x64.cab does not exist.
01/28/21 02:02:55: dxupdate: -----
01/28/21 02:02:55: dxupdate: DirectXUpdateInstallPlugIn(): Plug-In Mar2008_X3DAudio_x86.cab does not exist.
01/28/21 02:02:55: dxupdate: -----
01/28/21 02:02:55: dxupdate: DirectXUpdateInstallPlugIn(): Plug-In Mar2008_X3DAudio_x64.cab does not exist.
01/28/21 02:02:55: dxupdate: -----
01/28/21 02:02:55: dxupdate: DirectXUpdateInstallPlugIn(): Plug-In Mar2008_XACT_x86.cab does not exist.
01/28/21 02:02:55: dxupdate: -----
01/28/21 02:02:55: dxupdate: DirectXUpdateInstallPlugIn(): Plug-In Mar2008_XACT_x64.cab does not exist.
01/28/21 02:02:55: dxupdate: -----
01/28/21 02:02:55: dxupdate: DirectXUpdateInstallPlugIn(): Plug-In Mar2008_XAudio_x86.cab does not exist.
01/28/21 02:02:55: dxupdate: -----
01/28/21 02:02:55: dxupdate: DirectXUpdateInstallPlugIn(): Plug-In Mar2008_XAudio_x64.cab does not exist.
01/28/21 02:02:55: dxupdate: -----
01/28/21 02:02:55: dxupdate: DirectXUpdateInstallPlugIn(): Plug-In Jun2008_d3dx9_38_x86.cab does not exist.
01/28/21 02:02:55: dxupdate: -----
01/28/21 02:02:55: dxupdate: DirectXUpdateInstallPlugIn(): Plug-In Jun2008_d3dx9_38_x64.cab does not exist.
01/28/21 02:02:55: dxupdate: -----
01/28/21 02:02:55: dxupdate: DirectXUpdateInstallPlugIn(): Plug-In Jun2008_d3dx10_38_x86.cab does not exist.
01/28/21 02:02:55: dxupdate: -----
01/28/21 02:02:55: dxupdate: DirectXUpdateInstallPlugIn(): Plug-In Jun2008_d3dx10_38_x64.cab does not exist.
01/28/21 02:02:55: dxupdate: -----
01/28/21 02:02:55: dxupdate: DirectXUpdateInstallPlugIn(): Plug-In Jun2008_X3DAudio_x86.cab does not exist.
01/28/21 02:02:55: dxupdate: -----
01/28/21 02:02:55: dxupdate: DirectXUpdateInstallPlugIn(): Plug-In Jun2008_X3DAudio_x64.cab does not exist.
01/28/21 02:02:55: dxupdate: -----
01/28/21 02:02:55: dxupdate: DirectXUpdateInstallPlugIn(): Plug-In Jun2008_XACT_x86.cab does not exist.
01/28/21 02:02:55: dxupdate: -----
01/28/21 02:02:55: dxupdate: DirectXUpdateInstallPlugIn(): Plug-In Jun2008_XACT_x64.cab does not exist.
01/28/21 02:02:55: dxupdate: -----
01/28/21 02:02:55: dxupdate: DirectXUpdateInstallPlugIn(): Plug-In Jun2008_XAudio_x86.cab does not exist.
01/28/21 02:02:55: dxupdate: -----
01/28/21 02:02:55: dxupdate: DirectXUpdateInstallPlugIn(): Plug-In Jun2008_XAudio_x64.cab does not exist.
01/28/21 02:02:55: dxupdate: -----
01/28/21 02:02:55: dxupdate: DirectXUpdateInstallPlugIn(): Plug-In Aug2008_d3dx9_39_x86.cab does not exist.
01/28/21 02:02:55: dxupdate: -----
01/28/21 02:02:55: dxupdate: DirectXUpdateInstallPlugIn(): Plug-In Aug2008_d3dx9_39_x64.cab does not exist.
01/28/21 02:02:55: dxupdate: -----
01/28/21 02:02:55: dxupdate: DirectXUpdateInstallPlugIn(): Plug-In Aug2008_d3dx10_39_x86.cab does not exist.
01/28/21 02:02:55: dxupdate: -----
01/28/21 02:02:55: dxupdate: DirectXUpdateInstallPlugIn(): Plug-In Aug2008_d3dx10_39_x64.cab does not exist.
01/28/21 02:02:55: dxupdate: -----
01/28/21 02:02:55: dxupdate: DirectXUpdateInstallPlugIn(): Plug-In Aug2008_XACT_x86.cab does not exist.
01/28/21 02:02:55: dxupdate: -----
01/28/21 02:02:55: dxupdate: DirectXUpdateInstallPlugIn(): Plug-In Aug2008_XACT_x64.cab does not exist.
01/28/21 02:02:55: dxupdate: -----
01/28/21 02:02:55: dxupdate: DirectXUpdateInstallPlugIn(): Plug-In Aug2008_XAudio_x86.cab does not exist.
01/28/21 02:02:55: dxupdate: -----
01/28/21 02:02:55: dxupdate: DirectXUpdateInstallPlugIn(): Plug-In Aug2008_XAudio_x64.cab does not exist.
01/28/21 02:02:55: dxupdate: -----
01/28/21 02:02:55: dxupdate: DirectXUpdateInstallPlugIn(): Plug-In Nov2008_X3DAudio_x86.cab does not exist.
01/28/21 02:02:55: dxupdate: -----
01/28/21 02:02:55: dxupdate: DirectXUpdateInstallPlugIn(): Plug-In Nov2008_X3DAudio_x64.cab does not exist.
01/28/21 02:02:55: dxupdate: -----
01/28/21 02:02:55: dxupdate: DirectXUpdateInstallPlugIn(): Plug-In Nov2008_XACT_x86.cab does not exist.
01/28/21 02:02:55: dxupdate: -----
01/28/21 02:02:55: dxupdate: DirectXUpdateInstallPlugIn(): Plug-In Nov2008_XACT_x64.cab does not exist.
01/28/21 02:02:55: dxupdate: -----
01/28/21 02:02:55: dxupdate: DirectXUpdateInstallPlugIn(): Plug-In Nov2008_XAudio_x86.cab does not exist.
01/28/21 02:02:55: dxupdate: -----
01/28/21 02:02:55: dxupdate: DirectXUpdateInstallPlugIn(): Plug-In Nov2008_XAudio_x64.cab does not exist.
01/28/21 02:02:55: dxupdate: -----
01/28/21 02:02:55: dxupdate: DirectXUpdateInstallPlugIn(): Plug-In Nov2008_d3dx9_40_x86.cab does not exist.
01/28/21 02:02:55: dxupdate: -----
01/28/21 02:02:55: dxupdate: DirectXUpdateInstallPlugIn(): Plug-In Nov2008_d3dx9_40_x64.cab does not exist.
01/28/21 02:02:55: dxupdate: -----
01/28/21 02:02:55: dxupdate: DirectXUpdateInstallPlugIn(): Plug-In Nov2008_d3dx10_40_x86.cab does not exist.
01/28/21 02:02:55: dxupdate: -----
01/28/21 02:02:55: dxupdate: DirectXUpdateInstallPlugIn(): Plug-In Nov2008_d3dx10_40_x64.cab does not exist.
01/28/21 02:02:55: dxupdate: -----
01/28/21 02:02:55: dxupdate: DirectXUpdateInstallPlugIn(): Plug-In Mar2009_X3DAudio_x86.cab does not exist.
01/28/21 02:02:55: dxupdate: -----
01/28/21 02:02:55: dxupdate: DirectXUpdateInstallPlugIn(): Plug-In Mar2009_X3DAudio_x64.cab does not exist.
01/28/21 02:02:55: dxupdate: -----
01/28/21 02:02:55: dxupdate: DirectXUpdateInstallPlugIn(): Plug-In Mar2009_XACT_x86.cab does not exist.
01/28/21 02:02:55: dxupdate: -----
01/28/21 02:02:55: dxupdate: DirectXUpdateInstallPlugIn(): Plug-In Mar2009_XACT_x64.cab does not exist.
01/28/21 02:02:55: dxupdate: -----
01/28/21 02:02:55: dxupdate: DirectXUpdateInstallPlugIn(): Plug-In Mar2009_XAudio_x86.cab does not exist.
01/28/21 02:02:55: dxupdate: -----
01/28/21 02:02:55: dxupdate: DirectXUpdateInstallPlugIn(): Plug-In Mar2009_XAudio_x64.cab does not exist.
01/28/21 02:02:55: dxupdate: -----
01/28/21 02:02:55: dxupdate: DirectXUpdateInstallPlugIn(): Checking for Mar2009_d3dx9_41_x86.cab...
01/28/21 02:02:55: dxupdate: DXCheckTrust(): C:\PROG~5P2\MICR~K4K\XNA_~4TN\v4.0\Redist\DX_R~L4K\Mar2009_d3dx9_41_x86.cab is trusted.
01/28/21 02:02:55: dxupdate: Extracted file C:\users\govi\Temp\DXc17d.tmp\Mar2009_d3dx9_41_x86.inf from cab
01/28/21 02:02:55: dxupdate: DirectXUpdateGetSetupInformation(): DirectX Version: 4.09.00.0904.0
01/28/21 02:02:55: dxupdate: CheckDependency(): no dependency.
01/28/21 02:02:55: dxupdate: DirectXUpdateGetSetupInformation(): Section [4.09.00.0904.0-4.09.00.0904.0_Srv2K3@64] is being installed.
01/28/21 02:02:55: dxupdate: -----
01/28/21 02:02:55: dxupdate: DirectXUpdateInstallPlugIn(): Plug-In Mar2009_d3dx9_41_x64.cab does not exist.
01/28/21 02:02:55: dxupdate: -----
01/28/21 02:02:55: dxupdate: DirectXUpdateInstallPlugIn(): Plug-In Mar2009_d3dx10_41_x86.cab does not exist.
01/28/21 02:02:55: dxupdate: -----
01/28/21 02:02:55: dxupdate: DirectXUpdateInstallPlugIn(): Plug-In Mar2009_d3dx10_41_x64.cab does not exist.
01/28/21 02:02:55: dxupdate: -----
01/28/21 02:02:55: dxupdate: DirectXUpdateInstallPlugIn(): Plug-In Aug2009_d3dx9_42_x86.cab does not exist.
01/28/21 02:02:55: dxupdate: -----
01/28/21 02:02:55: dxupdate: DirectXUpdateInstallPlugIn(): Plug-In Aug2009_d3dx9_42_x64.cab does not exist.
01/28/21 02:02:55: dxupdate: -----
01/28/21 02:02:55: dxupdate: DirectXUpdateInstallPlugIn(): Plug-In Aug2009_d3dx10_42_x86.cab does not exist.
01/28/21 02:02:55: dxupdate: -----
01/28/21 02:02:55: dxupdate: DirectXUpdateInstallPlugIn(): Plug-In Aug2009_d3dx10_42_x64.cab does not exist.
01/28/21 02:02:55: dxupdate: -----
01/28/21 02:02:55: dxupdate: DirectXUpdateInstallPlugIn(): Plug-In Aug2009_d3dx11_42_x86.cab does not exist.
01/28/21 02:02:55: dxupdate: -----
01/28/21 02:02:55: dxupdate: DirectXUpdateInstallPlugIn(): Plug-In Aug2009_d3dx11_42_x64.cab does not exist.
01/28/21 02:02:55: dxupdate: -----
01/28/21 02:02:55: dxupdate: DirectXUpdateInstallPlugIn(): Plug-In Aug2009_d3dcsx_42_x86.cab does not exist.
01/28/21 02:02:55: dxupdate: -----
01/28/21 02:02:55: dxupdate: DirectXUpdateInstallPlugIn(): Plug-In Aug2009_d3dcsx_42_x64.cab does not exist.
01/28/21 02:02:55: dxupdate: -----
01/28/21 02:02:55: dxupdate: DirectXUpdateInstallPlugIn(): Plug-In Aug2009_D3DCompiler_42_x86.cab does not exist.
01/28/21 02:02:55: dxupdate: -----
01/28/21 02:02:55: dxupdate: DirectXUpdateInstallPlugIn(): Plug-In Aug2009_D3DCompiler_42_x64.cab does not exist.
01/28/21 02:02:55: dxupdate: -----
01/28/21 02:02:55: dxupdate: DirectXUpdateInstallPlugIn(): Plug-In Aug2009_XACT_x86.cab does not exist.
01/28/21 02:02:55: dxupdate: -----
01/28/21 02:02:55: dxupdate: DirectXUpdateInstallPlugIn(): Plug-In Aug2009_XACT_x64.cab does not exist.
01/28/21 02:02:55: dxupdate: -----
01/28/21 02:02:55: dxupdate: DirectXUpdateInstallPlugIn(): Plug-In Aug2009_XAudio_x86.cab does not exist.
01/28/21 02:02:55: dxupdate: -----
01/28/21 02:02:55: dxupdate: DirectXUpdateInstallPlugIn(): Plug-In Aug2009_XAudio_x64.cab does not exist.
01/28/21 02:02:55: dxupdate: -----
01/28/21 02:02:55: dxupdate: DirectXUpdateInstallPlugIn(): Checking for Feb2010_X3DAudio_x86.cab...
01/28/21 02:02:55: dxupdate: DXCheckTrust(): C:\PROG~5P2\MICR~K4K\XNA_~4TN\v4.0\Redist\DX_R~L4K\Feb2010_X3DAudio_x86.cab is trusted.
01/28/21 02:02:55: dxupdate: Extracted file C:\users\govi\Temp\DXc17d.tmp\FEB2010_X3DAudio_x86.inf from cab
01/28/21 02:02:55: dxupdate: DirectXUpdateGetSetupInformation(): DirectX Version: 4.09.00.0904.0
01/28/21 02:02:55: dxupdate: CheckDependency(): no dependency.
01/28/21 02:02:55: dxupdate: DirectXUpdateGetSetupInformation(): Section [4.09.00.0904.0-4.09.00.0904.0_Srv2K3@64] is being installed.
01/28/21 02:02:55: dxupdate: -----
01/28/21 02:02:55: dxupdate: DirectXUpdateInstallPlugIn(): Plug-In Feb2010_X3DAudio_x64.cab does not exist.
01/28/21 02:02:55: dxupdate: -----
01/28/21 02:02:55: dxupdate: DirectXUpdateInstallPlugIn(): Checking for Feb2010_XACT_x86.cab...
01/28/21 02:02:55: dxupdate: DXCheckTrust(): C:\PROG~5P2\MICR~K4K\XNA_~4TN\v4.0\Redist\DX_R~L4K\Feb2010_XACT_x86.cab is trusted.
01/28/21 02:02:55: dxupdate: Extracted file C:\users\govi\Temp\DXc17d.tmp\FEB2010_XACT_x86.inf from cab
01/28/21 02:02:55: dxupdate: DirectXUpdateGetSetupInformation(): DirectX Version: 4.09.00.0904.0
01/28/21 02:02:55: dxupdate: CheckDependency(): no dependency.
01/28/21 02:02:55: dxupdate: DirectXUpdateGetSetupInformation(): Section [4.09.00.0904.0-4.09.00.0904.0_Srv2K3@64] is being installed.
01/28/21 02:02:55: dxupdate: -----
01/28/21 02:02:55: dxupdate: DirectXUpdateInstallPlugIn(): Plug-In Feb2010_XACT_x64.cab does not exist.
01/28/21 02:02:55: dxupdate: -----
01/28/21 02:02:55: dxupdate: DirectXUpdateInstallPlugIn(): Checking for Feb2010_XAudio_x86.cab...
01/28/21 02:02:55: dxupdate: DXCheckTrust(): C:\PROG~5P2\MICR~K4K\XNA_~4TN\v4.0\Redist\DX_R~L4K\Feb2010_XAudio_x86.cab is trusted.
01/28/21 02:02:55: dxupdate: Extracted file C:\users\govi\Temp\DXc17d.tmp\FEB2010_XAudio_x86.inf from cab
01/28/21 02:02:55: dxupdate: DirectXUpdateGetSetupInformation(): DirectX Version: 4.09.00.0904.0
01/28/21 02:02:55: dxupdate: CheckDependency(): no dependency.
01/28/21 02:02:55: dxupdate: DirectXUpdateGetSetupInformation(): Section [4.09.00.0904.0-4.09.00.0904.0_Srv2K3@64] is being installed.
01/28/21 02:02:55: dxupdate: -----
01/28/21 02:02:55: dxupdate: DirectXUpdateInstallPlugIn(): Plug-In Feb2010_XAudio_x64.cab does not exist.
01/28/21 02:02:55: dxupdate: DirectXUpdateInstallPlugIn(): folder does not exist, [Beta_Jun2005_xinput_x86.cab] is skipped.
01/28/21 02:02:55: dxupdate: DirectXUpdateInstallPlugIn(): folder does not exist, [Beta_Jun2005_xinput_x64.cab] is skipped.
01/28/21 02:02:55: dxupdate: DirectXUpdateInstallPlugIn(): folder does not exist, [Beta_Oct2005_XACT_x86.cab] is skipped.
01/28/21 02:02:55: dxupdate: DirectXUpdateInstallPlugIn(): folder does not exist, [Beta_Oct2005_MDX_x86.cab] is skipped.
01/28/21 02:02:55: dxupdate: DirectXUpdateInstallPlugIn(): folder does not exist, [Beta_Dec2005_XACT_x86.cab] is skipped.
01/28/21 02:02:55: dxupdate: DirectXUpdateInstallPlugIn(): folder does not exist, [Beta_Dec2005_MDX2_x86.cab] is skipped.
01/28/21 02:02:55: dxupdate: DirectXUpdateInstallPlugIn(): folder does not exist, [Beta_Dec2005_MDX2_x64.cab] is skipped.
01/28/21 02:02:55: dxupdate: DirectXUpdateInstallPlugIn(): folder does not exist, [Beta_Dec2005_d3dx10_x86.cab] is skipped.
01/28/21 02:02:55: dxupdate: DirectXUpdateInstallPlugIn(): folder does not exist, [Beta_Dec2005_d3dx10_x64.cab] is skipped.
01/28/21 02:02:55: dxupdate: DirectXUpdateInstallPlugIn(): folder does not exist, [Beta_Feb2006_MDX2_x86.cab] is skipped.
01/28/21 02:02:55: dxupdate: DirectXUpdateInstallPlugIn(): folder does not exist, [Beta_Feb2006_MDX2_x64.cab] is skipped.
01/28/21 02:02:55: dxupdate: DirectXUpdateInstallPlugIn(): folder does not exist, [Beta_Feb2006_d3dx10_x86.cab] is skipped.
01/28/21 02:02:55: dxupdate: DirectXUpdateInstallPlugIn(): folder does not exist, [Beta_Feb2006_d3dx10_x64.cab] is skipped.
01/28/21 02:02:55: dxupdate: DirectXUpdateInstallPlugIn(): folder does not exist, [Beta_Apr2006_MDX2_x86.cab] is skipped.
01/28/21 02:02:55: dxupdate: DirectXUpdateInstallPlugIn(): folder does not exist, [Beta_Apr2006_MDX2_x64.cab] is skipped.
01/28/21 02:02:55: dxupdate: DirectXUpdateInstallPlugIn(): folder does not exist, [Beta_Apr2006_d3dx10_x86.cab] is skipped.
01/28/21 02:02:55: dxupdate: DirectXUpdateInstallPlugIn(): folder does not exist, [Beta_Apr2006_d3dx10_x64.cab] is skipped.
01/28/21 02:02:55: dxupdate: DirectXUpdateInstallPlugIn(): folder does not exist, [Beta_Jun2006_d3dx10_x86.cab] is skipped.
01/28/21 02:02:55: dxupdate: DirectXUpdateInstallPlugIn(): folder does not exist, [Beta_Jun2006_d3dx10_x64.cab] is skipped.
01/28/21 02:02:55: dxupdate: DirectXUpdateInstallPlugIn(): folder does not exist, [Beta_Aug2006_d3dx10_x86.cab] is skipped.
01/28/21 02:02:55: dxupdate: DirectXUpdateInstallPlugIn(): folder does not exist, [Beta_Aug2006_d3dx10_x64.cab] is skipped.
01/28/21 02:02:55: dxupdate: DirectXUpdateInstallPlugIn(): folder does not exist, [Beta_Oct2006_d3dx10_x86.cab] is skipped.
01/28/21 02:02:55: dxupdate: DirectXUpdateInstallPlugIn(): folder does not exist, [Beta_Oct2006_d3dx10_x64.cab] is skipped.
01/28/21 02:02:55: dxupdate: Total Files:	30
01/28/21 02:02:55: dxupdate: Total Size:	5272576
01/28/21 02:02:55: dxupdate: Total Progress:	6
01/28/21 02:02:55: dsetup32: GetCDXUpdate(): Loading dxupdate.dll in C:\users\govi\Temp\DXc17d.tmp\.
01/28/21 02:02:55: dsetup32: DirectXSetupIsJapanese == 0
01/28/21 02:02:55: dsetup32: DirectXSetupIsJapanNec == 0
01/28/21 02:02:55: dxupdate: -----
01/28/21 02:02:55: dxupdate: DirectXUpdateInstallPlugIn(): Plug-In dxdllreg_x86.cab does not exist.
01/28/21 02:02:55: dxupdate: -----
01/28/21 02:02:55: dxupdate: DirectXUpdateInstallPlugIn(): Plug-In RGB9Rast_1_x86.cab does not exist.
01/28/21 02:02:55: dxupdate: -----
01/28/21 02:02:55: dxupdate: DirectXUpdateInstallPlugIn(): Plug-In RGB9Rast_1_x64.cab does not exist.
01/28/21 02:02:55: dxupdate: -----
01/28/21 02:02:55: dxupdate: DirectXUpdateInstallPlugIn(): Plug-In RGB9Rast_2_x86.cab does not exist.
01/28/21 02:02:55: dxupdate: -----
01/28/21 02:02:55: dxupdate: DirectXUpdateInstallPlugIn(): Plug-In RGB9Rast_2_x64.cab does not exist.
01/28/21 02:02:55: dxupdate: -----
01/28/21 02:02:55: dxupdate: DirectXUpdateInstallPlugIn(): Plug-In MDX_1.0.2902.0_x86.cab does not exist.
01/28/21 02:02:55: dxupdate: -----
01/28/21 02:02:55: dxupdate: DirectXUpdateInstallPlugIn(): Plug-In MDX_1.0.2903.0_x86.cab does not exist.
01/28/21 02:02:55: dxupdate: -----
01/28/21 02:02:55: dxupdate: DirectXUpdateInstallPlugIn(): Plug-In MDX_1.0.2904.0_x86.cab does not exist.
01/28/21 02:02:55: dxupdate: -----
01/28/21 02:02:55: dxupdate: DirectXUpdateInstallPlugIn(): Plug-In MDX_1.0.2905.0_x86.cab does not exist.
01/28/21 02:02:55: dxupdate: -----
01/28/21 02:02:55: dxupdate: DirectXUpdateInstallPlugIn(): Plug-In MDX_1.0.2906.0_x86.cab does not exist.
01/28/21 02:02:55: dxupdate: -----
01/28/21 02:02:55: dxupdate: DirectXUpdateInstallPlugIn(): Plug-In MDX_1.0.2907.0_x86.cab does not exist.
01/28/21 02:02:55: dxupdate: -----
01/28/21 02:02:55: dxupdate: DirectXUpdateInstallPlugIn(): Plug-In MDX_1.0.2908.0_x86.cab does not exist.
01/28/21 02:02:55: dxupdate: -----
01/28/21 02:02:55: dxupdate: DirectXUpdateInstallPlugIn(): Plug-In MDX_1.0.2909.0_x86.cab does not exist.
01/28/21 02:02:55: dxupdate: -----
01/28/21 02:02:55: dxupdate: DirectXUpdateInstallPlugIn(): Plug-In MDX_1.0.2910.0_x86.cab does not exist.
01/28/21 02:02:55: dxupdate: -----
01/28/21 02:02:55: dxupdate: DirectXUpdateInstallPlugIn(): Plug-In Feb2005_d3dx9_24_x86.cab does not exist.
01/28/21 02:02:55: dxupdate: -----
01/28/21 02:02:55: dxupdate: DirectXUpdateInstallPlugIn(): Plug-In Feb2005_d3dx9_24_x64.cab does not exist.
01/28/21 02:02:55: dxupdate: -----
01/28/21 02:02:55: dxupdate: DirectXUpdateInstallPlugIn(): Plug-In Feb2005_MDX_x86.MSI does not exist.
01/28/21 02:02:55: dxupdate: -----
01/28/21 02:02:55: dxupdate: DirectXUpdateInstallPlugIn(): Plug-In Apr2005_d3dx9_25_x86.cab does not exist.
01/28/21 02:02:55: dxupdate: -----
01/28/21 02:02:55: dxupdate: DirectXUpdateInstallPlugIn(): Plug-In Apr2005_d3dx9_25_x64.cab does not exist.
01/28/21 02:02:55: dxupdate: -----
01/28/21 02:02:55: dxupdate: DirectXUpdateInstallPlugIn(): Plug-In Apr2005_MDX_x86.cab does not exist.
01/28/21 02:02:55: dxupdate: -----
01/28/21 02:02:55: dxupdate: DirectXUpdateInstallPlugIn(): Plug-In Jun2005_d3dx9_26_x86.cab does not exist.
01/28/21 02:02:55: dxupdate: -----
01/28/21 02:02:55: dxupdate: DirectXUpdateInstallPlugIn(): Plug-In Jun2005_d3dx9_26_x64.cab does not exist.
01/28/21 02:02:55: dxupdate: -----
01/28/21 02:02:55: dxupdate: DirectXUpdateInstallPlugIn(): Plug-In Jun2005_MDX_x86.cab does not exist.
01/28/21 02:02:55: dxupdate: -----
01/28/21 02:02:55: dxupdate: DirectXUpdateInstallPlugIn(): Plug-In Aug2005_d3dx9_27_x86.cab does not exist.
01/28/21 02:02:55: dxupdate: -----
01/28/21 02:02:55: dxupdate: DirectXUpdateInstallPlugIn(): Plug-In Aug2005_d3dx9_27_x64.cab does not exist.
01/28/21 02:02:55: dxupdate: -----
01/28/21 02:02:55: dxupdate: DirectXUpdateInstallPlugIn(): Plug-In Aug2005_MDX_x86.cab does not exist.
01/28/21 02:02:55: dxupdate: -----
01/28/21 02:02:55: dxupdate: DirectXUpdateInstallPlugIn(): Plug-In Oct2005_d3dx9_27_x86.cab does not exist.
01/28/21 02:02:55: dxupdate: -----
01/28/21 02:02:55: dxupdate: DirectXUpdateInstallPlugIn(): Plug-In Oct2005_d3dx9_27_x64.cab does not exist.
01/28/21 02:02:55: dxupdate: -----
01/28/21 02:02:55: dxupdate: DirectXUpdateInstallPlugIn(): Plug-In Oct2005_MDX_x86.cab does not exist.
01/28/21 02:02:55: dxupdate: -----
01/28/21 02:02:55: dxupdate: DirectXUpdateInstallPlugIn(): Plug-In Oct2005_xinput_x86.cab does not exist.
01/28/21 02:02:55: dxupdate: -----
01/28/21 02:02:55: dxupdate: DirectXUpdateInstallPlugIn(): Plug-In Oct2005_xinput_x64.cab does not exist.
01/28/21 02:02:55: dxupdate: -----
01/28/21 02:02:55: dxupdate: DirectXUpdateInstallPlugIn(): Plug-In Dec2005_d3dx9_28_x86.cab does not exist.
01/28/21 02:02:55: dxupdate: -----
01/28/21 02:02:55: dxupdate: DirectXUpdateInstallPlugIn(): Plug-In Dec2005_d3dx9_28_x64.cab does not exist.
01/28/21 02:02:55: dxupdate: -----
01/28/21 02:02:55: dxupdate: DirectXUpdateInstallPlugIn(): Plug-In Dec2005_MDX1_x86_Archive.cab does not exist.
01/28/21 02:02:55: dxupdate: -----
01/28/21 02:02:55: dxupdate: DirectXUpdateInstallPlugIn(): Plug-In Dec2005_MDX1_x86.cab does not exist.
01/28/21 02:02:55: dxupdate: -----
01/28/21 02:02:55: dxupdate: DirectXUpdateInstallPlugIn(): Plug-In Feb2006_d3dx9_29_x86.cab does not exist.
01/28/21 02:02:55: dxupdate: -----
01/28/21 02:02:55: dxupdate: DirectXUpdateInstallPlugIn(): Plug-In Feb2006_d3dx9_29_x64.cab does not exist.
01/28/21 02:02:55: dxupdate: -----
01/28/21 02:02:55: dxupdate: DirectXUpdateInstallPlugIn(): Plug-In Feb2006_MDX1_x86_Archive.cab does not exist.
01/28/21 02:02:55: dxupdate: -----
01/28/21 02:02:55: dxupdate: DirectXUpdateInstallPlugIn(): Plug-In Feb2006_MDX1_x86.cab does not exist.
01/28/21 02:02:55: dxupdate: -----
01/28/21 02:02:55: dxupdate: DirectXUpdateInstallPlugIn(): Plug-In Feb2006_XACT_x86.cab does not exist.
01/28/21 02:02:55: dxupdate: -----
01/28/21 02:02:55: dxupdate: DirectXUpdateInstallPlugIn(): Plug-In Feb2006_XACT_x64.cab does not exist.
01/28/21 02:02:55: dxupdate: -----
01/28/21 02:02:55: dxupdate: DirectXUpdateInstallPlugIn(): Plug-In Apr2006_d3dx9_30_x86.cab does not exist.
01/28/21 02:02:55: dxupdate: -----
01/28/21 02:02:55: dxupdate: DirectXUpdateInstallPlugIn(): Plug-In Apr2006_d3dx9_30_x64.cab does not exist.
01/28/21 02:02:55: dxupdate: -----
01/28/21 02:02:55: dxupdate: DirectXUpdateInstallPlugIn(): Plug-In Apr2006_MDX1_x86_Archive.cab does not exist.
01/28/21 02:02:55: dxupdate: -----
01/28/21 02:02:55: dxupdate: DirectXUpdateInstallPlugIn(): Plug-In Apr2006_MDX1_x86.cab does not exist.
01/28/21 02:02:55: dxupdate: -----
01/28/21 02:02:55: dxupdate: DirectXUpdateInstallPlugIn(): Plug-In Apr2006_XACT_x86.cab does not exist.
01/28/21 02:02:55: dxupdate: -----
01/28/21 02:02:55: dxupdate: DirectXUpdateInstallPlugIn(): Plug-In Apr2006_XACT_x64.cab does not exist.
01/28/21 02:02:55: dxupdate: -----
01/28/21 02:02:55: dxupdate: DirectXUpdateInstallPlugIn(): Plug-In Apr2006_xinput_x86.cab does not exist.
01/28/21 02:02:55: dxupdate: -----
01/28/21 02:02:55: dxupdate: DirectXUpdateInstallPlugIn(): Plug-In Apr2006_xinput_x64.cab does not exist.
01/28/21 02:02:55: dxupdate: -----
01/28/21 02:02:55: dxupdate: DirectXUpdateInstallPlugIn(): Plug-In Jun2006_XACT_x86.cab does not exist.
01/28/21 02:02:55: dxupdate: -----
01/28/21 02:02:55: dxupdate: DirectXUpdateInstallPlugIn(): Plug-In Jun2006_XACT_x64.cab does not exist.
01/28/21 02:02:55: dxupdate: -----
01/28/21 02:02:55: dxupdate: DirectXUpdateInstallPlugIn(): Plug-In Aug2006_xinput_x86.cab does not exist.
01/28/21 02:02:55: dxupdate: -----
01/28/21 02:02:55: dxupdate: DirectXUpdateInstallPlugIn(): Plug-In Aug2006_xinput_x64.cab does not exist.
01/28/21 02:02:55: dxupdate: -----
01/28/21 02:02:55: dxupdate: DirectXUpdateInstallPlugIn(): Plug-In Aug2006_XACT_x86.cab does not exist.
01/28/21 02:02:55: dxupdate: -----
01/28/21 02:02:55: dxupdate: DirectXUpdateInstallPlugIn(): Plug-In Aug2006_XACT_x64.cab does not exist.
01/28/21 02:02:55: dxupdate: -----
01/28/21 02:02:55: dxupdate: DirectXUpdateInstallPlugIn(): Plug-In Oct2006_d3dx9_31_x86.cab does not exist.
01/28/21 02:02:55: dxupdate: -----
01/28/21 02:02:55: dxupdate: DirectXUpdateInstallPlugIn(): Plug-In Oct2006_d3dx9_31_x64.cab does not exist.
01/28/21 02:02:55: dxupdate: -----
01/28/21 02:02:55: dxupdate: DirectXUpdateInstallPlugIn(): Plug-In Oct2006_XACT_x86.cab does not exist.
01/28/21 02:02:55: dxupdate: -----
01/28/21 02:02:55: dxupdate: DirectXUpdateInstallPlugIn(): Plug-In Oct2006_XACT_x64.cab does not exist.
01/28/21 02:02:55: dxupdate: -----
01/28/21 02:02:55: dxupdate: DirectXUpdateInstallPlugIn(): Plug-In Dec2006_d3dx9_32_x86.cab does not exist.
01/28/21 02:02:55: dxupdate: -----
01/28/21 02:02:55: dxupdate: DirectXUpdateInstallPlugIn(): Plug-In Dec2006_d3dx9_32_x64.cab does not exist.
01/28/21 02:02:55: dxupdate: -----
01/28/21 02:02:55: dxupdate: DirectXUpdateInstallPlugIn(): Plug-In Dec2006_d3dx10_00_x86.cab does not exist.
01/28/21 02:02:55: dxupdate: -----
01/28/21 02:02:55: dxupdate: DirectXUpdateInstallPlugIn(): Plug-In Dec2006_d3dx10_00_x64.cab does not exist.
01/28/21 02:02:55: dxupdate: -----
01/28/21 02:02:55: dxupdate: DirectXUpdateInstallPlugIn(): Plug-In Dec2006_XACT_x86.cab does not exist.
01/28/21 02:02:55: dxupdate: -----
01/28/21 02:02:55: dxupdate: DirectXUpdateInstallPlugIn(): Plug-In Dec2006_XACT_x64.cab does not exist.
01/28/21 02:02:55: dxupdate: -----
01/28/21 02:02:55: dxupdate: DirectXUpdateInstallPlugIn(): Plug-In Feb2007_XACT_x86.cab does not exist.
01/28/21 02:02:55: dxupdate: -----
01/28/21 02:02:55: dxupdate: DirectXUpdateInstallPlugIn(): Plug-In Feb2007_XACT_x64.cab does not exist.
01/28/21 02:02:55: dxupdate: -----
01/28/21 02:02:55: dxupdate: DirectXUpdateInstallPlugIn(): Installing Apr2007_d3dx9_33_x86.cab...
01/28/21 02:02:55: dxupdate: DXCheckTrust(): C:\PROG~5P2\MICR~K4K\XNA_~4TN\v4.0\Redist\DX_R~L4K\Apr2007_d3dx9_33_x86.cab is trusted.
01/28/21 02:02:55: dxupdate: Extracted file C:\users\govi\Temp\DXc17d.tmp\apr2007_d3dx9_33_x86.inf from cab
01/28/21 02:02:55: dxupdate: GetDXVersion(): Unable to get RC string from registry, now RC is 0.
01/28/21 02:02:55: dxupdate: DirectXUpdateGetSetupInformation(): DirectX Version: 4.09.00.0904.0
01/28/21 02:02:55: dxupdate: CheckDependency(): no dependency.
01/28/21 02:02:55: dxupdate: DirectXUpdateGetSetupInformation(): Section [4.09.00.0904.0-4.09.00.0904.0_Srv2K3@64] is being installed.
01/28/21 02:02:55: dxupdate: Extracted file C:\users\govi\Temp\DXc17d.tmp\d3dx9_33_x86.cat from cab
01/28/21 02:02:55: dxupdate: Extracted file C:\users\govi\Temp\DXc17d.tmp\d3dx9_33.dll from cab
01/28/21 02:02:55: dxupdate: Extracted file C:\users\govi\Temp\DXc17d.tmp\d3dx9_33_x86.inf from cab
01/28/21 02:02:55: dxupdate: Extracted file C:\users\govi\Temp\DXc17d.tmp\d3dx9_33_x86_xp.inf from cab
01/28/21 02:02:55: dxupdate: Files:	5
01/28/21 02:02:55: dxupdate: Size:	2230272
01/28/21 02:02:55: dxupdate: DirectXUpdateInstallPlugIn(): Installing: d3dx9_33_x86_xp.inf - [x64_install]
01/28/21 02:02:55: dxupdate: Target file: 'C:\windows\SysWOW64\d3dx9_33.dll' 
	Target file is Version 9.18.904.15
	Source file is Version 9.18.904.15
01/28/21 02:02:55: dxupdate: Installed file C:\windows\SysWOW64\d3dx9_33.dll
01/28/21 02:02:55: dxupdate: -----
01/28/21 02:02:55: dxupdate: DirectXUpdateInstallPlugIn(): Plug-In Apr2007_d3dx9_33_x64.cab does not exist.
01/28/21 02:02:55: dxupdate: -----
01/28/21 02:02:55: dxupdate: DirectXUpdateInstallPlugIn(): Plug-In Apr2007_d3dx10_33_x86.cab does not exist.
01/28/21 02:02:55: dxupdate: -----
01/28/21 02:02:55: dxupdate: DirectXUpdateInstallPlugIn(): Plug-In Apr2007_d3dx10_33_x64.cab does not exist.
01/28/21 02:02:55: dxupdate: -----
01/28/21 02:02:55: dxupdate: DirectXUpdateInstallPlugIn(): Plug-In Apr2007_XACT_x86.cab does not exist.
01/28/21 02:02:55: dxupdate: -----
01/28/21 02:02:55: dxupdate: DirectXUpdateInstallPlugIn(): Plug-In Apr2007_XACT_x64.cab does not exist.
01/28/21 02:02:55: dxupdate: -----
01/28/21 02:02:55: dxupdate: DirectXUpdateInstallPlugIn(): Installing Apr2007_xinput_x86.cab...
01/28/21 02:02:55: dxupdate: DXCheckTrust(): C:\PROG~5P2\MICR~K4K\XNA_~4TN\v4.0\Redist\DX_R~L4K\Apr2007_xinput_x86.cab is trusted.
01/28/21 02:02:55: dxupdate: Extracted file C:\users\govi\Temp\DXc17d.tmp\apr2007_xinput_x86.inf from cab
01/28/21 02:02:55: dxupdate: DirectXUpdateGetSetupInformation(): DirectX Version: 4.09.00.0904.0
01/28/21 02:02:55: dxupdate: CheckDependency(): no dependency.
01/28/21 02:02:55: dxupdate: DirectXUpdateGetSetupInformation(): Section [4.09.00.0904.0-4.09.00.0904.0_Srv2K3@64] is being installed.
01/28/21 02:02:55: dxupdate: Extracted file C:\users\govi\Temp\DXc17d.tmp\xinput1_3_x86.cat from cab
01/28/21 02:02:55: dxupdate: Extracted file C:\users\govi\Temp\DXc17d.tmp\xinput1_3.dll from cab
01/28/21 02:02:55: dxupdate: Extracted file C:\users\govi\Temp\DXc17d.tmp\xinput1_3_x86.inf from cab
01/28/21 02:02:55: dxupdate: Extracted file C:\users\govi\Temp\DXc17d.tmp\xinput1_3_x86_xp.inf from cab
01/28/21 02:02:55: dxupdate: Files:	5
01/28/21 02:02:55: dxupdate: Size:	498688
01/28/21 02:02:55: dxupdate: DirectXUpdateInstallPlugIn(): Installing: xinput1_3_x86_xp.inf - [x64_install]
01/28/21 02:02:55: dxupdate: Target file: 'C:\windows\SysWOW64\xinput1_3.dll' 
	Target file is Version 9.15.779.0
	Source file is Version 9.18.944.0
01/28/21 02:02:55: dxupdate: Installed file C:\windows\SysWOW64\xinput1_3.dll
01/28/21 02:02:55: dxupdate: -----
01/28/21 02:02:55: dxupdate: DirectXUpdateInstallPlugIn(): Plug-In Apr2007_xinput_x64.cab does not exist.
01/28/21 02:02:55: dxupdate: -----
01/28/21 02:02:55: dxupdate: DirectXUpdateInstallPlugIn(): Plug-In Jun2007_d3dx9_34_x86.cab does not exist.
01/28/21 02:02:55: dxupdate: -----
01/28/21 02:02:55: dxupdate: DirectXUpdateInstallPlugIn(): Plug-In Jun2007_d3dx9_34_x64.cab does not exist.
01/28/21 02:02:55: dxupdate: -----
01/28/21 02:02:55: dxupdate: DirectXUpdateInstallPlugIn(): Plug-In Jun2007_d3dx10_34_x86.cab does not exist.
01/28/21 02:02:55: dxupdate: -----
01/28/21 02:02:55: dxupdate: DirectXUpdateInstallPlugIn(): Plug-In Jun2007_d3dx10_34_x64.cab does not exist.
01/28/21 02:02:55: dxupdate: -----
01/28/21 02:02:55: dxupdate: DirectXUpdateInstallPlugIn(): Plug-In Jun2007_XACT_x86.cab does not exist.
01/28/21 02:02:55: dxupdate: -----
01/28/21 02:02:55: dxupdate: DirectXUpdateInstallPlugIn(): Plug-In Jun2007_XACT_x64.cab does not exist.
01/28/21 02:02:55: dxupdate: -----
01/28/21 02:02:55: dxupdate: DirectXUpdateInstallPlugIn(): Plug-In Aug2007_d3dx9_35_x86.cab does not exist.
01/28/21 02:02:55: dxupdate: -----
01/28/21 02:02:55: dxupdate: DirectXUpdateInstallPlugIn(): Plug-In Aug2007_d3dx9_35_x64.cab does not exist.
01/28/21 02:02:55: dxupdate: -----
01/28/21 02:02:55: dxupdate: DirectXUpdateInstallPlugIn(): Plug-In Aug2007_d3dx10_35_x86.cab does not exist.
01/28/21 02:02:55: dxupdate: -----
01/28/21 02:02:55: dxupdate: DirectXUpdateInstallPlugIn(): Plug-In Aug2007_d3dx10_35_x64.cab does not exist.
01/28/21 02:02:55: dxupdate: -----
01/28/21 02:02:55: dxupdate: DirectXUpdateInstallPlugIn(): Plug-In Aug2007_XACT_x86.cab does not exist.
01/28/21 02:02:55: dxupdate: -----
01/28/21 02:02:55: dxupdate: DirectXUpdateInstallPlugIn(): Plug-In Aug2007_XACT_x64.cab does not exist.
01/28/21 02:02:55: dxupdate: -----
01/28/21 02:02:55: dxupdate: DirectXUpdateInstallPlugIn(): Plug-In Nov2007_d3dx9_36_x86.cab does not exist.
01/28/21 02:02:55: dxupdate: -----
01/28/21 02:02:55: dxupdate: DirectXUpdateInstallPlugIn(): Plug-In Nov2007_d3dx9_36_x64.cab does not exist.
01/28/21 02:02:55: dxupdate: -----
01/28/21 02:02:55: dxupdate: DirectXUpdateInstallPlugIn(): Plug-In Nov2007_d3dx10_36_x86.cab does not exist.
01/28/21 02:02:55: dxupdate: -----
01/28/21 02:02:55: dxupdate: DirectXUpdateInstallPlugIn(): Plug-In Nov2007_d3dx10_36_x64.cab does not exist.
01/28/21 02:02:55: dxupdate: -----
01/28/21 02:02:55: dxupdate: DirectXUpdateInstallPlugIn(): Plug-In Nov2007_X3DAudio_x86.cab does not exist.
01/28/21 02:02:55: dxupdate: -----
01/28/21 02:02:55: dxupdate: DirectXUpdateInstallPlugIn(): Plug-In Nov2007_X3DAudio_x64.cab does not exist.
01/28/21 02:02:55: dxupdate: -----
01/28/21 02:02:55: dxupdate: DirectXUpdateInstallPlugIn(): Plug-In Nov2007_XACT_x86.cab does not exist.
01/28/21 02:02:55: dxupdate: -----
01/28/21 02:02:55: dxupdate: DirectXUpdateInstallPlugIn(): Plug-In Nov2007_XACT_x64.cab does not exist.
01/28/21 02:02:55: dxupdate: -----
01/28/21 02:02:55: dxupdate: DirectXUpdateInstallPlugIn(): Plug-In Mar2008_d3dx9_37_x86.cab does not exist.
01/28/21 02:02:55: dxupdate: -----
01/28/21 02:02:55: dxupdate: DirectXUpdateInstallPlugIn(): Plug-In Mar2008_d3dx9_37_x64.cab does not exist.
01/28/21 02:02:55: dxupdate: -----
01/28/21 02:02:55: dxupdate: DirectXUpdateInstallPlugIn(): Plug-In Mar2008_d3dx10_37_x86.cab does not exist.
01/28/21 02:02:55: dxupdate: -----
01/28/21 02:02:55: dxupdate: DirectXUpdateInstallPlugIn(): Plug-In Mar2008_d3dx10_37_x64.cab does not exist.
01/28/21 02:02:55: dxupdate: -----
01/28/21 02:02:55: dxupdate: DirectXUpdateInstallPlugIn(): Plug-In Mar2008_X3DAudio_x86.cab does not exist.
01/28/21 02:02:55: dxupdate: -----
01/28/21 02:02:55: dxupdate: DirectXUpdateInstallPlugIn(): Plug-In Mar2008_X3DAudio_x64.cab does not exist.
01/28/21 02:02:55: dxupdate: -----
01/28/21 02:02:55: dxupdate: DirectXUpdateInstallPlugIn(): Plug-In Mar2008_XACT_x86.cab does not exist.
01/28/21 02:02:55: dxupdate: -----
01/28/21 02:02:55: dxupdate: DirectXUpdateInstallPlugIn(): Plug-In Mar2008_XACT_x64.cab does not exist.
01/28/21 02:02:55: dxupdate: -----
01/28/21 02:02:55: dxupdate: DirectXUpdateInstallPlugIn(): Plug-In Mar2008_XAudio_x86.cab does not exist.
01/28/21 02:02:55: dxupdate: -----
01/28/21 02:02:55: dxupdate: DirectXUpdateInstallPlugIn(): Plug-In Mar2008_XAudio_x64.cab does not exist.
01/28/21 02:02:55: dxupdate: -----
01/28/21 02:02:55: dxupdate: DirectXUpdateInstallPlugIn(): Plug-In Jun2008_d3dx9_38_x86.cab does not exist.
01/28/21 02:02:55: dxupdate: -----
01/28/21 02:02:55: dxupdate: DirectXUpdateInstallPlugIn(): Plug-In Jun2008_d3dx9_38_x64.cab does not exist.
01/28/21 02:02:55: dxupdate: -----
01/28/21 02:02:55: dxupdate: DirectXUpdateInstallPlugIn(): Plug-In Jun2008_d3dx10_38_x86.cab does not exist.
01/28/21 02:02:55: dxupdate: -----
01/28/21 02:02:55: dxupdate: DirectXUpdateInstallPlugIn(): Plug-In Jun2008_d3dx10_38_x64.cab does not exist.
01/28/21 02:02:55: dxupdate: -----
01/28/21 02:02:55: dxupdate: DirectXUpdateInstallPlugIn(): Plug-In Jun2008_X3DAudio_x86.cab does not exist.
01/28/21 02:02:55: dxupdate: -----
01/28/21 02:02:55: dxupdate: DirectXUpdateInstallPlugIn(): Plug-In Jun2008_X3DAudio_x64.cab does not exist.
01/28/21 02:02:55: dxupdate: -----
01/28/21 02:02:55: dxupdate: DirectXUpdateInstallPlugIn(): Plug-In Jun2008_XACT_x86.cab does not exist.
01/28/21 02:02:55: dxupdate: -----
01/28/21 02:02:55: dxupdate: DirectXUpdateInstallPlugIn(): Plug-In Jun2008_XACT_x64.cab does not exist.
01/28/21 02:02:55: dxupdate: -----
01/28/21 02:02:55: dxupdate: DirectXUpdateInstallPlugIn(): Plug-In Jun2008_XAudio_x86.cab does not exist.
01/28/21 02:02:55: dxupdate: -----
01/28/21 02:02:55: dxupdate: DirectXUpdateInstallPlugIn(): Plug-In Jun2008_XAudio_x64.cab does not exist.
01/28/21 02:02:55: dxupdate: -----
01/28/21 02:02:55: dxupdate: DirectXUpdateInstallPlugIn(): Plug-In Aug2008_d3dx9_39_x86.cab does not exist.
01/28/21 02:02:55: dxupdate: -----
01/28/21 02:02:55: dxupdate: DirectXUpdateInstallPlugIn(): Plug-In Aug2008_d3dx9_39_x64.cab does not exist.
01/28/21 02:02:56: dxupdate: -----
01/28/21 02:02:56: dxupdate: DirectXUpdateInstallPlugIn(): Plug-In Aug2008_d3dx10_39_x86.cab does not exist.
01/28/21 02:02:56: dxupdate: -----
01/28/21 02:02:56: dxupdate: DirectXUpdateInstallPlugIn(): Plug-In Aug2008_d3dx10_39_x64.cab does not exist.
01/28/21 02:02:56: dxupdate: -----
01/28/21 02:02:56: dxupdate: DirectXUpdateInstallPlugIn(): Plug-In Aug2008_XACT_x86.cab does not exist.
01/28/21 02:02:56: dxupdate: -----
01/28/21 02:02:56: dxupdate: DirectXUpdateInstallPlugIn(): Plug-In Aug2008_XACT_x64.cab does not exist.
01/28/21 02:02:56: dxupdate: -----
01/28/21 02:02:56: dxupdate: DirectXUpdateInstallPlugIn(): Plug-In Aug2008_XAudio_x86.cab does not exist.
01/28/21 02:02:56: dxupdate: -----
01/28/21 02:02:56: dxupdate: DirectXUpdateInstallPlugIn(): Plug-In Aug2008_XAudio_x64.cab does not exist.
01/28/21 02:02:56: dxupdate: -----
01/28/21 02:02:56: dxupdate: DirectXUpdateInstallPlugIn(): Plug-In Nov2008_X3DAudio_x86.cab does not exist.
01/28/21 02:02:56: dxupdate: -----
01/28/21 02:02:56: dxupdate: DirectXUpdateInstallPlugIn(): Plug-In Nov2008_X3DAudio_x64.cab does not exist.
01/28/21 02:02:56: dxupdate: -----
01/28/21 02:02:56: dxupdate: DirectXUpdateInstallPlugIn(): Plug-In Nov2008_XACT_x86.cab does not exist.
01/28/21 02:02:56: dxupdate: -----
01/28/21 02:02:56: dxupdate: DirectXUpdateInstallPlugIn(): Plug-In Nov2008_XACT_x64.cab does not exist.
01/28/21 02:02:56: dxupdate: -----
01/28/21 02:02:56: dxupdate: DirectXUpdateInstallPlugIn(): Plug-In Nov2008_XAudio_x86.cab does not exist.
01/28/21 02:02:56: dxupdate: -----
01/28/21 02:02:56: dxupdate: DirectXUpdateInstallPlugIn(): Plug-In Nov2008_XAudio_x64.cab does not exist.
01/28/21 02:02:56: dxupdate: -----
01/28/21 02:02:56: dxupdate: DirectXUpdateInstallPlugIn(): Plug-In Nov2008_d3dx9_40_x86.cab does not exist.
01/28/21 02:02:56: dxupdate: -----
01/28/21 02:02:56: dxupdate: DirectXUpdateInstallPlugIn(): Plug-In Nov2008_d3dx9_40_x64.cab does not exist.
01/28/21 02:02:56: dxupdate: -----
01/28/21 02:02:56: dxupdate: DirectXUpdateInstallPlugIn(): Plug-In Nov2008_d3dx10_40_x86.cab does not exist.
01/28/21 02:02:56: dxupdate: -----
01/28/21 02:02:56: dxupdate: DirectXUpdateInstallPlugIn(): Plug-In Nov2008_d3dx10_40_x64.cab does not exist.
01/28/21 02:02:56: dxupdate: -----
01/28/21 02:02:56: dxupdate: DirectXUpdateInstallPlugIn(): Plug-In Mar2009_X3DAudio_x86.cab does not exist.
01/28/21 02:02:56: dxupdate: -----
01/28/21 02:02:56: dxupdate: DirectXUpdateInstallPlugIn(): Plug-In Mar2009_X3DAudio_x64.cab does not exist.
01/28/21 02:02:56: dxupdate: -----
01/28/21 02:02:56: dxupdate: DirectXUpdateInstallPlugIn(): Plug-In Mar2009_XACT_x86.cab does not exist.
01/28/21 02:02:56: dxupdate: -----
01/28/21 02:02:56: dxupdate: DirectXUpdateInstallPlugIn(): Plug-In Mar2009_XACT_x64.cab does not exist.
01/28/21 02:02:56: dxupdate: -----
01/28/21 02:02:56: dxupdate: DirectXUpdateInstallPlugIn(): Plug-In Mar2009_XAudio_x86.cab does not exist.
01/28/21 02:02:56: dxupdate: -----
01/28/21 02:02:56: dxupdate: DirectXUpdateInstallPlugIn(): Plug-In Mar2009_XAudio_x64.cab does not exist.
01/28/21 02:02:56: dxupdate: -----
01/28/21 02:02:56: dxupdate: DirectXUpdateInstallPlugIn(): Installing Mar2009_d3dx9_41_x86.cab...
01/28/21 02:02:56: dxupdate: DXCheckTrust(): C:\PROG~5P2\MICR~K4K\XNA_~4TN\v4.0\Redist\DX_R~L4K\Mar2009_d3dx9_41_x86.cab is trusted.
01/28/21 02:02:56: dxupdate: Extracted file C:\users\govi\Temp\DXc17d.tmp\Mar2009_d3dx9_41_x86.inf from cab
01/28/21 02:02:56: dxupdate: DirectXUpdateGetSetupInformation(): DirectX Version: 4.09.00.0904.0
01/28/21 02:02:56: dxupdate: CheckDependency(): no dependency.
01/28/21 02:02:56: dxupdate: DirectXUpdateGetSetupInformation(): Section [4.09.00.0904.0-4.09.00.0904.0_Srv2K3@64] is being installed.
01/28/21 02:02:56: dxupdate: Extracted file C:\users\govi\Temp\DXc17d.tmp\d3dx9_41.dll from cab
01/28/21 02:02:56: dxupdate: Extracted file C:\users\govi\Temp\DXc17d.tmp\d3dx9_41_x86.cat from cab
01/28/21 02:02:56: dxupdate: Extracted file C:\users\govi\Temp\DXc17d.tmp\d3dx9_41_x86.inf from cab
01/28/21 02:02:56: dxupdate: Extracted file C:\users\govi\Temp\DXc17d.tmp\d3dx9_41_x86_xp.inf from cab
01/28/21 02:02:56: dxupdate: Files:	5
01/28/21 02:02:56: dxupdate: Size:	2230272
01/28/21 02:02:56: dxupdate: DirectXUpdateInstallPlugIn(): Installing: D3DX9_41_x86_xp.inf - [x64_install]
01/28/21 02:02:56: dxupdate: Target file: 'C:\windows\SysWOW64\D3DX9_41.dll' 
	Target file is Version 9.26.952.2844
	Source file is Version 9.26.952.2844
01/28/21 02:02:56: dxupdate: Installed file C:\windows\SysWOW64\D3DX9_41.dll
01/28/21 02:02:56: dxupdate: -----
01/28/21 02:02:56: dxupdate: DirectXUpdateInstallPlugIn(): Plug-In Mar2009_d3dx9_41_x64.cab does not exist.
01/28/21 02:02:56: dxupdate: -----
01/28/21 02:02:56: dxupdate: DirectXUpdateInstallPlugIn(): Plug-In Mar2009_d3dx10_41_x86.cab does not exist.
01/28/21 02:02:56: dxupdate: -----
01/28/21 02:02:56: dxupdate: DirectXUpdateInstallPlugIn(): Plug-In Mar2009_d3dx10_41_x64.cab does not exist.
01/28/21 02:02:56: dxupdate: -----
01/28/21 02:02:56: dxupdate: DirectXUpdateInstallPlugIn(): Plug-In Aug2009_d3dx9_42_x86.cab does not exist.
01/28/21 02:02:56: dxupdate: -----
01/28/21 02:02:56: dxupdate: DirectXUpdateInstallPlugIn(): Plug-In Aug2009_d3dx9_42_x64.cab does not exist.
01/28/21 02:02:56: dxupdate: -----
01/28/21 02:02:56: dxupdate: DirectXUpdateInstallPlugIn(): Plug-In Aug2009_d3dx10_42_x86.cab does not exist.
01/28/21 02:02:56: dxupdate: -----
01/28/21 02:02:56: dxupdate: DirectXUpdateInstallPlugIn(): Plug-In Aug2009_d3dx10_42_x64.cab does not exist.
01/28/21 02:02:56: dxupdate: -----
01/28/21 02:02:56: dxupdate: DirectXUpdateInstallPlugIn(): Plug-In Aug2009_d3dx11_42_x86.cab does not exist.
01/28/21 02:02:56: dxupdate: -----
01/28/21 02:02:56: dxupdate: DirectXUpdateInstallPlugIn(): Plug-In Aug2009_d3dx11_42_x64.cab does not exist.
01/28/21 02:02:56: dxupdate: -----
01/28/21 02:02:56: dxupdate: DirectXUpdateInstallPlugIn(): Plug-In Aug2009_d3dcsx_42_x86.cab does not exist.
01/28/21 02:02:56: dxupdate: -----
01/28/21 02:02:56: dxupdate: DirectXUpdateInstallPlugIn(): Plug-In Aug2009_d3dcsx_42_x64.cab does not exist.
01/28/21 02:02:56: dxupdate: -----
01/28/21 02:02:56: dxupdate: DirectXUpdateInstallPlugIn(): Plug-In Aug2009_D3DCompiler_42_x86.cab does not exist.
01/28/21 02:02:56: dxupdate: -----
01/28/21 02:02:56: dxupdate: DirectXUpdateInstallPlugIn(): Plug-In Aug2009_D3DCompiler_42_x64.cab does not exist.
01/28/21 02:02:56: dxupdate: -----
01/28/21 02:02:56: dxupdate: DirectXUpdateInstallPlugIn(): Plug-In Aug2009_XACT_x86.cab does not exist.
01/28/21 02:02:56: dxupdate: -----
01/28/21 02:02:56: dxupdate: DirectXUpdateInstallPlugIn(): Plug-In Aug2009_XACT_x64.cab does not exist.
01/28/21 02:02:56: dxupdate: -----
01/28/21 02:02:56: dxupdate: DirectXUpdateInstallPlugIn(): Plug-In Aug2009_XAudio_x86.cab does not exist.
01/28/21 02:02:56: dxupdate: -----
01/28/21 02:02:56: dxupdate: DirectXUpdateInstallPlugIn(): Plug-In Aug2009_XAudio_x64.cab does not exist.
01/28/21 02:02:56: dxupdate: -----
01/28/21 02:02:56: dxupdate: DirectXUpdateInstallPlugIn(): Installing Feb2010_X3DAudio_x86.cab...
01/28/21 02:02:56: dxupdate: DXCheckTrust(): C:\PROG~5P2\MICR~K4K\XNA_~4TN\v4.0\Redist\DX_R~L4K\Feb2010_X3DAudio_x86.cab is trusted.
01/28/21 02:02:56: dxupdate: Extracted file C:\users\govi\Temp\DXc17d.tmp\FEB2010_X3DAudio_x86.inf from cab
01/28/21 02:02:56: dxupdate: DirectXUpdateGetSetupInformation(): DirectX Version: 4.09.00.0904.0
01/28/21 02:02:56: dxupdate: CheckDependency(): no dependency.
01/28/21 02:02:56: dxupdate: DirectXUpdateGetSetupInformation(): Section [4.09.00.0904.0-4.09.00.0904.0_Srv2K3@64] is being installed.
01/28/21 02:02:56: dxupdate: Extracted file C:\users\govi\Temp\DXc17d.tmp\X3DAudio1_7.dll from cab
01/28/21 02:02:56: dxupdate: Extracted file C:\users\govi\Temp\DXc17d.tmp\X3DAudio1_7_x86.inf from cab
01/28/21 02:02:56: dxupdate: Extracted file C:\users\govi\Temp\DXc17d.tmp\X3DAudio1_7_x86.cat from cab
01/28/21 02:02:56: dxupdate: Extracted file C:\users\govi\Temp\DXc17d.tmp\X3DAudio1_7_x86_xp.inf from cab
01/28/21 02:02:56: dxupdate: Files:	5
01/28/21 02:02:56: dxupdate: Size:	21504
01/28/21 02:02:56: dxupdate: DirectXUpdateInstallPlugIn(): Installing: X3DAudio1_7_x86_xp.inf - [x64_install]
01/28/21 02:02:56: dxupdate: GetFileVersionInfoBlock(): Unable to get FileVersionInfoSize, file: C:\windows\SysWOW64\X3DAudio1_7.dll, reason: 1812.
01/28/21 02:02:56: dxupdate: Unable to get Version on target file C:\windows\SysWOW64\X3DAudio1_7.dll
01/28/21 02:02:56: dxupdate: Installed file C:\windows\SysWOW64\X3DAudio1_7.dll
01/28/21 02:02:56: dxupdate: -----
01/28/21 02:02:56: dxupdate: DirectXUpdateInstallPlugIn(): Plug-In Feb2010_X3DAudio_x64.cab does not exist.
01/28/21 02:02:56: dxupdate: -----
01/28/21 02:02:56: dxupdate: DirectXUpdateInstallPlugIn(): Installing Feb2010_XACT_x86.cab...
01/28/21 02:02:56: dxupdate: DXCheckTrust(): C:\PROG~5P2\MICR~K4K\XNA_~4TN\v4.0\Redist\DX_R~L4K\Feb2010_XACT_x86.cab is trusted.
01/28/21 02:02:56: dxupdate: Extracted file C:\users\govi\Temp\DXc17d.tmp\FEB2010_XACT_x86.inf from cab
01/28/21 02:02:56: dxupdate: DirectXUpdateGetSetupInformation(): DirectX Version: 4.09.00.0904.0
01/28/21 02:02:56: dxupdate: CheckDependency(): no dependency.
01/28/21 02:02:56: dxupdate: DirectXUpdateGetSetupInformation(): Section [4.09.00.0904.0-4.09.00.0904.0_Srv2K3@64] is being installed.
01/28/21 02:02:56: dxupdate: Extracted file C:\users\govi\Temp\DXc17d.tmp\xactengine3_6.dll from cab
01/28/21 02:02:56: dxupdate: Extracted file C:\users\govi\Temp\DXc17d.tmp\XACT3_6_x86.inf from cab
01/28/21 02:02:56: dxupdate: Extracted file C:\users\govi\Temp\DXc17d.tmp\XACT3_6_x86.cat from cab
01/28/21 02:02:56: dxupdate: Extracted file C:\users\govi\Temp\DXc17d.tmp\XACT3_6_x86_xp.inf from cab
01/28/21 02:02:56: dxupdate: Files:	5
01/28/21 02:02:56: dxupdate: Size:	270336
01/28/21 02:02:56: dxupdate: DirectXUpdateInstallPlugIn(): Installing: XACT3_6_x86_xp.inf - [x64_install]
01/28/21 02:02:56: dxupdate: GetFileVersionInfoBlock(): Unable to get FileVersionInfoSize, file: C:\windows\SysWOW64\xactengine3_6.dll, reason: 1812.
01/28/21 02:02:56: dxupdate: Unable to get Version on target file C:\windows\SysWOW64\xactengine3_6.dll
01/28/21 02:02:56: dxupdate: Installed file C:\windows\SysWOW64\xactengine3_6.dll
01/28/21 02:02:56: dxupdate: DirectXUpdateInstallPlugIn(): Registering: XACT3_6_x86_xp.inf - [DllRegisterServer]
01/28/21 02:02:56: dxupdate: RegisterDLL(): C:\windows\system32\xactengine3_6.dll is registered successfully.
01/28/21 02:02:56: dxupdate: -----
01/28/21 02:02:56: dxupdate: DirectXUpdateInstallPlugIn(): Plug-In Feb2010_XACT_x64.cab does not exist.
01/28/21 02:02:56: dxupdate: -----
01/28/21 02:02:56: dxupdate: DirectXUpdateInstallPlugIn(): Installing Feb2010_XAudio_x86.cab...
01/28/21 02:02:56: dxupdate: DXCheckTrust(): C:\PROG~5P2\MICR~K4K\XNA_~4TN\v4.0\Redist\DX_R~L4K\Feb2010_XAudio_x86.cab is trusted.
01/28/21 02:02:56: dxupdate: Extracted file C:\users\govi\Temp\DXc17d.tmp\FEB2010_XAudio_x86.inf from cab
01/28/21 02:02:56: dxupdate: DirectXUpdateGetSetupInformation(): DirectX Version: 4.09.00.0904.0
01/28/21 02:02:56: dxupdate: CheckDependency(): no dependency.
01/28/21 02:02:56: dxupdate: DirectXUpdateGetSetupInformation(): Section [4.09.00.0904.0-4.09.00.0904.0_Srv2K3@64] is being installed.
01/28/21 02:02:56: dxupdate: Extracted file C:\users\govi\Temp\DXc17d.tmp\XAudio2_6.dll from cab
01/28/21 02:02:56: dxupdate: Extracted file C:\users\govi\Temp\DXc17d.tmp\XAPOFX1_4.dll from cab
01/28/21 02:02:56: dxupdate: Extracted file C:\users\govi\Temp\DXc17d.tmp\XAudio2_6_x86.inf from cab
01/28/21 02:02:56: dxupdate: Extracted file C:\users\govi\Temp\DXc17d.tmp\XAudio2_6_x86.cat from cab
01/28/21 02:02:56: dxupdate: Extracted file C:\users\govi\Temp\DXc17d.tmp\XAudio2_6_x86_xp.inf from cab
01/28/21 02:02:56: dxupdate: Files:	5
01/28/21 02:02:56: dxupdate: Size:	21504
01/28/21 02:02:56: dxupdate: DirectXUpdateInstallPlugIn(): Installing: XAudio2_6_x86_xp.inf - [x64_install]
01/28/21 02:02:56: dxupdate: GetFileVersionInfoBlock(): Unable to get FileVersionInfoSize, file: C:\windows\SysWOW64\XAudio2_6.dll, reason: 1812.
01/28/21 02:02:56: dxupdate: Unable to get Version on target file C:\windows\SysWOW64\XAudio2_6.dll
01/28/21 02:02:56: dxupdate: Installed file C:\windows\SysWOW64\XAudio2_6.dll
01/28/21 02:02:56: dxupdate: GetFileVersionInfoBlock(): Unable to get FileVersionInfoSize, file: C:\windows\SysWOW64\XAPOFX1_4.dll, reason: 1812.
01/28/21 02:02:56: dxupdate: Unable to get Version on target file C:\windows\SysWOW64\XAPOFX1_4.dll
01/28/21 02:02:56: dxupdate: Installed file C:\windows\SysWOW64\XAPOFX1_4.dll
01/28/21 02:02:56: dxupdate: DirectXUpdateInstallPlugIn(): Registering: XAudio2_6_x86.inf - [DllRegisterServer]
01/28/21 02:02:56: dxupdate: RegisterDLL(): C:\windows\system32\XAudio2_6.dll is registered successfully.
01/28/21 02:02:56: dxupdate: -----
01/28/21 02:02:56: dxupdate: DirectXUpdateInstallPlugIn(): Plug-In Feb2010_XAudio_x64.cab does not exist.
01/28/21 02:02:56: dxupdate: DirectXUpdateInstallPlugIn(): folder does not exist, [Beta_Jun2005_xinput_x86.cab] is skipped.
01/28/21 02:02:56: dxupdate: DirectXUpdateInstallPlugIn(): folder does not exist, [Beta_Jun2005_xinput_x64.cab] is skipped.
01/28/21 02:02:56: dxupdate: DirectXUpdateInstallPlugIn(): folder does not exist, [Beta_Oct2005_XACT_x86.cab] is skipped.
01/28/21 02:02:56: dxupdate: DirectXUpdateInstallPlugIn(): folder does not exist, [Beta_Oct2005_MDX_x86.cab] is skipped.
01/28/21 02:02:56: dxupdate: DirectXUpdateInstallPlugIn(): folder does not exist, [Beta_Dec2005_XACT_x86.cab] is skipped.
01/28/21 02:02:56: dxupdate: DirectXUpdateInstallPlugIn(): folder does not exist, [Beta_Dec2005_MDX2_x86.cab] is skipped.
01/28/21 02:02:56: dxupdate: DirectXUpdateInstallPlugIn(): folder does not exist, [Beta_Dec2005_MDX2_x64.cab] is skipped.
01/28/21 02:02:56: dxupdate: DirectXUpdateInstallPlugIn(): folder does not exist, [Beta_Dec2005_d3dx10_x86.cab] is skipped.
01/28/21 02:02:56: dxupdate: DirectXUpdateInstallPlugIn(): folder does not exist, [Beta_Dec2005_d3dx10_x64.cab] is skipped.
01/28/21 02:02:56: dxupdate: DirectXUpdateInstallPlugIn(): folder does not exist, [Beta_Feb2006_MDX2_x86.cab] is skipped.
01/28/21 02:02:56: dxupdate: DirectXUpdateInstallPlugIn(): folder does not exist, [Beta_Feb2006_MDX2_x64.cab] is skipped.
01/28/21 02:02:56: dxupdate: DirectXUpdateInstallPlugIn(): folder does not exist, [Beta_Feb2006_d3dx10_x86.cab] is skipped.
01/28/21 02:02:56: dxupdate: DirectXUpdateInstallPlugIn(): folder does not exist, [Beta_Feb2006_d3dx10_x64.cab] is skipped.
01/28/21 02:02:56: dxupdate: DirectXUpdateInstallPlugIn(): folder does not exist, [Beta_Apr2006_MDX2_x86.cab] is skipped.
01/28/21 02:02:56: dxupdate: DirectXUpdateInstallPlugIn(): folder does not exist, [Beta_Apr2006_MDX2_x64.cab] is skipped.
01/28/21 02:02:56: dxupdate: DirectXUpdateInstallPlugIn(): folder does not exist, [Beta_Apr2006_d3dx10_x86.cab] is skipped.
01/28/21 02:02:56: dxupdate: DirectXUpdateInstallPlugIn(): folder does not exist, [Beta_Apr2006_d3dx10_x64.cab] is skipped.
01/28/21 02:02:56: dxupdate: DirectXUpdateInstallPlugIn(): folder does not exist, [Beta_Jun2006_d3dx10_x86.cab] is skipped.
01/28/21 02:02:56: dxupdate: DirectXUpdateInstallPlugIn(): folder does not exist, [Beta_Jun2006_d3dx10_x64.cab] is skipped.
01/28/21 02:02:56: dxupdate: DirectXUpdateInstallPlugIn(): folder does not exist, [Beta_Aug2006_d3dx10_x86.cab] is skipped.
01/28/21 02:02:56: dxupdate: DirectXUpdateInstallPlugIn(): folder does not exist, [Beta_Aug2006_d3dx10_x64.cab] is skipped.
01/28/21 02:02:56: dxupdate: DirectXUpdateInstallPlugIn(): folder does not exist, [Beta_Oct2006_d3dx10_x86.cab] is skipped.
01/28/21 02:02:56: dxupdate: DirectXUpdateInstallPlugIn(): folder does not exist, [Beta_Oct2006_d3dx10_x64.cab] is skipped.
01/28/21 02:02:56: dsetup32: SetupForDirectX: InstallPlugIn() Succeeded.
01/28/21 02:02:56: dsetup32: start finalizing: phase: 6 - 6, total: 0 - 7
01/28/21 02:02:56: dsetup32: Installation ended with value 0 = Installation succeeded
