kdeinit5: preparing to launch '/usr/lib/kf5/klauncher'
kdeinit5: Launched KLauncher, pid = 587, result = 0
kdeinit5: opened connection to :0
kdeinit5: Got SETENV 'GTK_RC_FILES=/etc/gtk/gtkrc:/home/govi/.gtkrc:/home/govi/.config/gtkrc' from launcher.
kdeinit5: Got SETENV 'GTK2_RC_FILES=/etc/gtk-2.0/gtkrc:/home/govi/.gtkrc-2.0:/home/govi/.config/gtkrc-2.0' from launcher.
kdeinit5: Got SETENV 'XCURSOR_THEME=GoVi-Cu' from launcher.
kdeinit5: Got SETENV 'XCURSOR_SIZE=24' from launcher.
kdeinit5: Got SETENV 'SESSION_MANAGER=local/GoVi-PC:@/tmp/.ICE-unix/647,unix/GoVi-PC:/tmp/.ICE-unix/647' from launcher.
kdeinit5: Got SETENV 'SESSION_MANAGER=local/GoVi-PC:@/tmp/.ICE-unix/647,unix/GoVi-PC:/tmp/.ICE-unix/647' from launcher.

(liferea:707): libsecret-CRITICAL **: 03:43:55.236: secret_service_load_collections_sync: assertion 'paths != NULL' failed
Traceback (most recent call last):
  File "/usr/lib/liferea/plugins/gnome-keyring.py", line 54, in do_query
    coll = self.get_collection()
  File "/usr/lib/liferea/plugins/gnome-keyring.py", line 44, in get_collection
    colls = service.get_collections()
AttributeError: 'NoneType' object has no attribute 'get_collections'

(liferea:707): libsecret-CRITICAL **: 03:43:55.238: secret_service_load_collections_sync: assertion 'paths != NULL' failed
Traceback (most recent call last):
  File "/usr/lib/liferea/plugins/gnome-keyring.py", line 54, in do_query
    coll = self.get_collection()
  File "/usr/lib/liferea/plugins/gnome-keyring.py", line 44, in get_collection
    colls = service.get_collections()
AttributeError: 'NoneType' object has no attribute 'get_collections'

(liferea:707): libsecret-CRITICAL **: 03:43:55.240: secret_service_load_collections_sync: assertion 'paths != NULL' failed
Traceback (most recent call last):
  File "/usr/lib/liferea/plugins/gnome-keyring.py", line 54, in do_query
    coll = self.get_collection()
  File "/usr/lib/liferea/plugins/gnome-keyring.py", line 44, in get_collection
    colls = service.get_collections()
AttributeError: 'NoneType' object has no attribute 'get_collections'

(liferea:707): libsecret-CRITICAL **: 03:43:55.242: secret_service_load_collections_sync: assertion 'paths != NULL' failed
Traceback (most recent call last):
  File "/usr/lib/liferea/plugins/gnome-keyring.py", line 54, in do_query
    coll = self.get_collection()
  File "/usr/lib/liferea/plugins/gnome-keyring.py", line 44, in get_collection
    colls = service.get_collections()
AttributeError: 'NoneType' object has no attribute 'get_collections'

(liferea:707): libsecret-CRITICAL **: 03:43:55.245: secret_service_load_collections_sync: assertion 'paths != NULL' failed
Traceback (most recent call last):
  File "/usr/lib/liferea/plugins/gnome-keyring.py", line 54, in do_query
    coll = self.get_collection()
  File "/usr/lib/liferea/plugins/gnome-keyring.py", line 44, in get_collection
    colls = service.get_collections()
AttributeError: 'NoneType' object has no attribute 'get_collections'

(liferea:707): libsecret-CRITICAL **: 03:43:55.249: secret_service_load_collections_sync: assertion 'paths != NULL' failed
Traceback (most recent call last):
  File "/usr/lib/liferea/plugins/gnome-keyring.py", line 54, in do_query
    coll = self.get_collection()
  File "/usr/lib/liferea/plugins/gnome-keyring.py", line 44, in get_collection
    colls = service.get_collections()
AttributeError: 'NoneType' object has no attribute 'get_collections'

(liferea:707): libsecret-CRITICAL **: 03:43:55.251: secret_service_load_collections_sync: assertion 'paths != NULL' failed
Traceback (most recent call last):
  File "/usr/lib/liferea/plugins/gnome-keyring.py", line 54, in do_query
    coll = self.get_collection()
  File "/usr/lib/liferea/plugins/gnome-keyring.py", line 44, in get_collection
    colls = service.get_collections()
AttributeError: 'NoneType' object has no attribute 'get_collections'

(liferea:707): libsecret-CRITICAL **: 03:43:55.254: secret_service_load_collections_sync: assertion 'paths != NULL' failed
Traceback (most recent call last):
  File "/usr/lib/liferea/plugins/gnome-keyring.py", line 54, in do_query
    coll = self.get_collection()
  File "/usr/lib/liferea/plugins/gnome-keyring.py", line 44, in get_collection
    colls = service.get_collections()
AttributeError: 'NoneType' object has no attribute 'get_collections'

(liferea:707): libsecret-CRITICAL **: 03:43:55.256: secret_service_load_collections_sync: assertion 'paths != NULL' failed
Traceback (most recent call last):
  File "/usr/lib/liferea/plugins/gnome-keyring.py", line 54, in do_query
    coll = self.get_collection()
  File "/usr/lib/liferea/plugins/gnome-keyring.py", line 44, in get_collection
    colls = service.get_collections()
AttributeError: 'NoneType' object has no attribute 'get_collections'

(liferea:707): libsecret-CRITICAL **: 03:43:55.258: secret_service_load_collections_sync: assertion 'paths != NULL' failed
Traceback (most recent call last):
  File "/usr/lib/liferea/plugins/gnome-keyring.py", line 54, in do_query
    coll = self.get_collection()
  File "/usr/lib/liferea/plugins/gnome-keyring.py", line 44, in get_collection
    colls = service.get_collections()
AttributeError: 'NoneType' object has no attribute 'get_collections'

(liferea:707): libsecret-CRITICAL **: 03:43:55.261: secret_service_load_collections_sync: assertion 'paths != NULL' failed
Traceback (most recent call last):
  File "/usr/lib/liferea/plugins/gnome-keyring.py", line 54, in do_query
    coll = self.get_collection()
  File "/usr/lib/liferea/plugins/gnome-keyring.py", line 44, in get_collection
    colls = service.get_collections()
AttributeError: 'NoneType' object has no attribute 'get_collections'

(liferea:707): libsecret-CRITICAL **: 03:43:55.263: secret_service_load_collections_sync: assertion 'paths != NULL' failed
Traceback (most recent call last):
  File "/usr/lib/liferea/plugins/gnome-keyring.py", line 54, in do_query
    coll = self.get_collection()
  File "/usr/lib/liferea/plugins/gnome-keyring.py", line 44, in get_collection
    colls = service.get_collections()
AttributeError: 'NoneType' object has no attribute 'get_collections'

(liferea:707): libsecret-CRITICAL **: 03:43:55.265: secret_service_load_collections_sync: assertion 'paths != NULL' failed
Traceback (most recent call last):
  File "/usr/lib/liferea/plugins/gnome-keyring.py", line 54, in do_query
    coll = self.get_collection()
  File "/usr/lib/liferea/plugins/gnome-keyring.py", line 44, in get_collection
    colls = service.get_collections()
AttributeError: 'NoneType' object has no attribute 'get_collections'

(liferea:707): libsecret-CRITICAL **: 03:43:55.267: secret_service_load_collections_sync: assertion 'paths != NULL' failed
Traceback (most recent call last):
  File "/usr/lib/liferea/plugins/gnome-keyring.py", line 54, in do_query
    coll = self.get_collection()
  File "/usr/lib/liferea/plugins/gnome-keyring.py", line 44, in get_collection
    colls = service.get_collections()
AttributeError: 'NoneType' object has no attribute 'get_collections'

(liferea:707): libsecret-CRITICAL **: 03:43:55.283: secret_service_load_collections_sync: assertion 'paths != NULL' failed
Traceback (most recent call last):
  File "/usr/lib/liferea/plugins/gnome-keyring.py", line 54, in do_query
    coll = self.get_collection()
  File "/usr/lib/liferea/plugins/gnome-keyring.py", line 44, in get_collection
    colls = service.get_collections()
AttributeError: 'NoneType' object has no attribute 'get_collections'

(liferea:707): libsecret-CRITICAL **: 03:43:55.286: secret_service_load_collections_sync: assertion 'paths != NULL' failed
Traceback (most recent call last):
  File "/usr/lib/liferea/plugins/gnome-keyring.py", line 54, in do_query
    coll = self.get_collection()
  File "/usr/lib/liferea/plugins/gnome-keyring.py", line 44, in get_collection
    colls = service.get_collections()
AttributeError: 'NoneType' object has no attribute 'get_collections'

(liferea:707): libsecret-CRITICAL **: 03:43:55.294: secret_service_load_collections_sync: assertion 'paths != NULL' failed
Traceback (most recent call last):
  File "/usr/lib/liferea/plugins/gnome-keyring.py", line 54, in do_query
    coll = self.get_collection()
  File "/usr/lib/liferea/plugins/gnome-keyring.py", line 44, in get_collection
    colls = service.get_collections()
AttributeError: 'NoneType' object has no attribute 'get_collections'

(liferea:707): libsecret-CRITICAL **: 03:43:55.297: secret_service_load_collections_sync: assertion 'paths != NULL' failed
Traceback (most recent call last):
  File "/usr/lib/liferea/plugins/gnome-keyring.py", line 54, in do_query
    coll = self.get_collection()
  File "/usr/lib/liferea/plugins/gnome-keyring.py", line 44, in get_collection
    colls = service.get_collections()
AttributeError: 'NoneType' object has no attribute 'get_collections'

(liferea:707): libsecret-CRITICAL **: 03:43:55.305: secret_service_load_collections_sync: assertion 'paths != NULL' failed
Traceback (most recent call last):
  File "/usr/lib/liferea/plugins/gnome-keyring.py", line 54, in do_query
    coll = self.get_collection()
  File "/usr/lib/liferea/plugins/gnome-keyring.py", line 44, in get_collection
    colls = service.get_collections()
AttributeError: 'NoneType' object has no attribute 'get_collections'

(liferea:707): libsecret-CRITICAL **: 03:43:55.308: secret_service_load_collections_sync: assertion 'paths != NULL' failed
Traceback (most recent call last):
  File "/usr/lib/liferea/plugins/gnome-keyring.py", line 54, in do_query
    coll = self.get_collection()
  File "/usr/lib/liferea/plugins/gnome-keyring.py", line 44, in get_collection
    colls = service.get_collections()
AttributeError: 'NoneType' object has no attribute 'get_collections'

(liferea:707): libsecret-CRITICAL **: 03:43:55.310: secret_service_load_collections_sync: assertion 'paths != NULL' failed
Traceback (most recent call last):
  File "/usr/lib/liferea/plugins/gnome-keyring.py", line 54, in do_query
    coll = self.get_collection()
  File "/usr/lib/liferea/plugins/gnome-keyring.py", line 44, in get_collection
    colls = service.get_collections()
AttributeError: 'NoneType' object has no attribute 'get_collections'

(liferea:707): libsecret-CRITICAL **: 03:43:55.312: secret_service_load_collections_sync: assertion 'paths != NULL' failed
Traceback (most recent call last):
  File "/usr/lib/liferea/plugins/gnome-keyring.py", line 54, in do_query
    coll = self.get_collection()
  File "/usr/lib/liferea/plugins/gnome-keyring.py", line 44, in get_collection
    colls = service.get_collections()
AttributeError: 'NoneType' object has no attribute 'get_collections'

(liferea:707): libsecret-CRITICAL **: 03:43:55.314: secret_service_load_collections_sync: assertion 'paths != NULL' failed
Traceback (most recent call last):
  File "/usr/lib/liferea/plugins/gnome-keyring.py", line 54, in do_query
    coll = self.get_collection()
  File "/usr/lib/liferea/plugins/gnome-keyring.py", line 44, in get_collection
    colls = service.get_collections()
AttributeError: 'NoneType' object has no attribute 'get_collections'

(liferea:707): libsecret-CRITICAL **: 03:43:55.316: secret_service_load_collections_sync: assertion 'paths != NULL' failed
Traceback (most recent call last):
  File "/usr/lib/liferea/plugins/gnome-keyring.py", line 54, in do_query
    coll = self.get_collection()
  File "/usr/lib/liferea/plugins/gnome-keyring.py", line 44, in get_collection
    colls = service.get_collections()
AttributeError: 'NoneType' object has no attribute 'get_collections'

(liferea:707): libsecret-CRITICAL **: 03:43:55.317: secret_service_load_collections_sync: assertion 'paths != NULL' failed
Traceback (most recent call last):
  File "/usr/lib/liferea/plugins/gnome-keyring.py", line 54, in do_query
    coll = self.get_collection()
  File "/usr/lib/liferea/plugins/gnome-keyring.py", line 44, in get_collection
    colls = service.get_collections()
AttributeError: 'NoneType' object has no attribute 'get_collections'

(liferea:707): libsecret-CRITICAL **: 03:43:55.319: secret_service_load_collections_sync: assertion 'paths != NULL' failed
Traceback (most recent call last):
  File "/usr/lib/liferea/plugins/gnome-keyring.py", line 54, in do_query
    coll = self.get_collection()
  File "/usr/lib/liferea/plugins/gnome-keyring.py", line 44, in get_collection
    colls = service.get_collections()
AttributeError: 'NoneType' object has no attribute 'get_collections'

(liferea:707): libsecret-CRITICAL **: 03:43:55.321: secret_service_load_collections_sync: assertion 'paths != NULL' failed
Traceback (most recent call last):
  File "/usr/lib/liferea/plugins/gnome-keyring.py", line 54, in do_query
    coll = self.get_collection()
  File "/usr/lib/liferea/plugins/gnome-keyring.py", line 44, in get_collection
    colls = service.get_collections()
AttributeError: 'NoneType' object has no attribute 'get_collections'

(liferea:707): libsecret-CRITICAL **: 03:43:55.322: secret_service_load_collections_sync: assertion 'paths != NULL' failed
Traceback (most recent call last):
  File "/usr/lib/liferea/plugins/gnome-keyring.py", line 54, in do_query
    coll = self.get_collection()
  File "/usr/lib/liferea/plugins/gnome-keyring.py", line 44, in get_collection
    colls = service.get_collections()
AttributeError: 'NoneType' object has no attribute 'get_collections'

(liferea:707): libsecret-CRITICAL **: 03:43:55.325: secret_service_load_collections_sync: assertion 'paths != NULL' failed
Traceback (most recent call last):
  File "/usr/lib/liferea/plugins/gnome-keyring.py", line 54, in do_query
    coll = self.get_collection()
  File "/usr/lib/liferea/plugins/gnome-keyring.py", line 44, in get_collection
    colls = service.get_collections()
AttributeError: 'NoneType' object has no attribute 'get_collections'

(liferea:707): libsecret-CRITICAL **: 03:43:55.327: secret_service_load_collections_sync: assertion 'paths != NULL' failed
Traceback (most recent call last):
  File "/usr/lib/liferea/plugins/gnome-keyring.py", line 54, in do_query
    coll = self.get_collection()
  File "/usr/lib/liferea/plugins/gnome-keyring.py", line 44, in get_collection
    colls = service.get_collections()
AttributeError: 'NoneType' object has no attribute 'get_collections'

(liferea:707): libsecret-CRITICAL **: 03:43:55.329: secret_service_load_collections_sync: assertion 'paths != NULL' failed
Traceback (most recent call last):
  File "/usr/lib/liferea/plugins/gnome-keyring.py", line 54, in do_query
    coll = self.get_collection()
  File "/usr/lib/liferea/plugins/gnome-keyring.py", line 44, in get_collection
    colls = service.get_collections()
AttributeError: 'NoneType' object has no attribute 'get_collections'

(liferea:707): libsecret-CRITICAL **: 03:43:55.331: secret_service_load_collections_sync: assertion 'paths != NULL' failed
Traceback (most recent call last):
  File "/usr/lib/liferea/plugins/gnome-keyring.py", line 54, in do_query
    coll = self.get_collection()
  File "/usr/lib/liferea/plugins/gnome-keyring.py", line 44, in get_collection
    colls = service.get_collections()
AttributeError: 'NoneType' object has no attribute 'get_collections'

(liferea:707): libsecret-CRITICAL **: 03:43:55.332: secret_service_load_collections_sync: assertion 'paths != NULL' failed
Traceback (most recent call last):
  File "/usr/lib/liferea/plugins/gnome-keyring.py", line 54, in do_query
    coll = self.get_collection()
  File "/usr/lib/liferea/plugins/gnome-keyring.py", line 44, in get_collection
    colls = service.get_collections()
AttributeError: 'NoneType' object has no attribute 'get_collections'

(liferea:707): libsecret-CRITICAL **: 03:43:55.334: secret_service_load_collections_sync: assertion 'paths != NULL' failed
Traceback (most recent call last):
  File "/usr/lib/liferea/plugins/gnome-keyring.py", line 54, in do_query
    coll = self.get_collection()
  File "/usr/lib/liferea/plugins/gnome-keyring.py", line 44, in get_collection
    colls = service.get_collections()
AttributeError: 'NoneType' object has no attribute 'get_collections'

(liferea:707): libsecret-CRITICAL **: 03:43:55.336: secret_service_load_collections_sync: assertion 'paths != NULL' failed
Traceback (most recent call last):
  File "/usr/lib/liferea/plugins/gnome-keyring.py", line 54, in do_query
    coll = self.get_collection()
  File "/usr/lib/liferea/plugins/gnome-keyring.py", line 44, in get_collection
    colls = service.get_collections()
AttributeError: 'NoneType' object has no attribute 'get_collections'

(liferea:707): libsecret-CRITICAL **: 03:43:55.338: secret_service_load_collections_sync: assertion 'paths != NULL' failed
Traceback (most recent call last):
  File "/usr/lib/liferea/plugins/gnome-keyring.py", line 54, in do_query
    coll = self.get_collection()
  File "/usr/lib/liferea/plugins/gnome-keyring.py", line 44, in get_collection
    colls = service.get_collections()
AttributeError: 'NoneType' object has no attribute 'get_collections'

(liferea:707): libsecret-CRITICAL **: 03:43:55.340: secret_service_load_collections_sync: assertion 'paths != NULL' failed
Traceback (most recent call last):
  File "/usr/lib/liferea/plugins/gnome-keyring.py", line 54, in do_query
    coll = self.get_collection()
  File "/usr/lib/liferea/plugins/gnome-keyring.py", line 44, in get_collection
    colls = service.get_collections()
AttributeError: 'NoneType' object has no attribute 'get_collections'

(liferea:707): libsecret-CRITICAL **: 03:43:55.342: secret_service_load_collections_sync: assertion 'paths != NULL' failed
Traceback (most recent call last):
  File "/usr/lib/liferea/plugins/gnome-keyring.py", line 54, in do_query
    coll = self.get_collection()
  File "/usr/lib/liferea/plugins/gnome-keyring.py", line 44, in get_collection
    colls = service.get_collections()
AttributeError: 'NoneType' object has no attribute 'get_collections'

(liferea:707): libsecret-CRITICAL **: 03:43:55.344: secret_service_load_collections_sync: assertion 'paths != NULL' failed
Traceback (most recent call last):
  File "/usr/lib/liferea/plugins/gnome-keyring.py", line 54, in do_query
    coll = self.get_collection()
  File "/usr/lib/liferea/plugins/gnome-keyring.py", line 44, in get_collection
    colls = service.get_collections()
AttributeError: 'NoneType' object has no attribute 'get_collections'

(liferea:707): libsecret-CRITICAL **: 03:43:55.346: secret_service_load_collections_sync: assertion 'paths != NULL' failed
Traceback (most recent call last):
  File "/usr/lib/liferea/plugins/gnome-keyring.py", line 54, in do_query
    coll = self.get_collection()
  File "/usr/lib/liferea/plugins/gnome-keyring.py", line 44, in get_collection
    colls = service.get_collections()
AttributeError: 'NoneType' object has no attribute 'get_collections'

(liferea:707): libsecret-CRITICAL **: 03:43:55.348: secret_service_load_collections_sync: assertion 'paths != NULL' failed
Traceback (most recent call last):
  File "/usr/lib/liferea/plugins/gnome-keyring.py", line 54, in do_query
    coll = self.get_collection()
  File "/usr/lib/liferea/plugins/gnome-keyring.py", line 44, in get_collection
    colls = service.get_collections()
AttributeError: 'NoneType' object has no attribute 'get_collections'

(liferea:707): libsecret-CRITICAL **: 03:43:55.350: secret_service_load_collections_sync: assertion 'paths != NULL' failed
Traceback (most recent call last):
  File "/usr/lib/liferea/plugins/gnome-keyring.py", line 54, in do_query
    coll = self.get_collection()
  File "/usr/lib/liferea/plugins/gnome-keyring.py", line 44, in get_collection
    colls = service.get_collections()
AttributeError: 'NoneType' object has no attribute 'get_collections'

(liferea:707): libsecret-CRITICAL **: 03:43:55.352: secret_service_load_collections_sync: assertion 'paths != NULL' failed
Traceback (most recent call last):
  File "/usr/lib/liferea/plugins/gnome-keyring.py", line 54, in do_query
    coll = self.get_collection()
  File "/usr/lib/liferea/plugins/gnome-keyring.py", line 44, in get_collection
    colls = service.get_collections()
AttributeError: 'NoneType' object has no attribute 'get_collections'

(liferea:707): libsecret-CRITICAL **: 03:43:55.353: secret_service_load_collections_sync: assertion 'paths != NULL' failed
Traceback (most recent call last):
  File "/usr/lib/liferea/plugins/gnome-keyring.py", line 54, in do_query
    coll = self.get_collection()
  File "/usr/lib/liferea/plugins/gnome-keyring.py", line 44, in get_collection
    colls = service.get_collections()
AttributeError: 'NoneType' object has no attribute 'get_collections'

(liferea:707): libsecret-CRITICAL **: 03:43:55.355: secret_service_load_collections_sync: assertion 'paths != NULL' failed
Traceback (most recent call last):
  File "/usr/lib/liferea/plugins/gnome-keyring.py", line 54, in do_query
    coll = self.get_collection()
  File "/usr/lib/liferea/plugins/gnome-keyring.py", line 44, in get_collection
    colls = service.get_collections()
AttributeError: 'NoneType' object has no attribute 'get_collections'

(liferea:707): libsecret-CRITICAL **: 03:43:55.357: secret_service_load_collections_sync: assertion 'paths != NULL' failed
Traceback (most recent call last):
  File "/usr/lib/liferea/plugins/gnome-keyring.py", line 54, in do_query
    coll = self.get_collection()
  File "/usr/lib/liferea/plugins/gnome-keyring.py", line 44, in get_collection
    colls = service.get_collections()
AttributeError: 'NoneType' object has no attribute 'get_collections'

(liferea:707): libsecret-CRITICAL **: 03:43:55.365: secret_service_load_collections_sync: assertion 'paths != NULL' failed
Traceback (most recent call last):
  File "/usr/lib/liferea/plugins/gnome-keyring.py", line 54, in do_query
    coll = self.get_collection()
  File "/usr/lib/liferea/plugins/gnome-keyring.py", line 44, in get_collection
    colls = service.get_collections()
AttributeError: 'NoneType' object has no attribute 'get_collections'

(liferea:707): libsecret-CRITICAL **: 03:43:55.367: secret_service_load_collections_sync: assertion 'paths != NULL' failed
Traceback (most recent call last):
  File "/usr/lib/liferea/plugins/gnome-keyring.py", line 54, in do_query
    coll = self.get_collection()
  File "/usr/lib/liferea/plugins/gnome-keyring.py", line 44, in get_collection
    colls = service.get_collections()
AttributeError: 'NoneType' object has no attribute 'get_collections'

(liferea:707): libsecret-CRITICAL **: 03:43:55.369: secret_service_load_collections_sync: assertion 'paths != NULL' failed
Traceback (most recent call last):
  File "/usr/lib/liferea/plugins/gnome-keyring.py", line 54, in do_query
    coll = self.get_collection()
  File "/usr/lib/liferea/plugins/gnome-keyring.py", line 44, in get_collection
    colls = service.get_collections()
AttributeError: 'NoneType' object has no attribute 'get_collections'

(liferea:707): libsecret-CRITICAL **: 03:43:55.375: secret_service_load_collections_sync: assertion 'paths != NULL' failed
Traceback (most recent call last):
  File "/usr/lib/liferea/plugins/gnome-keyring.py", line 54, in do_query
    coll = self.get_collection()
  File "/usr/lib/liferea/plugins/gnome-keyring.py", line 44, in get_collection
    colls = service.get_collections()
AttributeError: 'NoneType' object has no attribute 'get_collections'

(liferea:707): libsecret-CRITICAL **: 03:43:55.380: secret_service_load_collections_sync: assertion 'paths != NULL' failed
Traceback (most recent call last):
  File "/usr/lib/liferea/plugins/gnome-keyring.py", line 54, in do_query
    coll = self.get_collection()
  File "/usr/lib/liferea/plugins/gnome-keyring.py", line 44, in get_collection
    colls = service.get_collections()
AttributeError: 'NoneType' object has no attribute 'get_collections'

(liferea:707): libsecret-CRITICAL **: 03:43:55.382: secret_service_load_collections_sync: assertion 'paths != NULL' failed
Traceback (most recent call last):
  File "/usr/lib/liferea/plugins/gnome-keyring.py", line 54, in do_query
    coll = self.get_collection()
  File "/usr/lib/liferea/plugins/gnome-keyring.py", line 44, in get_collection
    colls = service.get_collections()
AttributeError: 'NoneType' object has no attribute 'get_collections'

(liferea:707): libsecret-CRITICAL **: 03:43:55.384: secret_service_load_collections_sync: assertion 'paths != NULL' failed
Traceback (most recent call last):
  File "/usr/lib/liferea/plugins/gnome-keyring.py", line 54, in do_query
    coll = self.get_collection()
  File "/usr/lib/liferea/plugins/gnome-keyring.py", line 44, in get_collection
    colls = service.get_collections()
AttributeError: 'NoneType' object has no attribute 'get_collections'

(liferea:707): libsecret-CRITICAL **: 03:43:55.386: secret_service_load_collections_sync: assertion 'paths != NULL' failed
Traceback (most recent call last):
  File "/usr/lib/liferea/plugins/gnome-keyring.py", line 54, in do_query
    coll = self.get_collection()
  File "/usr/lib/liferea/plugins/gnome-keyring.py", line 44, in get_collection
    colls = service.get_collections()
AttributeError: 'NoneType' object has no attribute 'get_collections'

(liferea:707): libsecret-CRITICAL **: 03:43:55.387: secret_service_load_collections_sync: assertion 'paths != NULL' failed
Traceback (most recent call last):
  File "/usr/lib/liferea/plugins/gnome-keyring.py", line 54, in do_query
    coll = self.get_collection()
  File "/usr/lib/liferea/plugins/gnome-keyring.py", line 44, in get_collection
    colls = service.get_collections()
AttributeError: 'NoneType' object has no attribute 'get_collections'

(liferea:707): libsecret-CRITICAL **: 03:43:55.389: secret_service_load_collections_sync: assertion 'paths != NULL' failed
Traceback (most recent call last):
  File "/usr/lib/liferea/plugins/gnome-keyring.py", line 54, in do_query
    coll = self.get_collection()
  File "/usr/lib/liferea/plugins/gnome-keyring.py", line 44, in get_collection
    colls = service.get_collections()
AttributeError: 'NoneType' object has no attribute 'get_collections'

(liferea:707): libsecret-CRITICAL **: 03:43:55.391: secret_service_load_collections_sync: assertion 'paths != NULL' failed
Traceback (most recent call last):
  File "/usr/lib/liferea/plugins/gnome-keyring.py", line 54, in do_query
    coll = self.get_collection()
  File "/usr/lib/liferea/plugins/gnome-keyring.py", line 44, in get_collection
    colls = service.get_collections()
AttributeError: 'NoneType' object has no attribute 'get_collections'

(liferea:707): libsecret-CRITICAL **: 03:43:55.397: secret_service_load_collections_sync: assertion 'paths != NULL' failed
Traceback (most recent call last):
  File "/usr/lib/liferea/plugins/gnome-keyring.py", line 54, in do_query
    coll = self.get_collection()
  File "/usr/lib/liferea/plugins/gnome-keyring.py", line 44, in get_collection
    colls = service.get_collections()
AttributeError: 'NoneType' object has no attribute 'get_collections'

(liferea:707): libsecret-CRITICAL **: 03:43:55.400: secret_service_load_collections_sync: assertion 'paths != NULL' failed
Traceback (most recent call last):
  File "/usr/lib/liferea/plugins/gnome-keyring.py", line 54, in do_query
    coll = self.get_collection()
  File "/usr/lib/liferea/plugins/gnome-keyring.py", line 44, in get_collection
    colls = service.get_collections()
AttributeError: 'NoneType' object has no attribute 'get_collections'

(liferea:707): libsecret-CRITICAL **: 03:43:55.402: secret_service_load_collections_sync: assertion 'paths != NULL' failed
Traceback (most recent call last):
  File "/usr/lib/liferea/plugins/gnome-keyring.py", line 54, in do_query
    coll = self.get_collection()
  File "/usr/lib/liferea/plugins/gnome-keyring.py", line 44, in get_collection
    colls = service.get_collections()
AttributeError: 'NoneType' object has no attribute 'get_collections'

(liferea:707): libsecret-CRITICAL **: 03:43:55.405: secret_service_load_collections_sync: assertion 'paths != NULL' failed
Traceback (most recent call last):
  File "/usr/lib/liferea/plugins/gnome-keyring.py", line 54, in do_query
    coll = self.get_collection()
  File "/usr/lib/liferea/plugins/gnome-keyring.py", line 44, in get_collection
    colls = service.get_collections()
AttributeError: 'NoneType' object has no attribute 'get_collections'

(liferea:707): libsecret-CRITICAL **: 03:43:55.408: secret_service_load_collections_sync: assertion 'paths != NULL' failed
Traceback (most recent call last):
  File "/usr/lib/liferea/plugins/gnome-keyring.py", line 54, in do_query
    coll = self.get_collection()
  File "/usr/lib/liferea/plugins/gnome-keyring.py", line 44, in get_collection
    colls = service.get_collections()
AttributeError: 'NoneType' object has no attribute 'get_collections'

(liferea:707): libsecret-CRITICAL **: 03:43:55.411: secret_service_load_collections_sync: assertion 'paths != NULL' failed
Traceback (most recent call last):
  File "/usr/lib/liferea/plugins/gnome-keyring.py", line 54, in do_query
    coll = self.get_collection()
  File "/usr/lib/liferea/plugins/gnome-keyring.py", line 44, in get_collection
    colls = service.get_collections()
AttributeError: 'NoneType' object has no attribute 'get_collections'

(liferea:707): libsecret-CRITICAL **: 03:43:55.415: secret_service_load_collections_sync: assertion 'paths != NULL' failed
Traceback (most recent call last):
  File "/usr/lib/liferea/plugins/gnome-keyring.py", line 54, in do_query
    coll = self.get_collection()
  File "/usr/lib/liferea/plugins/gnome-keyring.py", line 44, in get_collection
    colls = service.get_collections()
AttributeError: 'NoneType' object has no attribute 'get_collections'

(liferea:707): libsecret-CRITICAL **: 03:43:55.417: secret_service_load_collections_sync: assertion 'paths != NULL' failed
Traceback (most recent call last):
  File "/usr/lib/liferea/plugins/gnome-keyring.py", line 54, in do_query
    coll = self.get_collection()
  File "/usr/lib/liferea/plugins/gnome-keyring.py", line 44, in get_collection
    colls = service.get_collections()
AttributeError: 'NoneType' object has no attribute 'get_collections'

(liferea:707): libsecret-CRITICAL **: 03:43:55.422: secret_service_load_collections_sync: assertion 'paths != NULL' failed
Traceback (most recent call last):
  File "/usr/lib/liferea/plugins/gnome-keyring.py", line 54, in do_query
    coll = self.get_collection()
  File "/usr/lib/liferea/plugins/gnome-keyring.py", line 44, in get_collection
    colls = service.get_collections()
AttributeError: 'NoneType' object has no attribute 'get_collections'

(liferea:707): libsecret-CRITICAL **: 03:43:55.424: secret_service_load_collections_sync: assertion 'paths != NULL' failed
Traceback (most recent call last):
  File "/usr/lib/liferea/plugins/gnome-keyring.py", line 54, in do_query
    coll = self.get_collection()
  File "/usr/lib/liferea/plugins/gnome-keyring.py", line 44, in get_collection
    colls = service.get_collections()
AttributeError: 'NoneType' object has no attribute 'get_collections'

(liferea:707): libsecret-CRITICAL **: 03:43:55.427: secret_service_load_collections_sync: assertion 'paths != NULL' failed
Traceback (most recent call last):
  File "/usr/lib/liferea/plugins/gnome-keyring.py", line 54, in do_query
    coll = self.get_collection()
  File "/usr/lib/liferea/plugins/gnome-keyring.py", line 44, in get_collection
    colls = service.get_collections()
AttributeError: 'NoneType' object has no attribute 'get_collections'

(liferea:707): libsecret-CRITICAL **: 03:43:55.430: secret_service_load_collections_sync: assertion 'paths != NULL' failed
Traceback (most recent call last):
  File "/usr/lib/liferea/plugins/gnome-keyring.py", line 54, in do_query
    coll = self.get_collection()
  File "/usr/lib/liferea/plugins/gnome-keyring.py", line 44, in get_collection
    colls = service.get_collections()
AttributeError: 'NoneType' object has no attribute 'get_collections'

(liferea:707): libsecret-CRITICAL **: 03:43:55.432: secret_service_load_collections_sync: assertion 'paths != NULL' failed
Traceback (most recent call last):
  File "/usr/lib/liferea/plugins/gnome-keyring.py", line 54, in do_query
    coll = self.get_collection()
  File "/usr/lib/liferea/plugins/gnome-keyring.py", line 44, in get_collection
    colls = service.get_collections()
AttributeError: 'NoneType' object has no attribute 'get_collections'

(liferea:707): libsecret-CRITICAL **: 03:43:55.434: secret_service_load_collections_sync: assertion 'paths != NULL' failed
Traceback (most recent call last):
  File "/usr/lib/liferea/plugins/gnome-keyring.py", line 54, in do_query
    coll = self.get_collection()
  File "/usr/lib/liferea/plugins/gnome-keyring.py", line 44, in get_collection
    colls = service.get_collections()
AttributeError: 'NoneType' object has no attribute 'get_collections'

(liferea:707): libsecret-CRITICAL **: 03:43:55.436: secret_service_load_collections_sync: assertion 'paths != NULL' failed
Traceback (most recent call last):
  File "/usr/lib/liferea/plugins/gnome-keyring.py", line 54, in do_query
    coll = self.get_collection()
  File "/usr/lib/liferea/plugins/gnome-keyring.py", line 44, in get_collection
    colls = service.get_collections()
AttributeError: 'NoneType' object has no attribute 'get_collections'

(liferea:707): libsecret-CRITICAL **: 03:43:55.438: secret_service_load_collections_sync: assertion 'paths != NULL' failed
Traceback (most recent call last):
  File "/usr/lib/liferea/plugins/gnome-keyring.py", line 54, in do_query
    coll = self.get_collection()
  File "/usr/lib/liferea/plugins/gnome-keyring.py", line 44, in get_collection
    colls = service.get_collections()
AttributeError: 'NoneType' object has no attribute 'get_collections'

(liferea:707): libsecret-CRITICAL **: 03:43:55.440: secret_service_load_collections_sync: assertion 'paths != NULL' failed
Traceback (most recent call last):
  File "/usr/lib/liferea/plugins/gnome-keyring.py", line 54, in do_query
    coll = self.get_collection()
  File "/usr/lib/liferea/plugins/gnome-keyring.py", line 44, in get_collection
    colls = service.get_collections()
AttributeError: 'NoneType' object has no attribute 'get_collections'

(liferea:707): libsecret-CRITICAL **: 03:43:55.442: secret_service_load_collections_sync: assertion 'paths != NULL' failed
Traceback (most recent call last):
  File "/usr/lib/liferea/plugins/gnome-keyring.py", line 54, in do_query
    coll = self.get_collection()
  File "/usr/lib/liferea/plugins/gnome-keyring.py", line 44, in get_collection
    colls = service.get_collections()
AttributeError: 'NoneType' object has no attribute 'get_collections'

(liferea:707): libsecret-CRITICAL **: 03:43:55.455: secret_service_load_collections_sync: assertion 'paths != NULL' failed
Traceback (most recent call last):
  File "/usr/lib/liferea/plugins/gnome-keyring.py", line 54, in do_query
    coll = self.get_collection()
  File "/usr/lib/liferea/plugins/gnome-keyring.py", line 44, in get_collection
    colls = service.get_collections()
AttributeError: 'NoneType' object has no attribute 'get_collections'

(liferea:707): libsecret-CRITICAL **: 03:43:55.457: secret_service_load_collections_sync: assertion 'paths != NULL' failed
Traceback (most recent call last):
  File "/usr/lib/liferea/plugins/gnome-keyring.py", line 54, in do_query
    coll = self.get_collection()
  File "/usr/lib/liferea/plugins/gnome-keyring.py", line 44, in get_collection
    colls = service.get_collections()
AttributeError: 'NoneType' object has no attribute 'get_collections'

(liferea:707): libsecret-CRITICAL **: 03:43:55.459: secret_service_load_collections_sync: assertion 'paths != NULL' failed
Traceback (most recent call last):
  File "/usr/lib/liferea/plugins/gnome-keyring.py", line 54, in do_query
    coll = self.get_collection()
  File "/usr/lib/liferea/plugins/gnome-keyring.py", line 44, in get_collection
    colls = service.get_collections()
AttributeError: 'NoneType' object has no attribute 'get_collections'

(liferea:707): libsecret-CRITICAL **: 03:43:55.461: secret_service_load_collections_sync: assertion 'paths != NULL' failed
Traceback (most recent call last):
  File "/usr/lib/liferea/plugins/gnome-keyring.py", line 54, in do_query
    coll = self.get_collection()
  File "/usr/lib/liferea/plugins/gnome-keyring.py", line 44, in get_collection
    colls = service.get_collections()
AttributeError: 'NoneType' object has no attribute 'get_collections'

(liferea:707): libsecret-CRITICAL **: 03:43:55.463: secret_service_load_collections_sync: assertion 'paths != NULL' failed
Traceback (most recent call last):
  File "/usr/lib/liferea/plugins/gnome-keyring.py", line 54, in do_query
    coll = self.get_collection()
  File "/usr/lib/liferea/plugins/gnome-keyring.py", line 44, in get_collection
    colls = service.get_collections()
AttributeError: 'NoneType' object has no attribute 'get_collections'

(liferea:707): libsecret-CRITICAL **: 03:43:55.464: secret_service_load_collections_sync: assertion 'paths != NULL' failed
Traceback (most recent call last):
  File "/usr/lib/liferea/plugins/gnome-keyring.py", line 54, in do_query
    coll = self.get_collection()
  File "/usr/lib/liferea/plugins/gnome-keyring.py", line 44, in get_collection
    colls = service.get_collections()
AttributeError: 'NoneType' object has no attribute 'get_collections'

(liferea:707): libsecret-CRITICAL **: 03:43:55.466: secret_service_load_collections_sync: assertion 'paths != NULL' failed
Traceback (most recent call last):
  File "/usr/lib/liferea/plugins/gnome-keyring.py", line 54, in do_query
    coll = self.get_collection()
  File "/usr/lib/liferea/plugins/gnome-keyring.py", line 44, in get_collection
    colls = service.get_collections()
AttributeError: 'NoneType' object has no attribute 'get_collections'

(liferea:707): libsecret-CRITICAL **: 03:43:55.468: secret_service_load_collections_sync: assertion 'paths != NULL' failed
Traceback (most recent call last):
  File "/usr/lib/liferea/plugins/gnome-keyring.py", line 54, in do_query
    coll = self.get_collection()
  File "/usr/lib/liferea/plugins/gnome-keyring.py", line 44, in get_collection
    colls = service.get_collections()
AttributeError: 'NoneType' object has no attribute 'get_collections'

(liferea:707): libsecret-CRITICAL **: 03:43:55.469: secret_service_load_collections_sync: assertion 'paths != NULL' failed
Traceback (most recent call last):
  File "/usr/lib/liferea/plugins/gnome-keyring.py", line 54, in do_query
    coll = self.get_collection()
  File "/usr/lib/liferea/plugins/gnome-keyring.py", line 44, in get_collection
    colls = service.get_collections()
AttributeError: 'NoneType' object has no attribute 'get_collections'

(liferea:707): libsecret-CRITICAL **: 03:43:55.471: secret_service_load_collections_sync: assertion 'paths != NULL' failed
Traceback (most recent call last):
  File "/usr/lib/liferea/plugins/gnome-keyring.py", line 54, in do_query
    coll = self.get_collection()
  File "/usr/lib/liferea/plugins/gnome-keyring.py", line 44, in get_collection
    colls = service.get_collections()
AttributeError: 'NoneType' object has no attribute 'get_collections'

(liferea:707): libsecret-CRITICAL **: 03:43:55.473: secret_service_load_collections_sync: assertion 'paths != NULL' failed
Traceback (most recent call last):
  File "/usr/lib/liferea/plugins/gnome-keyring.py", line 54, in do_query
    coll = self.get_collection()
  File "/usr/lib/liferea/plugins/gnome-keyring.py", line 44, in get_collection
    colls = service.get_collections()
AttributeError: 'NoneType' object has no attribute 'get_collections'

(liferea:707): libsecret-CRITICAL **: 03:43:55.474: secret_service_load_collections_sync: assertion 'paths != NULL' failed
Traceback (most recent call last):
  File "/usr/lib/liferea/plugins/gnome-keyring.py", line 54, in do_query
    coll = self.get_collection()
  File "/usr/lib/liferea/plugins/gnome-keyring.py", line 44, in get_collection
    colls = service.get_collections()
AttributeError: 'NoneType' object has no attribute 'get_collections'

(liferea:707): libsecret-CRITICAL **: 03:43:55.476: secret_service_load_collections_sync: assertion 'paths != NULL' failed
Traceback (most recent call last):
  File "/usr/lib/liferea/plugins/gnome-keyring.py", line 54, in do_query
    coll = self.get_collection()
  File "/usr/lib/liferea/plugins/gnome-keyring.py", line 44, in get_collection
    colls = service.get_collections()
AttributeError: 'NoneType' object has no attribute 'get_collections'

(liferea:707): libsecret-CRITICAL **: 03:43:55.478: secret_service_load_collections_sync: assertion 'paths != NULL' failed
Traceback (most recent call last):
  File "/usr/lib/liferea/plugins/gnome-keyring.py", line 54, in do_query
    coll = self.get_collection()
  File "/usr/lib/liferea/plugins/gnome-keyring.py", line 44, in get_collection
    colls = service.get_collections()
AttributeError: 'NoneType' object has no attribute 'get_collections'

(liferea:707): libsecret-CRITICAL **: 03:43:55.480: secret_service_load_collections_sync: assertion 'paths != NULL' failed
Traceback (most recent call last):
  File "/usr/lib/liferea/plugins/gnome-keyring.py", line 54, in do_query
    coll = self.get_collection()
  File "/usr/lib/liferea/plugins/gnome-keyring.py", line 44, in get_collection
    colls = service.get_collections()
AttributeError: 'NoneType' object has no attribute 'get_collections'

(liferea:707): libsecret-CRITICAL **: 03:43:55.482: secret_service_load_collections_sync: assertion 'paths != NULL' failed
Traceback (most recent call last):
  File "/usr/lib/liferea/plugins/gnome-keyring.py", line 54, in do_query
    coll = self.get_collection()
  File "/usr/lib/liferea/plugins/gnome-keyring.py", line 44, in get_collection
    colls = service.get_collections()
AttributeError: 'NoneType' object has no attribute 'get_collections'

(liferea:707): libsecret-CRITICAL **: 03:43:55.484: secret_service_load_collections_sync: assertion 'paths != NULL' failed
Traceback (most recent call last):
  File "/usr/lib/liferea/plugins/gnome-keyring.py", line 54, in do_query
    coll = self.get_collection()
  File "/usr/lib/liferea/plugins/gnome-keyring.py", line 44, in get_collection
    colls = service.get_collections()
AttributeError: 'NoneType' object has no attribute 'get_collections'

(liferea:707): libsecret-CRITICAL **: 03:43:55.485: secret_service_load_collections_sync: assertion 'paths != NULL' failed
Traceback (most recent call last):
  File "/usr/lib/liferea/plugins/gnome-keyring.py", line 54, in do_query
    coll = self.get_collection()
  File "/usr/lib/liferea/plugins/gnome-keyring.py", line 44, in get_collection
    colls = service.get_collections()
AttributeError: 'NoneType' object has no attribute 'get_collections'

(liferea:707): libsecret-CRITICAL **: 03:43:55.490: secret_service_load_collections_sync: assertion 'paths != NULL' failed
Traceback (most recent call last):
  File "/usr/lib/liferea/plugins/gnome-keyring.py", line 54, in do_query
    coll = self.get_collection()
  File "/usr/lib/liferea/plugins/gnome-keyring.py", line 44, in get_collection
    colls = service.get_collections()
AttributeError: 'NoneType' object has no attribute 'get_collections'

(liferea:707): libsecret-CRITICAL **: 03:43:55.492: secret_service_load_collections_sync: assertion 'paths != NULL' failed
Traceback (most recent call last):
  File "/usr/lib/liferea/plugins/gnome-keyring.py", line 54, in do_query
    coll = self.get_collection()
  File "/usr/lib/liferea/plugins/gnome-keyring.py", line 44, in get_collection
    colls = service.get_collections()
AttributeError: 'NoneType' object has no attribute 'get_collections'

(liferea:707): libsecret-CRITICAL **: 03:43:55.494: secret_service_load_collections_sync: assertion 'paths != NULL' failed
Traceback (most recent call last):
  File "/usr/lib/liferea/plugins/gnome-keyring.py", line 54, in do_query
    coll = self.get_collection()
  File "/usr/lib/liferea/plugins/gnome-keyring.py", line 44, in get_collection
    colls = service.get_collections()
AttributeError: 'NoneType' object has no attribute 'get_collections'

(liferea:707): libsecret-CRITICAL **: 03:43:55.496: secret_service_load_collections_sync: assertion 'paths != NULL' failed
Traceback (most recent call last):
  File "/usr/lib/liferea/plugins/gnome-keyring.py", line 54, in do_query
    coll = self.get_collection()
  File "/usr/lib/liferea/plugins/gnome-keyring.py", line 44, in get_collection
    colls = service.get_collections()
AttributeError: 'NoneType' object has no attribute 'get_collections'

(liferea:707): libsecret-CRITICAL **: 03:43:55.498: secret_service_load_collections_sync: assertion 'paths != NULL' failed
Traceback (most recent call last):
  File "/usr/lib/liferea/plugins/gnome-keyring.py", line 54, in do_query
    coll = self.get_collection()
  File "/usr/lib/liferea/plugins/gnome-keyring.py", line 44, in get_collection
    colls = service.get_collections()
AttributeError: 'NoneType' object has no attribute 'get_collections'

(liferea:707): libsecret-CRITICAL **: 03:43:55.499: secret_service_load_collections_sync: assertion 'paths != NULL' failed
Traceback (most recent call last):
  File "/usr/lib/liferea/plugins/gnome-keyring.py", line 54, in do_query
    coll = self.get_collection()
  File "/usr/lib/liferea/plugins/gnome-keyring.py", line 44, in get_collection
    colls = service.get_collections()
AttributeError: 'NoneType' object has no attribute 'get_collections'

(liferea:707): libsecret-CRITICAL **: 03:43:55.502: secret_service_load_collections_sync: assertion 'paths != NULL' failed
Traceback (most recent call last):
  File "/usr/lib/liferea/plugins/gnome-keyring.py", line 54, in do_query
    coll = self.get_collection()
  File "/usr/lib/liferea/plugins/gnome-keyring.py", line 44, in get_collection
    colls = service.get_collections()
AttributeError: 'NoneType' object has no attribute 'get_collections'

(liferea:707): libsecret-CRITICAL **: 03:43:55.503: secret_service_load_collections_sync: assertion 'paths != NULL' failed
Traceback (most recent call last):
  File "/usr/lib/liferea/plugins/gnome-keyring.py", line 54, in do_query
    coll = self.get_collection()
  File "/usr/lib/liferea/plugins/gnome-keyring.py", line 44, in get_collection
    colls = service.get_collections()
AttributeError: 'NoneType' object has no attribute 'get_collections'

(liferea:707): libsecret-CRITICAL **: 03:43:55.505: secret_service_load_collections_sync: assertion 'paths != NULL' failed
Traceback (most recent call last):
  File "/usr/lib/liferea/plugins/gnome-keyring.py", line 54, in do_query
    coll = self.get_collection()
  File "/usr/lib/liferea/plugins/gnome-keyring.py", line 44, in get_collection
    colls = service.get_collections()
AttributeError: 'NoneType' object has no attribute 'get_collections'

(liferea:707): libsecret-CRITICAL **: 03:43:55.505: secret_service_load_collections_sync: assertion 'paths != NULL' failed
Traceback (most recent call last):
  File "/usr/lib/liferea/plugins/gnome-keyring.py", line 54, in do_query
    coll = self.get_collection()
  File "/usr/lib/liferea/plugins/gnome-keyring.py", line 44, in get_collection
    colls = service.get_collections()
AttributeError: 'NoneType' object has no attribute 'get_collections'

(liferea:707): libsecret-CRITICAL **: 03:43:55.507: secret_service_load_collections_sync: assertion 'paths != NULL' failed
Traceback (most recent call last):
  File "/usr/lib/liferea/plugins/gnome-keyring.py", line 54, in do_query
    coll = self.get_collection()
  File "/usr/lib/liferea/plugins/gnome-keyring.py", line 44, in get_collection
    colls = service.get_collections()
AttributeError: 'NoneType' object has no attribute 'get_collections'

(liferea:707): libsecret-CRITICAL **: 03:43:55.508: secret_service_load_collections_sync: assertion 'paths != NULL' failed
Traceback (most recent call last):
  File "/usr/lib/liferea/plugins/gnome-keyring.py", line 54, in do_query
    coll = self.get_collection()
  File "/usr/lib/liferea/plugins/gnome-keyring.py", line 44, in get_collection
    colls = service.get_collections()
AttributeError: 'NoneType' object has no attribute 'get_collections'

(liferea:707): libsecret-CRITICAL **: 03:43:55.509: secret_service_load_collections_sync: assertion 'paths != NULL' failed
Traceback (most recent call last):
  File "/usr/lib/liferea/plugins/gnome-keyring.py", line 54, in do_query
    coll = self.get_collection()
  File "/usr/lib/liferea/plugins/gnome-keyring.py", line 44, in get_collection
    colls = service.get_collections()
AttributeError: 'NoneType' object has no attribute 'get_collections'

(liferea:707): libsecret-CRITICAL **: 03:43:55.511: secret_service_load_collections_sync: assertion 'paths != NULL' failed
Traceback (most recent call last):
  File "/usr/lib/liferea/plugins/gnome-keyring.py", line 54, in do_query
    coll = self.get_collection()
  File "/usr/lib/liferea/plugins/gnome-keyring.py", line 44, in get_collection
    colls = service.get_collections()
AttributeError: 'NoneType' object has no attribute 'get_collections'

(liferea:707): libsecret-CRITICAL **: 03:43:55.512: secret_service_load_collections_sync: assertion 'paths != NULL' failed
Traceback (most recent call last):
  File "/usr/lib/liferea/plugins/gnome-keyring.py", line 54, in do_query
    coll = self.get_collection()
  File "/usr/lib/liferea/plugins/gnome-keyring.py", line 44, in get_collection
    colls = service.get_collections()
AttributeError: 'NoneType' object has no attribute 'get_collections'

(liferea:707): libsecret-CRITICAL **: 03:43:55.513: secret_service_load_collections_sync: assertion 'paths != NULL' failed
Traceback (most recent call last):
  File "/usr/lib/liferea/plugins/gnome-keyring.py", line 54, in do_query
    coll = self.get_collection()
  File "/usr/lib/liferea/plugins/gnome-keyring.py", line 44, in get_collection
    colls = service.get_collections()
AttributeError: 'NoneType' object has no attribute 'get_collections'

(liferea:707): libsecret-CRITICAL **: 03:43:55.515: secret_service_load_collections_sync: assertion 'paths != NULL' failed
Traceback (most recent call last):
  File "/usr/lib/liferea/plugins/gnome-keyring.py", line 54, in do_query
    coll = self.get_collection()
  File "/usr/lib/liferea/plugins/gnome-keyring.py", line 44, in get_collection
    colls = service.get_collections()
AttributeError: 'NoneType' object has no attribute 'get_collections'

(liferea:707): libsecret-CRITICAL **: 03:43:55.516: secret_service_load_collections_sync: assertion 'paths != NULL' failed
Traceback (most recent call last):
  File "/usr/lib/liferea/plugins/gnome-keyring.py", line 54, in do_query
    coll = self.get_collection()
  File "/usr/lib/liferea/plugins/gnome-keyring.py", line 44, in get_collection
    colls = service.get_collections()
AttributeError: 'NoneType' object has no attribute 'get_collections'
imwheel: no process found
INFO: imwheel started (pid=936)
kdeinit5: Got EXEC_NEW '/usr/lib/qt/plugins/kf5/kio/desktop.so' from launcher.
kdeinit5: preparing to launch '/usr/lib/qt/plugins/kf5/kio/desktop.so'
kdeinit5: Got EXEC_NEW '/usr/lib/qt/plugins/kf5/kio/file.so' from launcher.
kdeinit5: preparing to launch '/usr/lib/qt/plugins/kf5/kio/file.so'
kdeinit5: Got EXEC_NEW '/usr/lib/qt/plugins/kf5/kio/file.so' from launcher.
kdeinit5: preparing to launch '/usr/lib/qt/plugins/kf5/kio/file.so'
kdeinit5: Got EXEC_NEW '/usr/lib/qt/plugins/kf5/kio/file.so' from launcher.
kdeinit5: preparing to launch '/usr/lib/qt/plugins/kf5/kio/file.so'
kdeinit5: Got EXEC_NEW '/usr/lib/qt/plugins/kf5/kio/file.so' from launcher.
kdeinit5: preparing to launch '/usr/lib/qt/plugins/kf5/kio/file.so'
kdeinit5: Got EXEC_NEW '/usr/lib/qt/plugins/kf5/kio/file.so' from launcher.
kdeinit5: preparing to launch '/usr/lib/qt/plugins/kf5/kio/file.so'
kdeinit5: PID 1145 terminated.
kdeinit5: PID 1236 terminated.
kdeinit5: PID 1238 terminated.
kdeinit5: PID 1053 terminated.
[Child 1136, MediaDecoderStateMachine #1] WARNING: Decoder=7f774fb82c00 Decode error: NS_ERROR_DOM_MEDIA_FATAL_ERR (0x806e0005) - RefPtr<MediaSourceTrackDemuxer::SamplesPromise> mozilla::MediaSourceTrackDemuxer::DoGetSamples(int32_t): manager is detached.: file /build/firefox/src/firefox-85.0/dom/media/MediaDecoderStateMachine.cpp:3465
[Child 1136, MediaDecoderStateMachine #1] WARNING: Decoder=7f774fb82c00 Decode error: NS_ERROR_DOM_MEDIA_FATAL_ERR (0x806e0005) - RefPtr<MediaSourceTrackDemuxer::SamplesPromise> mozilla::MediaSourceTrackDemuxer::DoGetSamples(int32_t): manager is detached.: file /build/firefox/src/firefox-85.0/dom/media/MediaDecoderStateMachine.cpp:3465
[Child 1136, MediaDecoderStateMachine #1] WARNING: Decoder=7f774fb82c00 Decode error: NS_ERROR_DOM_MEDIA_FATAL_ERR (0x806e0005) - RefPtr<MediaSourceTrackDemuxer::SamplesPromise> mozilla::MediaSourceTrackDemuxer::DoGetSamples(int32_t): manager is detached.: file /build/firefox/src/firefox-85.0/dom/media/MediaDecoderStateMachine.cpp:3465
[Child 1136, MediaDecoderStateMachine #1] WARNING: Decoder=7f774fb82c00 Decode error: NS_ERROR_DOM_MEDIA_FATAL_ERR (0x806e0005) - RefPtr<MediaSourceTrackDemuxer::SamplesPromise> mozilla::MediaSourceTrackDemuxer::DoGetSamples(int32_t): manager is detached.: file /build/firefox/src/firefox-85.0/dom/media/MediaDecoderStateMachine.cpp:3465
[Child 1136, MediaDecoderStateMachine #1] WARNING: Decoder=7f774fb82c00 Decode error: NS_ERROR_DOM_MEDIA_FATAL_ERR (0x806e0005) - RefPtr<MediaSourceTrackDemuxer::SamplesPromise> mozilla::MediaSourceTrackDemuxer::DoGetSamples(int32_t): manager is detached.: file /build/firefox/src/firefox-85.0/dom/media/MediaDecoderStateMachine.cpp:3465
[Child 1136, MediaDecoderStateMachine #1] WARNING: Decoder=7f774fb82c00 Decode error: NS_ERROR_DOM_MEDIA_FATAL_ERR (0x806e0005) - RefPtr<MediaSourceTrackDemuxer::SamplesPromise> mozilla::MediaSourceTrackDemuxer::DoGetSamples(int32_t): manager is detached.: file /build/firefox/src/firefox-85.0/dom/media/MediaDecoderStateMachine.cpp:3465
[Child 1136, MediaDecoderStateMachine #1] WARNING: Decoder=7f774fb82c00 Decode error: NS_ERROR_DOM_MEDIA_FATAL_ERR (0x806e0005) - RefPtr<MediaSourceTrackDemuxer::SamplesPromise> mozilla::MediaSourceTrackDemuxer::DoGetSamples(int32_t): manager is detached.: file /build/firefox/src/firefox-85.0/dom/media/MediaDecoderStateMachine.cpp:3465
[Child 1136, MediaDecoderStateMachine #1] WARNING: Decoder=7f774fb82c00 Decode error: NS_ERROR_DOM_MEDIA_FATAL_ERR (0x806e0005) - RefPtr<MediaSourceTrackDemuxer::SamplesPromise> mozilla::MediaSourceTrackDemuxer::DoGetSamples(int32_t): manager is detached.: file /build/firefox/src/firefox-85.0/dom/media/MediaDecoderStateMachine.cpp:3465
[Child 1136, MediaDecoderStateMachine #1] WARNING: Decoder=7f774fb82c00 Decode error: NS_ERROR_DOM_MEDIA_FATAL_ERR (0x806e0005) - RefPtr<MediaSourceTrackDemuxer::SamplesPromise> mozilla::MediaSourceTrackDemuxer::DoGetSamples(int32_t): manager is detached.: file /build/firefox/src/firefox-85.0/dom/media/MediaDecoderStateMachine.cpp:3465
[Child 1136, MediaDecoderStateMachine #1] WARNING: Decoder=7f774fb82c00 Decode error: NS_ERROR_DOM_MEDIA_FATAL_ERR (0x806e0005) - RefPtr<MediaSourceTrackDemuxer::SamplesPromise> mozilla::MediaSourceTrackDemuxer::DoGetSamples(int32_t): manager is detached.: file /build/firefox/src/firefox-85.0/dom/media/MediaDecoderStateMachine.cpp:3465
[Child 1136, MediaDecoderStateMachine #1] WARNING: Decoder=7f774fb82c00 Decode error: NS_ERROR_DOM_MEDIA_FATAL_ERR (0x806e0005) - RefPtr<MediaSourceTrackDemuxer::SamplesPromise> mozilla::MediaSourceTrackDemuxer::DoGetSamples(int32_t): manager is detached.: file /build/firefox/src/firefox-85.0/dom/media/MediaDecoderStateMachine.cpp:3465
kdeinit5: Got EXEC_NEW '/usr/lib/qt/plugins/kf5/kio/http.so' from launcher.
kdeinit5: preparing to launch '/usr/lib/qt/plugins/kf5/kio/http.so'
kdeinit5: Got EXEC_NEW '/usr/lib/qt/plugins/kf5/kio/http.so' from launcher.
kdeinit5: preparing to launch '/usr/lib/qt/plugins/kf5/kio/http.so'
kdeinit5: PID 180538 terminated.
kdeinit5: PID 180537 terminated.
kdeinit5: Got EXEC_NEW 'onboard' from launcher.
kdeinit5: preparing to launch 'libkdeinit5_onboard'
Could not open onboard using a library: Cannot load library libkdeinit5_onboard: (libkdeinit5_onboard: no se puede abrir el fichero del objeto compartido: No existe el fichero o el directorio)
07:02:21.326 WARNING Config: mousetweaks GSettings schema not found, mousetweaks integration disabled.
kdeinit5: PID 185449 terminated.
kdeinit5: Got EXEC_NEW 'onboard' from launcher.
kdeinit5: preparing to launch 'libkdeinit5_onboard'
Could not open onboard using a library: Cannot load library libkdeinit5_onboard: (libkdeinit5_onboard: no se puede abrir el fichero del objeto compartido: No existe el fichero o el directorio)
07:05:25.877 WARNING Config: mousetweaks GSettings schema not found, mousetweaks integration disabled.
kdeinit5: Got EXEC_NEW 'alacritty' from launcher.
kdeinit5: preparing to launch 'libkdeinit5_alacritty'
Could not open alacritty using a library: Cannot load library libkdeinit5_alacritty: (libkdeinit5_alacritty: no se puede abrir el fichero del objeto compartido: No existe el fichero o el directorio)
kdeinit5: PID 188311 terminated.
kdeinit5: Got EXEC_NEW 'onboard' from launcher.
kdeinit5: preparing to launch 'libkdeinit5_onboard'
Could not open onboard using a library: Cannot load library libkdeinit5_onboard: (libkdeinit5_onboard: no se puede abrir el fichero del objeto compartido: No existe el fichero o el directorio)
07:20:10.610 WARNING Config: mousetweaks GSettings schema not found, mousetweaks integration disabled.
kdeinit5: Got EXEC_NEW '/usr/lib/qt/plugins/kf5/kio/tags.so' from launcher.
kdeinit5: preparing to launch '/usr/lib/qt/plugins/kf5/kio/tags.so'
kdeinit5: Got EXEC_NEW '/usr/lib/qt/plugins/kf5/kio/trash.so' from launcher.
kdeinit5: preparing to launch '/usr/lib/qt/plugins/kf5/kio/trash.so'
kdeinit5: Got EXEC_NEW '/usr/lib/qt/plugins/kf5/kio/file.so' from launcher.
kdeinit5: preparing to launch '/usr/lib/qt/plugins/kf5/kio/file.so'
kdeinit5: Got EXEC_NEW '/usr/lib/qt/plugins/kf5/kio/file.so' from launcher.
kdeinit5: preparing to launch '/usr/lib/qt/plugins/kf5/kio/file.so'
kdeinit5: Got EXEC_NEW '/usr/lib/qt/plugins/kf5/kio/thumbnail.so' from launcher.
kdeinit5: preparing to launch '/usr/lib/qt/plugins/kf5/kio/thumbnail.so'
kdeinit5: Got EXEC_NEW '/usr/lib/qt/plugins/kf5/kio/file.so' from launcher.
kdeinit5: preparing to launch '/usr/lib/qt/plugins/kf5/kio/file.so'
kdeinit5: PID 260235 terminated.
kdeinit5: PID 260323 terminated.
kdeinit5: PID 260246 terminated.
kdeinit5: PID 260233 terminated.
kdeinit5: PID 260234 terminated.
kdeinit5: PID 260260 terminated.
kdeinit5: Got EXEC_NEW 'alacritty' from launcher.
kdeinit5: preparing to launch 'libkdeinit5_alacritty'
Could not open alacritty using a library: Cannot load library libkdeinit5_alacritty: (libkdeinit5_alacritty: no se puede abrir el fichero del objeto compartido: No existe el fichero o el directorio)
kdeinit5: PID 286799 terminated.
kdeinit5: PID 258074 terminated.
[Child 1136, MediaDecoderStateMachine #1] WARNING: Decoder=7f7762977400 Decode error: NS_ERROR_DOM_MEDIA_FATAL_ERR (0x806e0005) - RefPtr<MediaSourceTrackDemuxer::SamplesPromise> mozilla::MediaSourceTrackDemuxer::DoGetSamples(int32_t): manager is detached.: file /build/firefox/src/firefox-85.0/dom/media/MediaDecoderStateMachine.cpp:3465
[Child 1136, MediaDecoderStateMachine #1] WARNING: Decoder=7f7762977400 Decode error: NS_ERROR_DOM_MEDIA_FATAL_ERR (0x806e0005) - RefPtr<MediaSourceTrackDemuxer::SamplesPromise> mozilla::MediaSourceTrackDemuxer::DoGetSamples(int32_t): manager is detached.: file /build/firefox/src/firefox-85.0/dom/media/MediaDecoderStateMachine.cpp:3465
[Child 1136, MediaDecoderStateMachine #1] WARNING: Decoder=7f7762977400 Decode error: NS_ERROR_DOM_MEDIA_FATAL_ERR (0x806e0005) - RefPtr<MediaSourceTrackDemuxer::SamplesPromise> mozilla::MediaSourceTrackDemuxer::DoGetSamples(int32_t): manager is detached.: file /build/firefox/src/firefox-85.0/dom/media/MediaDecoderStateMachine.cpp:3465
[Child 1136, MediaDecoderStateMachine #1] WARNING: Decoder=7f7762977400 Decode error: NS_ERROR_DOM_MEDIA_FATAL_ERR (0x806e0005) - RefPtr<MediaSourceTrackDemuxer::SamplesPromise> mozilla::MediaSourceTrackDemuxer::DoGetSamples(int32_t): manager is detached.: file /build/firefox/src/firefox-85.0/dom/media/MediaDecoderStateMachine.cpp:3465
[Child 1136, MediaDecoderStateMachine #1] WARNING: Decoder=7f7762977400 Decode error: NS_ERROR_DOM_MEDIA_FATAL_ERR (0x806e0005) - RefPtr<MediaSourceTrackDemuxer::SamplesPromise> mozilla::MediaSourceTrackDemuxer::DoGetSamples(int32_t): manager is detached.: file /build/firefox/src/firefox-85.0/dom/media/MediaDecoderStateMachine.cpp:3465
[Child 1136, MediaDecoderStateMachine #1] WARNING: Decoder=7f7762977400 Decode error: NS_ERROR_DOM_MEDIA_FATAL_ERR (0x806e0005) - RefPtr<MediaSourceTrackDemuxer::SamplesPromise> mozilla::MediaSourceTrackDemuxer::DoGetSamples(int32_t): manager is detached.: file /build/firefox/src/firefox-85.0/dom/media/MediaDecoderStateMachine.cpp:3465
[Child 1136, MediaDecoderStateMachine #1] WARNING: Decoder=7f7762977400 Decode error: NS_ERROR_DOM_MEDIA_FATAL_ERR (0x806e0005) - RefPtr<MediaSourceTrackDemuxer::SamplesPromise> mozilla::MediaSourceTrackDemuxer::DoGetSamples(int32_t): manager is detached.: file /build/firefox/src/firefox-85.0/dom/media/MediaDecoderStateMachine.cpp:3465
[Child 1136, MediaDecoderStateMachine #1] WARNING: Decoder=7f7762977400 Decode error: NS_ERROR_DOM_MEDIA_FATAL_ERR (0x806e0005) - RefPtr<MediaSourceTrackDemuxer::SamplesPromise> mozilla::MediaSourceTrackDemuxer::DoGetSamples(int32_t): manager is detached.: file /build/firefox/src/firefox-85.0/dom/media/MediaDecoderStateMachine.cpp:3465
[Child 1136, MediaDecoderStateMachine #1] WARNING: Decoder=7f7762977400 Decode error: NS_ERROR_DOM_MEDIA_FATAL_ERR (0x806e0005) - RefPtr<MediaSourceTrackDemuxer::SamplesPromise> mozilla::MediaSourceTrackDemuxer::DoGetSamples(int32_t): manager is detached.: file /build/firefox/src/firefox-85.0/dom/media/MediaDecoderStateMachine.cpp:3465
[Child 1136, MediaDecoderStateMachine #1] WARNING: Decoder=7f7762977400 Decode error: NS_ERROR_DOM_MEDIA_FATAL_ERR (0x806e0005) - RefPtr<MediaSourceTrackDemuxer::SamplesPromise> mozilla::MediaSourceTrackDemuxer::DoGetSamples(int32_t): manager is detached.: file /build/firefox/src/firefox-85.0/dom/media/MediaDecoderStateMachine.cpp:3465
[Child 1136, MediaDecoderStateMachine #1] WARNING: Decoder=7f7762977400 Decode error: NS_ERROR_DOM_MEDIA_FATAL_ERR (0x806e0005) - RefPtr<MediaSourceTrackDemuxer::SamplesPromise> mozilla::MediaSourceTrackDemuxer::DoGetSamples(int32_t): manager is detached.: file /build/firefox/src/firefox-85.0/dom/media/MediaDecoderStateMachine.cpp:3465
kdeinit5: Got EXEC_NEW 'onboard' from launcher.
kdeinit5: preparing to launch 'libkdeinit5_onboard'
Could not open onboard using a library: Cannot load library libkdeinit5_onboard: (libkdeinit5_onboard: no se puede abrir el fichero del objeto compartido: No existe el fichero o el directorio)
07:44:41.683 WARNING Config: mousetweaks GSettings schema not found, mousetweaks integration disabled.
kdeinit5: Got EXEC_NEW 'alacritty' from launcher.
kdeinit5: preparing to launch 'libkdeinit5_alacritty'
Could not open alacritty using a library: Cannot load library libkdeinit5_alacritty: (libkdeinit5_alacritty: no se puede abrir el fichero del objeto compartido: No existe el fichero o el directorio)
kdeinit5: PID 301962 terminated.
kdeinit5: PID 301452 terminated.

** (liferea:707): WARNING **: 07:45:20.904: Cannot write temporary CSS file "/home/govi/.cache/liferea/style.css"!
kdeinit5: Got EXEC_NEW 'onboard' from launcher.
kdeinit5: preparing to launch 'libkdeinit5_onboard'
Could not open onboard using a library: Cannot load library libkdeinit5_onboard: (libkdeinit5_onboard: no se puede abrir el fichero del objeto compartido: No existe el fichero o el directorio)
07:53:11.641 WARNING Config: mousetweaks GSettings schema not found, mousetweaks integration disabled.
kdeinit5: Got EXEC_NEW '/usr/lib/qt/plugins/kf5/kio/tags.so' from launcher.
kdeinit5: preparing to launch '/usr/lib/qt/plugins/kf5/kio/tags.so'
kdeinit5: Got EXEC_NEW '/usr/lib/qt/plugins/kf5/kio/trash.so' from launcher.
kdeinit5: preparing to launch '/usr/lib/qt/plugins/kf5/kio/trash.so'
kdeinit5: Got EXEC_NEW '/usr/lib/qt/plugins/kf5/kio/file.so' from launcher.
kdeinit5: preparing to launch '/usr/lib/qt/plugins/kf5/kio/file.so'
kdeinit5: Got EXEC_NEW '/usr/lib/qt/plugins/kf5/kio/file.so' from launcher.
kdeinit5: preparing to launch '/usr/lib/qt/plugins/kf5/kio/file.so'
kdeinit5: Got EXEC_NEW '/usr/lib/qt/plugins/kf5/kio/thumbnail.so' from launcher.
kdeinit5: preparing to launch '/usr/lib/qt/plugins/kf5/kio/thumbnail.so'
kdeinit5: Got EXEC_NEW '/usr/lib/qt/plugins/kf5/kio/file.so' from launcher.
kdeinit5: preparing to launch '/usr/lib/qt/plugins/kf5/kio/file.so'
