2021-02-14 07:13:10,833 | INFO | ulauncher: main() | Ulauncher version 5.10.0
2021-02-14 07:13:10,833 | INFO | ulauncher: main() | Extension API version 2.0.0
2021-02-14 07:13:10,833 | INFO | ulauncher: main() | GTK+ 3.24.25
2021-02-14 07:13:10,833 | INFO | ulauncher: main() | Is Wayland: False
2021-02-14 07:13:10,833 | INFO | ulauncher: main() | Wayland compatibility: off
2021-02-14 07:13:10,859 | DEBUG | ulauncher.ui.windows.Builder: __init__() | consider using a pythonic name instead of design name 'input-box'
2021-02-14 07:13:10,861 | DEBUG | ulauncher.ui.windows.Builder: do_connect() | connect builder by name 'ulauncher_window','destroy', 'on_destroy'
2021-02-14 07:13:10,861 | DEBUG | ulauncher.ui.windows.Builder: do_connect() | connect builder by name 'ulauncher_window','focus_in_event', 'on_focus_in_event'
2021-02-14 07:13:10,861 | DEBUG | ulauncher.ui.windows.Builder: do_connect() | connect builder by name 'ulauncher_window','focus_out_event', 'on_focus_out_event'
2021-02-14 07:13:10,862 | DEBUG | ulauncher.ui.windows.Builder: do_connect() | connect builder by name 'input','key_press_event', 'on_input_key_press_event'
2021-02-14 07:13:10,862 | DEBUG | ulauncher.ui.windows.Builder: log_unconnected_functions() | Not connected to builder 'on_input_changed'
2021-02-14 07:13:10,862 | DEBUG | ulauncher.ui.windows.Builder: log_unconnected_functions() | Not connected to builder 'on_mnu_about_activate'
2021-02-14 07:13:10,862 | DEBUG | ulauncher.ui.windows.Builder: log_unconnected_functions() | Not connected to builder 'on_mnu_close_activate'
2021-02-14 07:13:10,862 | DEBUG | ulauncher.ui.windows.Builder: log_unconnected_functions() | Not connected to builder 'on_mnu_preferences_activate'
2021-02-14 07:13:10,862 | DEBUG | ulauncher.ui.windows.Builder: log_unconnected_functions() | Not connected to builder 'on_preferences_dialog_destroyed'
2021-02-14 07:13:10,863 | DEBUG | ulauncher.utils.display: get_screens() | Found 1 monitor(s)
2021-02-14 07:13:10,863 | DEBUG | ulauncher.utils.display: get_screens() |   Monitor 0 - X: 0, Y: 0, W: 1920, H: 1080
2021-02-14 07:13:10,873 | DEBUG | ulauncher.ui.windows.UlauncherWindow: show_results() | render 0 results
2021-02-14 07:13:10,874 | INFO | ulauncher.api.server.ExtensionServer: _start_thread() | Starting WS server on port 5054
2021-02-14 07:13:10,874 | INFO | ulauncher.search.apps.app_watcher: start() | Started scanning desktop dirs
2021-02-14 07:13:10,883 | INFO | ulauncher.utils.desktop.reader: find_apps_cached() | Found 69 apps in cache
2021-02-14 07:13:10,884 | INFO | ulauncher.utils.desktop.reader: read_desktop_file() | Could not read "/home/govi/.local/share/applications/bash-usercreated-0.desktop": constructor returned NULL
2021-02-14 07:13:10,884 | INFO | ulauncher.utils.desktop.reader: read_desktop_file() | Could not read "/home/govi/.local/share/applications/System Clean.desktop": constructor returned NULL
2021-02-14 07:13:10,885 | DEBUG | ulauncher.utils.semver: parse_range() | range ^2.0.0 False
2021-02-14 07:13:10,885 | DEBUG | ulauncher.utils.semver: parse_range() | hyphen replace ^2.0.0
2021-02-14 07:13:10,885 | DEBUG | ulauncher.utils.semver: parse_range() | comparator trim ^2.0.0, re.compile('(\\s*)((?:<|>)?=?)\\s*([v=\\s]*([0-9]+)\\.([0-9]+)\\.([0-9]+)(?:-?((?:[0-9]+|\\d*[a-zA-Z-][a-zA-Z0-9-]*)(?:\\.(?:[0-9]+|\\d*[a-zA-Z-][a-zA-Z0-9-]*))*))?(?:\\+([0-9A-Za-z-]+(?:\\.[0-9A-Za-z-]+)*))?|[v, re.MULTILINE)
2021-02-14 07:13:10,885 | INFO | ulauncher.utils.desktop.reader: read_desktop_file() | Could not read "/home/govi/.local/share/applications/Wine.desktop": constructor returned NULL
2021-02-14 07:13:10,885 | DEBUG | ulauncher.utils.semver: parse_comparator() | comp ^2.0.0
2021-02-14 07:13:10,885 | DEBUG | ulauncher.utils.semver: repl() | caret ^2.0.0 ^2.0.0 2 0 0 None
2021-02-14 07:13:10,885 | DEBUG | ulauncher.utils.semver: repl() | caret return >=2.0.0 <3.0.0
2021-02-14 07:13:10,885 | DEBUG | ulauncher.utils.semver: parse_comparator() | caret >=2.0.0 <3.0.0
2021-02-14 07:13:10,885 | DEBUG | ulauncher.utils.semver: parse_comparator() | tildes >=2.0.0 <3.0.0
2021-02-14 07:13:10,885 | DEBUG | ulauncher.utils.semver: replace_xranges() | replaceXRanges >=2.0.0 <3.0.0 False
2021-02-14 07:13:10,885 | DEBUG | ulauncher.utils.semver: repl() | xrange >=2.0.0 >=2.0.0 >= 2 0 0 None
2021-02-14 07:13:10,885 | DEBUG | ulauncher.utils.semver: repl() | xrange gtlt=>= any_x=False
2021-02-14 07:13:10,885 | DEBUG | ulauncher.utils.semver: repl() | xRange return >=2.0.0
2021-02-14 07:13:10,885 | DEBUG | ulauncher.utils.semver: repl() | xrange <3.0.0 <3.0.0 < 3 0 0 None
2021-02-14 07:13:10,885 | DEBUG | ulauncher.utils.semver: repl() | xrange gtlt=< any_x=False
2021-02-14 07:13:10,885 | DEBUG | ulauncher.utils.semver: repl() | xRange return <3.0.0
2021-02-14 07:13:10,885 | DEBUG | ulauncher.utils.semver: parse_comparator() | xrange >=2.0.0 <3.0.0
2021-02-14 07:13:10,885 | INFO | ulauncher.utils.desktop.reader: read_desktop_file() | Could not read "/home/govi/.local/share/applications/Home GIT.desktop": constructor returned NULL
2021-02-14 07:13:10,885 | DEBUG | ulauncher.utils.semver: replace_stars() | replaceStars >=2.0.0 <3.0.0 False
2021-02-14 07:13:10,885 | DEBUG | ulauncher.utils.semver: parse_comparator() | stars >=2.0.0 <3.0.0
2021-02-14 07:13:10,885 | DEBUG | ulauncher.utils.semver: __init__() | comparator: >=2.0.0 False
2021-02-14 07:13:10,886 | DEBUG | ulauncher.utils.semver: parse() | parse comp=>=2.0.0
2021-02-14 07:13:10,886 | DEBUG | ulauncher.utils.semver: __init__() | SemVer 2.0.0, False
2021-02-14 07:13:10,886 | DEBUG | ulauncher.utils.semver: __init__() | comparator: <3.0.0 False
2021-02-14 07:13:10,886 | DEBUG | ulauncher.utils.semver: parse() | parse comp=<3.0.0
2021-02-14 07:13:10,886 | DEBUG | ulauncher.utils.semver: __init__() | SemVer 3.0.0, False
2021-02-14 07:13:10,886 | DEBUG | ulauncher.utils.semver: format() | Range format >=2.0.0 <3.0.0
2021-02-14 07:13:10,886 | DEBUG | ulauncher.utils.semver: __init__() | SemVer 2.0.0, False
2021-02-14 07:13:10,886 | DEBUG | ulauncher.utils.semver: test() | Comparator, test 2.0.0, False
2021-02-14 07:13:10,886 | DEBUG | ulauncher.utils.semver: cmp() | cmp: >=
2021-02-14 07:13:10,886 | DEBUG | ulauncher.utils.semver: compare() | SemVer.compare 2.0.0 False 2.0.0
2021-02-14 07:13:10,886 | DEBUG | ulauncher.utils.semver: compare() | compare result 0
2021-02-14 07:13:10,886 | DEBUG | ulauncher.utils.semver: test() | Comparator, test 2.0.0, False
2021-02-14 07:13:10,886 | DEBUG | ulauncher.utils.semver: cmp() | cmp: <
2021-02-14 07:13:10,886 | DEBUG | ulauncher.utils.semver: compare() | SemVer.compare 2.0.0 False 3.0.0
2021-02-14 07:13:10,886 | DEBUG | ulauncher.utils.semver: compare() | compare result -1
2021-02-14 07:13:10,886 | INFO | ulauncher.utils.desktop.reader: read_desktop_file() | Could not read "/home/govi/.local/share/applications/transmission-qt.desktop": constructor returned NULL
2021-02-14 07:13:10,888 | DEBUG | ulauncher.utils.semver: parse_range() | range ^2.0.0 False
2021-02-14 07:13:10,889 | DEBUG | ulauncher.utils.semver: parse_range() | hyphen replace ^2.0.0
2021-02-14 07:13:10,889 | DEBUG | ulauncher.utils.semver: parse_range() | comparator trim ^2.0.0, re.compile('(\\s*)((?:<|>)?=?)\\s*([v=\\s]*([0-9]+)\\.([0-9]+)\\.([0-9]+)(?:-?((?:[0-9]+|\\d*[a-zA-Z-][a-zA-Z0-9-]*)(?:\\.(?:[0-9]+|\\d*[a-zA-Z-][a-zA-Z0-9-]*))*))?(?:\\+([0-9A-Za-z-]+(?:\\.[0-9A-Za-z-]+)*))?|[v, re.MULTILINE)
2021-02-14 07:13:10,889 | DEBUG | ulauncher.utils.semver: parse_comparator() | comp ^2.0.0
2021-02-14 07:13:10,889 | DEBUG | ulauncher.utils.semver: repl() | caret ^2.0.0 ^2.0.0 2 0 0 None
2021-02-14 07:13:10,889 | DEBUG | ulauncher.utils.semver: repl() | caret return >=2.0.0 <3.0.0
2021-02-14 07:13:10,889 | DEBUG | ulauncher.utils.semver: parse_comparator() | caret >=2.0.0 <3.0.0
2021-02-14 07:13:10,889 | DEBUG | ulauncher.utils.semver: parse_comparator() | tildes >=2.0.0 <3.0.0
2021-02-14 07:13:10,889 | DEBUG | ulauncher.utils.semver: replace_xranges() | replaceXRanges >=2.0.0 <3.0.0 False
2021-02-14 07:13:10,889 | DEBUG | ulauncher.utils.semver: repl() | xrange >=2.0.0 >=2.0.0 >= 2 0 0 None
2021-02-14 07:13:10,889 | DEBUG | ulauncher.utils.semver: repl() | xrange gtlt=>= any_x=False
2021-02-14 07:13:10,889 | DEBUG | ulauncher.utils.semver: repl() | xRange return >=2.0.0
2021-02-14 07:13:10,889 | INFO | ulauncher.api.server.ExtensionRunner: _run_process() | Extension "com.github.mikebarkmin.ulauncher-duckduckgo" started. PID 1192078
2021-02-14 07:13:10,889 | DEBUG | ulauncher.utils.semver: repl() | xrange <3.0.0 <3.0.0 < 3 0 0 None
2021-02-14 07:13:10,889 | DEBUG | ulauncher.utils.semver: repl() | xrange gtlt=< any_x=False
2021-02-14 07:13:10,889 | DEBUG | ulauncher.utils.semver: repl() | xRange return <3.0.0
2021-02-14 07:13:10,889 | DEBUG | ulauncher.utils.semver: parse_comparator() | xrange >=2.0.0 <3.0.0
2021-02-14 07:13:10,889 | DEBUG | ulauncher.utils.semver: replace_stars() | replaceStars >=2.0.0 <3.0.0 False
2021-02-14 07:13:10,889 | INFO | ulauncher.utils.desktop.reader: read_desktop_file() | Could not read "/home/govi/.local/share/applications/Games-Uplay.desktop": constructor returned NULL
2021-02-14 07:13:10,889 | DEBUG | ulauncher.utils.semver: parse_comparator() | stars >=2.0.0 <3.0.0
2021-02-14 07:13:10,889 | DEBUG | ulauncher.utils.semver: __init__() | comparator: >=2.0.0 False
2021-02-14 07:13:10,890 | DEBUG | ulauncher.utils.semver: parse() | parse comp=>=2.0.0
2021-02-14 07:13:10,890 | DEBUG | ulauncher.utils.semver: __init__() | SemVer 2.0.0, False
2021-02-14 07:13:10,890 | INFO | ulauncher.utils.desktop.reader: read_desktop_file() | Could not read "/home/govi/.local/share/applications/.desktop": constructor returned NULL
2021-02-14 07:13:10,890 | DEBUG | ulauncher.utils.semver: __init__() | comparator: <3.0.0 False
2021-02-14 07:13:10,890 | DEBUG | ulauncher.utils.semver: parse() | parse comp=<3.0.0
2021-02-14 07:13:10,890 | DEBUG | ulauncher.utils.semver: __init__() | SemVer 3.0.0, False
2021-02-14 07:13:10,890 | DEBUG | ulauncher.utils.semver: format() | Range format >=2.0.0 <3.0.0
2021-02-14 07:13:10,890 | DEBUG | ulauncher.utils.semver: __init__() | SemVer 2.0.0, False
2021-02-14 07:13:10,890 | DEBUG | ulauncher.utils.semver: test() | Comparator, test 2.0.0, False
2021-02-14 07:13:10,890 | DEBUG | ulauncher.utils.semver: cmp() | cmp: >=
2021-02-14 07:13:10,890 | DEBUG | ulauncher.utils.semver: compare() | SemVer.compare 2.0.0 False 2.0.0
2021-02-14 07:13:10,890 | DEBUG | ulauncher.utils.semver: compare() | compare result 0
2021-02-14 07:13:10,890 | DEBUG | ulauncher.utils.semver: test() | Comparator, test 2.0.0, False
2021-02-14 07:13:10,890 | DEBUG | ulauncher.utils.semver: cmp() | cmp: <
2021-02-14 07:13:10,890 | DEBUG | ulauncher.utils.semver: compare() | SemVer.compare 2.0.0 False 3.0.0
2021-02-14 07:13:10,890 | DEBUG | ulauncher.utils.semver: compare() | compare result -1
2021-02-14 07:13:10,891 | INFO | ulauncher.utils.desktop.reader: read_desktop_file() | Could not read "/home/govi/.local/share/applications/pycharm.sh-usercreated-0.desktop": constructor returned NULL
2021-02-14 07:13:10,891 | INFO | ulauncher.utils.desktop.reader: read_desktop_file() | Could not read "/home/govi/.local/share/applications/Polybar.desktop": constructor returned NULL
2021-02-14 07:13:10,893 | INFO | ulauncher.utils.desktop.reader: read_desktop_file() | Could not read "/home/govi/.local/share/applications/Epic Games.desktop": constructor returned NULL
2021-02-14 07:13:10,893 | DEBUG | ulauncher.utils.semver: parse_range() | range ^2.0.0 False
2021-02-14 07:13:10,893 | DEBUG | ulauncher.utils.semver: parse_range() | hyphen replace ^2.0.0
2021-02-14 07:13:10,894 | DEBUG | ulauncher.utils.semver: parse_range() | comparator trim ^2.0.0, re.compile('(\\s*)((?:<|>)?=?)\\s*([v=\\s]*([0-9]+)\\.([0-9]+)\\.([0-9]+)(?:-?((?:[0-9]+|\\d*[a-zA-Z-][a-zA-Z0-9-]*)(?:\\.(?:[0-9]+|\\d*[a-zA-Z-][a-zA-Z0-9-]*))*))?(?:\\+([0-9A-Za-z-]+(?:\\.[0-9A-Za-z-]+)*))?|[v, re.MULTILINE)
2021-02-14 07:13:10,894 | DEBUG | ulauncher.utils.semver: parse_comparator() | comp ^2.0.0
2021-02-14 07:13:10,894 | DEBUG | ulauncher.utils.semver: repl() | caret ^2.0.0 ^2.0.0 2 0 0 None
2021-02-14 07:13:10,894 | DEBUG | ulauncher.utils.semver: repl() | caret return >=2.0.0 <3.0.0
2021-02-14 07:13:10,894 | INFO | ulauncher.utils.desktop.reader: read_desktop_file() | Could not read "/home/govi/.local/share/applications/lxshortcut.desktop": constructor returned NULL
2021-02-14 07:13:10,894 | DEBUG | ulauncher.utils.semver: parse_comparator() | caret >=2.0.0 <3.0.0
2021-02-14 07:13:10,894 | DEBUG | ulauncher.utils.semver: parse_comparator() | tildes >=2.0.0 <3.0.0
2021-02-14 07:13:10,894 | DEBUG | ulauncher.utils.semver: replace_xranges() | replaceXRanges >=2.0.0 <3.0.0 False
2021-02-14 07:13:10,894 | DEBUG | ulauncher.utils.semver: repl() | xrange >=2.0.0 >=2.0.0 >= 2 0 0 None
2021-02-14 07:13:10,894 | INFO | ulauncher.utils.desktop.reader: read_desktop_file() | Could not read "/home/govi/.local/share/applications/libfm-pref-apps.desktop": constructor returned NULL
2021-02-14 07:13:10,894 | INFO | ulauncher.api.server.ExtensionRunner: _run_process() | Extension "com.github.yannishuber.pass-ulauncher" started. PID 1192080
2021-02-14 07:13:10,894 | DEBUG | ulauncher.utils.semver: repl() | xrange gtlt=>= any_x=False
2021-02-14 07:13:10,894 | DEBUG | ulauncher.utils.semver: repl() | xRange return >=2.0.0
2021-02-14 07:13:10,894 | DEBUG | ulauncher.utils.semver: repl() | xrange <3.0.0 <3.0.0 < 3 0 0 None
2021-02-14 07:13:10,894 | DEBUG | ulauncher.utils.semver: repl() | xrange gtlt=< any_x=False
2021-02-14 07:13:10,894 | DEBUG | ulauncher.utils.semver: repl() | xRange return <3.0.0
2021-02-14 07:13:10,894 | DEBUG | ulauncher.utils.semver: parse_comparator() | xrange >=2.0.0 <3.0.0
2021-02-14 07:13:10,894 | INFO | ulauncher.utils.desktop.reader: read_desktop_file() | Could not read "/home/govi/.local/share/applications/Pass.desktop": constructor returned NULL
2021-02-14 07:13:10,894 | DEBUG | ulauncher.utils.semver: replace_stars() | replaceStars >=2.0.0 <3.0.0 False
2021-02-14 07:13:10,894 | DEBUG | ulauncher.utils.semver: parse_comparator() | stars >=2.0.0 <3.0.0
2021-02-14 07:13:10,894 | DEBUG | ulauncher.utils.semver: __init__() | comparator: >=2.0.0 False
2021-02-14 07:13:10,895 | DEBUG | ulauncher.utils.semver: parse() | parse comp=>=2.0.0
2021-02-14 07:13:10,895 | DEBUG | ulauncher.utils.semver: __init__() | SemVer 2.0.0, False
2021-02-14 07:13:10,895 | DEBUG | ulauncher.utils.semver: __init__() | comparator: <3.0.0 False
2021-02-14 07:13:10,895 | INFO | ulauncher.utils.desktop.reader: read_desktop_file() | Could not read "/home/govi/.local/share/applications/Pycharm.desktop": constructor returned NULL
2021-02-14 07:13:10,895 | DEBUG | ulauncher.utils.semver: parse() | parse comp=<3.0.0
2021-02-14 07:13:10,895 | DEBUG | ulauncher.utils.semver: __init__() | SemVer 3.0.0, False
2021-02-14 07:13:10,895 | DEBUG | ulauncher.utils.semver: format() | Range format >=2.0.0 <3.0.0
2021-02-14 07:13:10,895 | DEBUG | ulauncher.utils.semver: __init__() | SemVer 2.0.0, False
2021-02-14 07:13:10,895 | DEBUG | ulauncher.utils.semver: test() | Comparator, test 2.0.0, False
2021-02-14 07:13:10,895 | DEBUG | ulauncher.utils.semver: cmp() | cmp: >=
2021-02-14 07:13:10,895 | DEBUG | ulauncher.utils.semver: compare() | SemVer.compare 2.0.0 False 2.0.0
2021-02-14 07:13:10,895 | DEBUG | ulauncher.utils.semver: compare() | compare result 0
2021-02-14 07:13:10,895 | DEBUG | ulauncher.utils.semver: test() | Comparator, test 2.0.0, False
2021-02-14 07:13:10,895 | DEBUG | ulauncher.utils.semver: cmp() | cmp: <
2021-02-14 07:13:10,895 | INFO | ulauncher.utils.desktop.reader: read_desktop_file() | Could not read "/home/govi/.local/share/applications/Bethesda.desktop": constructor returned NULL
2021-02-14 07:13:10,895 | DEBUG | ulauncher.utils.semver: compare() | SemVer.compare 2.0.0 False 3.0.0
2021-02-14 07:13:10,895 | DEBUG | ulauncher.utils.semver: compare() | compare result -1
2021-02-14 07:13:10,895 | INFO | ulauncher.utils.desktop.reader: read_desktop_file() | Could not read "/home/govi/.local/share/applications/Emulation Station.desktop": constructor returned NULL
2021-02-14 07:13:10,896 | INFO | ulauncher.utils.desktop.reader: read_desktop_file() | Could not read "/home/govi/.local/share/applications/jdownloader.desktop": constructor returned NULL
2021-02-14 07:13:10,896 | INFO | ulauncher.utils.desktop.reader: read_desktop_file() | Could not read "/home/govi/.local/share/applications/Origin.desktop": constructor returned NULL
2021-02-14 07:13:10,896 | INFO | ulauncher.utils.desktop.reader: read_desktop_file() | Could not read "/home/govi/.local/share/applications/Photoshop.desktop": constructor returned NULL
2021-02-14 07:13:10,898 | INFO | ulauncher.utils.desktop.reader: read_desktop_file() | Could not read "/home/govi/.local/share/applications/GOG.desktop": constructor returned NULL
2021-02-14 07:13:10,898 | INFO | ulauncher.utils.desktop.reader: read_desktop_file() | Could not read "/home/govi/.local/share/applications/Cemu Emulator.desktop": constructor returned NULL
2021-02-14 07:13:10,898 | INFO | ulauncher.utils.desktop.reader: read_desktop_file() | Could not read "/home/govi/.local/share/applications/Lutris.desktop": constructor returned NULL
2021-02-14 07:13:10,899 | INFO | ulauncher.utils.desktop.reader: read_desktop_file() | Could not read "/home/govi/.local/share/applications/conky.desktop": constructor returned NULL
2021-02-14 07:13:10,899 | INFO | ulauncher.utils.desktop.reader: read_desktop_file() | Could not read "/home/govi/.local/share/applications/TeamViewer.desktop": constructor returned NULL
2021-02-14 07:13:10,901 | INFO | ulauncher.utils.desktop.reader: read_desktop_file() | Could not read "/usr/share/applications/org.kde.kded5.desktop": constructor returned NULL
2021-02-14 07:13:10,904 | INFO | ulauncher.api.server.ExtensionRunner: _run_process() | Extension "com.github.briceio.ulauncher-baloo" started. PID 1192082
2021-02-14 07:13:10,904 | DEBUG | ulauncher.utils.semver: parse_range() | range ^2.0.0 False
2021-02-14 07:13:10,904 | DEBUG | ulauncher.utils.semver: parse_range() | hyphen replace ^2.0.0
2021-02-14 07:13:10,905 | DEBUG | ulauncher.utils.semver: parse_range() | comparator trim ^2.0.0, re.compile('(\\s*)((?:<|>)?=?)\\s*([v=\\s]*([0-9]+)\\.([0-9]+)\\.([0-9]+)(?:-?((?:[0-9]+|\\d*[a-zA-Z-][a-zA-Z0-9-]*)(?:\\.(?:[0-9]+|\\d*[a-zA-Z-][a-zA-Z0-9-]*))*))?(?:\\+([0-9A-Za-z-]+(?:\\.[0-9A-Za-z-]+)*))?|[v, re.MULTILINE)
2021-02-14 07:13:10,905 | DEBUG | ulauncher.utils.semver: parse_comparator() | comp ^2.0.0
2021-02-14 07:13:10,905 | DEBUG | ulauncher.utils.semver: repl() | caret ^2.0.0 ^2.0.0 2 0 0 None
2021-02-14 07:13:10,905 | DEBUG | ulauncher.utils.semver: repl() | caret return >=2.0.0 <3.0.0
2021-02-14 07:13:10,905 | DEBUG | ulauncher.utils.semver: parse_comparator() | caret >=2.0.0 <3.0.0
2021-02-14 07:13:10,905 | DEBUG | ulauncher.utils.semver: parse_comparator() | tildes >=2.0.0 <3.0.0
2021-02-14 07:13:10,905 | DEBUG | ulauncher.utils.semver: replace_xranges() | replaceXRanges >=2.0.0 <3.0.0 False
2021-02-14 07:13:10,905 | DEBUG | ulauncher.utils.semver: repl() | xrange >=2.0.0 >=2.0.0 >= 2 0 0 None
2021-02-14 07:13:10,905 | DEBUG | ulauncher.utils.semver: repl() | xrange gtlt=>= any_x=False
2021-02-14 07:13:10,905 | DEBUG | ulauncher.utils.semver: repl() | xRange return >=2.0.0
2021-02-14 07:13:10,905 | DEBUG | ulauncher.utils.semver: repl() | xrange <3.0.0 <3.0.0 < 3 0 0 None
2021-02-14 07:13:10,905 | DEBUG | ulauncher.utils.semver: repl() | xrange gtlt=< any_x=False
2021-02-14 07:13:10,905 | DEBUG | ulauncher.utils.semver: repl() | xRange return <3.0.0
2021-02-14 07:13:10,905 | DEBUG | ulauncher.utils.semver: parse_comparator() | xrange >=2.0.0 <3.0.0
2021-02-14 07:13:10,905 | DEBUG | ulauncher.utils.semver: replace_stars() | replaceStars >=2.0.0 <3.0.0 False
2021-02-14 07:13:10,905 | DEBUG | ulauncher.utils.semver: parse_comparator() | stars >=2.0.0 <3.0.0
2021-02-14 07:13:10,905 | DEBUG | ulauncher.utils.semver: __init__() | comparator: >=2.0.0 False
2021-02-14 07:13:10,905 | DEBUG | ulauncher.utils.semver: parse() | parse comp=>=2.0.0
2021-02-14 07:13:10,905 | DEBUG | ulauncher.utils.semver: __init__() | SemVer 2.0.0, False
2021-02-14 07:13:10,905 | DEBUG | ulauncher.utils.semver: __init__() | comparator: <3.0.0 False
2021-02-14 07:13:10,905 | DEBUG | ulauncher.utils.semver: parse() | parse comp=<3.0.0
2021-02-14 07:13:10,905 | DEBUG | ulauncher.utils.semver: __init__() | SemVer 3.0.0, False
2021-02-14 07:13:10,905 | DEBUG | ulauncher.utils.semver: format() | Range format >=2.0.0 <3.0.0
2021-02-14 07:13:10,905 | DEBUG | ulauncher.utils.semver: __init__() | SemVer 2.0.0, False
2021-02-14 07:13:10,905 | DEBUG | ulauncher.utils.semver: test() | Comparator, test 2.0.0, False
2021-02-14 07:13:10,905 | DEBUG | ulauncher.utils.semver: cmp() | cmp: >=
2021-02-14 07:13:10,905 | DEBUG | ulauncher.utils.semver: compare() | SemVer.compare 2.0.0 False 2.0.0
2021-02-14 07:13:10,905 | DEBUG | ulauncher.utils.semver: compare() | compare result 0
2021-02-14 07:13:10,905 | DEBUG | ulauncher.utils.semver: test() | Comparator, test 2.0.0, False
2021-02-14 07:13:10,905 | DEBUG | ulauncher.utils.semver: cmp() | cmp: <
2021-02-14 07:13:10,905 | DEBUG | ulauncher.utils.semver: compare() | SemVer.compare 2.0.0 False 3.0.0
2021-02-14 07:13:10,905 | DEBUG | ulauncher.utils.semver: compare() | compare result -1
2021-02-14 07:13:10,907 | INFO | ulauncher.utils.desktop.reader: find_apps_cached() | Found 69 apps in the system
2021-02-14 07:13:10,907 | INFO | ulauncher.search.apps.app_watcher: start() | Scanned desktop dirs in 0.03 seconds
2021-02-14 07:13:10,911 | DEBUG | ulauncher.utils.semver: parse_range() | range 2 False
2021-02-14 07:13:10,911 | DEBUG | ulauncher.utils.semver: parse_range() | hyphen replace 2
2021-02-14 07:13:10,911 | DEBUG | ulauncher.utils.semver: parse_range() | comparator trim 2, re.compile('(\\s*)((?:<|>)?=?)\\s*([v=\\s]*([0-9]+)\\.([0-9]+)\\.([0-9]+)(?:-?((?:[0-9]+|\\d*[a-zA-Z-][a-zA-Z0-9-]*)(?:\\.(?:[0-9]+|\\d*[a-zA-Z-][a-zA-Z0-9-]*))*))?(?:\\+([0-9A-Za-z-]+(?:\\.[0-9A-Za-z-]+)*))?|[v, re.MULTILINE)
2021-02-14 07:13:10,911 | DEBUG | ulauncher.utils.semver: parse_comparator() | comp 2
2021-02-14 07:13:10,911 | DEBUG | ulauncher.utils.semver: parse_comparator() | caret 2
2021-02-14 07:13:10,911 | DEBUG | ulauncher.utils.semver: parse_comparator() | tildes 2
2021-02-14 07:13:10,911 | DEBUG | ulauncher.utils.semver: replace_xranges() | replaceXRanges 2 False
2021-02-14 07:13:10,911 | DEBUG | ulauncher.utils.semver: repl() | xrange 2 2  2 None None None
2021-02-14 07:13:10,911 | DEBUG | ulauncher.utils.semver: repl() | xrange gtlt= any_x=True
2021-02-14 07:13:10,911 | DEBUG | ulauncher.utils.semver: repl() | xRange return >=2.0.0 <3.0.0
2021-02-14 07:13:10,911 | DEBUG | ulauncher.utils.semver: parse_comparator() | xrange >=2.0.0 <3.0.0
2021-02-14 07:13:10,911 | DEBUG | ulauncher.utils.semver: replace_stars() | replaceStars >=2.0.0 <3.0.0 False
2021-02-14 07:13:10,911 | DEBUG | ulauncher.utils.semver: parse_comparator() | stars >=2.0.0 <3.0.0
2021-02-14 07:13:10,911 | DEBUG | ulauncher.utils.semver: __init__() | comparator: >=2.0.0 False
2021-02-14 07:13:10,911 | DEBUG | ulauncher.utils.semver: parse() | parse comp=>=2.0.0
2021-02-14 07:13:10,911 | DEBUG | ulauncher.utils.semver: __init__() | SemVer 2.0.0, False
2021-02-14 07:13:10,911 | DEBUG | ulauncher.utils.semver: __init__() | comparator: <3.0.0 False
2021-02-14 07:13:10,911 | DEBUG | ulauncher.utils.semver: parse() | parse comp=<3.0.0
2021-02-14 07:13:10,911 | DEBUG | ulauncher.utils.semver: __init__() | SemVer 3.0.0, False
2021-02-14 07:13:10,911 | DEBUG | ulauncher.utils.semver: format() | Range format >=2.0.0 <3.0.0
2021-02-14 07:13:10,911 | DEBUG | ulauncher.utils.semver: __init__() | SemVer 2.0.0, False
2021-02-14 07:13:10,911 | DEBUG | ulauncher.utils.semver: test() | Comparator, test 2.0.0, False
2021-02-14 07:13:10,911 | DEBUG | ulauncher.utils.semver: cmp() | cmp: >=
2021-02-14 07:13:10,911 | DEBUG | ulauncher.utils.semver: compare() | SemVer.compare 2.0.0 False 2.0.0
2021-02-14 07:13:10,912 | DEBUG | ulauncher.utils.semver: compare() | compare result 0
2021-02-14 07:13:10,912 | DEBUG | ulauncher.utils.semver: test() | Comparator, test 2.0.0, False
2021-02-14 07:13:10,912 | DEBUG | ulauncher.utils.semver: cmp() | cmp: <
2021-02-14 07:13:10,912 | DEBUG | ulauncher.utils.semver: compare() | SemVer.compare 2.0.0 False 3.0.0
2021-02-14 07:13:10,912 | DEBUG | ulauncher.utils.semver: compare() | compare result -1
2021-02-14 07:13:10,920 | DEBUG | ulauncher.utils.semver: parse_range() | range ^2.0.0 False
2021-02-14 07:13:10,920 | DEBUG | ulauncher.utils.semver: parse_range() | hyphen replace ^2.0.0
2021-02-14 07:13:10,920 | DEBUG | ulauncher.utils.semver: parse_range() | comparator trim ^2.0.0, re.compile('(\\s*)((?:<|>)?=?)\\s*([v=\\s]*([0-9]+)\\.([0-9]+)\\.([0-9]+)(?:-?((?:[0-9]+|\\d*[a-zA-Z-][a-zA-Z0-9-]*)(?:\\.(?:[0-9]+|\\d*[a-zA-Z-][a-zA-Z0-9-]*))*))?(?:\\+([0-9A-Za-z-]+(?:\\.[0-9A-Za-z-]+)*))?|[v, re.MULTILINE)
2021-02-14 07:13:10,920 | DEBUG | ulauncher.utils.semver: parse_comparator() | comp ^2.0.0
2021-02-14 07:13:10,921 | DEBUG | ulauncher.utils.semver: repl() | caret ^2.0.0 ^2.0.0 2 0 0 None
2021-02-14 07:13:10,921 | DEBUG | ulauncher.utils.semver: repl() | caret return >=2.0.0 <3.0.0
2021-02-14 07:13:10,921 | DEBUG | ulauncher.utils.semver: parse_comparator() | caret >=2.0.0 <3.0.0
2021-02-14 07:13:10,921 | DEBUG | ulauncher.utils.semver: parse_comparator() | tildes >=2.0.0 <3.0.0
2021-02-14 07:13:10,921 | DEBUG | ulauncher.utils.semver: replace_xranges() | replaceXRanges >=2.0.0 <3.0.0 False
2021-02-14 07:13:10,921 | DEBUG | ulauncher.utils.semver: repl() | xrange >=2.0.0 >=2.0.0 >= 2 0 0 None
2021-02-14 07:13:10,921 | DEBUG | ulauncher.utils.semver: repl() | xrange gtlt=>= any_x=False
2021-02-14 07:13:10,921 | DEBUG | ulauncher.utils.semver: repl() | xRange return >=2.0.0
2021-02-14 07:13:10,921 | DEBUG | ulauncher.utils.semver: repl() | xrange <3.0.0 <3.0.0 < 3 0 0 None
2021-02-14 07:13:10,921 | DEBUG | ulauncher.utils.semver: repl() | xrange gtlt=< any_x=False
2021-02-14 07:13:10,921 | DEBUG | ulauncher.utils.semver: repl() | xRange return <3.0.0
2021-02-14 07:13:10,921 | DEBUG | ulauncher.utils.semver: parse_comparator() | xrange >=2.0.0 <3.0.0
2021-02-14 07:13:10,921 | DEBUG | ulauncher.utils.semver: replace_stars() | replaceStars >=2.0.0 <3.0.0 False
2021-02-14 07:13:10,921 | DEBUG | ulauncher.utils.semver: parse_comparator() | stars >=2.0.0 <3.0.0
2021-02-14 07:13:10,921 | DEBUG | ulauncher.utils.semver: __init__() | comparator: >=2.0.0 False
2021-02-14 07:13:10,921 | DEBUG | ulauncher.utils.semver: parse() | parse comp=>=2.0.0
2021-02-14 07:13:10,921 | DEBUG | ulauncher.utils.semver: __init__() | SemVer 2.0.0, False
2021-02-14 07:13:10,921 | DEBUG | ulauncher.utils.semver: __init__() | comparator: <3.0.0 False
2021-02-14 07:13:10,921 | DEBUG | ulauncher.utils.semver: parse() | parse comp=<3.0.0
2021-02-14 07:13:10,921 | DEBUG | ulauncher.utils.semver: __init__() | SemVer 3.0.0, False
2021-02-14 07:13:10,921 | DEBUG | ulauncher.utils.semver: format() | Range format >=2.0.0 <3.0.0
2021-02-14 07:13:10,921 | DEBUG | ulauncher.utils.semver: __init__() | SemVer 2.0.0, False
2021-02-14 07:13:10,921 | DEBUG | ulauncher.utils.semver: test() | Comparator, test 2.0.0, False
2021-02-14 07:13:10,921 | DEBUG | ulauncher.utils.semver: cmp() | cmp: >=
2021-02-14 07:13:10,921 | DEBUG | ulauncher.utils.semver: compare() | SemVer.compare 2.0.0 False 2.0.0
2021-02-14 07:13:10,921 | DEBUG | ulauncher.utils.semver: compare() | compare result 0
2021-02-14 07:13:10,921 | DEBUG | ulauncher.utils.semver: test() | Comparator, test 2.0.0, False
2021-02-14 07:13:10,921 | INFO | ulauncher.api.server.ExtensionRunner: _run_process() | Extension "com.github.friday.ulauncher-clipboard" started. PID 1192087
2021-02-14 07:13:10,921 | DEBUG | ulauncher.utils.semver: cmp() | cmp: <
2021-02-14 07:13:10,921 | DEBUG | ulauncher.utils.semver: compare() | SemVer.compare 2.0.0 False 3.0.0
2021-02-14 07:13:10,922 | DEBUG | ulauncher.utils.semver: compare() | compare result -1
2021-02-14 07:13:10,923 | DEBUG | ulauncher.search.apps.app_watcher: start() | Start watching desktop files...
2021-02-14 07:13:10,928 | INFO | ulauncher.api.server.ExtensionRunner: _run_process() | Extension "com.github.isacikgoz.ukill" started. PID 1192086
2021-02-14 07:13:10,930 | DEBUG | ulauncher.utils.semver: parse_range() | range ^2.0.0 False
2021-02-14 07:13:10,930 | DEBUG | ulauncher.utils.semver: parse_range() | hyphen replace ^2.0.0
2021-02-14 07:13:10,930 | DEBUG | ulauncher.utils.semver: parse_range() | comparator trim ^2.0.0, re.compile('(\\s*)((?:<|>)?=?)\\s*([v=\\s]*([0-9]+)\\.([0-9]+)\\.([0-9]+)(?:-?((?:[0-9]+|\\d*[a-zA-Z-][a-zA-Z0-9-]*)(?:\\.(?:[0-9]+|\\d*[a-zA-Z-][a-zA-Z0-9-]*))*))?(?:\\+([0-9A-Za-z-]+(?:\\.[0-9A-Za-z-]+)*))?|[v, re.MULTILINE)
2021-02-14 07:13:10,930 | DEBUG | ulauncher.utils.semver: parse_comparator() | comp ^2.0.0
2021-02-14 07:13:10,930 | DEBUG | ulauncher.utils.semver: repl() | caret ^2.0.0 ^2.0.0 2 0 0 None
2021-02-14 07:13:10,930 | DEBUG | ulauncher.utils.semver: repl() | caret return >=2.0.0 <3.0.0
2021-02-14 07:13:10,930 | DEBUG | ulauncher.utils.semver: parse_comparator() | caret >=2.0.0 <3.0.0
2021-02-14 07:13:10,930 | DEBUG | ulauncher.utils.semver: parse_comparator() | tildes >=2.0.0 <3.0.0
2021-02-14 07:13:10,930 | DEBUG | ulauncher.utils.semver: replace_xranges() | replaceXRanges >=2.0.0 <3.0.0 False
2021-02-14 07:13:10,930 | DEBUG | ulauncher.utils.semver: repl() | xrange >=2.0.0 >=2.0.0 >= 2 0 0 None
2021-02-14 07:13:10,930 | DEBUG | ulauncher.utils.semver: repl() | xrange gtlt=>= any_x=False
2021-02-14 07:13:10,930 | DEBUG | ulauncher.utils.semver: repl() | xRange return >=2.0.0
2021-02-14 07:13:10,930 | DEBUG | ulauncher.utils.semver: repl() | xrange <3.0.0 <3.0.0 < 3 0 0 None
2021-02-14 07:13:10,930 | DEBUG | ulauncher.utils.semver: repl() | xrange gtlt=< any_x=False
2021-02-14 07:13:10,930 | DEBUG | ulauncher.utils.semver: repl() | xRange return <3.0.0
2021-02-14 07:13:10,930 | DEBUG | ulauncher.utils.semver: parse_comparator() | xrange >=2.0.0 <3.0.0
2021-02-14 07:13:10,930 | DEBUG | ulauncher.utils.semver: replace_stars() | replaceStars >=2.0.0 <3.0.0 False
2021-02-14 07:13:10,930 | DEBUG | ulauncher.utils.semver: parse_comparator() | stars >=2.0.0 <3.0.0
2021-02-14 07:13:10,930 | DEBUG | ulauncher.utils.semver: __init__() | comparator: >=2.0.0 False
2021-02-14 07:13:10,930 | DEBUG | ulauncher.utils.semver: parse() | parse comp=>=2.0.0
2021-02-14 07:13:10,930 | DEBUG | ulauncher.utils.semver: __init__() | SemVer 2.0.0, False
2021-02-14 07:13:10,930 | DEBUG | ulauncher.utils.semver: __init__() | comparator: <3.0.0 False
2021-02-14 07:13:10,930 | DEBUG | ulauncher.utils.semver: parse() | parse comp=<3.0.0
2021-02-14 07:13:10,930 | DEBUG | ulauncher.utils.semver: __init__() | SemVer 3.0.0, False
2021-02-14 07:13:10,930 | DEBUG | ulauncher.utils.semver: format() | Range format >=2.0.0 <3.0.0
2021-02-14 07:13:10,930 | DEBUG | ulauncher.utils.semver: __init__() | SemVer 2.0.0, False
2021-02-14 07:13:10,930 | DEBUG | ulauncher.utils.semver: test() | Comparator, test 2.0.0, False
2021-02-14 07:13:10,930 | DEBUG | ulauncher.utils.semver: cmp() | cmp: >=
2021-02-14 07:13:10,930 | DEBUG | ulauncher.utils.semver: compare() | SemVer.compare 2.0.0 False 2.0.0
2021-02-14 07:13:10,930 | DEBUG | ulauncher.utils.semver: compare() | compare result 0
2021-02-14 07:13:10,931 | DEBUG | ulauncher.utils.semver: test() | Comparator, test 2.0.0, False
2021-02-14 07:13:10,931 | DEBUG | ulauncher.utils.semver: cmp() | cmp: <
2021-02-14 07:13:10,931 | DEBUG | ulauncher.utils.semver: compare() | SemVer.compare 2.0.0 False 3.0.0
2021-02-14 07:13:10,931 | DEBUG | ulauncher.utils.semver: compare() | compare result -1
2021-02-14 07:13:10,943 | DEBUG | ulauncher.utils.semver: parse_range() | range ^2.0.0 False
2021-02-14 07:13:10,943 | DEBUG | ulauncher.utils.semver: parse_range() | hyphen replace ^2.0.0
2021-02-14 07:13:10,943 | DEBUG | ulauncher.utils.semver: parse_range() | comparator trim ^2.0.0, re.compile('(\\s*)((?:<|>)?=?)\\s*([v=\\s]*([0-9]+)\\.([0-9]+)\\.([0-9]+)(?:-?((?:[0-9]+|\\d*[a-zA-Z-][a-zA-Z0-9-]*)(?:\\.(?:[0-9]+|\\d*[a-zA-Z-][a-zA-Z0-9-]*))*))?(?:\\+([0-9A-Za-z-]+(?:\\.[0-9A-Za-z-]+)*))?|[v, re.MULTILINE)
2021-02-14 07:13:10,943 | DEBUG | ulauncher.utils.semver: parse_comparator() | comp ^2.0.0
2021-02-14 07:13:10,943 | DEBUG | ulauncher.utils.semver: repl() | caret ^2.0.0 ^2.0.0 2 0 0 None
2021-02-14 07:13:10,943 | DEBUG | ulauncher.utils.semver: repl() | caret return >=2.0.0 <3.0.0
2021-02-14 07:13:10,943 | DEBUG | ulauncher.utils.semver: parse_comparator() | caret >=2.0.0 <3.0.0
2021-02-14 07:13:10,943 | DEBUG | ulauncher.utils.semver: parse_comparator() | tildes >=2.0.0 <3.0.0
2021-02-14 07:13:10,943 | DEBUG | ulauncher.utils.semver: replace_xranges() | replaceXRanges >=2.0.0 <3.0.0 False
2021-02-14 07:13:10,943 | DEBUG | ulauncher.utils.semver: repl() | xrange >=2.0.0 >=2.0.0 >= 2 0 0 None
2021-02-14 07:13:10,943 | DEBUG | ulauncher.utils.semver: repl() | xrange gtlt=>= any_x=False
2021-02-14 07:13:10,943 | DEBUG | ulauncher.utils.semver: repl() | xRange return >=2.0.0
2021-02-14 07:13:10,943 | DEBUG | ulauncher.utils.semver: repl() | xrange <3.0.0 <3.0.0 < 3 0 0 None
2021-02-14 07:13:10,943 | DEBUG | ulauncher.utils.semver: repl() | xrange gtlt=< any_x=False
2021-02-14 07:13:10,944 | DEBUG | ulauncher.utils.semver: repl() | xRange return <3.0.0
2021-02-14 07:13:10,944 | DEBUG | ulauncher.utils.semver: parse_comparator() | xrange >=2.0.0 <3.0.0
2021-02-14 07:13:10,944 | DEBUG | ulauncher.utils.semver: replace_stars() | replaceStars >=2.0.0 <3.0.0 False
2021-02-14 07:13:10,944 | DEBUG | ulauncher.utils.semver: parse_comparator() | stars >=2.0.0 <3.0.0
2021-02-14 07:13:10,944 | DEBUG | ulauncher.utils.semver: __init__() | comparator: >=2.0.0 False
2021-02-14 07:13:10,944 | DEBUG | ulauncher.utils.semver: parse() | parse comp=>=2.0.0
2021-02-14 07:13:10,944 | DEBUG | ulauncher.utils.semver: __init__() | SemVer 2.0.0, False
2021-02-14 07:13:10,944 | DEBUG | ulauncher.utils.semver: __init__() | comparator: <3.0.0 False
2021-02-14 07:13:10,944 | DEBUG | ulauncher.utils.semver: parse() | parse comp=<3.0.0
2021-02-14 07:13:10,944 | DEBUG | ulauncher.utils.semver: __init__() | SemVer 3.0.0, False
2021-02-14 07:13:10,944 | DEBUG | ulauncher.utils.semver: format() | Range format >=2.0.0 <3.0.0
2021-02-14 07:13:10,944 | INFO | ulauncher.api.server.ExtensionRunner: _run_process() | Extension "com.github.nastuzzisamy.ulauncher-translate" started. PID 1192092
2021-02-14 07:13:10,944 | DEBUG | ulauncher.utils.semver: __init__() | SemVer 2.0.0, False
2021-02-14 07:13:10,946 | DEBUG | ulauncher.utils.semver: test() | Comparator, test 2.0.0, False
2021-02-14 07:13:10,946 | DEBUG | ulauncher.utils.semver: cmp() | cmp: >=
2021-02-14 07:13:10,946 | DEBUG | ulauncher.utils.semver: compare() | SemVer.compare 2.0.0 False 2.0.0
2021-02-14 07:13:10,946 | DEBUG | ulauncher.utils.semver: compare() | compare result 0
2021-02-14 07:13:10,946 | DEBUG | ulauncher.utils.semver: test() | Comparator, test 2.0.0, False
2021-02-14 07:13:10,946 | DEBUG | ulauncher.utils.semver: cmp() | cmp: <
2021-02-14 07:13:10,946 | DEBUG | ulauncher.utils.semver: compare() | SemVer.compare 2.0.0 False 3.0.0
2021-02-14 07:13:10,946 | DEBUG | ulauncher.utils.semver: compare() | compare result -1
2021-02-14 07:13:10,965 | INFO | ulauncher.api.server.ExtensionRunner: _run_process() | Extension "com.github.nastuzzisamy.ulauncher-custom-scripts" started. PID 1192093
2021-02-14 07:13:10,966 | INFO | ulauncher.api.server.ExtensionRunner: _run_process() | Extension "com.github.nastuzzisamy.ulauncher-youtube-search" started. PID 1192095
2021-02-14 07:13:11,131 | INFO | ulauncher.ui.windows.UlauncherWindow: bind_show_app_hotkey() | Trying to bind app hotkey: <Primary>space
2021-02-14 07:13:11,198 | DEBUG | ulauncher.ui.windows.UlauncherWindow: on_focus_in_event() | Focus in event, grabbing pointer: <enum GDK_GRAB_SUCCESS of type Gdk.GrabStatus>
2021-02-14 07:13:11,555 | INFO | ulauncher.api.server.ExtensionController: handleConnected() | Extension "com.github.mikebarkmin.ulauncher-duckduckgo" connected
2021-02-14 07:13:11,555 | DEBUG | ulauncher.api.server.ExtensionController: _send_event() | Send event PreferencesEvent to "com.github.mikebarkmin.ulauncher-duckduckgo"
2021-02-14 07:13:11,782 | INFO | ulauncher.api.server.ExtensionController: handleConnected() | Extension "com.github.friday.ulauncher-clipboard" connected
2021-02-14 07:13:11,783 | DEBUG | ulauncher.api.server.ExtensionController: _send_event() | Send event PreferencesEvent to "com.github.friday.ulauncher-clipboard"
2021-02-14 07:13:11,821 | INFO | ulauncher.api.server.ExtensionController: handleConnected() | Extension "com.github.isacikgoz.ukill" connected
2021-02-14 07:13:11,822 | DEBUG | ulauncher.api.server.ExtensionController: _send_event() | Send event PreferencesEvent to "com.github.isacikgoz.ukill"
2021-02-14 07:13:11,863 | INFO | ulauncher.api.server.ExtensionController: handleConnected() | Extension "com.github.briceio.ulauncher-baloo" connected
2021-02-14 07:13:11,863 | DEBUG | ulauncher.api.server.ExtensionController: _send_event() | Send event PreferencesEvent to "com.github.briceio.ulauncher-baloo"
2021-02-14 07:13:11,885 | INFO | ulauncher.api.server.ExtensionController: handleConnected() | Extension "com.github.nastuzzisamy.ulauncher-youtube-search" connected
2021-02-14 07:13:11,885 | DEBUG | ulauncher.api.server.ExtensionController: _send_event() | Send event PreferencesEvent to "com.github.nastuzzisamy.ulauncher-youtube-search"
2021-02-14 07:13:11,907 | INFO | ulauncher.api.server.ExtensionController: handleConnected() | Extension "com.github.yannishuber.pass-ulauncher" connected
2021-02-14 07:13:11,907 | DEBUG | ulauncher.api.server.ExtensionController: _send_event() | Send event PreferencesEvent to "com.github.yannishuber.pass-ulauncher"
2021-02-14 07:13:11,922 | INFO | ulauncher.api.server.ExtensionController: handleConnected() | Extension "com.github.nastuzzisamy.ulauncher-translate" connected
2021-02-14 07:13:11,922 | DEBUG | ulauncher.api.server.ExtensionController: _send_event() | Send event PreferencesEvent to "com.github.nastuzzisamy.ulauncher-translate"
2021-02-14 07:13:11,930 | INFO | ulauncher.api.server.ExtensionController: handleConnected() | Extension "com.github.nastuzzisamy.ulauncher-custom-scripts" connected
2021-02-14 07:13:11,930 | DEBUG | ulauncher.api.server.ExtensionController: _send_event() | Send event PreferencesEvent to "com.github.nastuzzisamy.ulauncher-custom-scripts"
2021-02-14 07:13:14,924 | DEBUG | ulauncher.ui.windows.UlauncherWindow: show_results() | render 1 results
2021-02-14 07:13:17,126 | DEBUG | ulauncher.api.shared.action.RunScriptAction: run() | Running a script from /tmp/ulauncher_RunScript_8h21v393
2021-02-14 07:13:17,192 | DEBUG | ulauncher.ui.windows.UlauncherWindow: show_results() | render 0 results
2021-02-14 07:13:18,129 | DEBUG | ulauncher.api.shared.action.RunScriptAction: remove_temp_file() | Deleting a temporary file /tmp/ulauncher_RunScript_8h21v393
