[   217.469] (WW) Failed to open protocol names file lib/xorg/protocol.txt
[   217.470] 
X.Org X Server 1.20.10
X Protocol Version 11, Revision 0
[   217.472] Build Operating System: Linux Arch Linux
[   217.473] Current Operating System: Linux GoVi-PC 5.10.16-zen1-1-zen #1 ZEN SMP PREEMPT Sat, 13 Feb 2021 20:51:02 +0000 x86_64
[   217.473] Kernel command line: BOOT_IMAGE=/vmlinuz-linux-zen root=UUID=9d88dd8c-fa33-4e5c-8cc3-8050a6365eed rw loglevel=3 quiet
[   217.474] Build Date: 14 December 2020  12:10:29PM
[   217.475]  
[   217.475] Current version of pixman: 0.40.0
[   217.477] 	Before reporting problems, check http://wiki.x.org
	to make sure that you have the latest version.
[   217.477] Markers: (--) probed, (**) from config file, (==) default setting,
	(++) from command line, (!!) notice, (II) informational,
	(WW) warning, (EE) error, (NI) not implemented, (??) unknown.
[   217.479] (==) Log file: "/home/govi/.local/share/xorg/Xorg.0.log", Time: Wed Feb 17 16:10:04 2021
[   217.480] (==) Using config file: "/etc/X11/xorg.conf"
[   217.480] (==) Using system config directory "/usr/share/X11/xorg.conf.d"
[   217.480] (==) ServerLayout "Layout0"
[   217.480] (**) |-->Screen "Screen0" (0)
[   217.480] (**) |   |-->Monitor "Monitor0"
[   217.481] (**) |   |-->Device "Device0"
[   217.481] (**) |-->Input Device "Keyboard0"
[   217.481] (**) |-->Input Device "Mouse0"
[   217.481] (==) Automatically adding devices
[   217.481] (==) Automatically enabling devices
[   217.481] (==) Automatically adding GPU devices
[   217.481] (==) Automatically binding GPU devices
[   217.481] (==) Max clients allowed: 256, resource mask: 0x1fffff
[   217.481] (WW) The directory "/usr/share/fonts/misc" does not exist.
[   217.481] 	Entry deleted from font path.
[   217.481] (WW) The directory "/usr/share/fonts/OTF" does not exist.
[   217.481] 	Entry deleted from font path.
[   217.481] (WW) The directory "/usr/share/fonts/Type1" does not exist.
[   217.481] 	Entry deleted from font path.
[   217.481] (==) FontPath set to:
	/usr/share/fonts/TTF,
	/usr/share/fonts/100dpi,
	/usr/share/fonts/75dpi
[   217.481] (==) ModulePath set to "/usr/lib/xorg/modules"
[   217.481] (WW) Hotplugging is on, devices using drivers 'kbd', 'mouse' or 'vmmouse' will be disabled.
[   217.481] (WW) Disabling Keyboard0
[   217.481] (WW) Disabling Mouse0
[   217.481] (II) Module ABI versions:
[   217.481] 	X.Org ANSI C Emulation: 0.4
[   217.481] 	X.Org Video Driver: 24.1
[   217.481] 	X.Org XInput driver : 24.1
[   217.481] 	X.Org Server Extension : 10.0
[   217.481] (++) using VT number 2

[   217.482] (II) systemd-logind: took control of session /org/freedesktop/login1/session/_31
[   217.483] (II) xfree86: Adding drm device (/dev/dri/card1)
[   217.483] (II) systemd-logind: got fd for /dev/dri/card1 226:1 fd 10 paused 0
[   217.484] (II) xfree86: Adding drm device (/dev/dri/card0)
[   217.484] (II) systemd-logind: got fd for /dev/dri/card0 226:0 fd 11 paused 0
[   217.486] (--) PCI: (0@0:2:0) 8086:0412:1458:d000 rev 6, Mem @ 0xf7800000/4194304, 0xd0000000/268435456, I/O @ 0x0000f000/64
[   217.486] (--) PCI:*(1@0:0:0) 1002:6798:1458:3001 rev 0, Mem @ 0xe0000000/268435456, 0xf7d00000/262144, I/O @ 0x0000e000/256, BIOS @ 0x????????/131072
[   217.486] (WW) Open ACPI failed (/var/run/acpid.socket) (No such file or directory)
[   217.486] (II) LoadModule: "glx"
[   217.486] (II) Loading /usr/lib/xorg/modules/extensions/libglx.so
[   217.487] (II) Module glx: vendor="X.Org Foundation"
[   217.487] 	compiled for 1.20.10, module version = 1.0.0
[   217.487] 	ABI class: X.Org Server Extension, version 10.0
[   217.487] (II) LoadModule: "nvidia"
[   217.487] (WW) Warning, couldn't open module nvidia
[   217.487] (EE) Failed to load module "nvidia" (module does not exist, 0)
[   217.487] (EE) No drivers available.
[   217.487] (EE) 
Fatal server error:
[   217.487] (EE) no screens found(EE) 
[   217.487] (EE) 
Please consult the The X.Org Foundation support 
	 at http://wiki.x.org
 for help. 
[   217.487] (EE) Please also check the log file at "/home/govi/.local/share/xorg/Xorg.0.log" for additional information.
[   217.487] (EE) 
[   217.492] (EE) Server terminated with error (1). Closing log file.
