--------------------------------------------------------------------------------
[May 30, 2022, 12:25:42.4 AM:ERROR:refill_unblinded_tokens.cc(193)] Failed to get signed tokens
[May 30, 2022, 12:32:29.8 AM:ERROR:publisher.cc(774)] Publisher info not found
[May 30, 2022, 12:32:29.8 AM:ERROR:publisher.cc(774)] Publisher info not found
[May 30, 2022, 12:32:36.4 AM:ERROR:publisher.cc(774)] Publisher info not found
[May 30, 2022, 12:48:46.2 AM:ERROR:publisher.cc(774)] Publisher info not found
[May 30, 2022, 1:03:15.8 AM:ERROR:publisher.cc(774)] Publisher info not found
[May 30, 2022, 1:14:54.3 AM:ERROR:publisher.cc(774)] Publisher info not found
[May 30, 2022, 1:22:08.9 AM:ERROR:publisher.cc(774)] Publisher info not found
[May 30, 2022, 1:28:50.5 AM:ERROR:publisher.cc(774)] Publisher info not found
[May 30, 2022, 1:42:29.2 AM:ERROR:publisher.cc(774)] Publisher info not found
[May 30, 2022, 2:04:02.9 AM:ERROR:publisher.cc(774)] Publisher info not found
[May 30, 2022, 2:28:17.7 AM:ERROR:publisher.cc(774)] Publisher info not found
[May 30, 2022, 2:33:08.6 AM:ERROR:publisher.cc(774)] Publisher info not found
[May 30, 2022, 3:05:15.8 AM:ERROR:publisher.cc(774)] Publisher info not found
--------------------------------------------------------------------------------
[May 30, 2022, 4:13:45.2 AM:ERROR:publisher.cc(774)] Publisher info not found
--------------------------------------------------------------------------------
[May 30, 2022, 9:13:51.9 AM:ERROR:publisher.cc(774)] Publisher info not found
[May 30, 2022, 9:22:46.7 AM:ERROR:publisher.cc(774)] Publisher info not found
[May 30, 2022, 9:28:36.4 AM:ERROR:publisher.cc(774)] Publisher info not found
[May 30, 2022, 9:39:13.9 AM:ERROR:publisher.cc(774)] Publisher info not found
[May 30, 2022, 11:10:22.3 AM:ERROR:publisher.cc(774)] Publisher info not found
[May 30, 2022, 12:12:40.8 PM:ERROR:publisher.cc(774)] Publisher info not found
[May 30, 2022, 12:23:23.8 PM:ERROR:publisher.cc(774)] Publisher info not found
[May 30, 2022, 12:31:33.2 PM:ERROR:publisher.cc(774)] Publisher info not found
[May 30, 2022, 12:31:39.0 PM:ERROR:publisher.cc(774)] Publisher info not found
[May 30, 2022, 1:00:50.6 PM:ERROR:publisher.cc(774)] Publisher info not found
--------------------------------------------------------------------------------
[May 30, 2022, 9:02:03.1 PM:ERROR:publisher.cc(774)] Publisher info not found
[May 30, 2022, 9:02:03.1 PM:ERROR:publisher.cc(774)] Publisher info not found
[May 30, 2022, 9:37:28.6 PM:ERROR:publisher.cc(774)] Publisher info not found
[May 30, 2022, 9:42:28.4 PM:ERROR:publisher.cc(774)] Publisher info not found
[May 30, 2022, 9:42:48.2 PM:ERROR:publisher.cc(774)] Publisher info not found
[May 30, 2022, 9:45:57.0 PM:ERROR:publisher.cc(774)] Publisher info not found
[May 30, 2022, 10:28:22.0 PM:ERROR:publisher.cc(774)] Publisher info not found
[May 30, 2022, 10:52:40.1 PM:ERROR:publisher.cc(774)] Publisher info not found
[May 30, 2022, 11:01:04.5 PM:ERROR:publisher.cc(774)] Publisher info not found
[May 30, 2022, 11:04:27.2 PM:ERROR:publisher.cc(845)] Failed to retrieve publisher info while updating media duration
[May 30, 2022, 11:04:27.2 PM:ERROR:publisher.cc(845)] Failed to retrieve publisher info while updating media duration
[May 30, 2022, 11:04:27.5 PM:ERROR:publisher.cc(774)] Publisher info not found
[May 30, 2022, 11:05:09.5 PM:ERROR:publisher.cc(774)] Publisher info not found
[May 30, 2022, 11:15:15.8 PM:ERROR:publisher.cc(774)] Publisher info not found
--------------------------------------------------------------------------------
[May 31, 2022, 3:45:11.6 AM:ERROR:refill_unblinded_tokens.cc(193)] Failed to get signed tokens
[May 31, 2022, 3:45:12.3 AM:ERROR:refill_unblinded_tokens.cc(193)] Failed to get signed tokens
[May 31, 2022, 3:54:13.1 AM:ERROR:publisher.cc(774)] Publisher info not found
[May 31, 2022, 4:08:20.3 AM:ERROR:publisher.cc(774)] Publisher info not found
[May 31, 2022, 5:03:01.7 AM:ERROR:publisher.cc(774)] Publisher info not found
[May 31, 2022, 5:11:02.6 AM:ERROR:publisher.cc(774)] Publisher info not found
[May 31, 2022, 5:12:52.1 AM:ERROR:publisher.cc(774)] Publisher info not found
[May 31, 2022, 6:01:04.8 AM:ERROR:publisher.cc(774)] Publisher info not found
[May 31, 2022, 8:54:30.2 PM:ERROR:creative_new_tab_page_ads_database_table.cc(596)] Failed to get creative new tab page ad
[May 31, 2022, 11:59:22.2 PM:ERROR:publisher.cc(774)] Publisher info not found
--------------------------------------------------------------------------------
[Jun 01, 2022, 5:26:11.6 PM:ERROR:publisher.cc(774)] Publisher info not found
[Jun 01, 2022, 5:40:58.3 PM:ERROR:publisher.cc(774)] Publisher info not found
--------------------------------------------------------------------------------
[Jun 01, 2022, 6:23:46.5 PM:ERROR:logging_util.cc(105)] Network error (net::ERR_INTERNET_DISCONNECTED)
[Jun 01, 2022, 6:23:46.5 PM:ERROR:get_parameters.cc(53)] Unexpected HTTP status: -1
[Jun 01, 2022, 6:23:48.3 PM:ERROR:account.cc(264)] Failed to get issuers
[Jun 01, 2022, 6:34:43.5 PM:ERROR:publisher.cc(774)] Publisher info not found
[Jun 01, 2022, 6:34:43.5 PM:ERROR:publisher.cc(774)] Publisher info not found
[Jun 01, 2022, 7:25:25.5 PM:ERROR:publisher.cc(774)] Publisher info not found
[Jun 01, 2022, 7:30:24.3 PM:ERROR:publisher.cc(774)] Publisher info not found
[Jun 01, 2022, 7:52:27.4 PM:ERROR:publisher.cc(774)] Publisher info not found
[Jun 01, 2022, 8:00:25.0 PM:ERROR:publisher.cc(774)] Publisher info not found
[Jun 01, 2022, 8:12:24.2 PM:ERROR:publisher.cc(774)] Publisher info not found
[Jun 01, 2022, 8:14:54.2 PM:ERROR:publisher.cc(774)] Publisher info not found
[Jun 01, 2022, 8:31:04.3 PM:ERROR:publisher.cc(774)] Publisher info not found
[Jun 01, 2022, 9:01:17.4 PM:ERROR:publisher.cc(774)] Publisher info not found
[Jun 01, 2022, 9:05:41.5 PM:ERROR:publisher.cc(774)] Publisher info not found
