Mono path[0] = '/Datos/Games/PC/Valheim_Linux/valheim_Data/Managed'
Mono config path = '/Datos/Games/PC/Valheim_Linux/valheim_Data/MonoBleedingEdge/etc'
Fallback handler could not load library /Datos/Games/PC/Valheim_Linux/valheim_Data/Mono/data-0x28d88c0.so
Fallback handler could not load library /Datos/Games/PC/Valheim_Linux/valheim_Data/Mono/data-0x2b30810.so
Fallback handler could not load library /Datos/Games/PC/Valheim_Linux/valheim_Data/Mono/data-0x2b8d630.so
Fallback handler could not load library /Datos/Games/PC/Valheim_Linux/valheim_Data/Mono/data-0x2b87e50.so
Fallback handler could not load library /Datos/Games/PC/Valheim_Linux/valheim_Data/Mono/data-0x2bbcfb0.so
Fallback handler could not load library /Datos/Games/PC/Valheim_Linux/valheim_Data/Mono/libdl
Fallback handler could not load library /Datos/Games/PC/Valheim_Linux/valheim_Data/Mono/libkernel32
Fallback handler could not load library /Datos/Games/PC/Valheim_Linux/valheim_Data/Mono/libkernel32.so
Fallback handler could not load library /Datos/Games/PC/Valheim_Linux/valheim_Data/Mono/kernel32
Fallback handler could not load library /Datos/Games/PC/Valheim_Linux/valheim_Data/Mono/libkernel32
Fallback handler could not load library /Datos/Games/PC/Valheim_Linux/valheim_Data/Mono/libkernel32.so
Fallback handler could not load library /Datos/Games/PC/Valheim_Linux/valheim_Data/Mono/libkernel32
Fallback handler could not load library /Datos/Games/PC/Valheim_Linux/valheim_Data/Mono/libkernel32
Fallback handler could not load library /Datos/Games/PC/Valheim_Linux/valheim_Data/Mono/libkernel32.so
Fallback handler could not load library /Datos/Games/PC/Valheim_Linux/valheim_Data/Mono/kernel32
Fallback handler could not load library /Datos/Games/PC/Valheim_Linux/valheim_Data/Mono/libkernel32
Fallback handler could not load library /Datos/Games/PC/Valheim_Linux/valheim_Data/Mono/libkernel32.so
Fallback handler could not load library /Datos/Games/PC/Valheim_Linux/valheim_Data/Mono/libkernel32
Fallback handler could not load library /Datos/Games/PC/Valheim_Linux/valheim_Data/Mono/libkernel32
Fallback handler could not load library /Datos/Games/PC/Valheim_Linux/valheim_Data/Mono/libkernel32.so
Fallback handler could not load library /Datos/Games/PC/Valheim_Linux/valheim_Data/Mono/kernel32
Fallback handler could not load library /Datos/Games/PC/Valheim_Linux/valheim_Data/Mono/libkernel32
Fallback handler could not load library /Datos/Games/PC/Valheim_Linux/valheim_Data/Mono/libkernel32.so
Fallback handler could not load library /Datos/Games/PC/Valheim_Linux/valheim_Data/Mono/libkernel32
Fallback handler could not load library /Datos/Games/PC/Valheim_Linux/valheim_Data/Mono/data-0x2c51ef0.so
Fallback handler could not load library /Datos/Games/PC/Valheim_Linux/valheim_Data/Mono/data-0x2cc8d00.so
Fallback handler could not load library /Datos/Games/PC/Valheim_Linux/valheim_Data/Mono/data-0x2cda530.so
Fallback handler could not load library /Datos/Games/PC/Valheim_Linux/valheim_Data/Mono/data-0x2cdf080.so
﻿Fallback handler could not load library /Datos/Games/PC/Valheim_Linux/valheim_Data/Mono/data-0x2d05510.so
Fallback handler could not load library /Datos/Games/PC/Valheim_Linux/valheim_Data/Mono/data-0x2d06520.so
[Message:   BepInEx] BepInEx 5.4.16.0 - valheim (11/10/2021 4:55:48)
[Info   :   BepInEx] Running under Unity vUnknown (post-2017)
[Info   :   BepInEx] CLR runtime version: 4.0.30319.42000
[Info   :   BepInEx] Supports SRE: True
[Info   :   BepInEx] System platform: Bits64, Linux
[Message:   BepInEx] Preloader started
[Info   :   BepInEx] Loaded 1 patcher method from [BepInEx.Preloader 5.4.16.0]
[Info   :   BepInEx] 1 patcher plugin loaded
[Info   :   BepInEx] Patching [UnityEngine.CoreModule] with [BepInEx.Chainloader]
Fallback handler could not load library /Datos/Games/PC/Valheim_Linux/valheim_Data/Mono/data-0x2fc1820.so
[Message:   BepInEx] Preloader finished
Preloaded 'libsteam_api.so'
Display 0 'BenQ GL2460 24"': 1920x1080 (primary device).
Display 1 'Acer X193HQ 16"': 1366x768 (secondary device).
Desktop is 1920 x 1080 @ 60 Hz
[Vulkan init] extensions: count=18
[Vulkan init] extensions: name=VK_KHR_device_group_creation, enabled=0
[Vulkan init] extensions: name=VK_KHR_display, enabled=1
[Vulkan init] extensions: name=VK_KHR_external_fence_capabilities, enabled=0
[Vulkan init] extensions: name=VK_KHR_external_memory_capabilities, enabled=0
[Vulkan init] extensions: name=VK_KHR_external_semaphore_capabilities, enabled=0
[Vulkan init] extensions: name=VK_KHR_get_display_properties2, enabled=0
[Vulkan init] extensions: name=VK_KHR_get_physical_device_properties2, enabled=0
[Vulkan init] extensions: name=VK_KHR_get_surface_capabilities2, enabled=0
[Vulkan init] extensions: name=VK_KHR_surface, enabled=1
[Vulkan init] extensions: name=VK_KHR_surface_protected_capabilities, enabled=0
[Vulkan init] extensions: name=VK_KHR_wayland_surface, enabled=1
[Vulkan init] extensions: name=VK_KHR_xcb_surface, enabled=0
[Vulkan init] extensions: name=VK_KHR_xlib_surface, enabled=1
[Vulkan init] extensions: name=VK_EXT_acquire_xlib_display, enabled=0
[Vulkan init] extensions: name=VK_EXT_debug_report, enabled=0
[Vulkan init] extensions: name=VK_EXT_debug_utils, enabled=0
[Vulkan init] extensions: name=VK_EXT_direct_mode_display, enabled=0
[Vulkan init] extensions: name=VK_EXT_display_surface_counter, enabled=0
Got override: /Datos/Games/PC/Valheim_Linux/unstripped_corlib
Current root dir: /Datos/Games/PC/Valheim_Linux/valheim_Data/Managed
New root path: /Datos/Games/PC/Valheim_Linux/unstripped_corlib
Search path: /Datos/Games/PC/Valheim_Linux/unstripped_corlib:/Datos/Games/PC/Valheim_Linux/valheim_Data/Managed
Setting config paths; basedir: /Datos/Games/PC/Valheim_Linux; config: /Datos/Games/PC/Valheim_Linux/valheim.x86_64.config
Managed dir: /Datos/Games/PC/Valheim_Linux/valheim_Data/Managed
Got image: 0x2266af0 
vkBasalt info:  config file: vkBasalt.conf
vkBasalt info:  reshadeTexturePath = /home/govi/.config/vkBasalt/Reshade-Shaders/Textures
vkBasalt info:  reshadeIncludePath = /home/govi/.config/vkBasalt/Reshade-Shaders/Shaders
vkBasalt info:  effects = cas:smaa:clarity
vkBasalt info:  casSharpness = 0.6
vkBasalt info:  smaa = /home/govi/.config/vkBasalt/Reshade-Shaders/Shaders/SMAA.fx
vkBasalt info:  clarity = /home/govi/.config/vkBasalt/Reshade-Shaders/Shaders/Clarity.fx
vkBasalt info:  lumasharpen = /home/govi/.config/vkBasalt/Reshade-Shaders/Shaders/LumaSharpen.fx
vkBasalt info:  liftgammagain = /home/govi/.config/vkBasalt/Reshade-Shaders/Shaders/LiftGammaGain.fx
[2021-11-03 14:40:45.084] [MANGOHUD] [info] [config.cpp:114] skipping config: '/Datos/Games/PC/Valheim_Linux/MangoHud.conf' [ not found ]
[2021-11-03 14:40:45.084] [MANGOHUD] [info] [config.cpp:114] skipping config: '/home/govi/.config/MangoHud/valheim.x86_64.conf' [ not found ]
[2021-11-03 14:40:45.084] [MANGOHUD] [info] [config.cpp:119] parsing config: '/home/govi/.config/MangoHud/MangoHud.conf'
Vulkan detection: 2
Initialize engine version: 2019.4.24f1 (5da6f0345e82)
[Subsystems] Discovering subsystems at path /Datos/Games/PC/Valheim_Linux/valheim_Data/UnitySubsystems
GfxDevice: creating device client; threaded=1
[Vulkan init] extensions: count=18
[Vulkan init] extensions: name=VK_KHR_device_group_creation, enabled=0
[Vulkan init] extensions: name=VK_KHR_display, enabled=1
[Vulkan init] extensions: name=VK_KHR_external_fence_capabilities, enabled=0
[Vulkan init] extensions: name=VK_KHR_external_memory_capabilities, enabled=0
[Vulkan init] extensions: name=VK_KHR_external_semaphore_capabilities, enabled=0
[Vulkan init] extensions: name=VK_KHR_get_display_properties2, enabled=0
[Vulkan init] extensions: name=VK_KHR_get_physical_device_properties2, enabled=0
[Vulkan init] extensions: name=VK_KHR_get_surface_capabilities2, enabled=0
[Vulkan init] extensions: name=VK_KHR_surface, enabled=1
[Vulkan init] extensions: name=VK_KHR_surface_protected_capabilities, enabled=0
[Vulkan init] extensions: name=VK_KHR_wayland_surface, enabled=1
[Vulkan init] extensions: name=VK_KHR_xcb_surface, enabled=0
[Vulkan init] extensions: name=VK_KHR_xlib_surface, enabled=1
[Vulkan init] extensions: name=VK_EXT_acquire_xlib_display, enabled=0
[Vulkan init] extensions: name=VK_EXT_debug_report, enabled=0
[Vulkan init] extensions: name=VK_EXT_debug_utils, enabled=0
[Vulkan init] extensions: name=VK_EXT_direct_mode_display, enabled=0
[Vulkan init] extensions: name=VK_EXT_display_surface_counter, enabled=0
vkBasalt info:  config file: vkBasalt.conf
vkBasalt info:  reshadeTexturePath = /home/govi/.config/vkBasalt/Reshade-Shaders/Textures
vkBasalt info:  reshadeIncludePath = /home/govi/.config/vkBasalt/Reshade-Shaders/Shaders
vkBasalt info:  effects = cas:smaa:clarity
vkBasalt info:  casSharpness = 0.6
vkBasalt info:  smaa = /home/govi/.config/vkBasalt/Reshade-Shaders/Shaders/SMAA.fx
vkBasalt info:  clarity = /home/govi/.config/vkBasalt/Reshade-Shaders/Shaders/Clarity.fx
vkBasalt info:  lumasharpen = /home/govi/.config/vkBasalt/Reshade-Shaders/Shaders/LumaSharpen.fx
vkBasalt info:  liftgammagain = /home/govi/.config/vkBasalt/Reshade-Shaders/Shaders/LiftGammaGain.fx
[2021-11-03 14:40:45.307] [MANGOHUD] [info] [config.cpp:114] skipping config: '/Datos/Games/PC/Valheim_Linux/MangoHud.conf' [ not found ]
[2021-11-03 14:40:45.307] [MANGOHUD] [info] [config.cpp:114] skipping config: '/home/govi/.config/MangoHud/valheim.x86_64.conf' [ not found ]
[2021-11-03 14:40:45.307] [MANGOHUD] [info] [config.cpp:119] parsing config: '/home/govi/.config/MangoHud/MangoHud.conf'
[Vulkan init] SelectPhysicalDevice requestedDeviceIndex=-1 xrDevice=(nil)
[Vulkan init] Physical Device 0x3184640 [0]: "NVIDIA GeForce RTX 2060" deviceType=2 vendorID=10de deviceID=1e89
[Vulkan init] Selected physical device 0x3184640
[Vulkan init] Graphics queue count=1
[Vulkan init] extensions: count=144
[Vulkan init] extensions: name=VK_KHR_16bit_storage, enabled=0
[Vulkan init] extensions: name=VK_KHR_8bit_storage, enabled=0
[Vulkan init] extensions: name=VK_KHR_acceleration_structure, enabled=0
[Vulkan init] extensions: name=VK_KHR_bind_memory2, enabled=0
[Vulkan init] extensions: name=VK_KHR_buffer_device_address, enabled=0
[Vulkan init] extensions: name=VK_KHR_copy_commands2, enabled=0
[Vulkan init] extensions: name=VK_KHR_create_renderpass2, enabled=0
[Vulkan init] extensions: name=VK_KHR_dedicated_allocation, enabled=1
[Vulkan init] extensions: name=VK_KHR_deferred_host_operations, enabled=0
[Vulkan init] extensions: name=VK_KHR_depth_stencil_resolve, enabled=0
[Vulkan init] extensions: name=VK_KHR_descriptor_update_template, enabled=1
[Vulkan init] extensions: name=VK_KHR_device_group, enabled=0
[Vulkan init] extensions: name=VK_KHR_draw_indirect_count, enabled=0
[Vulkan init] extensions: name=VK_KHR_driver_properties, enabled=0
[Vulkan init] extensions: name=VK_KHR_external_fence, enabled=0
[Vulkan init] extensions: name=VK_KHR_external_fence_fd, enabled=0
[Vulkan init] extensions: name=VK_KHR_external_memory, enabled=0
[Vulkan init] extensions: name=VK_KHR_external_memory_fd, enabled=0
[Vulkan init] extensions: name=VK_KHR_external_semaphore, enabled=0
[Vulkan init] extensions: name=VK_KHR_external_semaphore_fd, enabled=0
[Vulkan init] extensions: name=VK_KHR_fragment_shading_rate, enabled=0
[Vulkan init] extensions: name=VK_KHR_get_memory_requirements2, enabled=1
[Vulkan init] extensions: name=VK_KHR_image_format_list, enabled=1
[Vulkan init] extensions: name=VK_KHR_imageless_framebuffer, enabled=0
[Vulkan init] extensions: name=VK_KHR_maintenance1, enabled=1
[Vulkan init] extensions: name=VK_KHR_maintenance2, enabled=1
[Vulkan init] extensions: name=VK_KHR_maintenance3, enabled=0
[Vulkan init] extensions: name=VK_KHR_multiview, enabled=1
[Vulkan init] extensions: name=VK_KHR_pipeline_executable_properties, enabled=0
[Vulkan init] extensions: name=VK_KHR_pipeline_library, enabled=0
[Vulkan init] extensions: name=VK_KHR_present_id, enabled=0
[Vulkan init] extensions: name=VK_KHR_present_wait, enabled=0
[Vulkan init] extensions: name=VK_KHR_push_descriptor, enabled=0
[Vulkan init] extensions: name=VK_KHR_ray_query, enabled=0
[Vulkan init] extensions: name=VK_KHR_ray_tracing_pipeline, enabled=0
[Vulkan init] extensions: name=VK_KHR_relaxed_block_layout, enabled=0
[Vulkan init] extensions: name=VK_KHR_sampler_mirror_clamp_to_edge, enabled=1
[Vulkan init] extensions: name=VK_KHR_sampler_ycbcr_conversion, enabled=0
[Vulkan init] extensions: name=VK_KHR_separate_depth_stencil_layouts, enabled=0
[Vulkan init] extensions: name=VK_KHR_shader_atomic_int64, enabled=0
[Vulkan init] extensions: name=VK_KHR_shader_clock, enabled=0
[Vulkan init] extensions: name=VK_KHR_shader_draw_parameters, enabled=0
[Vulkan init] extensions: name=VK_KHR_shader_float16_int8, enabled=0
[Vulkan init] extensions: name=VK_KHR_shader_float_controls, enabled=0
[Vulkan init] extensions: name=VK_KHR_shader_non_semantic_info, enabled=0
[Vulkan init] extensions: name=VK_KHR_shader_subgroup_extended_types, enabled=0
[Vulkan init] extensions: name=VK_KHR_shader_subgroup_uniform_control_flow, enabled=0
[Vulkan init] extensions: name=VK_KHR_shader_terminate_invocation, enabled=0
[Vulkan init] extensions: name=VK_KHR_spirv_1_4, enabled=0
[Vulkan init] extensions: name=VK_KHR_storage_buffer_storage_class, enabled=0
[Vulkan init] extensions: name=VK_KHR_swapchain, enabled=1
[Vulkan init] extensions: name=VK_KHR_swapchain_mutable_format, enabled=0
[Vulkan init] extensions: name=VK_KHR_synchronization2, enabled=0
[Vulkan init] extensions: name=VK_KHR_timeline_semaphore, enabled=0
[Vulkan init] extensions: name=VK_KHR_uniform_buffer_standard_layout, enabled=0
[Vulkan init] extensions: name=VK_KHR_variable_pointers, enabled=0
[Vulkan init] extensions: name=VK_KHR_vulkan_memory_model, enabled=0
[Vulkan init] extensions: name=VK_KHR_workgroup_memory_explicit_layout, enabled=0
[Vulkan init] extensions: name=VK_KHR_zero_initialize_workgroup_memory, enabled=0
[Vulkan init] extensions: name=VK_EXT_4444_formats, enabled=0
[Vulkan init] extensions: name=VK_EXT_blend_operation_advanced, enabled=0
[Vulkan init] extensions: name=VK_EXT_buffer_device_address, enabled=0
[Vulkan init] extensions: name=VK_EXT_calibrated_timestamps, enabled=0
[Vulkan init] extensions: name=VK_EXT_color_write_enable, enabled=0
[Vulkan init] extensions: name=VK_EXT_conditional_rendering, enabled=0
[Vulkan init] extensions: name=VK_EXT_conservative_rasterization, enabled=0
[Vulkan init] extensions: name=VK_EXT_custom_border_color, enabled=0
[Vulkan init] extensions: name=VK_EXT_depth_clip_enable, enabled=0
[Vulkan init] extensions: name=VK_EXT_depth_range_unrestricted, enabled=0
[Vulkan init] extensions: name=VK_EXT_descriptor_indexing, enabled=0
[Vulkan init] extensions: name=VK_EXT_discard_rectangles, enabled=0
[Vulkan init] extensions: name=VK_EXT_display_control, enabled=0
[Vulkan init] extensions: name=VK_EXT_extended_dynamic_state, enabled=0
[Vulkan init] extensions: name=VK_EXT_extended_dynamic_state2, enabled=0
[Vulkan init] extensions: name=VK_EXT_external_memory_host, enabled=0
[Vulkan init] extensions: name=VK_EXT_fragment_shader_interlock, enabled=0
[Vulkan init] extensions: name=VK_EXT_global_priority, enabled=0
[Vulkan init] extensions: name=VK_EXT_global_priority_query, enabled=0
[Vulkan init] extensions: name=VK_EXT_host_query_reset, enabled=0
[Vulkan init] extensions: name=VK_EXT_image_robustness, enabled=0
[Vulkan init] extensions: name=VK_EXT_index_type_uint8, enabled=0
[Vulkan init] extensions: name=VK_EXT_inline_uniform_block, enabled=0
[Vulkan init] extensions: name=VK_EXT_line_rasterization, enabled=0
[Vulkan init] extensions: name=VK_EXT_memory_budget, enabled=0
[Vulkan init] extensions: name=VK_EXT_multi_draw, enabled=0
[Vulkan init] extensions: name=VK_EXT_pci_bus_info, enabled=0
[Vulkan init] extensions: name=VK_EXT_physical_device_drm, enabled=0
[Vulkan init] extensions: name=VK_EXT_pipeline_creation_cache_control, enabled=0
[Vulkan init] extensions: name=VK_EXT_pipeline_creation_feedback, enabled=0
[Vulkan init] extensions: name=VK_EXT_post_depth_coverage, enabled=0
[Vulkan init] extensions: name=VK_EXT_private_data, enabled=0
[Vulkan init] extensions: name=VK_EXT_provoking_vertex, enabled=0
[Vulkan init] extensions: name=VK_EXT_queue_family_foreign, enabled=0
[Vulkan init] extensions: name=VK_EXT_robustness2, enabled=0
[Vulkan init] extensions: name=VK_EXT_sample_locations, enabled=0
[Vulkan init] extensions: name=VK_EXT_sampler_filter_minmax, enabled=0
[Vulkan init] extensions: name=VK_EXT_scalar_block_layout, enabled=0
[Vulkan init] extensions: name=VK_EXT_separate_stencil_usage, enabled=0
[Vulkan init] extensions: name=VK_EXT_shader_atomic_float, enabled=0
[Vulkan init] extensions: name=VK_EXT_shader_demote_to_helper_invocation, enabled=0
[Vulkan init] extensions: name=VK_EXT_shader_image_atomic_int64, enabled=0
[Vulkan init] extensions: name=VK_EXT_shader_subgroup_ballot, enabled=0
[Vulkan init] extensions: name=VK_EXT_shader_subgroup_vote, enabled=0
[Vulkan init] extensions: name=VK_EXT_shader_viewport_index_layer, enabled=0
[Vulkan init] extensions: name=VK_EXT_subgroup_size_control, enabled=0
[Vulkan init] extensions: name=VK_EXT_texel_buffer_alignment, enabled=0
[Vulkan init] extensions: name=VK_EXT_tooling_info, enabled=0
[Vulkan init] extensions: name=VK_EXT_transform_feedback, enabled=0
[Vulkan init] extensions: name=VK_EXT_vertex_attribute_divisor, enabled=0
[Vulkan init] extensions: name=VK_EXT_vertex_input_dynamic_state, enabled=0
[Vulkan init] extensions: name=VK_EXT_ycbcr_2plane_444_formats, enabled=0
[Vulkan init] extensions: name=VK_EXT_ycbcr_image_arrays, enabled=0
[Vulkan init] extensions: name=VK_NV_clip_space_w_scaling, enabled=0
[Vulkan init] extensions: name=VK_NV_compute_shader_derivatives, enabled=0
[Vulkan init] extensions: name=VK_NV_cooperative_matrix, enabled=0
[Vulkan init] extensions: name=VK_NV_corner_sampled_image, enabled=0
[Vulkan init] extensions: name=VK_NV_coverage_reduction_mode, enabled=0
[Vulkan init] extensions: name=VK_NV_cuda_kernel_launch, enabled=0
[Vulkan init] extensions: name=VK_NV_dedicated_allocation, enabled=0
[Vulkan init] extensions: name=VK_NV_dedicated_allocation_image_aliasing, enabled=0
[Vulkan init] extensions: name=VK_NV_device_diagnostic_checkpoints, enabled=0
[Vulkan init] extensions: name=VK_NV_device_diagnostics_config, enabled=0
[Vulkan init] extensions: name=VK_NV_device_generated_commands, enabled=0
[Vulkan init] extensions: name=VK_NV_fill_rectangle, enabled=0
[Vulkan init] extensions: name=VK_NV_fragment_coverage_to_color, enabled=0
[Vulkan init] extensions: name=VK_NV_fragment_shader_barycentric, enabled=0
[Vulkan init] extensions: name=VK_NV_fragment_shading_rate_enums, enabled=0
[Vulkan init] extensions: name=VK_NV_framebuffer_mixed_samples, enabled=0
[Vulkan init] extensions: name=VK_NV_geometry_shader_passthrough, enabled=0
[Vulkan init] extensions: name=VK_NV_inherited_viewport_scissor, enabled=0
[Vulkan init] extensions: name=VK_NV_mesh_shader, enabled=0
[Vulkan init] extensions: name=VK_NV_ray_tracing, enabled=0
[Vulkan init] extensions: name=VK_NV_representative_fragment_test, enabled=0
[Vulkan init] extensions: name=VK_NV_sample_mask_override_coverage, enabled=0
[Vulkan init] extensions: name=VK_NV_scissor_exclusive, enabled=0
[Vulkan init] extensions: name=VK_NV_shader_image_footprint, enabled=0
[Vulkan init] extensions: name=VK_NV_shader_sm_builtins, enabled=0
[Vulkan init] extensions: name=VK_NV_shader_subgroup_partitioned, enabled=0
[Vulkan init] extensions: name=VK_NV_shading_rate_image, enabled=0
[Vulkan init] extensions: name=VK_NV_viewport_array2, enabled=0
[Vulkan init] extensions: name=VK_NV_viewport_swizzle, enabled=0
[Vulkan init] extensions: name=VK_NVX_binary_import, enabled=0
[Vulkan init] extensions: name=VK_NVX_image_view_handle, enabled=0
[Vulkan init] extensions: name=VK_NVX_multiview_per_view_attributes, enabled=0
Vulkan API version 1.1.0 (1.2.186 supported by driver)
Vulkan vendor=[NVIDIA] id=[10de]
Vulkan renderer=[NVIDIA GeForce RTX 2060] id=[1e89]
Vulkan device type 2
Vulkan driverversion=[0x7bcb0000] uint=[2076901376]
Vulkan PSO: cache data not found [path=/tmp/IronGate/Valheim/vulkan_pso_cache.bin]
Begin MonoManager ReloadAssembly
Load DLL: /Datos/Games/PC/Valheim_Linux/valheim_Data/Managed/UnityEngine.dll
Base: UnityEngine.dll
Redirecting to /Datos/Games/PC/Valheim_Linux/unstripped_corlib/UnityEngine.dll
Load DLL: /Datos/Games/PC/Valheim_Linux/valheim_Data/Managed/UnityEngine.AIModule.dll
Base: UnityEngine.AIModule.dll
Redirecting to /Datos/Games/PC/Valheim_Linux/unstripped_corlib/UnityEngine.AIModule.dll
Load DLL: /Datos/Games/PC/Valheim_Linux/valheim_Data/Managed/UnityEngine.AndroidJNIModule.dll
Base: UnityEngine.AndroidJNIModule.dll
Redirecting to /Datos/Games/PC/Valheim_Linux/unstripped_corlib/UnityEngine.AndroidJNIModule.dll
Load DLL: /Datos/Games/PC/Valheim_Linux/valheim_Data/Managed/UnityEngine.AnimationModule.dll
Base: UnityEngine.AnimationModule.dll
Redirecting to /Datos/Games/PC/Valheim_Linux/unstripped_corlib/UnityEngine.AnimationModule.dll
Load DLL: /Datos/Games/PC/Valheim_Linux/valheim_Data/Managed/UnityEngine.AssetBundleModule.dll
Base: UnityEngine.AssetBundleModule.dll
Redirecting to /Datos/Games/PC/Valheim_Linux/unstripped_corlib/UnityEngine.AssetBundleModule.dll
Load DLL: /Datos/Games/PC/Valheim_Linux/valheim_Data/Managed/UnityEngine.AudioModule.dll
Base: UnityEngine.AudioModule.dll
Redirecting to /Datos/Games/PC/Valheim_Linux/unstripped_corlib/UnityEngine.AudioModule.dll
Load DLL: /Datos/Games/PC/Valheim_Linux/valheim_Data/Managed/UnityEngine.ClothModule.dll
Base: UnityEngine.ClothModule.dll
Redirecting to /Datos/Games/PC/Valheim_Linux/unstripped_corlib/UnityEngine.ClothModule.dll
Load DLL: /Datos/Games/PC/Valheim_Linux/valheim_Data/Managed/UnityEngine.CoreModule.dll
Base: UnityEngine.CoreModule.dll
Redirecting to /Datos/Games/PC/Valheim_Linux/unstripped_corlib/UnityEngine.CoreModule.dll
Load DLL: /Datos/Games/PC/Valheim_Linux/valheim_Data/Managed/UnityEngine.DirectorModule.dll
Base: UnityEngine.DirectorModule.dll
Redirecting to /Datos/Games/PC/Valheim_Linux/unstripped_corlib/UnityEngine.DirectorModule.dll
Load DLL: /Datos/Games/PC/Valheim_Linux/valheim_Data/Managed/UnityEngine.GridModule.dll
Base: UnityEngine.GridModule.dll
Redirecting to /Datos/Games/PC/Valheim_Linux/unstripped_corlib/UnityEngine.GridModule.dll
Load DLL: /Datos/Games/PC/Valheim_Linux/valheim_Data/Managed/UnityEngine.IMGUIModule.dll
Base: UnityEngine.IMGUIModule.dll
Redirecting to /Datos/Games/PC/Valheim_Linux/unstripped_corlib/UnityEngine.IMGUIModule.dll
Load DLL: /Datos/Games/PC/Valheim_Linux/valheim_Data/Managed/UnityEngine.InputModule.dll
Base: UnityEngine.InputModule.dll
Redirecting to /Datos/Games/PC/Valheim_Linux/unstripped_corlib/UnityEngine.InputModule.dll
Load DLL: /Datos/Games/PC/Valheim_Linux/valheim_Data/Managed/UnityEngine.InputLegacyModule.dll
Base: UnityEngine.InputLegacyModule.dll
Redirecting to /Datos/Games/PC/Valheim_Linux/unstripped_corlib/UnityEngine.InputLegacyModule.dll
Load DLL: /Datos/Games/PC/Valheim_Linux/valheim_Data/Managed/UnityEngine.ParticleSystemModule.dll
Base: UnityEngine.ParticleSystemModule.dll
Redirecting to /Datos/Games/PC/Valheim_Linux/unstripped_corlib/UnityEngine.ParticleSystemModule.dll
Load DLL: /Datos/Games/PC/Valheim_Linux/valheim_Data/Managed/UnityEngine.PhysicsModule.dll
Base: UnityEngine.PhysicsModule.dll
Redirecting to /Datos/Games/PC/Valheim_Linux/unstripped_corlib/UnityEngine.PhysicsModule.dll
Load DLL: /Datos/Games/PC/Valheim_Linux/valheim_Data/Managed/UnityEngine.Physics2DModule.dll
Base: UnityEngine.Physics2DModule.dll
Redirecting to /Datos/Games/PC/Valheim_Linux/unstripped_corlib/UnityEngine.Physics2DModule.dll
Load DLL: /Datos/Games/PC/Valheim_Linux/valheim_Data/Managed/UnityEngine.ScreenCaptureModule.dll
Base: UnityEngine.ScreenCaptureModule.dll
Redirecting to /Datos/Games/PC/Valheim_Linux/unstripped_corlib/UnityEngine.ScreenCaptureModule.dll
Load DLL: /Datos/Games/PC/Valheim_Linux/valheim_Data/Managed/UnityEngine.SharedInternalsModule.dll
Base: UnityEngine.SharedInternalsModule.dll
Redirecting to /Datos/Games/PC/Valheim_Linux/unstripped_corlib/UnityEngine.SharedInternalsModule.dll
Load DLL: /Datos/Games/PC/Valheim_Linux/valheim_Data/Managed/UnityEngine.SubsystemsModule.dll
Base: UnityEngine.SubsystemsModule.dll
Redirecting to /Datos/Games/PC/Valheim_Linux/unstripped_corlib/UnityEngine.SubsystemsModule.dll
Load DLL: /Datos/Games/PC/Valheim_Linux/valheim_Data/Managed/UnityEngine.TerrainModule.dll
Base: UnityEngine.TerrainModule.dll
Redirecting to /Datos/Games/PC/Valheim_Linux/unstripped_corlib/UnityEngine.TerrainModule.dll
Load DLL: /Datos/Games/PC/Valheim_Linux/valheim_Data/Managed/UnityEngine.TextRenderingModule.dll
Base: UnityEngine.TextRenderingModule.dll
Redirecting to /Datos/Games/PC/Valheim_Linux/unstripped_corlib/UnityEngine.TextRenderingModule.dll
Load DLL: /Datos/Games/PC/Valheim_Linux/valheim_Data/Managed/UnityEngine.TilemapModule.dll
Base: UnityEngine.TilemapModule.dll
Redirecting to /Datos/Games/PC/Valheim_Linux/unstripped_corlib/UnityEngine.TilemapModule.dll
Load DLL: /Datos/Games/PC/Valheim_Linux/valheim_Data/Managed/UnityEngine.UIModule.dll
Base: UnityEngine.UIModule.dll
Redirecting to /Datos/Games/PC/Valheim_Linux/unstripped_corlib/UnityEngine.UIModule.dll
Load DLL: /Datos/Games/PC/Valheim_Linux/valheim_Data/Managed/UnityEngine.UIElementsModule.dll
Base: UnityEngine.UIElementsModule.dll
Redirecting to /Datos/Games/PC/Valheim_Linux/unstripped_corlib/UnityEngine.UIElementsModule.dll
Load DLL: /Datos/Games/PC/Valheim_Linux/valheim_Data/Managed/UnityEngine.UnityAnalyticsModule.dll
Base: UnityEngine.UnityAnalyticsModule.dll
Redirecting to /Datos/Games/PC/Valheim_Linux/unstripped_corlib/UnityEngine.UnityAnalyticsModule.dll
Load DLL: /Datos/Games/PC/Valheim_Linux/valheim_Data/Managed/UnityEngine.UnityWebRequestModule.dll
Base: UnityEngine.UnityWebRequestModule.dll
Redirecting to /Datos/Games/PC/Valheim_Linux/unstripped_corlib/UnityEngine.UnityWebRequestModule.dll
Load DLL: /Datos/Games/PC/Valheim_Linux/valheim_Data/Managed/UnityEngine.UnityWebRequestWWWModule.dll
Base: UnityEngine.UnityWebRequestWWWModule.dll
Redirecting to /Datos/Games/PC/Valheim_Linux/unstripped_corlib/UnityEngine.UnityWebRequestWWWModule.dll
Load DLL: /Datos/Games/PC/Valheim_Linux/valheim_Data/Managed/UnityEngine.VFXModule.dll
Base: UnityEngine.VFXModule.dll
Redirecting to /Datos/Games/PC/Valheim_Linux/unstripped_corlib/UnityEngine.VFXModule.dll
Load DLL: /Datos/Games/PC/Valheim_Linux/valheim_Data/Managed/UnityEngine.VRModule.dll
Base: UnityEngine.VRModule.dll
Redirecting to /Datos/Games/PC/Valheim_Linux/unstripped_corlib/UnityEngine.VRModule.dll
Load DLL: /Datos/Games/PC/Valheim_Linux/valheim_Data/Managed/UnityEngine.VideoModule.dll
Base: UnityEngine.VideoModule.dll
Redirecting to /Datos/Games/PC/Valheim_Linux/unstripped_corlib/UnityEngine.VideoModule.dll
Load DLL: /Datos/Games/PC/Valheim_Linux/valheim_Data/Managed/UnityEngine.XRModule.dll
Base: UnityEngine.XRModule.dll
Redirecting to /Datos/Games/PC/Valheim_Linux/unstripped_corlib/UnityEngine.XRModule.dll
Load DLL: /Datos/Games/PC/Valheim_Linux/valheim_Data/Managed/Assembly-CSharp.dll
Base: Assembly-CSharp.dll
Load DLL: /Datos/Games/PC/Valheim_Linux/valheim_Data/Managed/assembly_steamworks.dll
Base: assembly_steamworks.dll
Load DLL: /Datos/Games/PC/Valheim_Linux/valheim_Data/Managed/assembly_lux.dll
Base: assembly_lux.dll
Load DLL: /Datos/Games/PC/Valheim_Linux/valheim_Data/Managed/assembly_valheim.dll
Base: assembly_valheim.dll
Load DLL: /Datos/Games/PC/Valheim_Linux/valheim_Data/Managed/assembly_guiutils.dll
Base: assembly_guiutils.dll
Load DLL: /Datos/Games/PC/Valheim_Linux/valheim_Data/Managed/UnityEngine.UI.dll
Base: UnityEngine.UI.dll
Redirecting to /Datos/Games/PC/Valheim_Linux/unstripped_corlib/UnityEngine.UI.dll
Load DLL: /Datos/Games/PC/Valheim_Linux/valheim_Data/Managed/assembly_sunshafts.dll
Base: assembly_sunshafts.dll
Load DLL: /Datos/Games/PC/Valheim_Linux/valheim_Data/Managed/assembly_googleanalytics.dll
Base: assembly_googleanalytics.dll
Load DLL: /Datos/Games/PC/Valheim_Linux/valheim_Data/Managed/assembly_postprocessing.dll
Base: assembly_postprocessing.dll
Load DLL: /Datos/Games/PC/Valheim_Linux/valheim_Data/Managed/assembly_simplemeshcombine.dll
Base: assembly_simplemeshcombine.dll
Load DLL: /Datos/Games/PC/Valheim_Linux/valheim_Data/Managed/assembly_utils.dll
Base: ass- Completed reload, in  0.173 seconds
requesting resize 1920 x 1080
Using native desktop resolution 1920 x 1080
requesting fullscreen 1920 x 1080 at 0 Hz
Desktop is 1920 x 1080 @ 60 Hz
InitializeOrResetSwapChain 1920x1080 hdr=0 samples=1
UnloadTime: 31.611469 ms
[Message:   BepInEx] BepInEx 5.4.16.0 - valheim (11/10/2021 4:55:48)
[Info   :   BepInEx] Running under Unity vUnknown (post-2017)
[Info   :   BepInEx] CLR runtime version: 4.0.30319.42000
[Info   :   BepInEx] Supports SRE: True
[Info   :   BepInEx] System platform: Bits64, Linux
[Message:   BepInEx] Preloader started
[Info   :   BepInEx] Loaded 1 patcher method from [BepInEx.Preloader 5.4.16.0]
[Info   :   BepInEx] 1 patcher plugin loaded
[Info   :   BepInEx] Patching [UnityEngine.CoreModule] with [BepInEx.Chainloader]
[Message:   BepInEx] Preloader finished
[Info   :   BepInEx] Detected Unity version: v2019.4.24f1
[Info   :   BepInEx] Detected Unity version: v2019.4.24f1
[Message:   BepInEx] Chainloader ready
[Message:   BepInEx] Chainloader ready
[Message:   BepInEx] Chainloader started
[Message:   BepInEx] Chainloader started
[Info   :   BepInEx] 10 plugins to load
[Info   :   BepInEx] 10 plugins to load
[Warning:   BepInEx] Plugin [CropReplant 3.0.0] targets a wrong version of BepInEx (5.4.17.0) and might not work until you update
[Warning:   BepInEx] Plugin [CropReplant 3.0.0] targets a wrong version of BepInEx (5.4.17.0) and might not work until you update
[Info   :   BepInEx] Loading [Craft From Containers 2.2.1]
[Info   :   BepInEx] Loading [Craft From Containers 2.2.1]
Fallback handler could not load library /Datos/Games/PC/Valheim_Linux/valheim_Data/Mono/data-0x4b91550.so
Fallback handler could not load library /Datos/Games/PC/Valheim_Linux/valheim_Data/Mono/data-0x4b93d70.so
Fallback handler could not load library /Datos/Games/PC/Valheim_Linux/valheim_Data/Mono/data-0x4bd2090.so
Fallback handler could not load library /Datos/Games/PC/Valheim_Linux/valheim_Data/Mono/data-0x4be5790.so
Fallback handler could not load library /Datos/Games/PC/Valheim_Linux/valheim_Data/Mono/data-0x4bdc010.so
Fallback handler could not load library /Datos/Games/PC/Valheim_Linux/valheim_Data/Mono/data-0x4bea3c0.so
Fallback handler could not load library /Datos/Games/PC/Valheim_Linux/valheim_Data/Mono/data-0x4bf58d0.so
Fallback handler could not load library /Datos/Games/PC/Valheim_Linux/valheim_Data/Mono/data-0x4bf2df0.so
Fallback handler could not load library /Datos/Games/PC/Valheim_Linux/valheim_Data/Mono/data-0x4bf9d30.so
Fallback handler could not load library /Datos/Games/PC/Valheim_Linux/valheim_Data/Mono/data-0x4bfee80.so
Fallback handler could not load library /Datos/Games/PC/Valheim_Linux/valheim_Data/Mono/data-0x4c14740.so
Fallback handler could not load library /Datos/Games/PC/Valheim_Linux/valheim_Data/Mono/data-0x4c1fc90.so
Fallback handler could not load library /Datos/Games/PC/Valheim_Linux/valheim_Data/Mono/data-0x4c1cfc0.so
Fallback handler could not load library /Datos/Games/PC/Valheim_Linux/valheim_Data/Mono/data-0x4bbfab0.so
Fallback handler could not load library /Datos/Games/PC/Valheim_Linux/valheim_Data/Mono/data-0x4bb8540.so
Fallback handler could not load library /Datos/Games/PC/Valheim_Linux/valheim_Data/Mono/data-0x4c78e40.so
Fallback handler could not load library /Datos/Games/PC/Valheim_Linux/valheim_Data/Mono/data-0x4c77060.so
[Info   :   BepInEx] Loading [Custom Textures 2.6.0]
[Info   :   BepInEx] Loading [Custom Textures 2.6.0]
Fallback handler could not load library /Datos/Games/PC/Valheim_Linux/valheim_Data/Mono/data-0x4c93140.so
Fallback handler could not load library /Datos/Games/PC/Valheim_Linux/valheim_Data/Mono/data-0x4c8ae10.so
Fallback handler could not load library /Datos/Games/PC/Valheim_Linux/valheim_Data/Mono/data-0x4c9a390.so
Fallback handler could not load library /Datos/Games/PC/Valheim_Linux/valheim_Data/Mono/data-0x4cb72e0.so
Fallback handler could not load library /Datos/Games/PC/Valheim_Linux/valheim_Data/Mono/data-0x4cbbf30.so
Fallback handler could not load library /Datos/Games/PC/Valheim_Linux/valheim_Data/Mono/data-0x4cc6a20.so
Fallback handler could not load library /Datos/Games/PC/Valheim_Linux/valheim_Data/Mono/data-0x4cdb390.so
[Info   :   BepInEx] Loading [Grass Tweaks 0.2.0]
[Info   :   BepInEx] Loading [Grass Tweaks 0.2.0]
Fallback handler could not load library /Datos/Games/PC/Valheim_Linux/valheim_Data/Mono/data-0x4cef910.so
Fallback handler could not load library /Datos/Games/PC/Valheim_Linux/valheim_Data/Mono/data-0x4ce5690.so
Fallback handler could not load library /Datos/Games/PC/Valheim_Linux/valheim_Data/Mono/data-0x4ce08e0.so
[Info   :   BepInEx] Loading [Instant Monster Drop 0.4.0]
[Info   :   BepInEx] Loading [Instant Monster Drop 0.4.0]
Fallback handler could not load library /Datos/Games/PC/Valheim_Linux/valheim_Data/Mono/data-0x4cf57d0.so
Fallback handler could not load library /Datos/Games/PC/Valheim_Linux/valheim_Data/Mono/data-0x4cf7a30.so
Fallback handler could not load library /Datos/Games/PC/Valheim_Linux/valheim_Data/Mono/data-0x4d003c0.so
[Info   :   BepInEx] Loading [Time Mod 0.7.0]
[Info   :   BepInEx] Loading [Time Mod 0.7.0]
Fallback handler could not load library /Datos/Games/PC/Valheim_Linux/valheim_Data/Mono/data-0x4d06aa0.so
Fallback handler could not load library /Datos/Games/PC/Valheim_Linux/valheim_Data/Mono/data-0x4d21d90.so
Fallback handler could not load library /Datos/Games/PC/Valheim_Linux/valheim_Data/Mono/data-0x4d161e0.so
Fallback handler could not load library /Datos/Games/PC/Valheim_Linux/valheim_Data/Mono/data-0x4d17530.so
Fallback handler could not load library /Datos/Games/PC/Valheim_Linux/valheim_Data/Mono/data-0x4d1f000.so
Fallback handler could not load library /Datos/Games/PC/Valheim_Linux/valheim_Data/Mono/data-0x4d1a890.so
Fallback handler could not load library /Datos/Games/PC/Valheim_Linux/valheim_Data/Mono/data-0x4d29e50.so
[Error  :   BepInEx] Could not load [CropReplant 3.0.0] because it has missing dependencies: com.jotunn.jotunn
[Error  :   BepInEx] Could not load [CropReplant 3.0.0] because it has missing dependencies: com.jotunn.jotunn
[Info   :   BepInEx] Loading [GraphicsConfigPlus 1.2.1]
[Info   :   BepInEx] Loading [GraphicsConfigPlus 1.2.1]
Fallback handler could not load library /Datos/Games/PC/Valheim_Linux/valheim_Data/Mono/data-0x4d40ae0.so
Fallback handler could not load library /Datos/Games/PC/Valheim_Linux/valheim_Data/Mono/data-0x4d62a70.so
Fallback handler could not load library /Datos/Games/PC/Valheim_Linux/valheim_Data/Mono/data-0x4d64680.so
Fallback handler could not load library /Datos/Games/PC/Valheim_Linux/valheim_Data/Mono/data-0x4d537a0.so
Fallback handler could not load library /Datos/Games/PC/Valheim_Linux/valheim_Data/Mono/data-0x4d6f330.so
Fallback handler could not load library /Datos/Games/PC/Valheim_Linux/valheim_Data/Mono/data-0x4d70b30.so
Fallback handler could not load library /Datos/Games/PC/Valheim_Linux/valheim_Data/Mono/data-0x4d72f80.so
Fallback handler could not load library /Datos/Games/PC/Valheim_Linux/valheim_Data/Mono/data-0x4d7a6d0.so
Fallback handler could not load library /Datos/Games/PC/Valheim_Linux/valheim_Data/Mono/data-0x4d77980.so
Fallback handler could not load library /Datos/Games/PC/Valheim_Linux/valheim_Data/Mono/data-0x4d7c6e0.so
Fallback handler could not load library /Datos/Games/PC/Valheim_Linux/valheim_Data/Mono/data-0x4d81a70.so
Fallback handler could not load library /Datos/Games/PC/Valheim_Linux/valheim_Data/Mono/data-0x4d82d60.so
[Info   :   BepInEx] Loading [Valheim Plus 0.9.9]
[Info   :   BepInEx] Loading [Valheim Plus 0.9.9]
Fallback handler could not load library /Datos/Games/PC/Valheim_Linux/valheim_Data/Mono/data-0x4dd6ec0.so
[Info   :Valheim Plus] Trying to load the configuration file
[Info   :Valheim Plus] Trying to load the configuration file
[Info   : Unity Log] Loading config section AdvancedBuildingMode
Loading config section AdvancedBuildingMode 
(Filename: ./Runtime/Export/Debug/Debug.bindings.h Line: 39)

[Info   : Unity Log]  Section not enabled
 Section not enabled 
(Filename: ./Runtime/Export/Debug/Debug.bindings.h Line: 39)

[Info   : Unity Log] Loading config section AdvancedEditingMode
Loading config section AdvancedEditingMode 
(Filename: ./Runtime/Export/Debug/Debug.bindings.h Line: 39)

[Info   : Unity Log]  Section not enabled
 Section not enabled 
(Filename: ./Runtime/Export/Debug/Debug.bindings.h Line: 39)

[Info   : Unity Log] Loading config section Bed
Loading config section Bed 
(Filename: ./Runtime/Export/Debug/Debug.bindings.h Line: 39)

[Info   : Unity Log]  Section not enabled
 Section not enabled 
(Filename: ./Runtime/Export/Debug/Debug.bindings.h Line: 39)

[Info   : Unity Log] Loading config section Beehive
Loading config section Beehive 
(Filename: ./Runtime/Export/Debug/Debug.bindings.h Line: 39)

[Info   : Unity Log]  Section not enabled
 Section not enabled 
(Filename: ./Runtime/Export/Debug/Debug.bindings.h Line: 39)

[Info   : Unity Log] Loading config section Building
Loading config section Building 
(Filename: ./Runtime/Export/Debug/Debug.bindings.h Line: 39)

[Info   : Unity Log]  Loading key noInvalidPlacementRestriction
 Loading key noInvalidPlacementRestriction 
(Filename: ./Runtime/Export/Debug/Debug.bindings.h Line: 39)

[Info   : Unity Log]  Loading key noMysticalForcesPreventPlacementRestriction
 Loading key noMysticalForcesPreventPlacementRestriction 
(Filename: ./Runtime/Export/Debug/Debug.bindings.h Line: 39)

[Info   : Unity Log]  Loading key noWeatherDamage
 Loading key noWeatherDamage 
(Filename: ./Runtime/Export/Debug/Debug.bindings.h Line: 39)

[Info   : Unity Log]  Loading key maximumPlacementDistance
 Loading key maximumPlacementDistance 
(Filename: ./Runtime/Export/Debug/Debug.bindings.h Line: 39)

[Info   : Unity Log]  Loading key pieceComfortRadius
 Loading key pieceComfortRadius 
(Filename: ./Runtime/Export/Debug/Debug.bindings.h Line: 39)

[Info   : Unity Log]  Loading key alwaysDropResources
 Loading key alwaysDropResources 
(Filename: ./Runtime/Export/Debug/Debug.bindings.h Line: 39)

[Info   : Unity Log]  Loading key alwaysDropExcludedResources
 Loading key alwaysDropExcludedResources 
(Filename: ./Runtime/Export/Debug/Debug.bindings.h Line: 39)

[Info   : Unity Log]  Loading key enableAreaRepair
 Loading key enableAreaRepair 
(Filename: ./Runtime/Export/Debug/Debug.bindings.h Line: 39)

[Info   : Unity Log]  Loading key areaRepairRadius
 Loading key areaRepairRadius 
(Filename: ./Runtime/Export/Debug/Debug.bindings.h Line: 39)

[Info   : Unity Log] Loading config section Deconstruct
Loading config section Deconstruct 
(Filename: ./Runtime/Export/Debug/Debug.bindings.h Line: 39)

[Info   : Unity Log]  Section not enabled
 Section not enabled 
(Filename: ./Runtime/Export/Debug/Debug.bindings.h Line: 39)

[Info   : Unity Log] Loading config section Inventory
Loading config section Inventory 
(Filename: ./Runtime/Export/Debug/Debug.bindings.h Line: 39)

[Info   : Unity Log]  Loading key inventoryFillTopToBottom
 Loading key inventoryFillTopToBottom 
(Filename: ./Runtime/Export/Debug/Debug.bindings.h Line: 39)

[Info   : Unity Log]  Loading key mergeWithExistingStacks
 Loading key mergeWithExistingStacks 
(Filename: ./Runtime/Export/Debug/Debug.bindings.h Line: 39)

[Info   : Unity Log]  Loading key playerInventoryRows
 Loading key playerInventoryRows 
(Filename: ./Runtime/Export/Debug/Debug.bindings.h Line: 39)

[Info   : Unity Log]  Loading key woodChestColumns
 Loading key woodChestColumns 
(Filename: ./Runtime/Export/Debug/Debug.bindings.h Line: 39)

[Info   : Unity Log]  Loading key woodChestRows
 Loading key woodChestRows 
(Filename: ./Runtime/Export/Debug/Debug.bindings.h Line: 39)

[Info   : Unity Log]  Loading key personalChestColumns
 Loading key personalChestColumns 
(Filename: ./Runtime/Export/Debug/Debug.bindings.h Line: 39)

[Info   : Unity Log]  Loading key personalChestRows
 Loading key personalChestRows 
(Filename: ./Runtime/Export/Debug/Debug.bindings.h Line: 39)

[Info   : Unity Log]  Loading key ironChestColumns
 Loading key ironChestColumns 
(Filename: ./Runtime/Export/Debug/Debug.bindings.h Line: 39)

[Info   : Unity Log]  Loading key ironChestRows
 Loading key ironChestRows 
(Filename: ./Runtime/Export/Debug/Debug.bindings.h Line: 39)

[Info   : Unity Log]  Loading key cartInventoryColumns
 Loading key cartInventoryColumns 
(Filename: ./Runtime/Export/Debug/Debug.bindings.h Line: 39)

[Info   : Unity Log]  Loading key cartInventoryRows
 Loading key cartInventoryRows 
(Filename: ./Runtime/Export/Debug/Debug.bindings.h Line: 39)

[Info   : Unity Log]  Loading key karveInventoryColumns
 Loading key karveInventoryColumns 
(Filename: ./Runtime/Export/Debug/Debug.bindings.h Line: 39)

[Info   : Unity Log]  Loading key karveInventoryRows
 Loading key karveInventoryRows 
(Filename: ./Runtime/Export/Debug/Debug.bindings.h Line: 39)

[Info   : Unity Log]  Loading key longboatInventoryColumns
 Loading key longboatInventoryColumns 
(Filename: ./Runtime/Export/Debug/Debug.bindings.h Line: 39)

[Info   : Unity Log]  Loading key longboatInventoryRows
 Loading key longboatInventoryRows 
(Filename: ./Runtime/Export/Debug/Debug.bindings.h Line: 39)

[Info   : Unity Log] Loading config section Items
Loading config section Items 
(Filename: ./Runtime/Export/Debug/Debug.bindings.h Line: 39)

[Info   : Unity Log]  Loading key noTeleportPrevention
 Loading key noTeleportPrevention 
(Filename: ./Runtime/Export/Debug/Debug.bindings.h Line: 39)

[Info   : Unity Log]  Loading key baseItemWeightReduction
 Loading key baseItemWeightReduction 
(Filename: ./Runtime/Export/Debug/Debug.bindings.h Line: 39)

[Info   : Unity Log]  Loading key itemStackMultiplier
 Loading key itemStackMultiplier 
(Filename: ./Runtime/Export/Debug/Debug.bindings.h Line: 39)

[Info   : Unity Log]  Loading key droppedItemOnGroundDurationInSeconds
 Loading key droppedItemOnGroundDurationInSeconds 
(Filename: ./Runtime/Export/Debug/Debug.bindings.h Line: 39)

[Info   : Unity Log] Loading config section Fermenter
Loading config section Fermenter 
(Filename: ./Runtime/Export/Debug/Debug.bindings.h Line: 39)

[Info   : Unity Log]  Section not enabled
 Section not enabled 
(Filename: ./Runtime/Export/Debug/Debug.bindings.h Line: 39)

[Info   : Unity Log] Loading config section FireSource
Loading config section FireSource 
(Filename: ./Runtime/Export/Debug/Debug.bindings.h Line: 39)

[Info   : Unity Log]  Loading key torches
 Loading key torches 
(Filename: ./Runtime/Export/Debug/Debug.bindings.h Line: 39)

[Info   : Unity Log]  Loading key fires
 Loading key fires 
(Filename: ./Runtime/Export/Debug/Debug.bindings.h Line: 39)

[Info   : Unity Log]  Loading key autoFuel
 Loading key autoFuel 
(Filename: ./Runtime/Export/Debug/Debug.bindings.h Line: 39)

[Info   : Unity Log]  Loading key ignorePrivateAreaCheck
 Loading key ignorePrivateAreaCheck 
(Filename: ./Runtime/Export/Debug/Debug.bindings.h Line: 39)

[Info   : Unity Log]  Loading key autoRange
 Loading key autoRange 
(Filename: ./Runtime/Export/Debug/Debug.bindings.h Line: 39)

[Info   : Unity Log] Loading config section Food
Loading config section Food 
(Filename: ./Runtime/Export/Debug/Debug.bindings.h Line: 39)

[Info   : Unity Log]  Section not enabled
 Section not enabled 
(Filename: ./Runtime/Export/Debug/Debug.bindings.h Line: 39)

[Info   : Unity Log] Loading config section Smelter
Loading config section Smelter 
(Filename: ./Runtime/Export/Debug/Debug.bindings.h Line: 39)

[Info   : Unity Log]  Section not enabled
 Section not enabled 
(Filename: ./Runtime/Export/Debug/Debug.bindings.h Line: 39)

[Info   : Unity Log] Loading config section Furnace
Loading config section Furnace 
(Filename: ./Runtime/Export/Debug/Debug.bindings.h Line: 39)

[Info   : Unity Log]  Section not enabled
 Section not enabled 
(Filename: ./Runtime/Export/Debug/Debug.bindings.h Line: 39)

[Info   : Unity Log] Loading config section Hotkeys
Loading config section Hotkeys 
(Filename: ./Runtime/Export/Debug/Debug.bindings.h Line: 39)

[Info   : Unity Log]  Section not enabled
 Section not enabled 
(Filename: ./Runtime/Export/Debug/Debug.bindings.h Line: 39)

[Info   : Unity Log] Loading config section Kiln
Loading config section Kiln 
(Filename: ./Runtime/Export/Debug/Debug.bindings.h Line: 39)

[Info   : Unity Log]  Section not enabled
 Section not enabled 
(Filename: ./Runtime/Export/Debug/Debug.bindings.h Line: 39)

[Info   : Unity Log] Loading config section Windmill
Loading config section Windmill 
(Filename: ./Runtime/Export/Debug/Debug.bindings.h Line: 39)

[Info   : Unity Log]  Section not enabled
 Section not enabled 
(Filename: ./Runtime/Export/Debug/Debug.bindings.h Line: 39)

[Info   : Unity Log] Loading config section SpinningWheel
Loading config section SpinningWheel 
(Filename: ./Runtime/Export/Debug/Debug.bindings.h Line: 39)

[Info   : Unity Log]  Section not enabled
 Section not enabled 
(Filename: ./Runtime/Export/Debug/Debug.bindings.h Line: 39)

[Info   : Unity Log] Loading config section Map
Loading config section Map 
(Filename: ./Runtime/Export/Debug/Debug.bindings.h Line: 39)

[Info   : Unity Log]  Section not enabled
 Section not enabled 
(Filename: ./Runtime/Export/Debug/Debug.bindings.h Line: 39)

[Info   : Unity Log] Loading config section Player
Loading config section Player 
(Filename: ./Runtime/Export/Debug/Debug.bindings.h Line: 39)

[Info   : Unity Log]  Loading key baseMaximumWeight
 Loading key baseMaximumWeight 
(Filename: ./Runtime/Export/Debug/Debug.bindings.h Line: 39)

[Info   : Unity Log]  Loading key baseMegingjordBuff
 Loading key baseMegingjordBuff 
(Filename: ./Runtime/Export/Debug/Debug.bindings.h Line: 39)

[Info   : Unity Log]  Loading key baseAutoPickUpRange
 Loading key baseAutoPickUpRange 
(Filename: ./Runtime/Export/Debug/Debug.bindings.h Line: 39)

[Info   : Unity Log]  Loading key disableCameraShake
 Loading key disableCameraShake 
(Filename: ./Runtime/Export/Debug/Debug.bindings.h Line: 39)

[Info   : Unity Log]  Loading key baseUnarmedDamage
 Loading key baseUnarmedDamage 
(Filename: ./Runtime/Export/Debug/Debug.bindings.h Line: 39)

[Info   : Unity Log]  Loading key cropNotifier
 Loading key cropNotifier 
(Filename: ./Runtime/Export/Debug/Debug.bindings.h Line: 39)

[Info   : Unity Log]  Loading key restSecondsPerComfortLevel
 Loading key restSecondsPerComfortLevel 
(Filename: ./Runtime/Export/Debug/Debug.bindings.h Line: 39)

[Info   : Unity Log]  Loading key deathPenaltyMultiplier
 Loading key deathPenaltyMultiplier 
(Filename: ./Runtime/Export/Debug/Debug.bindings.h Line: 39)

[Info   : Unity Log]  Loading key autoRepair
 Loading key autoRepair 
(Filename: ./Runtime/Export/Debug/Debug.bindings.h Line: 39)

[Info   : Unity Log]  Loading key guardianBuffDuration
 Loading key guardianBuffDuration 
(Filename: ./Runtime/Export/Debug/Debug.bindings.h Line: 39)

[Info   : Unity Log]  Loading key guardianBuffCooldown
 Loading key guardianBuffCooldown 
(Filename: ./Runtime/Export/Debug/Debug.bindings.h Line: 39)

[Info   : Unity Log]  Loading key disableGuardianBuffAnimation
 Loading key disableGuardianBuffAnimation 
(Filename: ./Runtime/Export/Debug/Debug.bindings.h Line: 39)

[Info   : Unity Log]  Loading key autoEquipShield
 Loading key autoEquipShield 
(Filename: ./Runtime/Export/Debug/Debug.bindings.h Line: 39)

[Info   : Unity Log]  Loading key skipIntro
 Loading key skipIntro 
(Filename: ./Runtime/Export/Debug/Debug.bindings.h Line: 39)

[Info   : Unity Log]  Loading key iHaveArrivedOnSpawn
 Loading key iHaveArrivedOnSpawn 
(Filename: ./Runtime/Export/Debug/Debug.bindings.h Line: 39)

[Info   : Unity Log]  Loading key queueWeaponChanges
 Loading key queueWeaponChanges 
(Filename: ./Runtime/Export/Debug/Debug.bindings.h Line: 39)

[Info   : Unity Log]  Loading key reequipItemsAfterSwimming
 Loading key reequipItemsAfterSwimming 
(Filename: ./Runtime/Export/Debug/Debug.bindings.h Line: 39)

[Info   : Unity Log]  Loading key fallDamageScalePercent
 Loading key fallDamageScalePercent 
(Filename: ./Runtime/Export/Debug/Debug.bindings.h Line: 39)

[Info   : Unity Log]  Loading key maxFallDamage
 Loading key maxFallDamage 
(Filename: ./Runtime/Export/Debug/Debug.bindings.h Line: 39)

[Info   : Unity Log]  Loading key skipTutorials
 Loading key skipTutorials 
(Filename: ./Runtime/Export/Debug/Debug.bindings.h Line: 39)

[Info   : Unity Log]  Loading key disableEncumbered
 Loading key disableEncumbered 
(Filename: ./Runtime/Export/Debug/Debug.bindings.h Line: 39)

[Info   : Unity Log] Loading config section Server
Loading config section Server 
(Filename: ./Runtime/Export/Debug/Debug.bindings.h Line: 39)

[Info   : Unity Log]  Loading key maxPlayers
 Loading key maxPlayers 
(Filename: ./Runtime/Export/Debug/Debug.bindings.h Line: 39)

[Info   : Unity Log]  Loading key disableServerPassword
 Loading key disableServerPassword 
(Filename: ./Runtime/Export/Debug/Debug.bindings.h Line: 39)

[Info   : Unity Log]  Loading key enforceMod
 Loading key enforceMod 
(Filename: ./Runtime/Export/Debug/Debug.bindings.h Line: 39)

[Info   : Unity Log]  Loading key serverSyncsConfig
 Loading key serverSyncsConfig 
(Filename: ./Runtime/Export/Debug/Debug.bindings.h Line: 39)

[Info   : Unity Log]  Loading key serverSyncHotkeys
 Loading key serverSyncHotkeys 
(Filename: ./Runtime/Export/Debug/Debug.bindings.h Line: 39)

[Info   : Unity Log] Loading config section Stamina
Loading config section Stamina 
(Filename: ./Runtime/Export/Debug/Debug.bindings.h Line: 39)

[Info   : Unity Log]  Section not enabled
 Section not enabled 
(Filename: ./Runtime/Export/Debug/Debug.bindings.h Line: 39)

[Info   : Unity Log] Loading config section StaminaUsage
Loading config section StaminaUsage 
(Filename: ./Runtime/Export/Debug/Debug.bindings.h Line: 39)

[Info   : Unity Log]  Loading key axes
 Loading key axes 
(Filename: ./Runtime/Export/Debug/Debug.bindings.h Line: 39)

[Info   : Unity Log]  Loading key bows
 Loading key bows 
(Filename: ./Runtime/Export/Debug/Debug.bindings.h Line: 39)

[Info   : Unity Log]  Loading key blocking
 Loading key blocking 
(Filename: ./Runtime/Export/Debug/Debug.bindings.h Line: 39)

[Info   : Unity Log]  Loading key clubs
 Loading key clubs 
(Filename: ./Runtime/Export/Debug/Debug.bindings.h Line: 39)

[Info   : Unity Log]  Loading key knives
 Loading key knives 
(Filename: ./Runtime/Export/Debug/Debug.bindings.h Line: 39)

[Info   : Unity Log]  Loading key pickaxes
 Loading key pickaxes 
(Filename: ./Runtime/Export/Debug/Debug.bindings.h Line: 39)

[Info   : Unity Log]  Loading key polearms
 Loading key polearms 
(Filename: ./Runtime/Export/Debug/Debug.bindings.h Line: 39)

[Info   : Unity Log]  Loading key spears
 Loading key spears 
(Filename: ./Runtime/Export/Debug/Debug.bindings.h Line: 39)

[Info   : Unity Log]  Loading key swords
 Loading key swords 
(Filename: ./Runtime/Export/Debug/Debug.bindings.h Line: 39)

[Info   : Unity Log]  Loading key unarmed
 Loading key unarmed 
(Filename: ./Runtime/Export/Debug/Debug.bindings.h Line: 39)

[Info   : Unity Log]  Loading key hammer
 Loading key hammer 
(Filename: ./Runtime/Export/Debug/Debug.bindings.h Line: 39)

[Info   : Unity Log]  Loading key hoe
 Loading key hoe 
(Filename: ./Runtime/Export/Debug/Debug.bindings.h Line: 39)

[Info   : Unity Log]  Loading key cultivator
 Loading key cultivator 
(Filename: ./Runtime/Export/Debug/Debug.bindings.h Line: 39)

[Info   : Unity Log] Loading config section Workbench
Loading config section Workbench 
(Filename: ./Runtime/Export/Debug/Debug.bindings.h Line: 39)

[Info   : Unity Log]  Loading key workbenchRange
 Loading key workbenchRange 
(Filename: ./Runtime/Export/Debug/Debug.bindings.h Line: 39)

[Info   : Unity Log]  Loading key workbenchEnemySpawnRange
 Loading key workbenchEnemySpawnRange 
(Filename: ./Runtime/Export/Debug/Debug.bindings.h Line: 39)

[Info   : Unity Log]  Loading key workbenchAttachmentRange
 Loading key workbenchAttachmentRange 
(Filename: ./Runtime/Export/Debug/Debug.bindings.h Line: 39)

[Info   : Unity Log]  Loading key disableRoofCheck
 Loading key disableRoofCheck 
(Filename: ./Runtime/Export/Debug/Debug.bindings.h Line: 39)

[Info   : Unity Log] Loading config section Time
Loading config section Time 
(Filename: ./Runtime/Export/Debug/Debug.bindings.h Line: 39)

[Info   : Unity Log]  Section not enabled
 Section not enabled 
(Filename: ./Runtime/Export/Debug/Debug.bindings.h Line: 39)

[Info   : Unity Log] Loading config section Ward
Loading config section Ward 
(Filename: ./Runtime/Export/Debug/Debug.bindings.h Line: 39)

[Info   : Unity Log]  Section not enabled
 Section not enabled 
(Filename: ./Runtime/Export/Debug/Debug.bindings.h Line: 39)

[Info   : Unity Log] Loading config section StructuralIntegrity
Loading config section StructuralIntegrity 
(Filename: ./Runtime/Export/Debug/Debug.bindings.h Line: 39)

[Info   : Unity Log]  Section not enabled
 Section not enabled 
(Filename: ./Runtime/Export/Debug/Debug.bindings.h Line: 39)

[Info   : Unity Log] Loading config section Tameable
Loading config section Tameable 
(Filename: ./Runtime/Export/Debug/Debug.bindings.h Line: 39)

[Info   : Unity Log]  Section not enabled
 Section not enabled 
(Filename: ./Runtime/Export/Debug/Debug.bindings.h Line: 39)

[Info   : Unity Log] Loading config section Hud
Loading config section Hud 
(Filename: ./Runtime/Export/Debug/Debug.bindings.h Line: 39)

[Info   : Unity Log]  Loading key showRequiredItems
 Loading key showRequiredItems 
(Filename: ./Runtime/Export/Debug/Debug.bindings.h Line: 39)

[Info   : Unity Log]  Loading key experienceGainedNotifications
 Loading key experienceGainedNotifications 
(Filename: ./Runtime/Export/Debug/Debug.bindings.h Line: 39)

[Info   : Unity Log]  Loading key removeDamageFlash
 Loading key removeDamageFlash 
(Filename: ./Runtime/Export/Debug/Debug.bindings.h Line: 39)

[Info   : Unity Log]  Loading key displayBowAmmoCounts
 Loading key displayBowAmmoCounts 
(Filename: ./Runtime/Export/Debug/Debug.bindings.h Line: 39)

[Info   : Unity Log] Loading config section Experience
Loading config section Experience 
(Filename: ./Runtime/Export/Debug/Debug.bindings.h Line: 39)

[Info   : Unity Log]  Section not enabled
 Section not enabled 
(Filename: ./Runtime/Export/Debug/Debug.bindings.h Line: 39)

[Info   : Unity Log] Loading config section Camera
Loading config section Camera 
(Filename: ./Runtime/Export/Debug/Debug.bindings.h Line: 39)

[Info   : Unity Log]  Section not enabled
 Section not enabled 
(Filename: ./Runtime/Export/Debug/Debug.bindings.h Line: 39)

[Info   : Unity Log] Loading config section Game
Loading config section Game 
(Filename: ./Runtime/Export/Debug/Debug.bindings.h Line: 39)

[Info   : Unity Log]  Section not enabled
 Section not enabled 
(Filename: ./Runtime/Export/Debug/Debug.bindings.h Line: 39)

[Info   : Unity Log] Loading config section Wagon
Loading config section Wagon 
(Filename: ./Runtime/Export/Debug/Debug.bindings.h Line: 39)

[Info   : Unity Log]  Section not enabled
 Section not enabled 
(Filename: ./Runtime/Export/Debug/Debug.bindings.h Line: 39)

[Info   : Unity Log] Loading config section Gathering
Loading config section Gathering 
(Filename: ./Runtime/Export/Debug/Debug.bindings.h Line: 39)

[Info   : Unity Log]  Section not enabled
 Section not enabled 
(Filename: ./Runtime/Export/Debug/Debug.bindings.h Line: 39)

[Info   : Unity Log] Loading config section Pickable
Loading config section Pickable 
(Filename: ./Runtime/Export/Debug/Debug.bindings.h Line: 39)

[Info   : Unity Log]  Section not enabled
 Section not enabled 
(Filename: ./Runtime/Export/Debug/Debug.bindings.h Line: 39)

[Info   : Unity Log] Loading config section Durability
Loading config section Durability 
(Filename: ./Runtime/Export/Debug/Debug.bindings.h Line: 39)

[Info   : Unity Log]  Section not enabled
 Section not enabled 
(Filename: ./Runtime/Export/Debug/Debug.bindings.h Line: 39)

[Info   : Unity Log] Loading config section Armor
Loading config section Armor 
(Filename: ./Runtime/Export/Debug/Debug.bindings.h Line: 39)

[Info   : Unity Log]  Section not enabled
 Section not enabled 
(Filename: ./Runtime/Export/Debug/Debug.bindings.h Line: 39)

[Info   : Unity Log] Loading config section FreePlacementRotation
Loading config section FreePlacementRotation 
(Filename: ./Runtime/Export/Debug/Debug.bindings.h Line: 39)

[Info   : Unity Log]  Section not enabled
 Section not enabled 
(Filename: ./Runtime/Export/Debug/Debug.bindings.h Line: 39)

[Info   : Unity Log] Loading config section Shields
Loading config section Shields 
(Filename: ./Runtime/Export/Debug/Debug.bindings.h Line: 39)

[Info   : Unity Log]  Section not enabled
 Section not enabled 
(Filename: ./Runtime/Export/Debug/Debug.bindings.h Line: 39)

[Info   : Unity Log] Loading config section FirstPerson
Loading config section FirstPerson 
(Filename: ./Runtime/Export/Debug/Debug.bindings.h Line: 39)

[Info   : Unity Log]  Section not enabled
 Section not enabled 
(Filename: ./Runtime/Export/Debug/Debug.bindings.h Line: 39)

[Info   : Unity Log] Loading config section GridAlignment
Loading config section GridAlignment 
(Filename: ./Runtime/Export/Debug/Debug.bindings.h Line: 39)

[Info   : Unity Log]  Section not enabled
 Section not enabled 
(Filename: ./Runtime/Export/Debug/Debug.bindings.h Line: 39)

[Info   : Unity Log] Loading config section CraftFromChest
Loading config section CraftFromChest 
(Filename: ./Runtime/Export/Debug/Debug.bindings.h Line: 39)

[Info   : Unity Log]  Section not enabled
 Section not enabled 
(Filename: ./Runtime/Export/Debug/Debug.bindings.h Line: 39)

[Info   : Unity Log] Loading config section ValheimPlus
Loading config section ValheimPlus 
(Filename: ./Runtime/Export/Debug/Debug.bindings.h Line: 39)

[Info   : Unity Log]  Loading key mainMenuLogo
 Loading key mainMenuLogo 
(Filename: ./Runtime/Export/Debug/Debug.bindings.h Line: 39)

[Info   : Unity Log]  Loading key serverBrowserAdvertisement
 Loading key serverBrowserAdvertisement 
(Filename: ./Runtime/Export/Debug/Debug.bindings.h Line: 39)

[Info   : Unity Log] Loading config section PlayerProjectile
Loading config section PlayerProjectile 
(Filename: ./Runtime/Export/Debug/Debug.bindings.h Line: 39)

[Info   : Unity Log]  Section not enabled
 Section not enabled 
(Filename: ./Runtime/Export/Debug/Debug.bindings.h Line: 39)

[Info   : Unity Log] Loading config section MonsterProjectile
Loading config section MonsterProjectile 
(Filename: ./Runtime/Export/Debug/Debug.bindings.h Line: 39)

[Info   : Unity Log]  Section not enabled
 Section not enabled 
(Filename: ./Runtime/Export/Debug/Debug.bindings.h Line: 39)

[Info   : Unity Log] Loading config section GameClock
Loading config section GameClock 
(Filename: ./Runtime/Export/Debug/Debug.bindings.h Line: 39)

[Info   : Unity Log]  Section not enabled
 Section not enabled 
(Filename: ./Runtime/Export/Debug/Debug.bindings.h Line: 39)

[Info   : Unity Log] Loading config section Brightness
Loading config section Brightness 
(Filename: ./Runtime/Export/Debug/Debug.bindings.h Line: 39)

[Info   : Unity Log]  Section not enabled
 Section not enabled 
(Filename: ./Runtime/Export/Debug/Debug.bindings.h Line: 39)

[Info   :Valheim Plus] Configuration file loaded succesfully.
[Info   :Valheim Plus] Configuration file loaded succesfully.
Fallback handler could not load library /Datos/Games/PC/Valheim_Linux/valheim_Data/Mono/data-0x4edcb50.so
Fallback handler could not load library /Datos/Games/PC/Valheim_Linux/valheim_Data/Mono/data-0x4ee9a40.so
Fallback handler could not load library /Datos/Games/PC/Valheim_Linux/valheim_Data/Mono/data-0x4ef7140.so
Fallback handler could not load library /Datos/Games/PC/Valheim_Linux/valheim_Data/Mono/data-0x4eef810.so
Fallback handler could not load library /Datos/Games/PC/Valheim_Linux/valheim_Data/Mono/data-0x4f032c0.so
Fallback handler could not load library /Datos/Games/PC/Valheim_Linux/valheim_Data/Mono/data-0x4efdc40.so
Fallback handler could not load library /Datos/Games/PC/Valheim_Linux/valheim_Data/Mono/data-0x4f13640.so
Fallback handler could not load library /Datos/Games/PC/Valheim_Linux/valheim_Data/Mono/data-0x4f3a1e0.so
Fallback handler could not load library /Datos/Games/PC/Valheim_Linux/valheim_Data/Mono/data-0x4f33800.so
Fallback handler could not load library /Datos/Games/PC/Valheim_Linux/valheim_Data/Mono/data-0x4f27e00.so
Fallback handler could not load library /Datos/Games/PC/Valheim_Linux/valheim_Data/Mono/data-0x4f415a0.so
Fallback handler could not load library /Datos/Games/PC/Valheim_Linux/valheim_Data/Mono/data-0x4f3e1d0.so
Fallback handler could not load library /Datos/Games/PC/Valheim_Linux/valheim_Data/Mono/data-0x2322af0.so
Fallback handler could not load library /Datos/Games/PC/Valheim_Linux/valheim_Data/Mono/data-0x4f52250.so
Fallback handler could not load library /Datos/Games/PC/Valheim_Linux/valheim_Data/Mono/data-0x4f4a0c0.so
Fallback handler could not load library /Datos/Games/PC/Valheim_Linux/valheim_Data/Mono/data-0x4f4ba50.so
Fallback handler could not load library /Datos/Games/PC/Valheim_Linux/valheim_Data/Mono/data-0x4f67d70.so
Fallback handler could not load library /Datos/Games/PC/Valheim_Linux/valheim_Data/Mono/data-0x4f720f0.so
Fallback handler could not load library /Datos/Games/PC/Valheim_Linux/valheim_Data/Mono/data-0x4f75600.so
Fallback handler could not load library /Datos/Games/PC/Valheim_Linux/valheim_Data/Mono/data-0x4f7d4e0.so
Fallback handler could not load library /Datos/Games/PC/Valheim_Linux/valheim_Data/Mono/data-0x4f92a90.so
Fallback handler could not load library /Datos/Games/PC/Valheim_Linux/valheim_Data/Mono/data-0x4f9ac70.so
Fallback handler could not load library /Datos/Games/PC/Valheim_Linux/valheim_Data/Mono/data-0x4c39f40.so
Fallback handler could not load library /Datos/Games/PC/Valheim_Linux/valheim_Data/Mono/data-0x4c34cd0.so
Fallback handler could not load library /Datos/Games/PC/Valheim_Linux/valheim_Data/Mono/data-0x4c48140.so
Fallback handler could not load library /Datos/Games/PC/Valheim_Linux/valheim_Data/Mono/data-0x4c3fba0.so
Fallback handler could not load library /Datos/Games/PC/Valheim_Linux/valheim_Data/Mono/data-0x4c46320.so
Fallback handler could not load library /Datos/Games/PC/Valheim_Linux/valheim_Data/Mono/data-0x4c4a830.so
Fallback handler could not load library /Datos/Games/PC/Valheim_Linux/valheim_Data/Mono/data-0x4c72c20.so
Fallback handler could not load library /Datos/Games/PC/Valheim_Linux/valheim_Data/Mono/data-0x4c6c830.so
Fallback handler could not load library /Datos/Games/PC/Valheim_Linux/valheim_Data/Mono/data-0x4c6f0a0.so
Fallback handler could not load library /Datos/Games/PC/Valheim_Linux/valheim_Data/Mono/data-0x4c5df90.so
Fallback handler could not load library /Datos/Games/PC/Valheim_Linux/valheim_Data/Mono/data-0x4c50ab0.so
Fallback handler could not load library /Datos/Games/PC/Valheim_Linux/valheim_Data/Mono/data-0x501e4a0.so
Fallback handler could not load library /Datos/Games/PC/Valheim_Linux/valheim_Data/Mono/data-0x5025250.so
Fallback handler could not load library /Datos/Games/PC/Valheim_Linux/valheim_Data/Mono/data-0x5020670.so
Fallback handler could not load library /Datos/Games/PC/Valheim_Linux/valheim_Data/Mono/data-0x5021e90.so
Fallback handler could not load library /Datos/Games/PC/Valheim_Linux/valheim_Data/Mono/data-0x502e8a0.so
Fallback handler could not load library /Datos/Games/PC/Valheim_Linux/valheim_Data/Mono/data-0x503c980.so
Fallback handler could not load library /Datos/Games/PC/Valheim_Linux/valheim_Data/Mono/data-0x50417b0.so
Fallback handler could not load library /Datos/Games/PC/Valheim_Linux/valheim_Data/Mono/data-0x5042bb0.so
Fallback handler could not load library /Datos/Games/PC/Valheim_Linux/valheim_Data/Mono/data-0x50462f0.so
Fallback handler could not load library /Datos/Games/PC/Valheim_Linux/valheim_Data/Mono/data-0x50503f0.so
Fallback handler could not load library /Datos/Games/PC/Valheim_Linux/valheim_Data/Mono/data-0x504ec30.so
Fallback handler could not load library /Datos/Games/PC/Valheim_Linux/valheim_Data/Mono/data-0x5059590.so
Fallback handler could not load library /Datos/Games/PC/Valheim_Linux/valheim_Data/Mono/data-0x5077b80.so
Fallback handler could not load library /Datos/Games/PC/Valheim_Linux/valheim_Data/Mono/data-0x5066fb0.so
Fallback handler could not load library /Datos/Games/PC/Valheim_Linux/valheim_Data/Mono/data-0x4e983a0.so
Fallback handler could not load library /Datos/Games/PC/Valheim_Linux/valheim_Data/Mono/data-0x508ac30.so
Fallback handler could not load library /Datos/Games/PC/Valheim_Linux/valheim_Data/Mono/data-0x5085d40.so
Fallback handler could not load library /Datos/Games/PC/Valheim_Linux/valheim_Data/Mono/data-0x508d970.so
Fallback handler could not load library /Datos/Games/PC/Valheim_Linux/valheim_Data/Mono/data-0x508fb00.so
Fallback handler could not load library /Datos/Games/PC/Valheim_Linux/valheim_Data/Mono/data-0x509c280.so
Fallback handler could not load library /Datos/Games/PC/Valheim_Linux/valheim_Data/Mono/data-0x509f0e0.so
Fallback handler could not load library /Datos/Games/PC/Valheim_Linux/valheim_Data/Mono/data-0x50b0760.so
Fallback handler could not load library /Datos/Games/PC/Valheim_Linux/valheim_Data/Mono/data-0x50bd140.so
Fallback handler could not load library /Datos/Games/PC/Valheim_Linux/valheim_Data/Mono/data-0x50c5400.so
Fallback handler could not load library /Datos/Games/PC/Valheim_Linux/valheim_Data/Mono/data-0x50d4b00.so
Fallback handler could not load library /Datos/Games/PC/Valheim_Linux/valheim_Data/Mono/data-0x50d74b0.so
Fallback handler could not load library /Datos/Games/PC/Valheim_Linux/valheim_Data/Mono/data-0x50e04a0.so
Fallback handler could not load library /Datos/Games/PC/Valheim_Linux/valheim_Data/Mono/data-0x50e7040.so
Fallback handler could not load library /Datos/Games/PC/Valheim_Linux/valheim_Data/Mono/data-0x50dea90.so
Fallback handler could not load library /Datos/Games/PC/Valheim_Linux/valheim_Data/Mono/data-0x50e2330.so
Fallback handler could not load library /Datos/Games/PC/Valheim_Linux/valheim_Data/Mono/data-0x50f5250.so
Fallback handler could not load library /Datos/Games/PC/Valheim_Linux/valheim_Data/Mono/data-0x510b360.so
Fallback handler could not load library /Datos/Games/PC/Valheim_Linux/valheim_Data/Mono/data-0x5106810.so
Fallback handler could not load library /Datos/Games/PC/Valheim_Linux/valheim_Data/Mono/data-0x5101e20.so
Fallback handler could not load library /Datos/Games/PC/Valheim_Linux/valheim_Data/Mono/data-0x50fd1f0.so
Fallback handler could not load library /Datos/Games/PC/Valheim_Linux/valheim_Data/Mono/data-0x4ef2a70.so
Fallback handler could not load library /Datos/Games/PC/Valheim_Linux/valheim_Data/Mono/data-0x51244f0.so
Fallback handler could not load library /Datos/Games/PC/Valheim_Linux/valheim_Data/Mono/data-0x51282a0.so
Fallback handler could not load library /Datos/Games/PC/Valheim_Linux/valheim_Data/Mono/data-0x512f1d0.so
Fallback handler could not load library /Datos/Games/PC/Valheim_Linux/valheim_Data/Mono/data-0x512bb50.so
Fallback handler could not load library /Datos/Games/PC/Valheim_Linux/valheim_Data/Mono/data-0x5132db0.so
Fallback handler could not load library /Datos/Games/PC/Valheim_Linux/valheim_Data/Mono/data-0x514e8b0.so
Fallback handler could not load library /Datos/Games/PC/Valheim_Linux/valheim_Data/Mono/data-0x514c640.so
Fallback handler could not load library /Datos/Games/PC/Valheim_Linux/valheim_Data/Mono/data-0x5153710.so
Fallback handler could not load library /Datos/Games/PC/Valheim_Linux/valheim_Data/Mono/data-0x517f170.so
Fallback handler could not load library /Datos/Games/PC/Valheim_Linux/valheim_Data/Mono/data-0x51778d0.so
Fallback handler could not load library /Datos/Games/PC/Valheim_Linux/valheim_Data/Mono/data-0x516f3e0.so
Fallback handler could not load library /Datos/Games/PC/Valheim_Linux/valheim_Data/Mono/data-0x5161e10.so
Fallback handler could not load library /Datos/Games/PC/Valheim_Linux/valheim_Data/Mono/data-0x5179b00.so
Fallback handler could not load library /Datos/Games/PC/Valheim_Linux/valheim_Data/Mono/data-0x5175a60.so
Fallback handler could not load library /Datos/Games/PC/Valheim_Linux/valheim_Data/Mono/data-0x515c900.so
Fallback handler could not load library /Datos/Games/PC/Valheim_Linux/valheim_Data/Mono/data-0x5173690.so
Fallback handler could not load library /Datos/Games/PC/Valheim_Linux/valheim_Data/Mono/data-0x51d7670.so
Fallback handler could not load library /Datos/Games/PC/Valheim_Linux/valheim_Data/Mono/data-0x51b7cb0.so
Fallback handler could not load library /Datos/Games/PC/Valheim_Linux/valheim_Data/Mono/data-0x51e2740.so
Fallback handler could not load library /Datos/Games/PC/Valheim_Linux/valheim_Data/Mono/data-0x51e00d0.so
Fallback handler could not load library /Datos/Games/PC/Valheim_Linux/valheim_Data/Mono/data-0x51dd490.so
Fallback handler could not load library /Datos/Games/PC/Valheim_Linux/valheim_Data/Mono/data-0x51d26c0.so
Fallback handler could not load library /Datos/Games/PC/Valheim_Linux/valheim_Data/Mono/data-0x51c8d40.so
Fallback handler could not load library /Datos/Games/PC/Valheim_Linux/valheim_Data/Mono/data-0x51ce080.so
Fallback handler could not load library /Datos/Games/PC/Valheim_Linux/valheim_Data/Mono/data-0x51cf9f0.so
Fallback handler could not load library /Datos/Games/PC/Valheim_Linux/valheim_Data/Mono/data-0x51c48b0.so
Fallback handler could not load library /Datos/Games/PC/Valheim_Linux/valheim_Data/Mono/data-0x51a2490.so
Fallback handler could not load library /Datos/Games/PC/Valheim_Linux/valheim_Data/Mono/data-0x51b24b0.so
Fallback handler could not load library /Datos/Games/PC/Valheim_Linux/valheim_Data/Mono/data-0x51e85c0.so
Fallback handler could not load library /Datos/Games/PC/Valheim_Linux/valheim_Data/Mono/data-0x51af5b0.so
Fallback handler could not load library /Datos/Games/PC/Valheim_Linux/valheim_Data/Mono/data-0x51f3d00.so
Fallback handler could not load library /Datos/Games/PC/Valheim_Linux/valheim_Data/Mono/data-0x51f7ba0.so
Fallback handler could not load library /Datos/Games/PC/Valheim_Linux/valheim_Data/Mono/data-0x51f5a90.so
Fallback handler could not load library /Datos/Games/PC/Valheim_Linux/valheim_Data/Mono/data-0x51fa490.so
Fallback handler could not load library /Datos/Games/PC/Valheim_Linux/valheim_Data/Mono/data-0x51fcc90.so
Fallback handler could not load library /Datos/Games/PC/Valheim_Linux/valheim_Data/Mono/data-0x5216f20.so
Fallback handler could not load library /Datos/Games/PC/Valheim_Linux/valheim_Data/Mono/data-0x5202d30.so
Fallback handler could not load library /Datos/Games/PC/Valheim_Linux/valheim_Data/Mono/data-0x52296a0.so
Fallback handler could not load library /Datos/Games/PC/Valheim_Linux/valheim_Data/Mono/data-0x5227550.so
Fallback handler could not load library /Datos/Games/PC/Valheim_Linux/valheim_Data/Mono/data-0x5213ec0.so
Fallback handler could not load library /Datos/Games/PC/Valheim_Linux/valheim_Data/Mono/data-0x52214f0.so
Fallback handler could not load library /Datos/Games/PC/Valheim_Linux/valheim_Data/Mono/data-0x5232e60.so
Fallback handler could not load library /Datos/Games/PC/Valheim_Linux/valheim_Data/Mono/data-0x523af50.so
Fallback handler could not load library /Datos/Games/PC/Valheim_Linux/valheim_Data/Mono/data-0x5236d30.so
Fallback handler could not load library /Datos/Games/PC/Valheim_Linux/valheim_Data/Mono/data-0x524b160.so
Fallback handler could not load library /Datos/Games/PC/Valheim_Linux/valheim_Data/Mono/data-0x5254320.so
Fallback handler could not load library /Datos/Games/PC/Valheim_Linux/valheim_Data/Mono/data-0x52520a0.so
Fallback handler could not load library /Datos/Games/PC/Valheim_Linux/valheim_Data/Mono/data-0x5246700.so
Fallback handler could not load library /Datos/Games/PC/Valheim_Linux/valheim_Data/Mono/data-0x5261ff0.so
Fallback handler could not load library /Datos/Games/PC/Valheim_Linux/valheim_Data/Mono/data-0x525d350.so
Fallback handler could not load library /Datos/Games/PC/Valheim_Linux/valheim_Data/Mono/data-0x526d7e0.so
Fallback handler could not load library /Datos/Games/PC/Valheim_Linux/valheim_Data/Mono/data-0x5291740.so
Fallback handler could not load library /Datos/Games/PC/Valheim_Linux/valheim_Data/Mono/data-0x528f450.so
Fallback handler could not load library /Datos/Games/PC/Valheim_Linux/valheim_Data/Mono/data-0x5278ab0.so
Fallback handler could not load library /Datos/Games/PC/Valheim_Linux/valheim_Data/Mono/data-0x5274e40.so
Fallback handler could not load library /Datos/Games/PC/Valheim_Linux/valheim_Data/Mono/data-0x528bfe0.so
Fallback handler could not load library /Datos/Games/PC/Valheim_Linux/valheim_Data/Mono/data-0x5298410.so
Fallback handler could not load library /Datos/Games/PC/Valheim_Linux/valheim_Data/Mono/data-0x52a26e0.so
Fallback handler could not load library /Datos/Games/PC/Valheim_Linux/valheim_Data/Mono/data-0x52937e0.so
Fallback handler could not load library /Datos/Games/PC/Valheim_Linux/valheim_Data/Mono/data-0x529aac0.so
Fallback handler could not load library /Datos/Games/PC/Valheim_Linux/valheim_Data/Mono/data-0x529df40.so
Fallback handler could not load library /Datos/Games/PC/Valheim_Linux/valheim_Data/Mono/data-0x52ad060.so
[Info   :Valheim Plus] ValheimPlus [0.9.9] is up to date.
[Info   :Valheim Plus] ValheimPlus [0.9.9] is up to date.
[Info   :   BepInEx] Loading [Display BepInEx Info In-Game 2.0.0]
[Info   :   BepInEx] Loading [Display BepInEx Info In-Game 2.0.0]
Fallback handler could not load library /Datos/Games/PC/Valheim_Linux/valheim_Data/Mono/data-0x52e9750.so
Fallback handler could not load library /Datos/Games/PC/Valheim_Linux/valheim_Data/Mono/data-0x52d0f50.so
Fallback handler could not load library /Datos/Games/PC/Valheim_Linux/valheim_Data/Mono/data-0x52dcf00.so
Fallback handler could not load library /Datos/Games/PC/Valheim_Linux/valheim_Data/Mono/data-0x52e7a80.so
[Info   :   BepInEx] Loading [Equipment and Quick Slots 2.0.14]
[Info   :   BepInEx] Loading [Equipment and Quick Slots 2.0.14]
Fallback handler could not load library /Datos/Games/PC/Valheim_Linux/valheim_Data/Mono/data-0x534ea00.so
Fallback handler could not load library /Datos/Games/PC/Valheim_Linux/valheim_Data/Mono/data-0x5335510.so
Fallback handler could not load library /Datos/Games/PC/Valheim_Linux/valheim_Data/Mono/data-0x5331250.so
Fallback handler could not load library /Datos/Games/PC/Valheim_Linux/valheim_Data/Mono/data-0x539b580.so
Fallback handler could not load library /Datos/Games/PC/Valheim_Linux/valheim_Data/Mono/data-0x53990e0.so
Fallback handler could not load library /Datos/Games/PC/Valheim_Linux/valheim_Data/Mono/data-0x539ea50.so
Fallback handler could not load library /Datos/Games/PC/Valheim_Linux/valheim_Data/Mono/data-0x534ac00.so
Fallback handler could not load library /Datos/Games/PC/Valheim_Linux/valheim_Data/Mono/data-0x5343de0.so
Fallback handler could not load library /Datos/Games/PC/Valheim_Linux/valheim_Data/Mono/data-0x533ac90.so
Fallback handler could not load library /Datos/Games/PC/Valheim_Linux/valheim_Data/Mono/data-0x5350a10.so
Fallback handler could not load library /Datos/Games/PC/Valheim_Linux/valheim_Data/Mono/data-0x5362da0.so
Fallback handler could not load library /Datos/Games/PC/Valheim_Linux/valheim_Data/Mono/data-0x53a5660.so
Fallback handler could not load library /Datos/Games/PC/Valheim_Linux/valheim_Data/Mono/data-0x53a7dd0.so
Fallback handler could not load library /Datos/Games/PC/Valheim_Linux/valheim_Data/Mono/data-0x53641f0.so
Fallback handler could not load library /Datos/Games/PC/Valheim_Linux/valheim_Data/Mono/data-0x538d270.so
Fallback handler could not load library /Datos/Games/PC/Valheim_Linux/valheim_Data/Mono/data-0x538a930.so
Fallback handler could not load library /Datos/Games/PC/Valheim_Linux/valheim_Data/Mono/data-0x53817b0.so
Fallback handler could not load library /Datos/Games/PC/Valheim_Linux/valheim_Data/Mono/data-0x5374230.so
Fallback handler could not load library /Datos/Games/PC/Valheim_Linux/valheim_Data/Mono/data-0x537c700.so
Fallback handler could not load library /Datos/Games/PC/Valheim_Linux/valheim_Data/Mono/data-0x5377c10.so
Fallback handler could not load library /Datos/Games/PC/Valheim_Linux/valheim_Data/Mono/data-0x53bb9e0.so
Fallback handler could not load library /Datos/Games/PC/Valheim_Linux/valheim_Data/Mono/data-0x53ba070.so
Fallback handler could not load library /Datos/Games/PC/Valheim_Linux/valheim_Data/Mono/data-0x53ad770.so
Fallback handler could not load library /Datos/Games/PC/Valheim_Linux/valheim_Data/Mono/data-0x53b62f0.so
Fallback handler could not load library /Datos/Games/PC/Valheim_Linux/valheim_Data/Mono/data-0x53b2ca0.so
Fallback handler could not load library /Datos/Games/PC/Valheim_Linux/valheim_Data/Mono/data-0x53cc600.so
Fallback handler could not load library /Datos/Games/PC/Valheim_Linux/valheim_Data/Mono/data-0x53c20a0.so
Fallback handler could not load library /Datos/Games/PC/Valheim_Linux/valheim_Data/Mono/data-0x53ce8e0.so
Fallback handler could not load library /Datos/Games/PC/Valheim_Linux/valheim_Data/Mono/data-0x53d1480.so
Fallback handler could not load library /Datos/Games/PC/Valheim_Linux/valheim_Data/Mono/data-0x53d4c70.so
Fallback handler could not load library /Datos/Games/PC/Valheim_Linux/valheim_Data/Mono/data-0x53e52d0.so
Fallback handler could not load library /Datos/Games/PC/Valheim_Linux/valheim_Data/Mono/data-0x53d77e0.so
Fallback handler could not load library /Datos/Games/PC/Valheim_Linux/valheim_Data/Mono/data-0x53da010.so
Fallback handler could not load library /Datos/Games/PC/Valheim_Linux/valheim_Data/Mono/data-0x53dda10.so
Fallback handler could not load library /Datos/Games/PC/Valheim_Linux/valheim_Data/Mono/data-0x53e00e0.so
Fallback handler could not load library /Datos/Games/PC/Valheim_Linux/valheim_Data/Mono/data-0x53ead60.so
Fallback handler could not load library /Datos/Games/PC/Valheim_Linux/valheim_Data/Mono/data-0x53ee880.so
Fallback handler could not load library /Datos/Games/PC/Valheim_Linux/valheim_Data/Mono/data-0x53f1f30.so
Fallback handler could not load library /Datos/Games/PC/Valheim_Linux/valheim_Data/Mono/data-0x53f52a0.so
Fallback handler could not load library /Datos/Games/PC/Valheim_Linux/valheim_Data/Mono/data-0x53f7c10.so
Fallback handler could not load library /Datos/Games/PC/Valheim_Linux/valheim_Data/Mono/data-0x53fd8e0.so
Fallback handler could not load library /Datos/Games/PC/Valheim_Linux/valheim_Data/Mono/data-0x5400b50.so
Fallback handler could not load library /Datos/Games/PC/Valheim_Linux/valheim_Data/Mono/data-0x54045a0.so
Fallback handler could not load library /Datos/Games/PC/Valheim_Linux/valheim_Data/Mono/data-0x5408e70.so
Fallback handler could not load library /Datos/Games/PC/Valheim_Linux/valheim_Data/Mono/data-0x54268b0.so
Fallback handler could not load library /Datos/Games/PC/Valheim_Linux/valheim_Data/Mono/data-0x541a040.so
Fallback handler could not load library /Datos/Games/PC/Valheim_Linux/valheim_Data/Mono/data-0x54399b0.so
Fallback handler could not load library /Datos/Games/PC/Valheim_Linux/valheim_Data/Mono/data-0x548c610.so
Fallback handler could not load library /Datos/Games/PC/Valheim_Linux/valheim_Data/Mono/data-0x541ec30.so
Fallback handler could not load library /Datos/Games/PC/Valheim_Linux/valheim_Data/Mono/data-0x54295b0.so
Fallback handler could not load library /Datos/Games/PC/Valheim_Linux/valheim_Data/Mono/data-0x543fe70.so
Fallback handler could not load library /Datos/Games/PC/Valheim_Linux/valheim_Data/Mono/data-0x5442000.so
Fallback handler could not load library /Datos/Games/PC/Valheim_Linux/valheim_Data/Mono/data-0x5444610.so
[Message:   BepInEx] Chainloader startup complete
[Message:   BepInEx] Chainloader startup complete
[Info   : Unity Log] 11/03/2021 14:40:53: Starting to load scene:start

11/03/2021 14:40:53: Starting to load scene:start
 
(Filename: ./Runtime/Export/Debug/Debug.bindings.h Line: 39)

Couldn't create a Convex Mesh from source mesh "default" within the maximum polygons limit (256). The partial hull will be used. Consider simplifying your mesh. 
(Filename:  Line: 91)

Couldn't create a Convex Mesh from source mesh "default" within the maximum polygons limit (256). The partial hull will be used. Consider simplifying your mesh. 
(Filename:  Line: 91)

Unloading 6 Unused Serialized files (Serialized files now loaded: 2)
Setting up 2 worker threads for Enlighten.
  Thread -> id: 7ff663fff640 -> priority: 1 
  Thread -> id: 7ff662d53640 -> priority: 1 
UnloadTime: 3.360199 ms
[Warning: Unity Log] Only custom filters can be played. Please add a custom filter or an audioclip to the audiosource (Amb_MainMenu).
Only custom filters can be played. Please add a custom filter or an audioclip to the audiosource (Amb_MainMenu). 
(Filename:  Line: 516)

[Info   : Unity Log] Version generator started.
Version generator started. 
(Filename: ./Runtime/Export/Debug/Debug.bindings.h Line: 39)

[Info   : Unity Log] Version generated with enforced mod : 0.203.11@0.9.9
Version generated with enforced mod : 0.203.11@0.9.9 
(Filename: ./Runtime/Export/Debug/Debug.bindings.h Line: 39)

[Info   : Unity Log] 11/03/2021 14:41:13: Valheim version:0.203.11@0.9.9

11/03/2021 14:41:13: Valheim version:0.203.11@0.9.9
 
(Filename: ./Runtime/Export/Debug/Debug.bindings.h Line: 39)

[Info   : Unity Log] vSyncCount: 1 to 1
vSyncCount: 1 to 1 
(Filename: ./Runtime/Export/Debug/Debug.bindings.h Line: 39)

[Info   : Unity Log] Version generator started.
Version generator started. 
(Filename: ./Runtime/Export/Debug/Debug.bindings.h Line: 39)

[Info   : Unity Log] Version generated with enforced mod : 0.203.11@0.9.9
Version generated with enforced mod : 0.203.11@0.9.9 
(Filename: ./Runtime/Export/Debug/Debug.bindings.h Line: 39)

[Info   : Unity Log] 11/03/2021 14:41:13: Render threading mode:MultiThreaded

11/03/2021 14:41:13: Render threading mode:MultiThreaded
 
(Filename: ./Runtime/Export/Debug/Debug.bindings.h Line: 39)

[Info   : Unity Log] Version generator started.
Version generator started. 
(Filename: ./Runtime/Export/Debug/Debug.bindings.h Line: 39)

[Info   : Unity Log] Version generated with enforced mod : 0.203.11@0.9.9
Version generated with enforced mod : 0.203.11@0.9.9 
(Filename: ./Runtime/Export/Debug/Debug.bindings.h Line: 39)

[Info   : Unity Log] 11/03/2021 14:41:13: Using steam_appid.txt

11/03/2021 14:41:13: Using steam_appid.txt
 
(Filename: ./Runtime/Export/Debug/Debug.bindings.h Line: 39)

[Info   : Unity Log] 11/03/2021 14:41:13: Using steam APPID:892970

11/03/2021 14:41:13: Using steam APPID:892970
 
(Filename: ./Runtime/Export/Debug/Debug.bindings.h Line: 39)

[Info   : Unity Log] 11/03/2021 14:41:13: Authentication:k_ESteamNetworkingAvailability_Current

11/03/2021 14:41:13: Authentication:k_ESteamNetworkingAvailability_Current
 
(Filename: ./Runtime/Export/Debug/Debug.bindings.h Line: 39)

[Info   : Unity Log] 11/03/2021 14:41:13: Steam initialized, persona:Goldberg

11/03/2021 14:41:13: Steam initialized, persona:Goldberg
 
(Filename: ./Runtime/Export/Debug/Debug.bindings.h Line: 39)

[Warning: Unity Log] 11/03/2021 14:41:13: Missing audio clip in music respawn

11/03/2021 14:41:13: Missing audio clip in music respawn
 
(Filename: ./Runtime/Export/Debug/Debug.bindings.h Line: 39)

[Info   : Unity Log] 11/03/2021 14:41:13: Checking for installed DLCs

11/03/2021 14:41:13: Checking for installed DLCs
 
(Filename: ./Runtime/Export/Debug/Debug.bindings.h Line: 39)

[Info   : Unity Log] 11/03/2021 14:41:13: DLC:beta installed:False

11/03/2021 14:41:13: DLC:beta installed:False
 
(Filename: ./Runtime/Export/Debug/Debug.bindings.h Line: 39)

11/03/2021 14:41:13: Builder started
 
(Filename: ./Runtime/Export/Debug/Debug.bindings.h Line: 39)

[Info   : Unity Log] CustomTextures Clutter system awake
CustomTextures Clutter system awake 
(Filename: ./Runtime/Export/Debug/Debug.bindings.h Line: 39)

[Info   : Unity Log] CustomTextures Checking 17 clutters
CustomTextures Checking 17 clutters 
(Filename: ./Runtime/Export/Debug/Debug.bindings.h Line: 39)

[Info   : Unity Log] CustomTextures Clutter System RunTime 00:00:00.00
CustomTextures Clutter System RunTime 00:00:00.00 
(Filename: ./Runtime/Export/Debug/Debug.bindings.h Line: 39)

[Info   : Unity Log] Version generator started.
Version generator started. 
(Filename: ./Runtime/Export/Debug/Debug.bindings.h Line: 39)

[Info   : Unity Log] Version generated with enforced mod : 0.203.11@0.9.9
Version generated with enforced mod : 0.203.11@0.9.9 
(Filename: ./Runtime/Export/Debug/Debug.bindings.h Line: 39)

[Info   : Unity Log] 11/03/2021 14:41:14: Loaded localization CSV:localization language:English

11/03/2021 14:41:14: Loaded localization CSV:localization language:English
 
(Filename: ./Runtime/Export/Debug/Debug.bindings.h Line: 39)

[Info   : Unity Log] 11/03/2021 14:41:14: Loaded localization CSV:localization_extra language:English

11/03/2021 14:41:14: Loaded localization CSV:localization_extra language:English
 
(Filename: ./Runtime/Export/Debug/Debug.bindings.h Line: 39)

[Info   : Unity Log] 11/03/2021 14:41:14: Loaded localization CSV:localization language:English

11/03/2021 14:41:14: Loaded localization CSV:localization language:English
 
(Filename: ./Runtime/Export/Debug/Debug.bindings.h Line: 39)

[Info   : Unity Log] 11/03/2021 14:41:14: Loaded localization CSV:localization_extra language:English

11/03/2021 14:41:14: Loaded localization CSV:localization_extra language:English
 
(Filename: ./Runtime/Export/Debug/Debug.bindings.h Line: 39)

[Info   : Unity Log] CustomTextures SetupObjectDB postfix
CustomTextures SetupObjectDB postfix 
(Filename: ./Runtime/Export/Debug/Debug.bindings.h Line: 39)

[Info   : Unity Log] CustomTextures Replacing textures for 409 objects
CustomTextures Replacing textures for 409 objects 
(Filename: ./Runtime/Export/Debug/Debug.bindings.h Line: 39)

[Info   : Unity Log] CustomTextures SetupObjectDB RunTime 00:00:00.06
CustomTextures SetupObjectDB RunTime 00:00:00.06 
(Filename: ./Runtime/Export/Debug/Debug.bindings.h Line: 39)

[Info   : Unity Log] 11/03/2021 14:41:15: UI Group status changed Menu = True

11/03/2021 14:41:15: UI Group status changed Menu = True
 
(Filename: ./Runtime/Export/Debug/Debug.bindings.h Line: 39)


Unloading 198 unused Assets to reduce memory usage. Loaded Objects now: 100051.
Total: 73.044540 ms (FindLiveObjects: 3.458434 ms CreateObjectMapping: 10.497385 ms MarkObjects: 58.190635 ms  DeleteObjects: 0.897381 ms)

[Info   : Unity Log] 11/03/2021 14:41:18: UI Group status changed Menu = True

11/03/2021 14:41:18: UI Group status changed Menu = True
 
(Filename: ./Runtime/Export/Debug/Debug.bindings.h Line: 39)

Fallback handler could not load library /Datos/Games/PC/Valheim_Linux/valheim_Data/Mono/data-0x57be560.so
Fallback handler could not load library /Datos/Games/PC/Valheim_Linux/valheim_Data/Mono/data-0x57c1de0.so
Fallback handler could not load library /Datos/Games/PC/Valheim_Linux/valheim_Data/Mono/data-0x57b5ac0.so
Fallback handler could not load library /Datos/Games/PC/Valheim_Linux/valheim_Data/Mono/data-0x57b8c90.so
Fallback handler could not load library /Datos/Games/PC/Valheim_Linux/valheim_Data/Mono/data-0x57c4d30.so
Fallback handler could not load library /Datos/Games/PC/Valheim_Linux/valheim_Data/Mono/data-0x57c83c0.so
Fallback handler could not load library /Datos/Games/PC/Valheim_Linux/valheim_Data/Mono/data-0x57d29f0.so
Fallback handler could not load library /Datos/Games/PC/Valheim_Linux/valheim_Data/Mono/data-0x57d6a50.so
Fallback handler could not load library /Datos/Games/PC/Valheim_Linux/valheim_Data/Mono/data-0x57da5b0.so
Fallback handler could not load library /Datos/Games/PC/Valheim_Linux/valheim_Data/Mono/data-0x57dd8c0.so
Fallback handler could not load library /Datos/Games/PC/Valheim_Linux/valheim_Data/Mono/data-0x57ec840.so
Fallback handler could not load library /Datos/Games/PC/Valheim_Linux/valheim_Data/Mono/data-0x57e3f30.so
Fallback handler could not load library /Datos/Games/PC/Valheim_Linux/valheim_Data/Mono/data-0x57e7360.so
Fallback handler could not load library /Datos/Games/PC/Valheim_Linux/valheim_Data/Mono/data-0x5801780.so
Fallback handler could not load library /Datos/Games/PC/Valheim_Linux/valheim_Data/Mono/data-0x5805290.so
Fallback handler could not load library /Datos/Games/PC/Valheim_Linux/valheim_Data/Mono/data-0x5807b20.so
Fallback handler could not load library /Datos/Games/PC/Valheim_Linux/valheim_Data/Mono/data-0x580a2b0.so
Fallback handler could not load library /Datos/Games/PC/Valheim_Linux/valheim_Data/Mono/data-0x57f0150.so
Fallback handler could not load library /Datos/Games/PC/Valheim_Linux/valheim_Data/Mono/data-0x57f3640.so
Fallback handler could not load library /Datos/Games/PC/Valheim_Linux/valheim_Data/Mono/data-0x57f7570.so
Fallback handler could not load library /Datos/Games/PC/Valheim_Linux/valheim_Data/Mono/data-0x57faba0.so
Fallback handler could not load library /Datos/Games/PC/Valheim_Linux/valheim_Data/Mono/data-0x57fe070.so
Fallback handler could not load library /Datos/Games/PC/Valheim_Linux/valheim_Data/Mono/data-0x58116c0.so
Fallback handler could not load library /Datos/Games/PC/Valheim_Linux/valheim_Data/Mono/data-0x5814cf0.so
Fallback handler could not load library /Datos/Games/PC/Valheim_Linux/valheim_Data/Mono/data-0x58184c0.so
Fallback handler could not load library /Datos/Games/PC/Valheim_Linux/valheim_Data/Mono/data-0x581b150.so
Fallback handler could not load library /Datos/Games/PC/Valheim_Linux/valheim_Data/Mono/data-0x581ec10.so
Fallback handler could not load library /Datos/Games/PC/Valheim_Linux/valheim_Data/Mono/data-0x58222a0.so
Fallback handler could not load library /Datos/Games/PC/Valheim_Linux/valheim_Data/Mono/data-0x5825a90.so
Fallback handler could not load library /Datos/Games/PC/Valheim_Linux/valheim_Data/Mono/data-0x5829280.so
Fallback handler could not load library /Datos/Games/PC/Valheim_Linux/valheim_Data/Mono/data-0x582cb50.so
Fallback handler could not load library /Datos/Games/PC/Valheim_Linux/valheim_Data/Mono/data-0x5831460.so
Fallback handler could not load library /Datos/Games/PC/Valheim_Linux/valheim_Data/Mono/data-0x5834df0.so
Fallback handler could not load library /Datos/Games/PC/Valheim_Linux/valheim_Data/Mono/data-0x5838950.so
Fallback handler could not load library /Datos/Games/PC/Valheim_Linux/valheim_Data/Mono/data-0x583c820.so
Fallback handler could not load library /Datos/Games/PC/Valheim_Linux/valheim_Data/Mono/data-0x5840200.so
Fallback handler could not load library /Datos/Games/PC/Valheim_Linux/valheim_Data/Mono/data-0x5843530.so
Fallback handler could not load library /Datos/Games/PC/Valheim_Linux/valheim_Data/Mono/data-0x58473e0.so
Fallback handler could not load library /Datos/Games/PC/Valheim_Linux/valheim_Data/Mono/data-0x584aad0.so
Fallback handler could not load library /Datos/Games/PC/Valheim_Linux/valheim_Data/Mono/data-0x584e680.so
Fallback handler could not load library /Datos/Games/PC/Valheim_Linux/valheim_Data/Mono/data-0x5851cf0.so
Fallback handler could not load library /Datos/Games/PC/Valheim_Linux/valheim_Data/Mono/data-0x58569a0.so
Fallback handler could not load library /Datos/Games/PC/Valheim_Linux/valheim_Data/Mono/data-0x5859b90.so
Fallback handler could not load library /Datos/Games/PC/Valheim_Linux/valheim_Data/Mono/data-0x585d580.so
Fallback handler could not load library /Datos/Games/PC/Valheim_Linux/valheim_Data/Mono/data-0x5861b40.so
Fallback handler could not load library /Datos/Games/PC/Valheim_Linux/valheim_Data/Mono/data-0x5864ef0.so
Fallback handler could not load library /Datos/Games/PC/Valheim_Linux/valheim_Data/Mono/data-0x5868720.so
Fallback handler could not load library /Datos/Games/PC/Valheim_Linux/valheim_Data/Mono/data-0x586dba0.so
Fallback handler could not load library /Datos/Games/PC/Valheim_Linux/valheim_Data/Mono/data-0x5884880.so
Fallback handler could not load library /Datos/Games/PC/Valheim_Linux/valheim_Data/Mono/data-0x5880b90.so
Fallback handler could not load library /Datos/Games/PC/Valheim_Linux/valheim_Data/Mono/data-0x5895290.so
Fallback handler could not load library /Datos/Games/PC/Valheim_Linux/valheim_Data/Mono/data-0x58752f0.so
Fallback handler could not load library /Datos/Games/PC/Valheim_Linux/valheim_Data/Mono/data-0x5878d10.so
Fallback handler could not load library /Datos/Games/PC/Valheim_Linux/valheim_Data/Mono/data-0x587c220.so
Fallback handler could not load library /Datos/Games/PC/Valheim_Linux/valheim_Data/Mono/data-0x58882b0.so
Fallback handler could not load library /Datos/Games/PC/Valheim_Linux/valheim_Data/Mono/data-0x588ace0.so
Fallback handler could not load library /Datos/Games/PC/Valheim_Linux/valheim_Data/Mono/data-0x588e3b0.so
[Info   : Unity Log] 11/03/2021 14:41:37: Steam manager on destroy

11/03/2021 14:41:37: Steam manager on destroy
 
(Filename: ./Runtime/Export/Debug/Debug.bindings.h Line: 39)

Vulkan PSO: data extracted [new size=2437785, old size=0, incomplete=0]
Vulkan PSO: Saved size[2437785] path[/tmp/IronGate/Valheim/vulkan_pso_cache.bin] success=1 headerChanged=1 sizeChanged=1
embly_utils.dll
