00:00:00.000667 main     VirtualBox XPCOM Server 6.1.10 r138449 linux.amd64 (Jun  8 2020 08:33:44) release log
00:00:00.000669 main     Log opened 2020-06-29T23:44:42.798209000Z
00:00:00.000669 main     Build Type: release
00:00:00.000671 main     OS Product: Linux
00:00:00.000671 main     OS Release: 5.7.6-arch1-1
00:00:00.000672 main     OS Version: #1 SMP PREEMPT Thu, 25 Jun 2020 00:14:47 +0000
00:00:00.000686 main     DMI Product Name: Z97-HD3
00:00:00.000691 main     DMI Product Version: To be filled by O.E.M.
00:00:00.000694 main     Firmware type: UEFI
00:00:00.001150 main     Secure Boot: Disabled
00:00:00.001174 main     Host RAM: 15929MB (15.5GB) total, 11159MB (10.8GB) available
00:00:00.001176 main     Executable: /usr/lib/virtualbox/VBoxSVC
00:00:00.001177 main     Process ID: 819031
00:00:00.001177 main     Package type: LINUX_64BITS_GENERIC (OSE)
00:00:00.002323 main     IPC socket path: /tmp/.vbox-govi-ipc/ipcd
00:00:00.106295 nspr-2   VirtualBox: object creation starts
00:00:00.106373 nspr-2   Home directory: '/home/govi/.config/VirtualBox'
00:00:00.106539 nspr-2   Loading settings file "/home/govi/.config/VirtualBox/VirtualBox.xml" with version "1.12-linux"
00:00:00.107630 nspr-2   HostDnsMonitor: initializing
00:00:00.107844 nspr-2   NAT: resolv.conf: nameserver 192.168.0.1
00:00:00.107861 nspr-2   HostDnsMonitor: updating information
00:00:00.107880 nspr-2   HostDnsMonitor: old information
00:00:00.107884 nspr-2     no server entries
00:00:00.107888 nspr-2     no domain set
00:00:00.107891 nspr-2     no search string entries
00:00:00.107894 nspr-2   HostDnsMonitor: new information
00:00:00.107897 nspr-2     server 1: 192.168.0.1
00:00:00.107901 nspr-2     no domain set
00:00:00.107904 nspr-2     no search string entries
00:00:00.112584 nspr-2   VD: VDInit finished with VINF_SUCCESS
00:00:00.112799 nspr-2   ERROR [COM]: aRC=NS_ERROR_FAILURE (0x80004005) aIID={027bc463-929c-40e8-bf16-fea557cd8e7e} aComponent={SystemPropertiesWrap} aText={Cannot determine default Guest Additions ISO location. Most likely they are not available}, preserve=false aResultDetail=0
00:00:00.119389 nspr-2   Loading settings file "/Datos/Virtual Machines/Windows 10 LTSC_x64/Windows 10 LTSC_x64.vbox" with version "1.15-linux"
00:00:00.119948 nspr-2   VirtualBox: object created
00:00:00.539768 nspr-3   WARNING [COM]: aRC=NS_ERROR_FAILURE (0x80004005) aIID={16ced992-5fdc-4aba-aff5-6a39bbd7c38b} aComponent={HostWrap} aText={VirtualBox is not currently allowed to access USB devices.  You can change this by adding your user to the 'vboxusers' group.  Please see the user manual for a more detailed explanation}, preserve=true  aResultDetail=0
00:00:00.702816 nspr-2   WARNING [COM]: aRC=NS_ERROR_FAILURE (0x80004005) aIID={16ced992-5fdc-4aba-aff5-6a39bbd7c38b} aComponent={HostWrap} aText={VirtualBox is not currently allowed to access USB devices.  You can change this by adding your user to the 'vboxusers' group.  Please see the user manual for a more detailed explanation}, preserve=true  aResultDetail=0
00:00:00.703382 nspr-2   WARNING [COM]: aRC=NS_ERROR_FAILURE (0x80004005) aIID={16ced992-5fdc-4aba-aff5-6a39bbd7c38b} aComponent={HostWrap} aText={VirtualBox is not currently allowed to access USB devices.  You can change this by adding your user to the 'vboxusers' group.  Please see the user manual for a more detailed explanation}, preserve=true  aResultDetail=0
00:00:02.848934 nspr-2   Launched VM: 1811942800 pid: 819084 (0xc7f8c) frontend: GUI/Qt name: Windows 10 LTSC_x64
00:00:02.907857 nspr-4   WARNING [COM]: aRC=NS_ERROR_FAILURE (0x80004005) aIID={16ced992-5fdc-4aba-aff5-6a39bbd7c38b} aComponent={HostWrap} aText={VirtualBox is not currently allowed to access USB devices.  You can change this by adding your user to the 'vboxusers' group.  Please see the user manual for a more detailed explanation}, preserve=true  aResultDetail=0
00:00:02.908745 nspr-4   WARNING [COM]: aRC=NS_ERROR_FAILURE (0x80004005) aIID={16ced992-5fdc-4aba-aff5-6a39bbd7c38b} aComponent={HostWrap} aText={VirtualBox is not currently allowed to access USB devices.  You can change this by adding your user to the 'vboxusers' group.  Please see the user manual for a more detailed explanation}, preserve=true  aResultDetail=0
00:00:03.118519 nspr-6   WARNING [COM]: aRC=NS_ERROR_FAILURE (0x80004005) aIID={16ced992-5fdc-4aba-aff5-6a39bbd7c38b} aComponent={HostWrap} aText={VirtualBox is not currently allowed to access USB devices.  You can change this by adding your user to the 'vboxusers' group.  Please see the user manual for a more detailed explanation}, preserve=true  aResultDetail=0
00:00:03.119194 nspr-7   WARNING [COM]: aRC=NS_ERROR_FAILURE (0x80004005) aIID={16ced992-5fdc-4aba-aff5-6a39bbd7c38b} aComponent={HostWrap} aText={VirtualBox is not currently allowed to access USB devices.  You can change this by adding your user to the 'vboxusers' group.  Please see the user manual for a more detailed explanation}, preserve=true  aResultDetail=0
00:00:03.555567 nspr-3   WARNING [COM]: aRC=NS_ERROR_FAILURE (0x80004005) aIID={16ced992-5fdc-4aba-aff5-6a39bbd7c38b} aComponent={HostWrap} aText={VirtualBox is not currently allowed to access USB devices.  You can change this by adding your user to the 'vboxusers' group.  Please see the user manual for a more detailed explanation}, preserve=true  aResultDetail=0
00:00:03.556426 nspr-3   WARNING [COM]: aRC=NS_ERROR_FAILURE (0x80004005) aIID={16ced992-5fdc-4aba-aff5-6a39bbd7c38b} aComponent={HostWrap} aText={VirtualBox is not currently allowed to access USB devices.  You can change this by adding your user to the 'vboxusers' group.  Please see the user manual for a more detailed explanation}, preserve=true  aResultDetail=0
00:00:03.556593 nspr-4   ERROR [COM]: aRC=VBOX_E_OBJECT_NOT_FOUND (0x80bb0001) aIID={70401eef-c8e9-466b-9660-45cb3e9979e4} aComponent={ExtPackManagerWrap} aText={No extension pack by the name 'Oracle VM VirtualBox Extension Pack' was found}, preserve=false aResultDetail=0
00:00:03.596028 nspr-3   WARNING [COM]: aRC=NS_ERROR_FAILURE (0x80004005) aIID={16ced992-5fdc-4aba-aff5-6a39bbd7c38b} aComponent={HostWrap} aText={VirtualBox is not currently allowed to access USB devices.  You can change this by adding your user to the 'vboxusers' group.  Please see the user manual for a more detailed explanation}, preserve=true  aResultDetail=0
00:00:03.596568 nspr-3   WARNING [COM]: aRC=NS_ERROR_FAILURE (0x80004005) aIID={16ced992-5fdc-4aba-aff5-6a39bbd7c38b} aComponent={HostWrap} aText={VirtualBox is not currently allowed to access USB devices.  You can change this by adding your user to the 'vboxusers' group.  Please see the user manual for a more detailed explanation}, preserve=true  aResultDetail=0
00:00:03.621749 nspr-7   ERROR [COM]: aRC=VBOX_E_IPRT_ERROR (0x80bb0005) aIID={85632c68-b5bb-4316-a900-5eb28d3413df} aComponent={SessionMachine} aText={Saved screenshot data is not available (VERR_NOT_SUPPORTED)}, preserve=false aResultDetail=-37
00:00:03.816118 nspr-6   WARNING [COM]: aRC=NS_ERROR_FAILURE (0x80004005) aIID={16ced992-5fdc-4aba-aff5-6a39bbd7c38b} aComponent={HostWrap} aText={VirtualBox is not currently allowed to access USB devices.  You can change this by adding your user to the 'vboxusers' group.  Please see the user manual for a more detailed explanation}, preserve=true  aResultDetail=0
00:00:03.826198 nspr-3   WARNING [COM]: aRC=NS_ERROR_FAILURE (0x80004005) aIID={16ced992-5fdc-4aba-aff5-6a39bbd7c38b} aComponent={HostWrap} aText={VirtualBox is not currently allowed to access USB devices.  You can change this by adding your user to the 'vboxusers' group.  Please see the user manual for a more detailed explanation}, preserve=true  aResultDetail=0
00:00:03.827287 nspr-6   WARNING [COM]: aRC=NS_ERROR_FAILURE (0x80004005) aIID={16ced992-5fdc-4aba-aff5-6a39bbd7c38b} aComponent={HostWrap} aText={VirtualBox is not currently allowed to access USB devices.  You can change this by adding your user to the 'vboxusers' group.  Please see the user manual for a more detailed explanation}, preserve=true  aResultDetail=0
00:00:04.518822 nspr-5   WARNING [COM]: aRC=NS_ERROR_FAILURE (0x80004005) aIID={16ced992-5fdc-4aba-aff5-6a39bbd7c38b} aComponent={HostWrap} aText={VirtualBox is not currently allowed to access USB devices.  You can change this by adding your user to the 'vboxusers' group.  Please see the user manual for a more detailed explanation}, preserve=true  aResultDetail=0
00:00:04.519366 nspr-3   WARNING [COM]: aRC=NS_ERROR_FAILURE (0x80004005) aIID={16ced992-5fdc-4aba-aff5-6a39bbd7c38b} aComponent={HostWrap} aText={VirtualBox is not currently allowed to access USB devices.  You can change this by adding your user to the 'vboxusers' group.  Please see the user manual for a more detailed explanation}, preserve=true  aResultDetail=0
00:10:10.066936 nspr-3   Saving settings file "/home/govi/.config/VirtualBox/VirtualBox.xml" with version "1.12-linux"
00:10:10.071005 nspr-7   Saving settings file "/home/govi/.config/VirtualBox/VirtualBox.xml" with version "1.12-linux"
00:31:38.924880 nspr-5   Saving settings file "/Datos/Virtual Machines/Windows 10 LTSC_x64/Windows 10 LTSC_x64.vbox" with version "1.15-linux"
00:31:39.822238 nspr-3   Saving settings file "/Datos/Virtual Machines/Windows 10 LTSC_x64/Windows 10 LTSC_x64.vbox" with version "1.15-linux"
00:31:45.510149 main     VirtualBox: object deletion starts
00:31:45.510632 main     ERROR [COM]: aRC=VBOX_E_OBJECT_IN_USE (0x80bb000c) aIID={ad47ad09-787b-44ab-b343-a082a3f2dfb1} aComponent={MediumWrap} aText={Medium '/Datos/Virtual Machines/Windows 10 LTSC_x64.vdi' cannot be closed because it is still attached to 1 virtual machines}, preserve=false aResultDetail=0
00:31:45.511024 main     HostDnsMonitor: shutting down ...
00:31:45.514534 main     HostDnsMonitor: shut down
00:31:45.930030 Watcher  ERROR [COM]: aRC=E_ACCESSDENIED (0x80070005) aIID={d0a0163f-e254-4e5b-a1f2-011cf991c38d} aComponent={VirtualBoxWrap} aText={The object is not ready}, preserve=false aResultDetail=0
00:31:50.514625 main     {00007fdf70017850} HostPowerServiceLinux::~HostPowerServiceLinux: RTThreadWait() for 5000 ms failed with VERR_TIMEOUT
00:31:50.514883 main     VirtualBox: object deleted
