====================================================================================

-Iniciado Webgrab


           WebGrab+Plus/w MDB & REX Postprocess -- version  V3.1.0.0            

                                Jan van Straaten                                
                             Francis De Paemeleere                              

            thanks to Paul Weterings and all the contributing users             
--------------------------------------------------------------------------------

Job started at 15/01/2021 00:00:01
Checking License ..
For License request/update data, see WGLicense.log.txt
found: /home/govi/Programas/Webgrab++/.wg++/./siteini.user/movistarplus.es.ini -- Revision 21
encrypted with userkey and expiry date in 'new (V3)' mode
found: /home/govi/Programas/Webgrab++/.wg++/./siteini.pack/Misc/empty.ini -- Revision 00
found: /home/govi/Programas/Webgrab++/.wg++/./siteini.user/elpais.com.E.ini -- Revision 04
encrypted in 'legacy (V2)' mode
found: /home/govi/Programas/Webgrab++/.wg++/./siteini.user/bomcine.com.E.ini -- Revision 00
encrypted in 'legacy (V2)' mode
found: /home/govi/Programas/Webgrab++/.wg++/./siteini.user/orange.es.EK.ini -- Revision 00
encrypted with userkey and expiry date in 'legacy (V2)' mode

Unable to decrypt!! 
See /home/govi/Programas/Webgrab++/.wg++/./.WebGrab++.log.txt for details
found: /home/govi/Programas/Webgrab++/.wg++/./siteini.user/tvtv.us.ini -- Revision 05
found: /home/govi/Programas/Webgrab++/.wg++/./siteini.user/streamingtvguides.com.E.ini -- Revision 00
encrypted in 'legacy (V2)' mode
found: /home/govi/Programas/Webgrab++/.wg++/./siteini.user/redbull.tv.ini -- Revision 03
encrypted in 'legacy (V2)' mode
found: /home/govi/Programas/Webgrab++/.wg++/./siteini.user/nba.com.ini -- Revision 00
found: /home/govi/Programas/Webgrab++/.wg++/./siteini.user/pluto.tv.E.ini -- Revision 03
encrypted in 'legacy (V2)' mode
found: /home/govi/Programas/Webgrab++/.wg++/./siteini.user/canaldigitaal.nl.E.ini -- Revision 04
encrypted in 'legacy (V2)' mode
processing /home/govi/Programas/Webgrab++/.wg++/xmltv.xml ...
Found existing channel (xmltv_id=LA 1) in the config file
Found existing channel (xmltv_id=LA 2) in the config file
Found existing channel (xmltv_id=Antena 3) in the config file
Found existing channel (xmltv_id=Cuatro) in the config file
Found existing channel (xmltv_id=Telecinco) in the config file
Found existing channel (xmltv_id=La Sexta) in the config file
Found existing channel (xmltv_id=TVG - TV Galicia) in the config file
Found existing channel (xmltv_id=TELEVIGO) in the config file
Found existing channel (xmltv_id=24 Horas) in the config file
Found existing channel (xmltv_id=CGTN Español) in the config file
Found existing channel (xmltv_id=Mega) in the config file
Found existing channel (xmltv_id=BE MAD) in the config file
Found existing channel (xmltv_id=Discovery Max) in the config file
Found existing channel (xmltv_id=Blaze) in the config file
Found existing channel (xmltv_id=Ten) in the config file
Found existing channel (xmltv_id=DKISS) in the config file
Found existing channel (xmltv_id=Divinity) in the config file
Found existing channel (xmltv_id=COSMO) in the config file
Found existing channel (xmltv_id=Nova) in the config file
Found existing channel (xmltv_id=Atreseries) in the config file
Found existing channel (xmltv_id=Neox) in the config file
Found existing channel (xmltv_id=Energy) in the config file
Found existing channel (xmltv_id=Factoría de Ficción) in the config file
Found existing channel (xmltv_id=Comedy Central) in the config file
Found existing channel (xmltv_id=AXN) in the config file
Found existing channel (xmltv_id=AXN White) in the config file
Found existing channel (xmltv_id=SYFY) in the config file
Found existing channel (xmltv_id=Fox) in the config file
Found existing channel (xmltv_id=Fox Life) in the config file
Found existing channel (xmltv_id=TNT) in the config file
Found existing channel (xmltv_id=XTRM) in the config file
Found existing channel (xmltv_id=#0) in the config file
Found existing channel (xmltv_id=Movistar Series) in the config file
Found existing channel (xmltv_id=M. Seriesmanía) in the config file
Found existing channel (xmltv_id=Movistar Estrenos) in the config file
Found existing channel (xmltv_id=Movistar Acción) in the config file
Found existing channel (xmltv_id=M.CineDoc&Roll) in the config file
Found existing channel (xmltv_id=Movistar Cine Español) in the config file
Found existing channel (xmltv_id=Movistar Comedia) in the config file
Found existing channel (xmltv_id=M. Drama) in the config file
Found existing channel (xmltv_id=BOM Cine) in the config file
Found existing channel (xmltv_id=Hollywood) in the config file
Found existing channel (xmltv_id=Paramount Channel) in the config file
Found existing channel (xmltv_id=TCM) in the config file
Found existing channel (xmltv_id=AMC) in the config file
Found existing channel (xmltv_id=Calle 13) in the config file
Found existing channel (xmltv_id=DARK) in the config file
Found existing channel (xmltv_id=Somos) in the config file
Found existing channel (xmltv_id=Sundance) in the config file
Found existing channel (xmltv_id=Discovery) in the config file
Found existing channel (xmltv_id=Historia) in the config file
Found existing channel (xmltv_id=Crimen + Investigación) in the config file
Found existing channel (xmltv_id=National Geographic) in the config file
Found existing channel (xmltv_id=Nat Geo Wild) in the config file
Found existing channel (xmltv_id=Odisea) in the config file
Found existing channel (xmltv_id=Viajar) in the config file
Found existing channel (xmltv_id=Cazavisión) in the config file
Found existing channel (xmltv_id=Caza y Pesca) in the config file
Found existing channel (xmltv_id=Iberalia TV) in the config file
Found existing channel (xmltv_id=Animal Planet US - East) in the config file
Found existing channel (xmltv_id=Clan HD) in the config file
Found existing channel (xmltv_id=Boing) in the config file
Found existing channel (xmltv_id=Disney Channel) in the config file
Found existing channel (xmltv_id=Disney Junior) in the config file
Found existing channel (xmltv_id=Nickelodeon) in the config file
Found existing channel (xmltv_id=Nick Junior) in the config file
Found existing channel (xmltv_id=Teledeporte) in the config file
Found existing channel (xmltv_id=GOL) in the config file
Found existing channel (xmltv_id=Real Madrid TV) in the config file
Found existing channel (xmltv_id=Barça TV) in the config file
Found existing channel (xmltv_id=#Vamos) in the config file
Found existing channel (xmltv_id=Movistar LaLiga) in the config file
Found existing channel (xmltv_id=M. Liga de Campeones) in the config file
Found existing channel (xmltv_id=Movistar Deportes) in the config file
Found existing channel (xmltv_id=Movistar Fórmula 1) in the config file
Found existing channel (xmltv_id=Movistar Golf) in the config file
Found existing channel (xmltv_id=Eurosport) in the config file
Found existing channel (xmltv_id=Eurosport 2) in the config file
Found existing channel (xmltv_id=DAZN) in the config file
Found existing channel (xmltv_id=OLYHD Olympic Channel) in the config file
Found existing channel (xmltv_id=RedBull TV) in the config file
Found existing channel (xmltv_id=The Tennis Channel) in the config file
Found existing channel (xmltv_id=NBA TV) in the config file
Found existing channel (xmltv_id=ESPN) in the config file
Found existing channel (xmltv_id=ESPN2) in the config file
Found existing channel (xmltv_id=Fox Sports 1) in the config file
Found existing channel (xmltv_id=Fox Sports 2) in the config file
Found existing channel (xmltv_id=NBC Sports Network) in the config file
Found existing channel (xmltv_id=Adventure TV) in the config file
Found existing channel (xmltv_id=Pluto TV Surf) in the config file
Found existing channel (xmltv_id=Fight Time) in the config file
Found existing channel (xmltv_id=El Garage TV) in the config file
Found existing channel (xmltv_id=Wipeout) in the config file
Found existing channel (xmltv_id=FailArmy) in the config file
Found existing channel (xmltv_id=HBO On Demand) in the config file
Found existing channel (xmltv_id=BBC World) in the config file
Found existing channel (xmltv_id=CNN Int) in the config file
Found existing channel (xmltv_id=CNBC) in the config file
Found existing channel (xmltv_id=Fox News) in the config file
Found existing channel (xmltv_id=NASA Public Educational Channel) in the config file
Found existing channel (xmltv_id=40TV) in the config file
Found existing channel (xmltv_id=Mezzo) in the config file
Found existing channel (xmltv_id=Mezzo Live) in the config file
Found existing channel (xmltv_id=Sol Música) in the config file
Found existing channel (xmltv_id=TOP Latino) in the config file
Found existing channel (xmltv_id=VH1) in the config file
Found existing channel (xmltv_id=VH1 Classic) in the config file
Found existing channel (xmltv_id=Retro Music TV) in the config file
Found existing channel (xmltv_id=MTV Live) in the config file
Found existing channel (xmltv_id=MTV Hits) in the config file
Found existing channel (xmltv_id=MTV Rocks) in the config file
Found existing channel (xmltv_id=MTV Dance) in the config file
..................................................................................................................


      i=index  .=same  c=change  g=gab  r=replace  n=new


Group (0) :
update requested for - 0 - out of - 112 - channels for 3 day(s)

Group (1) :
update requested for - 112 - out of - 112 - channels for 3 day(s)
(   1/112 ) MOVISTARPLUS.ES -- chan. (xmltv_id=LA 1) -- mode Incremental
iii......................................nnnnnnnnnnnnnnnnnnn

   Summary for update of       LA 1
     missing shows added       0
     changed shows updated     0
     new shows added           19
     unchanged shows inspected 38
     total after update        62

(   2/112 ) MOVISTARPLUS.ES -- chan. (xmltv_id=LA 2) -- mode Incremental
iii..cc...............ccc.....cc...............................nnnnnnnnnnnnnnnnnnnnnnnnnnnnnnn

(   3/112 ) MOVISTARPLUS.ES -- chan. (xmltv_id=Antena 3) -- mode Incremental
iii..................cc.....................nnnnnnnnnnnnnnnnnnnn

   Summary for update of       Antena 3
     missing shows added       0
     changed shows updated     2
     new shows added           20
     unchanged shows inspected 39
     total after update        64

(   4/112 ) MOVISTARPLUS.ES -- chan. (xmltv_id=Cuatro) -- mode Incremental
iii..................................................nnnnnnnnnnnnnnnnnnnnn

(   5/112 ) MOVISTARPLUS.ES -- chan. (xmltv_id=Telecinco) -- mode Incremental
iii........................................nnnnnnnnnnnnnnnn

(   6/112 ) MOVISTARPLUS.ES -- chan. (xmltv_id=La Sexta) -- mode Incremental
iii...........cc........ccccccc...ccc.......cnnnnnnnnnnnnnnnnnnnnn

(   7/112 ) MOVISTARPLUS.ES -- chan. (xmltv_id=TVG - TV Galicia) -- mode Incremental
iii....cc......ccc.cccccccccc....................nnnnnnnnnnnnnnnnnnnnnnnnnn

(   8/112 ) EMPTY -- chan. (xmltv_id=TELEVIGO) -- mode Incremental
Unable to update channel TELEVIGO
Generic syntax exception:
   message: 
no index page data received from TELEVIGO
unable to update channel, try again later
Existing guide data restored!
(   8/112 ) MOVISTARPLUS.ES -- chan. (xmltv_id=24 Horas) -- mode Incremental
iii..c.....................................nnnnnnnnnnnnnnnnnnnn

(   9/112 ) MOVISTARPLUS.ES -- chan. (xmltv_id=CGTN Español) -- mode Incremental
iii...........................................................................................................nnnnnnnnnnnnnnnnnnnnnnnnnnnnnnnnnnnnnnnnnnnnnnnnnnnnnnn

(  10/112 ) MOVISTARPLUS.ES -- chan. (xmltv_id=Mega) -- mode Incremental
iii...............................nnnnnnnnnnnnnnnnnnnnnnnnnnnnnnnn

(  11/112 ) MOVISTARPLUS.ES -- chan. (xmltv_id=BE MAD) -- mode Incremental
iii..........................................................nnnnnnnnnnnnnnnnnnnnnnnnnnnnnnnn

(  12/112 ) MOVISTARPLUS.ES -- chan. (xmltv_id=Discovery Max) -- mode Incremental
iii....................................................................nnnnnnnnnnnnnnnnnnnnnnnnnnnnnnnnnn

(  13/112 ) MOVISTARPLUS.ES -- chan. (xmltv_id=Blaze) -- mode Incremental
iii......................................................................................nnnnnnnnnnnnnnnnnnnnnnnnnnnnnnnnnnnnnnnnnn

(  14/112 ) MOVISTARPLUS.ES -- chan. (xmltv_id=Ten) -- mode Incremental
iii.....................................nnnnnnnnnnnnnnnnnn

   Summary for update of       Ten
     missing shows added       0
     changed shows updated     0
     new shows added           18
     unchanged shows inspected 37
     total after update        61

(  15/112 ) MOVISTARPLUS.ES -- chan. (xmltv_id=DKISS) -- mode Incremental
iiicccccccccccccccccccccccccccccccccc................................nnnnnnnnnnnnnnnnnnnnnnnnnnnnnnn

(  16/112 ) MOVISTARPLUS.ES -- chan. (xmltv_id=Divinity) -- mode Incremental
iii........................................................nnnnnnnnnnnnnnnnnnnnnnnnnnnn

(  17/112 ) MOVISTARPLUS.ES -- chan. (xmltv_id=COSMO) -- mode Incremental
iiicccccccccccccccccccccccccccccccccccccccccc..ccccccccnnnnnnnnnnnnnnnnnnnn

(  18/112 ) MOVISTARPLUS.ES -- chan. (xmltv_id=Nova) -- mode Incremental
iii.ccc.ccc.ccc....ccccc..............ccnnnnnnnnn

   Summary for update of       Nova
     missing shows added       0
     changed shows updated     16
     new shows added           9
     unchanged shows inspected 21
     total after update        50

(  19/112 ) MOVISTARPLUS.ES -- chan. (xmltv_id=Atreseries) -- mode Incremental
iii..ccccccccccccccccccccc........nnnnnnn

(  20/112 ) MOVISTARPLUS.ES -- chan. (xmltv_id=Neox) -- mode Incremental
iii..ccccccccccccccccccccccccccccccccccccc..................nnnnnnnnnnnn

   Summary for update of       Neox
     missing shows added       0
     changed shows updated     37
     new shows added           12
     unchanged shows inspected 20
     total after update        84

(  21/112 ) MOVISTARPLUS.ES -- chan. (xmltv_id=Energy) -- mode Incremental
iii...............................................................nnnnnnnnnnnnnnnnnnnnnnnnnnnnnn

(  22/112 ) MOVISTARPLUS.ES -- chan. (xmltv_id=Factoría de Ficción) -- mode Incremental
iii............................................nnnnnnnnnn

(  23/112 ) MOVISTARPLUS.ES -- chan. (xmltv_id=Comedy Central) -- mode Incremental
iii.......cccccccccccccccccccccccccccccccccccccccccccccccccccccccccccnnnnnnnnnnnnnnnnnnnnnnnnn

(  24/112 ) MOVISTARPLUS.ES -- chan. (xmltv_id=AXN) -- mode Incremental
iii...........................................nnnnnnnnnnnnnnnnnn

(  25/112 ) MOVISTARPLUS.ES -- chan. (xmltv_id=AXN White) -- mode Incremental
iii.................................nnnnnnnnnnnnnnnn

(  26/112 ) MOVISTARPLUS.ES -- chan. (xmltv_id=SYFY) -- mode Incremental
iii....................................................nnnnnnnnnnnnnnnnnnnnnnnn

(  27/112 ) MOVISTARPLUS.ES -- chan. (xmltv_id=Fox) -- mode Incremental
iii...................................................................nnnnnnnnnnnnnnnnnnnnnnnnnnnnn

(  28/112 ) MOVISTARPLUS.ES -- chan. (xmltv_id=Fox Life) -- mode Incremental
iii..................................................nnnnnnnnnnnnnnnnnnnnnn

(  29/112 ) MOVISTARPLUS.ES -- chan. (xmltv_id=TNT) -- mode Incremental
iii........................ccc..ccccccccccccccccc...cccccnnnnnnnnnnnnnnnnnnnnnnn

(  30/112 ) ELPAIS.COM.E -- chan. (xmltv_id=XTRM) -- mode Incremental
iii...................................nnnnnnnnnnnnnnnnn

(  31/112 ) MOVISTARPLUS.ES -- chan. (xmltv_id=#0) -- mode Incremental
iii.....cccccccccc.ccccccccccc.......................nnnnnnnnnnnnnnnnnnnnnnnnnn

(  32/112 ) MOVISTARPLUS.ES -- chan. (xmltv_id=Movistar Series) -- mode Incremental
iii...........................................................................nnnnnnnnnnnnnnnnnnnnnnnnnnnnnnnnnnn

(  33/112 ) MOVISTARPLUS.ES -- chan. (xmltv_id=M. Seriesmanía) -- mode Incremental
iii..................cc..cc..........................................nnnnnnnnnnnnnnnnnnnnnnnnnnnnn

(  34/112 ) MOVISTARPLUS.ES -- chan. (xmltv_id=Movistar Estrenos) -- mode Incremental
iii....................................nnnnnnnnnnnnnnnnn

(  35/112 ) MOVISTARPLUS.ES -- chan. (xmltv_id=Movistar Acción) -- mode Incremental
iii..ccccccc..cc.cc..............nnnnnnnnnnnnnnn

(  36/112 ) MOVISTARPLUS.ES -- chan. (xmltv_id=M.CineDoc&Roll) -- mode Incremental
iii......................................nnnnnnnnnnnnnnnnnn

(  37/112 ) MOVISTARPLUS.ES -- chan. (xmltv_id=Movistar Cine Español) -- mode Incremental
iii.................................nnnnnnnnnnnnnnnnn

(  38/112 ) MOVISTARPLUS.ES -- chan. (xmltv_id=Movistar Comedia) -- mode Incremental
iiicccccccccccccccccccccccccccccccccccccccccc.ccccccccnnnn

(  39/112 ) MOVISTARPLUS.ES -- chan. (xmltv_id=M. Drama) -- mode Incremental
iii...................................nnnnnnnnnnnnnnn

(  40/112 ) BOMCINE.COM.E -- chan. (xmltv_id=BOM Cine) -- mode Incremental
iii..........................nnnnnnnnnnnnn

(  41/112 ) MOVISTARPLUS.ES -- chan. (xmltv_id=Hollywood) -- mode Incremental
iii.........................nnnnnnnnnnnn

(  42/112 ) MOVISTARPLUS.ES -- chan. (xmltv_id=Paramount Channel) -- mode Incremental
iii..........................ccccccccccccccnnnnnnnnnnnnnnnnnnn

(  43/112 ) MOVISTARPLUS.ES -- chan. (xmltv_id=TCM) -- mode Incremental
iii.............cccccccccccccnnnnnnnnnnnnnn

(  44/112 ) MOVISTARPLUS.ES -- chan. (xmltv_id=AMC) -- mode Incremental
iii.............................nnnnnnnnnnnnnnn

(  45/112 ) MOVISTARPLUS.ES -- chan. (xmltv_id=Calle 13) -- mode Incremental
iii.....................................................nnnnnnnnnnnnnnnnnnnnn

(  46/112 ) MOVISTARPLUS.ES -- chan. (xmltv_id=DARK) -- mode Incremental
iii.....................................nnnnnnnnnnnnnnnnn

(  47/112 ) ELPAIS.COM.E -- chan. (xmltv_id=Somos) -- mode Incremental
iii.........................nnnnnnnnnnnnn

(  48/112 ) MOVISTARPLUS.ES -- chan. (xmltv_id=Sundance) -- mode Incremental
iii..................................cccccccccccccnnnnn

(  49/112 ) MOVISTARPLUS.ES -- chan. (xmltv_id=Discovery) -- mode Incremental
iii..................................................................nnnnnnnnnnnnnnnnnnnnnnnnnnnnnnnnnnnn

(  50/112 ) MOVISTARPLUS.ES -- chan. (xmltv_id=Historia) -- mode Incremental
iii.................................................................nnnnnnnnnnnnnnnnnnnnnnnnnnn

(  51/112 ) MOVISTARPLUS.ES -- chan. (xmltv_id=Crimen + Investigación) -- mode Incremental
iiicccccccccccccccccccccccccc.cccccccccccccccccccccccccccccccccccccccccccccnnnnnnnnnnnnnnnnnnnnnnnnnnnnnnnnnnnnn

(  52/112 ) MOVISTARPLUS.ES -- chan. (xmltv_id=National Geographic) -- mode Incremental
iiicccccccc.cccccccccccccccccccccccccccccccccccccc.ccccccccccccccnnnnnnnnnnnnnnnnnnnnnnnnnnnnnnnnnnnnnn

(  53/112 ) MOVISTARPLUS.ES -- chan. (xmltv_id=Nat Geo Wild) -- mode Incremental
iiicccccccccccc.ccccccccccccccccccccccc.cccccc.cccccc.cccccccccccccccnnnnnnnnnnnnnnnnnnnnnnnnnnnnnnnnn

(  54/112 ) MOVISTARPLUS.ES -- chan. (xmltv_id=Odisea) -- mode Incremental
iii.ccccccccccccccccccccccccccccc.cccccccccccccccccccccccccccccccnnnnnnnnnnnnnnnnnnnnnnnnnnn

   Summary for update of       Odisea
     missing shows added       0
     changed shows updated     60
     new shows added           27
     unchanged shows inspected 2
     total after update        95

(  55/112 ) MOVISTARPLUS.ES -- chan. (xmltv_id=Viajar) -- mode Incremental
iiicccccccccccccccccccccccccccccccccccccccccccccccc....cccccccccccccccccccccnnnnnnnnnnnnnnnnnnnnnnnnnnnnnnnnnnnn


(  56/112 ) ORANGE.ES.EK -- chan. (xmltv_id=Cazavisión) -- skipped --> encrypted SiteIni

(  57/112 ) MOVISTARPLUS.ES -- chan. (xmltv_id=Caza y Pesca) -- mode Incremental
iii...........................................................................................nnnnnnnnnnnnnnnnnnnnnnnnnnnnnnnnnnnnnnnnnnnnnn

(  58/112 ) MOVISTARPLUS.ES -- chan. (xmltv_id=Iberalia TV) -- mode Incremental
iii.............nnnnnn

   Summary for update of       Iberalia TV
     missing shows added       0
     changed shows updated     0
     new shows added           6
     unchanged shows inspected 13
     total after update        20

(  59/112 ) TVTV.US -- chan. (xmltv_id=Animal Planet US - East) -- mode Incremental

  !! -- WARNING : tvtv.us doesn't allow epg grabbing !!
it is advised to disable this channel / site from your channel list

i

  !! -- WARNING : tvtv.us doesn't allow epg grabbing !!
it is advised to disable this channel / site from your channel list

i

  !! -- WARNING : tvtv.us doesn't allow epg grabbing !!
it is advised to disable this channel / site from your channel list

i
Unable to update channel Animal Planet US - East
Generic syntax exception:
   message: 
no index page data received from Animal Planet US - East
unable to update channel, try again later
Existing guide data restored!

(  59/112 ) ORANGE.ES.EK -- chan. (xmltv_id=Clan HD) -- skipped --> encrypted SiteIni

(  60/112 ) MOVISTARPLUS.ES -- chan. (xmltv_id=Boing) -- mode Incremental
iiicccccccccccccccccccccccccccccccccccccccccc.cccc.cccc.cccccccccc...ccccccccccccccccccccccccccccc.ccccccccccccccccccccccccccccccnnnnnnnnnnnnnnnnnnnnnnnnnnnnnnnnnnnnnnnnnnnnnnnnnnnnnnnnnnnnnnnnnnnnnnnnnnnnnnnnnnnnnnnnnnnnnnn


(  61/112 ) ORANGE.ES.EK -- chan. (xmltv_id=Disney Channel) -- skipped --> encrypted SiteIni


(  62/112 ) ORANGE.ES.EK -- chan. (xmltv_id=Disney Junior) -- skipped --> encrypted SiteIni


(  63/112 ) ORANGE.ES.EK -- chan. (xmltv_id=Nickelodeon) -- skipped --> encrypted SiteIni


(  64/112 ) ORANGE.ES.EK -- chan. (xmltv_id=Nick Junior) -- skipped --> encrypted SiteIni

(  65/112 ) MOVISTARPLUS.ES -- chan. (xmltv_id=Teledeporte) -- mode Incremental
iii.....c.cc..........c..cccccc...c.................nnnnnnnnnnnnnnnnnnnnnnnnnnn

   Summary for update of       Teledeporte
     missing shows added       0
     changed shows updated     11
     new shows added           27
     unchanged shows inspected 38
     total after update        86

(  66/112 ) MOVISTARPLUS.ES -- chan. (xmltv_id=GOL) -- mode Incremental
iii......................cc..........nnnnnnnnnnnnnnnn

(  67/112 ) MOVISTARPLUS.ES -- chan. (xmltv_id=Real Madrid TV) -- mode Incremental
iii.......................nnnnnnn

   Summary for update of       Real Madrid TV
     missing shows added       0
     changed shows updated     0
     new shows added           7
     unchanged shows inspected 23
     total after update        32

(  68/112 ) MOVISTARPLUS.ES -- chan. (xmltv_id=Barça TV) -- mode Incremental
iiiccccccccccccccccccccccccc.......nnnnnn

   Summary for update of       Barça TV
     missing shows added       0
     changed shows updated     25
     new shows added           6
     unchanged shows inspected 7
     total after update        39

(  69/112 ) MOVISTARPLUS.ES -- chan. (xmltv_id=#Vamos) -- mode Incremental
iii................cccccc.....ccccc......cccccccccccccccnn

   Summary for update of       #Vamos
     missing shows added       0
     changed shows updated     26
     new shows added           2
     unchanged shows inspected 27
     total after update        59


(  70/112 ) ORANGE.ES.EK -- chan. (xmltv_id=Movistar LaLiga) -- skipped --> encrypted SiteIni

(  71/112 ) MOVISTARPLUS.ES -- chan. (xmltv_id=M. Liga de Campeones) -- mode Incremental
iii.....cc........................................nnnnnnnnnnnnnnn

   Summary for update of       M. Liga de Campeones
     missing shows added       0
     changed shows updated     2
     new shows added           15
     unchanged shows inspected 45
     total after update        66

(  72/112 ) MOVISTARPLUS.ES -- chan. (xmltv_id=Movistar Deportes) -- mode Incremental
iii...........................................nnnnnnnnnnnnnnn

(  73/112 ) MOVISTARPLUS.ES -- chan. (xmltv_id=Movistar Fórmula 1) -- mode Incremental
iii..c..............................nnnnnnnnnnnnnnn

(  74/112 ) MOVISTARPLUS.ES -- chan. (xmltv_id=Movistar Golf) -- mode Incremental
iii.cccccccccc..ccc.cc..c.g..nnnnnnnnnnnn

   Summary for update of       Movistar Golf
     missing shows added       1
     changed shows updated     16
     new shows added           12
     unchanged shows inspected 9
     total after update        40


(  75/112 ) ORANGE.ES.EK -- chan. (xmltv_id=Eurosport) -- skipped --> encrypted SiteIni


(  76/112 ) ORANGE.ES.EK -- chan. (xmltv_id=Eurosport 2) -- skipped --> encrypted SiteIni

(  77/112 ) EMPTY -- chan. (xmltv_id=DAZN) -- mode Incremental
Unable to update channel DAZN
Generic syntax exception:
   message: 
no index page data received from DAZN
unable to update channel, try again later
Existing guide data restored!
(  77/112 ) STREAMINGTVGUIDES.COM.E -- chan. (xmltv_id=OLYHD Olympic Channel) -- mode Incremental
i.......................................................

(  78/112 ) REDBULL.TV -- chan. (xmltv_id=RedBull TV) -- mode Incremental
innnnnnnnnnnnnnnnnn
Unable to update channel RedBull TV
Generic syntax exception:
   message: 
Current culture: en-GB
time parsing error : String was not recognized as a valid DateTime.
nextstartdatetime time scrubbed : 
computer date/time format: 15/01/2021 00:06:09
Existing guide data restored!
(  78/112 ) TVTV.US -- chan. (xmltv_id=The Tennis Channel) -- mode Incremental

  !! -- WARNING : tvtv.us doesn't allow epg grabbing !!
it is advised to disable this channel / site from your channel list

i

  !! -- WARNING : tvtv.us doesn't allow epg grabbing !!
it is advised to disable this channel / site from your channel list

i

  !! -- WARNING : tvtv.us doesn't allow epg grabbing !!
it is advised to disable this channel / site from your channel list

i
Unable to update channel The Tennis Channel
Generic syntax exception:
   message: 
no index page data received from The Tennis Channel
unable to update channel, try again later
Existing guide data restored!
(  78/112 ) NBA.COM -- chan. (xmltv_id=NBA TV) -- mode Incremental
iii
no shows in indexpage!

(  79/112 ) TVTV.US -- chan. (xmltv_id=ESPN) -- mode Incremental

  !! -- WARNING : tvtv.us doesn't allow epg grabbing !!
it is advised to disable this channel / site from your channel list

i

  !! -- WARNING : tvtv.us doesn't allow epg grabbing !!
it is advised to disable this channel / site from your channel list

i

  !! -- WARNING : tvtv.us doesn't allow epg grabbing !!
it is advised to disable this channel / site from your channel list

i
Unable to update channel ESPN
Generic syntax exception:
   message: 
no index page data received from ESPN
unable to update channel, try again later
Existing guide data restored!
(  79/112 ) TVTV.US -- chan. (xmltv_id=ESPN2) -- mode Incremental

  !! -- WARNING : tvtv.us doesn't allow epg grabbing !!
it is advised to disable this channel / site from your channel list

i

  !! -- WARNING : tvtv.us doesn't allow epg grabbing !!
it is advised to disable this channel / site from your channel list

i

  !! -- WARNING : tvtv.us doesn't allow epg grabbing !!
it is advised to disable this channel / site from your channel list

i
Unable to update channel ESPN2
Generic syntax exception:
   message: 
no index page data received from ESPN2
unable to update channel, try again later
Existing guide data restored!
(  79/112 ) TVTV.US -- chan. (xmltv_id=Fox Sports 1) -- mode Incremental

  !! -- WARNING : tvtv.us doesn't allow epg grabbing !!
it is advised to disable this channel / site from your channel list

i

  !! -- WARNING : tvtv.us doesn't allow epg grabbing !!
it is advised to disable this channel / site from your channel list

i

  !! -- WARNING : tvtv.us doesn't allow epg grabbing !!
it is advised to disable this channel / site from your channel list

i
Unable to update channel Fox Sports 1
Generic syntax exception:
   message: 
no index page data received from Fox Sports 1
unable to update channel, try again later
Existing guide data restored!
(  79/112 ) TVTV.US -- chan. (xmltv_id=Fox Sports 2) -- mode Incremental

  !! -- WARNING : tvtv.us doesn't allow epg grabbing !!
it is advised to disable this channel / site from your channel list

i

  !! -- WARNING : tvtv.us doesn't allow epg grabbing !!
it is advised to disable this channel / site from your channel list

i

  !! -- WARNING : tvtv.us doesn't allow epg grabbing !!
it is advised to disable this channel / site from your channel list

i
Unable to update channel Fox Sports 2
Generic syntax exception:
   message: 
no index page data received from Fox Sports 2
unable to update channel, try again later
Existing guide data restored!
(  79/112 ) TVTV.US -- chan. (xmltv_id=NBC Sports Network) -- mode Incremental

  !! -- WARNING : tvtv.us doesn't allow epg grabbing !!
it is advised to disable this channel / site from your channel list

i

  !! -- WARNING : tvtv.us doesn't allow epg grabbing !!
it is advised to disable this channel / site from your channel list

i

  !! -- WARNING : tvtv.us doesn't allow epg grabbing !!
it is advised to disable this channel / site from your channel list

i
Unable to update channel NBC Sports Network
Generic syntax exception:
   message: 
no index page data received from NBC Sports Network
unable to update channel, try again later
Existing guide data restored!
(  79/112 ) PLUTO.TV.E -- chan. (xmltv_id=Adventure TV) -- mode Incremental
i
no shows in indexpage!

(  80/112 ) PLUTO.TV.E -- chan. (xmltv_id=Pluto TV Surf) -- mode Incremental
iii
no shows in indexpage!

(  81/112 ) EMPTY -- chan. (xmltv_id=Fight Time) -- mode Incremental
Unable to update channel Fight Time
Generic syntax exception:
   message: 
no index page data received from Fight Time
unable to update channel, try again later
Existing guide data restored!
(  81/112 ) MOVISTARPLUS.ES -- chan. (xmltv_id=El Garage TV) -- mode Incremental
iii....................................................................................nnnnnnnnnnnnnnnnnnnnnnnnnnnnnnnnnnnnnnnnnnn

   Summary for update of       El Garage TV
     missing shows added       0
     changed shows updated     0
     new shows added           43
     unchanged shows inspected 84
     total after update        139

(  82/112 ) PLUTO.TV.E -- chan. (xmltv_id=Wipeout) -- mode Incremental
iii
no shows in indexpage!

(  83/112 ) PLUTO.TV.E -- chan. (xmltv_id=FailArmy) -- mode Incremental
iii
no shows in indexpage!

(  84/112 ) TVTV.US -- chan. (xmltv_id=HBO On Demand) -- mode Incremental

  !! -- WARNING : tvtv.us doesn't allow epg grabbing !!
it is advised to disable this channel / site from your channel list

i

  !! -- WARNING : tvtv.us doesn't allow epg grabbing !!
it is advised to disable this channel / site from your channel list

i

  !! -- WARNING : tvtv.us doesn't allow epg grabbing !!
it is advised to disable this channel / site from your channel list

i
Unable to update channel HBO On Demand
Generic syntax exception:
   message: 
no index page data received from HBO On Demand
unable to update channel, try again later
Existing guide data restored!
(  84/112 ) MOVISTARPLUS.ES -- chan. (xmltv_id=BBC World) -- mode Incremental
iii.........................................................................................nnnnnnnnnnnnnnnnnnnnnnnnnnnnnnnnnnnnnnnnnnnnnnnnnnnnnnnnn

(  85/112 ) MOVISTARPLUS.ES -- chan. (xmltv_id=CNN Int) -- mode Incremental
iii....................................................nnnnnnnnnnnnnnnnnnnnnnnnnnnn

   Summary for update of       CNN Int
     missing shows added       0
     changed shows updated     0
     new shows added           28
     unchanged shows inspected 52
     total after update        84

(  86/112 ) ELPAIS.COM.E -- chan. (xmltv_id=CNBC) -- mode Incremental
iii............................................nnnnnnnnnnnnnnnnnnnnnnnnnnnnnnn

(  87/112 ) MOVISTARPLUS.ES -- chan. (xmltv_id=Fox News) -- mode Incremental
iii....................................nnnnnnnnnnnnnnnnnnnn

(  88/112 ) TVTV.US -- chan. (xmltv_id=NASA Public Educational Channel) -- mode Incremental

  !! -- WARNING : tvtv.us doesn't allow epg grabbing !!
it is advised to disable this channel / site from your channel list

i

  !! -- WARNING : tvtv.us doesn't allow epg grabbing !!
it is advised to disable this channel / site from your channel list

i

  !! -- WARNING : tvtv.us doesn't allow epg grabbing !!
it is advised to disable this channel / site from your channel list

i
Unable to update channel NASA Public Educational Channel
Generic syntax exception:
   message: 
no index page data received from NASA Public Educational Channel
unable to update channel, try again later
Existing guide data restored!
(  88/112 ) ELPAIS.COM.E -- chan. (xmltv_id=40TV) -- mode Incremental
iii
no shows in indexpage!


(  89/112 ) ORANGE.ES.EK -- chan. (xmltv_id=Mezzo) -- skipped --> encrypted SiteIni


(  90/112 ) ORANGE.ES.EK -- chan. (xmltv_id=Mezzo Live) -- skipped --> encrypted SiteIni

(  91/112 ) ELPAIS.COM.E -- chan. (xmltv_id=Sol Música) -- mode Incremental
iii...............nnnnnnnnnnn

(  92/112 ) EMPTY -- chan. (xmltv_id=TOP Latino) -- mode Incremental
Unable to update channel TOP Latino
Generic syntax exception:
   message: 
no index page data received from TOP Latino
unable to update channel, try again later
Existing guide data restored!

(  92/112 ) ORANGE.ES.EK -- chan. (xmltv_id=VH1) -- skipped --> encrypted SiteIni

(  93/112 ) ELPAIS.COM.E -- chan. (xmltv_id=VH1 Classic) -- mode Incremental
iii..........nnnnnn

(  94/112 ) CANALDIGITAAL.NL.E -- chan. (xmltv_id=Retro Music TV) -- mode Incremental
i...............................


(  95/112 ) ORANGE.ES.EK -- chan. (xmltv_id=MTV Live) -- skipped --> encrypted SiteIni

(  96/112 ) ELPAIS.COM.E -- chan. (xmltv_id=MTV Hits) -- mode Incremental
iii.................nnnnnnnn

(  97/112 ) ELPAIS.COM.E -- chan. (xmltv_id=MTV Rocks) -- mode Incremental
iii.............nnnnnnnn

(  98/112 ) ELPAIS.COM.E -- chan. (xmltv_id=MTV Dance) -- mode Incremental
iii...............nnnnnnnnn



Job finished at 15/01/2021 00:07:07 done in 7m 6s

-Remplazando xmltv.xml

'/home/govi/Programas/Webgrab++/.wg++/xmltv.xml' -> '/home/govi/Proyectos/Github/GoVi-EPG/xmltv.xml'

====================================================================================

-Subiendo a Github

[master 967b0d9] Updated
 1 file changed, 34305 insertions(+), 37849 deletions(-)
To https://github.com/GoVi-48/GoVi-EPG.git
   0b58e1a..967b0d9  master -> master
Rama 'master' configurada para hacer seguimiento a la rama remota 'master' de 'origin'.


-Completado
00:07 - 15/01/2021

====================================================================================
/home/govi/Scripts/Bash/Utils/Webgrab_GIT.sh: línea 35: 603350 Abortado                (`core' generado) kdialog --icon "$HOME/.local/share/icons/GoVi-Ic/emblems/22/emblem-information.svg" --passivepopup "Webgrab Updated" 8
