1: 0 2: 1033 3: 1252 
=== Inicio de Trazas: 31/01/2021  5:16:12 ===
Message type: 0, Argument: 1033, 1252
Message type: 1, Argument: Microsoft Visual C++ 2019 X64 Minimum Runtime - 14.28.29325
Action 5:16:12: INSTALL. 
Action start 5:16:12: INSTALL.
1: 0 2: 1033 3: 1252 
1: 0 2: 1033 3: 1252 
=== Inicio de Trazas: 31/01/2021  5:16:12 ===
Message type: 0, Argument: 1033, 1252
Message type: 1, Argument: Microsoft Visual C++ 2019 X64 Minimum Runtime - 14.28.29325
Action 5:16:12: INSTALL. 
Action start 5:16:12: INSTALL.
1: Microsoft Visual C++ 2019 X64 Minimum Runtime - 14.28.29325 2: {7D0362D5-C699-4403-BC09-0C1DAD1D93AB} 
Action 5:16:12: FindRelatedProducts. Searching for related applications
Action start 5:16:12: FindRelatedProducts.
Action ended 5:16:12: FindRelatedProducts. Return value 1.
Action 5:16:12: LaunchConditions. Evaluating launch conditions
Action start 5:16:12: LaunchConditions.
Action ended 5:16:12: LaunchConditions. Return value 1.
Action 5:16:12: ValidateProductID. 
Action start 5:16:12: ValidateProductID.
Action ended 5:16:12: ValidateProductID. Return value 1.
Action 5:16:12: CostInitialize. Calculando requisitos de espacio
Action start 5:16:12: CostInitialize.
Action ended 5:16:12: CostInitialize. Return value 1.
Action 5:16:12: FileCost. Calculando requisitos de espacio
Action start 5:16:12: FileCost.
Action ended 5:16:12: FileCost. Return value 1.
Action 5:16:12: CostFinalize. Calculando requisitos de espacio
Action start 5:16:12: CostFinalize.
Action ended 5:16:12: CostFinalize. Return value 1.
Action 5:16:12: InstallValidate. Validating install
Action start 5:16:12: InstallValidate.
Action ended 5:16:12: InstallValidate. Return value 1.
Action 5:16:12: InstallInitialize. 
Action start 5:16:12: InstallInitialize.
Action ended 5:16:12: InstallInitialize. Return value 1.
Action 5:16:12: RemoveExistingProducts. Eliminando aplicaciones
Action start 5:16:12: RemoveExistingProducts.
Action ended 5:16:12: RemoveExistingProducts. Return value 1.
Action 5:16:12: ProcessComponents. Updating component registration
Action start 5:16:12: ProcessComponents.
Action ended 5:16:12: ProcessComponents. Return value 1.
Action 5:16:12: UnpublishFeatures. Unpublishing Product Features
Action start 5:16:12: UnpublishFeatures.
Action ended 5:16:12: UnpublishFeatures. Return value 1.
Action 5:16:12: RemoveRegistryValues. Removing system registry values
Action start 5:16:12: RemoveRegistryValues.
Action ended 5:16:12: RemoveRegistryValues. Return value 1.
Action 5:16:12: RemoveFiles. Eliminando archivos
Action start 5:16:12: RemoveFiles.
Action ended 5:16:12: RemoveFiles. Return value 1.
Action 5:16:12: InstallFiles. Copiando nuevos archivos
Action start 5:16:12: InstallFiles.
Action ended 5:16:12: InstallFiles. Return value 1.
Action 5:16:12: WriteRegistryValues. Writing system registry values
Action start 5:16:12: WriteRegistryValues.
Action ended 5:16:12: WriteRegistryValues. Return value 1.
Action 5:16:12: RegisterUser. Registering user
Action start 5:16:12: RegisterUser.
Action ended 5:16:12: RegisterUser. Return value 1.
Action 5:16:12: RegisterProduct. Registering product
Action start 5:16:12: RegisterProduct.
Action ended 5:16:12: RegisterProduct. Return value 1.
Action 5:16:12: PublishFeatures. Publishing Product Features
Action start 5:16:12: PublishFeatures.
Action ended 5:16:12: PublishFeatures. Return value 1.
Action 5:16:12: PublishProduct. Publishing product information
Action start 5:16:12: PublishProduct.
Action ended 5:16:12: PublishProduct. Return value 1.
Action 5:16:12: InstallFinalize. 
Action start 5:16:12: InstallFinalize.
Action 5:16:12: ProcessComponents. Updating component registration
Action start 5:16:12: ProcessComponents.
1: {7D0362D5-C699-4403-BC09-0C1DAD1D93AB} 2: {3639FCCA-5969-316D-AC18-E0C6B2B532E9} 3: 02:\SOFTWARE\Microsoft\VisualStudio\14.0\VC\Runtimes\X64\Version 
1: {7D0362D5-C699-4403-BC09-0C1DAD1D93AB} 2: {D2959D22-4DB7-32AF-A1B0-8405C4221749} 3: 02:\SOFTWARE\Microsoft\VisualStudio\14.0\VC\Runtimes\X64\Version 
1: {7D0362D5-C699-4403-BC09-0C1DAD1D93AB} 2: {03C1EACE-7E47-3142-A7E7-F36508D02BD1} 3:  
1: {7D0362D5-C699-4403-BC09-0C1DAD1D93AB} 2: {B33258FD-750C-3B42-8BE4-535B48E97DB4} 3: C:\windows\system32\vcruntime140.dll 
1: {7D0362D5-C699-4403-BC09-0C1DAD1D93AB} 2: {2427B123-F132-4F0B-A958-50F7CDFCAA56} 3: C:\windows\system32\vcruntime140_1.dll 
1: {7D0362D5-C699-4403-BC09-0C1DAD1D93AB} 2: {22824972-0C4A-31B4-AEEF-9FC7596F1305} 3: C:\windows\system32\msvcp140.dll 
1: {7D0362D5-C699-4403-BC09-0C1DAD1D93AB} 2: {6713558D-DE1F-373C-A12D-BAE9004657F9} 3: C:\windows\system32\msvcp140_1.dll 
1: {7D0362D5-C699-4403-BC09-0C1DAD1D93AB} 2: {AD0439C6-DC3D-3A2C-AF38-B22083D8639F} 3: C:\windows\system32\msvcp140_2.dll 
1: {7D0362D5-C699-4403-BC09-0C1DAD1D93AB} 2: {F8DFE2DF-F4E5-4845-9828-2849C685A91B} 3: C:\windows\system32\msvcp140_atomic_wait.dll 
1: {7D0362D5-C699-4403-BC09-0C1DAD1D93AB} 2: {61413AE1-024F-4854-B8D8-1D2EF801EC21} 3: C:\windows\system32\msvcp140_codecvt_ids.dll 
1: {7D0362D5-C699-4403-BC09-0C1DAD1D93AB} 2: {35B5C1D2-EB5B-3569-83EB-78E34F5C3254} 3: C:\windows\system32\concrt140.dll 
1: {7D0362D5-C699-4403-BC09-0C1DAD1D93AB} 2: {D227D7DF-D9F8-33AF-B935-4BF2F47F2EA4} 3: C:\windows\system32\vccorlib140.dll 
1: {7D0362D5-C699-4403-BC09-0C1DAD1D93AB} 2: {7050289E-BECF-32C7-89DC-08C4480E482B} 3: C:\windows\system32\vcamp140.dll 
1: {7D0362D5-C699-4403-BC09-0C1DAD1D93AB} 2: {F5E98D96-3C7F-37D7-821F-E4BB03D4384B} 3: C:\windows\system32\vcomp140.dll 
1: {7D0362D5-C699-4403-BC09-0C1DAD1D93AB} 2: {EA0D3A76-AE46-3F46-B94D-309D5097A125} 3: 02:\SOFTWARE\Microsoft\DevDiv\VC\Servicing\14.0\SP 
1: {7D0362D5-C699-4403-BC09-0C1DAD1D93AB} 2: {38F26AF8-73D2-34A5-9BB3-83CE1900A2AE} 3: 02:\SOFTWARE\Microsoft\DevDiv\VC\Servicing\14.0\RuntimeMinimum\Install 
1: {7D0362D5-C699-4403-BC09-0C1DAD1D93AB} 2: {04D1E303-8E0F-36D1-BC1F-E27EE209198A} 3: 02:\SOFTWARE\Microsoft\DevDiv\VC\Servicing\14.0\SP 
1: {7D0362D5-C699-4403-BC09-0C1DAD1D93AB} 2: {F53F2531-272C-39F4-9C5B-312B318B91E5} 3: 02:\SOFTWARE\Microsoft\DevDiv\VC\Servicing\14.0\RuntimeMinimum\Install 
1: {7D0362D5-C699-4403-BC09-0C1DAD1D93AB} 2: {31FF3687-EC05-3A6B-A8CE-ADD81BF1506E} 3: -1:\Software\Classes\Installer\Dependencies\Microsoft.VS.VC_RuntimeMinimumVSU_amd64,v14\Version 
Action ended 5:16:12: ProcessComponents. Return value 1.
Action 5:16:12: UnpublishFeatures. Unpublishing Product Features
Action start 5:16:12: UnpublishFeatures.
Action ended 5:16:12: UnpublishFeatures. Return value 1.
Action 5:16:12: RemoveRegistryValues. Removing system registry values
Action start 5:16:12: RemoveRegistryValues.
Action ended 5:16:12: RemoveRegistryValues. Return value 1.
Action 5:16:12: RemoveFiles. Eliminando archivos
Action start 5:16:12: RemoveFiles.
Archivo: api-ms-win-core-console-l1-1-0.dll, Carpeta: System64Folder
Archivo: api-ms-win-core-datetime-l1-1-0.dll, Carpeta: System64Folder
Archivo: api-ms-win-core-debug-l1-1-0.dll, Carpeta: System64Folder
Archivo: api-ms-win-core-errorhandling-l1-1-0.dll, Carpeta: System64Folder
Archivo: api-ms-win-core-file-l1-1-0.dll, Carpeta: System64Folder
Archivo: api-ms-win-core-file-l1-2-0.dll, Carpeta: System64Folder
Archivo: api-ms-win-core-file-l2-1-0.dll, Carpeta: System64Folder
Archivo: api-ms-win-core-handle-l1-1-0.dll, Carpeta: System64Folder
Archivo: api-ms-win-core-heap-l1-1-0.dll, Carpeta: System64Folder
Archivo: api-ms-win-core-interlocked-l1-1-0.dll, Carpeta: System64Folder
Archivo: api-ms-win-core-libraryloader-l1-1-0.dll, Carpeta: System64Folder
Archivo: api-ms-win-core-localization-l1-2-0.dll, Carpeta: System64Folder
Archivo: api-ms-win-core-memory-l1-1-0.dll, Carpeta: System64Folder
Archivo: api-ms-win-core-namedpipe-l1-1-0.dll, Carpeta: System64Folder
Archivo: api-ms-win-core-processenvironment-l1-1-0.dll, Carpeta: System64Folder
Archivo: api-ms-win-core-processthreads-l1-1-0.dll, Carpeta: System64Folder
Archivo: api-ms-win-core-processthreads-l1-1-1.dll, Carpeta: System64Folder
Archivo: api-ms-win-core-profile-l1-1-0.dll, Carpeta: System64Folder
Archivo: api-ms-win-core-rtlsupport-l1-1-0.dll, Carpeta: System64Folder
Archivo: api-ms-win-core-string-l1-1-0.dll, Carpeta: System64Folder
Archivo: api-ms-win-core-synch-l1-1-0.dll, Carpeta: System64Folder
Archivo: api-ms-win-core-synch-l1-2-0.dll, Carpeta: System64Folder
Archivo: api-ms-win-core-sysinfo-l1-1-0.dll, Carpeta: System64Folder
Archivo: api-ms-win-core-timezone-l1-1-0.dll, Carpeta: System64Folder
Archivo: api-ms-win-core-util-l1-1-0.dll, Carpeta: System64Folder
Archivo: api-ms-win-crt-conio-l1-1-0.dll, Carpeta: System64Folder
Archivo: api-ms-win-crt-convert-l1-1-0.dll, Carpeta: System64Folder
Archivo: api-ms-win-crt-environment-l1-1-0.dll, Carpeta: System64Folder
Archivo: api-ms-win-crt-filesystem-l1-1-0.dll, Carpeta: System64Folder
Archivo: api-ms-win-crt-heap-l1-1-0.dll, Carpeta: System64Folder
Archivo: api-ms-win-crt-locale-l1-1-0.dll, Carpeta: System64Folder
Archivo: api-ms-win-crt-math-l1-1-0.dll, Carpeta: System64Folder
Archivo: api-ms-win-crt-multibyte-l1-1-0.dll, Carpeta: System64Folder
Archivo: api-ms-win-crt-private-l1-1-0.dll, Carpeta: System64Folder
Archivo: api-ms-win-crt-process-l1-1-0.dll, Carpeta: System64Folder
Archivo: api-ms-win-crt-runtime-l1-1-0.dll, Carpeta: System64Folder
Archivo: api-ms-win-crt-stdio-l1-1-0.dll, Carpeta: System64Folder
Archivo: api-ms-win-crt-string-l1-1-0.dll, Carpeta: System64Folder
Archivo: api-ms-win-crt-time-l1-1-0.dll, Carpeta: System64Folder
Archivo: api-ms-win-crt-utility-l1-1-0.dll, Carpeta: System64Folder
Archivo: concrt140.dll, Carpeta: System64Folder
Archivo: msvcp140.dll, Carpeta: System64Folder
Archivo: msvcp140_1.dll, Carpeta: System64Folder
Archivo: msvcp140_2.dll, Carpeta: System64Folder
Archivo: msvcp140_atomic_wait.dll, Carpeta: System64Folder
Archivo: msvcp140_codecvt_ids.dll, Carpeta: System64Folder
Archivo: ucrtbase.dll, Carpeta: System64Folder
Archivo: vcamp140.dll, Carpeta: System64Folder
Archivo: vccorlib140.dll, Carpeta: System64Folder
Archivo: vcomp140.dll, Carpeta: System64Folder
Archivo: vcruntime140.dll, Carpeta: System64Folder
Archivo: vcruntime140_1.dll, Carpeta: System64Folder
Action ended 5:16:12: RemoveFiles. Return value 1.
Action 5:16:12: InstallFiles. Copiando nuevos archivos
Action start 5:16:12: InstallFiles.
Archivo: api-ms-win-core-console-l1-1-0.dll,  Carpeta: System64Folder,  Tamaño: 12664
Archivo: api-ms-win-core-datetime-l1-1-0.dll,  Carpeta: System64Folder,  Tamaño: 12152
Archivo: api-ms-win-core-debug-l1-1-0.dll,  Carpeta: System64Folder,  Tamaño: 12168
Archivo: api-ms-win-core-errorhandling-l1-1-0.dll,  Carpeta: System64Folder,  Tamaño: 12152
Archivo: api-ms-win-core-file-l1-1-0.dll,  Carpeta: System64Folder,  Tamaño: 15752
Archivo: api-ms-win-core-file-l1-2-0.dll,  Carpeta: System64Folder,  Tamaño: 12168
Archivo: api-ms-win-core-file-l2-1-0.dll,  Carpeta: System64Folder,  Tamaño: 12168
Archivo: api-ms-win-core-handle-l1-1-0.dll,  Carpeta: System64Folder,  Tamaño: 12152
Archivo: api-ms-win-core-heap-l1-1-0.dll,  Carpeta: System64Folder,  Tamaño: 12664
Archivo: api-ms-win-core-interlocked-l1-1-0.dll,  Carpeta: System64Folder,  Tamaño: 12168
Archivo: api-ms-win-core-libraryloader-l1-1-0.dll,  Carpeta: System64Folder,  Tamaño: 12680
Archivo: api-ms-win-core-localization-l1-2-0.dll,  Carpeta: System64Folder,  Tamaño: 14712
Archivo: api-ms-win-core-memory-l1-1-0.dll,  Carpeta: System64Folder,  Tamaño: 12680
Archivo: api-ms-win-core-namedpipe-l1-1-0.dll,  Carpeta: System64Folder,  Tamaño: 12168
Archivo: api-ms-win-core-processenvironment-l1-1-0.dll,  Carpeta: System64Folder,  Tamaño: 13192
Archivo: api-ms-win-core-processthreads-l1-1-0.dll,  Carpeta: System64Folder,  Tamaño: 14216
Archivo: api-ms-win-core-processthreads-l1-1-1.dll,  Carpeta: System64Folder,  Tamaño: 12664
Archivo: api-ms-win-core-profile-l1-1-0.dll,  Carpeta: System64Folder,  Tamaño: 11640
Archivo: api-ms-win-core-rtlsupport-l1-1-0.dll,  Carpeta: System64Folder,  Tamaño: 12664
Archivo: api-ms-win-core-string-l1-1-0.dll,  Carpeta: System64Folder,  Tamaño: 12152
Archivo: api-ms-win-core-synch-l1-1-0.dll,  Carpeta: System64Folder,  Tamaño: 14200
Archivo: api-ms-win-core-synch-l1-2-0.dll,  Carpeta: System64Folder,  Tamaño: 12664
Archivo: api-ms-win-core-sysinfo-l1-1-0.dll,  Carpeta: System64Folder,  Tamaño: 13192
Archivo: api-ms-win-core-timezone-l1-1-0.dll,  Carpeta: System64Folder,  Tamaño: 12168
Archivo: api-ms-win-core-util-l1-1-0.dll,  Carpeta: System64Folder,  Tamaño: 12168
Archivo: api-ms-win-crt-conio-l1-1-0.dll,  Carpeta: System64Folder,  Tamaño: 13192
Archivo: api-ms-win-crt-convert-l1-1-0.dll,  Carpeta: System64Folder,  Tamaño: 16248
Archivo: api-ms-win-crt-environment-l1-1-0.dll,  Carpeta: System64Folder,  Tamaño: 12680
Archivo: api-ms-win-crt-filesystem-l1-1-0.dll,  Carpeta: System64Folder,  Tamaño: 14200
Archivo: api-ms-win-crt-heap-l1-1-0.dll,  Carpeta: System64Folder,  Tamaño: 13192
Archivo: api-ms-win-crt-locale-l1-1-0.dll,  Carpeta: System64Folder,  Tamaño: 12680
Archivo: api-ms-win-crt-math-l1-1-0.dll,  Carpeta: System64Folder,  Tamaño: 21384
Archivo: api-ms-win-crt-multibyte-l1-1-0.dll,  Carpeta: System64Folder,  Tamaño: 20360
Archivo: api-ms-win-crt-private-l1-1-0.dll,  Carpeta: System64Folder,  Tamaño: 64392
Archivo: api-ms-win-crt-process-l1-1-0.dll,  Carpeta: System64Folder,  Tamaño: 13176
Archivo: api-ms-win-crt-runtime-l1-1-0.dll,  Carpeta: System64Folder,  Tamaño: 16776
Archivo: api-ms-win-crt-stdio-l1-1-0.dll,  Carpeta: System64Folder,  Tamaño: 18296
Archivo: api-ms-win-crt-string-l1-1-0.dll,  Carpeta: System64Folder,  Tamaño: 18296
Archivo: api-ms-win-crt-time-l1-1-0.dll,  Carpeta: System64Folder,  Tamaño: 14728
Archivo: api-ms-win-crt-utility-l1-1-0.dll,  Carpeta: System64Folder,  Tamaño: 12672
Archivo: concrt140.dll,  Carpeta: System64Folder,  Tamaño: 309128
Archivo: msvcp140.dll,  Carpeta: System64Folder,  Tamaño: 585096
Archivo: msvcp140_1.dll,  Carpeta: System64Folder,  Tamaño: 23928
Archivo: msvcp140_2.dll,  Carpeta: System64Folder,  Tamaño: 186248
Archivo: msvcp140_atomic_wait.dll,  Carpeta: System64Folder,  Tamaño: 41336
Archivo: msvcp140_codecvt_ids.dll,  Carpeta: System64Folder,  Tamaño: 20360
Archivo: ucrtbase.dll,  Carpeta: System64Folder,  Tamaño: 986488
Archivo: vcamp140.dll,  Carpeta: System64Folder,  Tamaño: 394120
Archivo: vccorlib140.dll,  Carpeta: System64Folder,  Tamaño: 330120
Archivo: vcomp140.dll,  Carpeta: System64Folder,  Tamaño: 177032
Archivo: vcruntime140.dll,  Carpeta: System64Folder,  Tamaño: 94088
Archivo: vcruntime140_1.dll,  Carpeta: System64Folder,  Tamaño: 36744
Action ended 5:16:12: InstallFiles. Return value 1.
Action 5:16:12: WriteRegistryValues. Writing system registry values
Action start 5:16:12: WriteRegistryValues.
Key: HKEY_LOCAL_MACHINE\SOFTWARE\Microsoft\VisualStudio\14.0\VC\Runtimes\X64, Name: Version, Value: v14.28.29325.02
Key: HKEY_LOCAL_MACHINE\SOFTWARE\Microsoft\VisualStudio\14.0\VC\Runtimes\X64, Name: Version, Value: v14.28.29325.02
Key: HKEY_LOCAL_MACHINE\SOFTWARE\Microsoft\DevDiv\VC\Servicing\14.0, Name: SP, Value: 
Key: HKEY_LOCAL_MACHINE\SOFTWARE\Microsoft\DevDiv\VC\Servicing\14.0\RuntimeMinimum, Name: Install, Value: 
Key: HKEY_LOCAL_MACHINE\SOFTWARE\Microsoft\DevDiv\VC\Servicing\14.0, Name: SP, Value: 
Key: HKEY_LOCAL_MACHINE\SOFTWARE\Microsoft\DevDiv\VC\Servicing\14.0\RuntimeMinimum, Name: Install, Value: 
Key: HKEY_LOCAL_MACHINE\Software\Classes\Installer\Dependencies\Microsoft.VS.VC_RuntimeMinimumVSU_amd64,v14, Name: Version, Value: 14.28.29325
Key: HKEY_LOCAL_MACHINE\SOFTWARE\Microsoft\VisualStudio\14.0\VC\Runtimes\X64, Name: Installed, Value: 
Key: HKEY_LOCAL_MACHINE\SOFTWARE\Microsoft\VisualStudio\14.0\VC\Runtimes\X64, Name: Major, Value: 
Key: HKEY_LOCAL_MACHINE\SOFTWARE\Microsoft\VisualStudio\14.0\VC\Runtimes\X64, Name: Minor, Value: 
Key: HKEY_LOCAL_MACHINE\SOFTWARE\Microsoft\VisualStudio\14.0\VC\Runtimes\X64, Name: Bld, Value: 
Key: HKEY_LOCAL_MACHINE\SOFTWARE\Microsoft\VisualStudio\14.0\VC\Runtimes\X64, Name: Rbld, Value: 
Key: HKEY_LOCAL_MACHINE\SOFTWARE\Microsoft\VisualStudio\14.0\VC\Runtimes\X64, Name: Installed, Value: 
Key: HKEY_LOCAL_MACHINE\SOFTWARE\Microsoft\VisualStudio\14.0\VC\Runtimes\X64, Name: Major, Value: 
Key: HKEY_LOCAL_MACHINE\SOFTWARE\Microsoft\VisualStudio\14.0\VC\Runtimes\X64, Name: Minor, Value: 
Key: HKEY_LOCAL_MACHINE\SOFTWARE\Microsoft\VisualStudio\14.0\VC\Runtimes\X64, Name: Bld, Value: 
Key: HKEY_LOCAL_MACHINE\SOFTWARE\Microsoft\VisualStudio\14.0\VC\Runtimes\X64, Name: Rbld, Value: 
Key: HKEY_LOCAL_MACHINE\SOFTWARE\Microsoft\DevDiv\VC\Servicing\14.0, Name: SPIndex, Value: 
Key: HKEY_LOCAL_MACHINE\SOFTWARE\Microsoft\DevDiv\VC\Servicing\14.0\RuntimeMinimum, Name: InstallerType, Value: MSI
Key: HKEY_LOCAL_MACHINE\SOFTWARE\Microsoft\DevDiv\VC\Servicing\14.0\RuntimeMinimum, Name: SP, Value: 
Key: HKEY_LOCAL_MACHINE\SOFTWARE\Microsoft\DevDiv\VC\Servicing\14.0\RuntimeMinimum, Name: SPIndex, Value: 
Key: HKEY_LOCAL_MACHINE\SOFTWARE\Microsoft\DevDiv\VC\Servicing\14.0\RuntimeMinimum, Name: SPName, Value: RTM
Key: HKEY_LOCAL_MACHINE\SOFTWARE\Microsoft\DevDiv\VC\Servicing\14.0\RuntimeMinimum, Name: Version, Value: 14.28.29325
Key: HKEY_LOCAL_MACHINE\SOFTWARE\Microsoft\DevDiv\VC\Servicing\14.0\RuntimeMinimum, Name: UpdateVersion, Value: 14.28.29325
Key: HKEY_LOCAL_MACHINE\SOFTWARE\Microsoft\DevDiv\VC\Servicing\14.0, Name: SPIndex, Value: 
Key: HKEY_LOCAL_MACHINE\SOFTWARE\Microsoft\DevDiv\VC\Servicing\14.0\RuntimeMinimum, Name: InstallerType, Value: MSI
Key: HKEY_LOCAL_MACHINE\SOFTWARE\Microsoft\DevDiv\VC\Servicing\14.0\RuntimeMinimum, Name: SP, Value: 
Key: HKEY_LOCAL_MACHINE\SOFTWARE\Microsoft\DevDiv\VC\Servicing\14.0\RuntimeMinimum, Name: SPIndex, Value: 
Key: HKEY_LOCAL_MACHINE\SOFTWARE\Microsoft\DevDiv\VC\Servicing\14.0\RuntimeMinimum, Name: SPName, Value: RTM
Key: HKEY_LOCAL_MACHINE\SOFTWARE\Microsoft\DevDiv\VC\Servicing\14.0\RuntimeMinimum, Name: Version, Value: 14.28.29325
Key: HKEY_LOCAL_MACHINE\SOFTWARE\Microsoft\DevDiv\VC\Servicing\14.0\RuntimeMinimum, Name: UpdateVersion, Value: 14.28.29325
Key: HKEY_LOCAL_MACHINE\Software\Classes\Installer\Dependencies\Microsoft.VS.VC_RuntimeMinimumVSU_amd64,v14, Name: , Value: {7D0362D5-C699-4403-BC09-0C1DAD1D93AB}
Key: HKEY_LOCAL_MACHINE\Software\Classes\Installer\Dependencies\Microsoft.VS.VC_RuntimeMinimumVSU_amd64,v14, Name: DisplayName, Value: Microsoft Visual C++ 2019 X64 Minimum Runtime - 14.28.29325
Action ended 5:16:12: WriteRegistryValues. Return value 1.
Action 5:16:12: RegisterUser. Registering user
Action start 5:16:12: RegisterUser.
1:  
Action ended 5:16:12: RegisterUser. Return value 1.
Action 5:16:12: RegisterProduct. Registering product
Action start 5:16:12: RegisterProduct.
1: {7D0362D5-C699-4403-BC09-0C1DAD1D93AB} 
Action ended 5:16:12: RegisterProduct. Return value 1.
Action 5:16:12: PublishFeatures. Publishing Product Features
Action start 5:16:12: PublishFeatures.
Feature: VC_Runtime_Minimum
Feature: Provider
Feature: Servicing_Key
Action ended 5:16:12: PublishFeatures. Return value 1.
Action 5:16:12: PublishProduct. Publishing product information
Action start 5:16:12: PublishProduct.
1: {7D0362D5-C699-4403-BC09-0C1DAD1D93AB} 
Action ended 5:16:12: PublishProduct. Return value 1.
Action ended 5:16:12: InstallFinalize. Return value 1.
Action ended 5:16:12: INSTALL. Return value 1.
1: Microsoft Visual C++ 2019 X64 Minimum Runtime - 14.28.29325 2: {7D0362D5-C699-4403-BC09-0C1DAD1D93AB} 3: 1 
Property(S): UpgradeCode = {36F68A90-239C-34DF-B58C-64B30153CE35}
Property(S): TARGETDIR = C:\
Property(S): System64Folder = C:\windows\system32\
Property(S): SourceDir = C:\ProgramData\Package Cache\{7D0362D5-C699-4403-BC09-0C1DAD1D93AB}v14.28.29325\packages\vcRuntimeMinimum_amd64\
Property(S): ALLUSERS = 1
Property(S): FILESINUSETEXT = The following applications should be closed before continuing the install:
Property(S): INSTALLLEVEL = 2
Property(S): LIMITUI = 1
Property(S): REBOOT = ReallySuppress
Property(S): REPAIR_REINSTALLMODE = pecmsu
Property(S): ARPSYSTEMCOMPONENT = 1
Property(S): LocProductName = Microsoft Visual C++ 2019 X64 Runtime
Property(S): ProductCPU = amd64
Property(S): ProductEdition = RuntimeMinimum
Property(S): ProductFamily = VC
Property(S): RTM_ProductVersion = 14.28.29325
Property(S): MsiLogging = voicewarmupx
Property(S): Manufacturer = Microsoft Corporation
Property(S): ProductCode = {7D0362D5-C699-4403-BC09-0C1DAD1D93AB}
Property(S): ProductLanguage = 1033
Property(S): ProductName = Microsoft Visual C++ 2019 X64 Minimum Runtime - 14.28.29325
Property(S): ProductVersion = 14.28.29325
Property(S): DirectoryTable100_amd64 = DirectoryTable
Property(S): SecureCustomProperties = IGNOREDEPENDENCIES;NEWERVCRUNTIMEVERSIONDETECTED;UPGRADEVCRUNTIME
Property(S): AdminUser = 1
Property(S): CommonAppDataFolder = C:\ProgramData\
Property(S): FavoritesFolder = C:\users\govi\Favorites\
Property(S): FontsFolder = C:\windows\Fonts\
Property(S): SendToFolder = C:\users\govi\SendTo\
Property(S): StartMenuFolder = C:\users\govi\Start Menu\
Property(S): StartupFolder = C:\users\govi\Start Menu\Programs\StartUp\
Property(S): TemplateFolder = C:\users\govi\Templates\
Property(S): DesktopFolder = C:\users\govi\Escritorio\
Property(S): ProgramMenuFolder = C:\users\govi\Start Menu\Programs\
Property(S): AdminToolsFolder = C:\users\govi\Start Menu\Programs\Administrative Tools\
Property(S): AppDataFolder = C:\users\govi\Application Data\
Property(S): SystemFolder = C:\windows\syswow64\
Property(S): System16Folder = C:\windows\system32\
Property(S): LocalAppDataFolder = C:\users\govi\Local Settings\Application Data\
Property(S): MyPicturesFolder = C:\users\govi\Mis imágenes\
Property(S): PersonalFolder = C:\users\govi\Mis Documentos\
Property(S): WindowsFolder = C:\windows\
Property(S): PrintHoodFolder = C:\users\govi\PrintHood\
Property(S): NetHoodFolder = C:\users\govi\NetHood\
Property(S): RecentFolder = C:\users\govi\Recent\
Property(S): PhysicalMemory = 31921
Property(S): WindowsVolume = C:\
Property(S): TempFolder = C:\users\govi\Temp\
Property(S): Privileged = 1
Property(S): VersionNT = 601
Property(S): MsiNTProductType = 1
Property(S): WindowsBuild = 7601
Property(S): ServicePackLevel = 1
Property(S): VersionMsi = 4.5
Property(S): VersionDatabase = 400
Property(S): Intel = 6
Property(S): MsiAMD64 = 6
Property(S): Msix64 = 6
Property(S): VersionNT64 = 601
Property(S): ProgramFiles64Folder = C:\Program Files\
Property(S): ProgramFilesFolder = C:\Program Files (x86)\
Property(S): CommonFiles64Folder = C:\Program Files\Common Files\
Property(S): CommonFilesFolder = C:\Program Files (x86)\Common Files\
Property(S): ScreenX = 1920
Property(S): ScreenY = 1080
Property(S): ColorBits = 32
Property(S): UserSID = S-1-5-21-0-0-0-1000
Property(S): UserLanguageID = 3082
Property(S): SystemLanguageID = 3082
Property(S): ProductState = -1
Property(S): LogonUser = govi
Property(S): ComputerName = GOVI-PC
Property(S): UILevel = 2
Property(S): PackageCode = {C6BE3EA0-20FB-489A-B9E6-A86CF1F7DED9}
Property(S): DATABASE = C:\windows\Installer\7048.msi
Property(S): OriginalDatabase = C:\ProgramData\Package Cache\{7D0362D5-C699-4403-BC09-0C1DAD1D93AB}v14.28.29325\packages\vcRuntimeMinimum_amd64\vc_runtimeMinimum_x64.msi
Property(S): SOURCEDIR = C:\ProgramData\Package Cache\{7D0362D5-C699-4403-BC09-0C1DAD1D93AB}v14.28.29325\packages\vcRuntimeMinimum_amd64\
Property(S): MSIFASTINSTALL = 7
Property(S): NOVSUI = 1
Property(S): ACTION = INSTALL
Property(S): EXECUTEACTION = INSTALL
Property(S): CostingComplete = 1
Property(S): ROOTDRIVE = C:\
Property(S): OutOfDiskSpace = 0
Property(S): OutOfNoRbDiskSpace = 0
1: 2 2: 0 
1: 2 2: 1 
Action ended 5:16:12: INSTALL. Return value 1.
