1: 0 2: 1033 3: 1252 
=== Inicio de Trazas: 31/01/2021  5:16:12 ===
Message type: 0, Argument: 1033, 1252
Message type: 1, Argument: Microsoft Visual C++ 2019 X64 Additional Runtime - 14.28.29325
Action 5:16:12: INSTALL. 
Action start 5:16:12: INSTALL.
1: 0 2: 1033 3: 1252 
1: 0 2: 1033 3: 1252 
=== Inicio de Trazas: 31/01/2021  5:16:12 ===
Message type: 0, Argument: 1033, 1252
Message type: 1, Argument: Microsoft Visual C++ 2019 X64 Additional Runtime - 14.28.29325
Action 5:16:12: INSTALL. 
Action start 5:16:12: INSTALL.
1: Microsoft Visual C++ 2019 X64 Additional Runtime - 14.28.29325 2: {26AF0C35-55EC-4025-8D83-349E8FB1419F} 
Action 5:16:12: FindRelatedProducts. Searching for related applications
Action start 5:16:12: FindRelatedProducts.
Action ended 5:16:12: FindRelatedProducts. Return value 1.
Action 5:16:12: LaunchConditions. Evaluating launch conditions
Action start 5:16:12: LaunchConditions.
Action ended 5:16:12: LaunchConditions. Return value 1.
Action 5:16:12: ValidateProductID. 
Action start 5:16:12: ValidateProductID.
Action ended 5:16:12: ValidateProductID. Return value 1.
Action 5:16:12: CostInitialize. Calculando requisitos de espacio
Action start 5:16:12: CostInitialize.
Action ended 5:16:12: CostInitialize. Return value 1.
Action 5:16:12: FileCost. Calculando requisitos de espacio
Action start 5:16:12: FileCost.
Action ended 5:16:12: FileCost. Return value 1.
Action 5:16:12: CostFinalize. Calculando requisitos de espacio
Action start 5:16:12: CostFinalize.
Action ended 5:16:12: CostFinalize. Return value 1.
Action 5:16:12: InstallValidate. Validating install
Action start 5:16:12: InstallValidate.
Action ended 5:16:12: InstallValidate. Return value 1.
Action 5:16:12: InstallInitialize. 
Action start 5:16:12: InstallInitialize.
Action ended 5:16:12: InstallInitialize. Return value 1.
Action 5:16:12: RemoveExistingProducts. Eliminando aplicaciones
Action start 5:16:12: RemoveExistingProducts.
Action ended 5:16:12: RemoveExistingProducts. Return value 1.
Action 5:16:12: ProcessComponents. Updating component registration
Action start 5:16:12: ProcessComponents.
Action ended 5:16:12: ProcessComponents. Return value 1.
Action 5:16:12: UnpublishFeatures. Unpublishing Product Features
Action start 5:16:12: UnpublishFeatures.
Action ended 5:16:12: UnpublishFeatures. Return value 1.
Action 5:16:12: RemoveRegistryValues. Removing system registry values
Action start 5:16:12: RemoveRegistryValues.
Action ended 5:16:12: RemoveRegistryValues. Return value 1.
Action 5:16:12: RemoveFiles. Eliminando archivos
Action start 5:16:12: RemoveFiles.
Action ended 5:16:12: RemoveFiles. Return value 1.
Action 5:16:12: InstallFiles. Copiando nuevos archivos
Action start 5:16:12: InstallFiles.
Action ended 5:16:12: InstallFiles. Return value 1.
Action 5:16:12: WriteRegistryValues. Writing system registry values
Action start 5:16:12: WriteRegistryValues.
Action ended 5:16:12: WriteRegistryValues. Return value 1.
Action 5:16:12: RegisterUser. Registering user
Action start 5:16:12: RegisterUser.
Action ended 5:16:12: RegisterUser. Return value 1.
Action 5:16:12: RegisterProduct. Registering product
Action start 5:16:12: RegisterProduct.
Action ended 5:16:12: RegisterProduct. Return value 1.
Action 5:16:12: PublishFeatures. Publishing Product Features
Action start 5:16:12: PublishFeatures.
Action ended 5:16:12: PublishFeatures. Return value 1.
Action 5:16:12: PublishProduct. Publishing product information
Action start 5:16:12: PublishProduct.
Action ended 5:16:12: PublishProduct. Return value 1.
Action 5:16:12: InstallFinalize. 
Action start 5:16:12: InstallFinalize.
Action 5:16:12: ProcessComponents. Updating component registration
Action start 5:16:12: ProcessComponents.
1: {26AF0C35-55EC-4025-8D83-349E8FB1419F} 2: {3639FCCA-5969-316D-AC18-E0C6B2B532E9} 3: 02:\SOFTWARE\Microsoft\VisualStudio\14.0\VC\Runtimes\X64\Version 
1: {26AF0C35-55EC-4025-8D83-349E8FB1419F} 2: {D2959D22-4DB7-32AF-A1B0-8405C4221749} 3: 02:\SOFTWARE\Microsoft\VisualStudio\14.0\VC\Runtimes\X64\Version 
1: {26AF0C35-55EC-4025-8D83-349E8FB1419F} 2: {99A922E3-648F-3C37-8AE6-78232F317B1E} 3: C:\windows\system32\mfc140.dll 
1: {26AF0C35-55EC-4025-8D83-349E8FB1419F} 2: {8924DA15-E863-388D-A06B-E7A3931AD77B} 3: C:\windows\system32\mfc140u.dll 
1: {26AF0C35-55EC-4025-8D83-349E8FB1419F} 2: {32252141-0BE5-3AFE-9849-D281CD954D43} 3: C:\windows\system32\mfcm140.dll 
1: {26AF0C35-55EC-4025-8D83-349E8FB1419F} 2: {AD221A2C-956B-3F16-8F64-FC938CBFD1C9} 3: C:\windows\system32\mfcm140u.dll 
1: {26AF0C35-55EC-4025-8D83-349E8FB1419F} 2: {CA9C8888-CEE6-38D6-A64D-33DA28675281} 3: C:\windows\system32\mfc140chs.dll 
1: {26AF0C35-55EC-4025-8D83-349E8FB1419F} 2: {F692B585-1C66-3BD5-AC31-442E4221ED80} 3: C:\windows\system32\mfc140cht.dll 
1: {26AF0C35-55EC-4025-8D83-349E8FB1419F} 2: {7F148EE8-E61F-3462-B6D4-E1411A8EC5C9} 3: C:\windows\system32\mfc140deu.dll 
1: {26AF0C35-55EC-4025-8D83-349E8FB1419F} 2: {686933F1-9A99-3CD8-A071-2BE11CEA5E99} 3: C:\windows\system32\mfc140enu.dll 
1: {26AF0C35-55EC-4025-8D83-349E8FB1419F} 2: {674A4EC5-F732-3C6D-A0FB-289D61963665} 3: C:\windows\system32\mfc140esn.dll 
1: {26AF0C35-55EC-4025-8D83-349E8FB1419F} 2: {3A88BA88-2780-3262-A7A9-7A11D3ED9A88} 3: C:\windows\system32\mfc140fra.dll 
1: {26AF0C35-55EC-4025-8D83-349E8FB1419F} 2: {8D300AD7-942A-3EDF-AA03-3D442AF99208} 3: C:\windows\system32\mfc140ita.dll 
1: {26AF0C35-55EC-4025-8D83-349E8FB1419F} 2: {51C499DB-BD7A-31E9-AAFA-5D0813741B43} 3: C:\windows\system32\mfc140jpn.dll 
1: {26AF0C35-55EC-4025-8D83-349E8FB1419F} 2: {C6C22F1F-CEB2-31D6-A2E9-8F124A82428F} 3: C:\windows\system32\mfc140kor.dll 
1: {26AF0C35-55EC-4025-8D83-349E8FB1419F} 2: {21B0261D-5191-3D58-9C29-B9232B27D616} 3: C:\windows\system32\mfc140rus.dll 
1: {26AF0C35-55EC-4025-8D83-349E8FB1419F} 2: {EA0D3A76-AE46-3F46-B94D-309D5097A125} 3: 02:\SOFTWARE\Microsoft\DevDiv\VC\Servicing\14.0\SP 
1: {26AF0C35-55EC-4025-8D83-349E8FB1419F} 2: {225DB27C-EE31-3DF8-B4BB-AC5506C5673A} 3: 02:\SOFTWARE\Microsoft\DevDiv\VC\Servicing\14.0\RuntimeAdditional\Install 
1: {26AF0C35-55EC-4025-8D83-349E8FB1419F} 2: {04D1E303-8E0F-36D1-BC1F-E27EE209198A} 3: 02:\SOFTWARE\Microsoft\DevDiv\VC\Servicing\14.0\SP 
1: {26AF0C35-55EC-4025-8D83-349E8FB1419F} 2: {ABC89929-9E1E-30F1-A5A6-C685BDDDB7E3} 3: 02:\SOFTWARE\Microsoft\DevDiv\VC\Servicing\14.0\RuntimeAdditional\Install 
1: {26AF0C35-55EC-4025-8D83-349E8FB1419F} 2: {610423BB-1113-392F-8B0A-340000E19044} 3: -1:\Software\Classes\Installer\Dependencies\Microsoft.VS.VC_RuntimeAdditionalVSU_amd64,v14\Version 
Action ended 5:16:12: ProcessComponents. Return value 1.
Action 5:16:12: UnpublishFeatures. Unpublishing Product Features
Action start 5:16:12: UnpublishFeatures.
Action ended 5:16:12: UnpublishFeatures. Return value 1.
Action 5:16:12: RemoveRegistryValues. Removing system registry values
Action start 5:16:12: RemoveRegistryValues.
Action ended 5:16:12: RemoveRegistryValues. Return value 1.
Action 5:16:12: RemoveFiles. Eliminando archivos
Action start 5:16:12: RemoveFiles.
Archivo: mfc140.dll, Carpeta: System64Folder
Archivo: mfc140chs.dll, Carpeta: System64Folder
Archivo: mfc140cht.dll, Carpeta: System64Folder
Archivo: mfc140deu.dll, Carpeta: System64Folder
Archivo: mfc140enu.dll, Carpeta: System64Folder
Archivo: mfc140esn.dll, Carpeta: System64Folder
Archivo: mfc140fra.dll, Carpeta: System64Folder
Archivo: mfc140ita.dll, Carpeta: System64Folder
Archivo: mfc140jpn.dll, Carpeta: System64Folder
Archivo: mfc140kor.dll, Carpeta: System64Folder
Archivo: mfc140rus.dll, Carpeta: System64Folder
Archivo: mfc140u.dll, Carpeta: System64Folder
Archivo: mfcm140.dll, Carpeta: System64Folder
Archivo: mfcm140u.dll, Carpeta: System64Folder
Action ended 5:16:12: RemoveFiles. Return value 1.
Action 5:16:12: InstallFiles. Copiando nuevos archivos
Action start 5:16:12: InstallFiles.
Archivo: mfc140.dll,  Carpeta: System64Folder,  Tamaño: 5606776
Archivo: mfc140chs.dll,  Carpeta: System64Folder,  Tamaño: 39808
Archivo: mfc140cht.dll,  Carpeta: System64Folder,  Tamaño: 39800
Archivo: mfc140deu.dll,  Carpeta: System64Folder,  Tamaño: 68488
Archivo: mfc140enu.dll,  Carpeta: System64Folder,  Tamaño: 58760
Archivo: mfc140esn.dll,  Carpeta: System64Folder,  Tamaño: 67448
Archivo: mfc140fra.dll,  Carpeta: System64Folder,  Tamaño: 68488
Archivo: mfc140ita.dll,  Carpeta: System64Folder,  Tamaño: 66424
Archivo: mfc140jpn.dll,  Carpeta: System64Folder,  Tamaño: 48000
Archivo: mfc140kor.dll,  Carpeta: System64Folder,  Tamaño: 46976
Archivo: mfc140rus.dll,  Carpeta: System64Folder,  Tamaño: 64384
Archivo: mfc140u.dll,  Carpeta: System64Folder,  Tamaño: 5639560
Archivo: mfcm140.dll,  Carpeta: System64Folder,  Tamaño: 84864
Archivo: mfcm140u.dll,  Carpeta: System64Folder,  Tamaño: 84856
Action ended 5:16:13: InstallFiles. Return value 1.
Action 5:16:13: WriteRegistryValues. Writing system registry values
Action start 5:16:13: WriteRegistryValues.
Key: HKEY_LOCAL_MACHINE\SOFTWARE\Microsoft\VisualStudio\14.0\VC\Runtimes\X64, Name: Version, Value: v14.28.29325.02
Key: HKEY_LOCAL_MACHINE\SOFTWARE\Microsoft\VisualStudio\14.0\VC\Runtimes\X64, Name: Version, Value: v14.28.29325.02
Key: HKEY_LOCAL_MACHINE\SOFTWARE\Microsoft\DevDiv\VC\Servicing\14.0, Name: SP, Value: 
Key: HKEY_LOCAL_MACHINE\SOFTWARE\Microsoft\DevDiv\VC\Servicing\14.0\RuntimeAdditional, Name: Install, Value: 
Key: HKEY_LOCAL_MACHINE\SOFTWARE\Microsoft\DevDiv\VC\Servicing\14.0, Name: SP, Value: 
Key: HKEY_LOCAL_MACHINE\SOFTWARE\Microsoft\DevDiv\VC\Servicing\14.0\RuntimeAdditional, Name: Install, Value: 
Key: HKEY_LOCAL_MACHINE\Software\Classes\Installer\Dependencies\Microsoft.VS.VC_RuntimeAdditionalVSU_amd64,v14, Name: Version, Value: 14.28.29325
Key: HKEY_LOCAL_MACHINE\SOFTWARE\Microsoft\VisualStudio\14.0\VC\Runtimes\X64, Name: Installed, Value: 
Key: HKEY_LOCAL_MACHINE\SOFTWARE\Microsoft\VisualStudio\14.0\VC\Runtimes\X64, Name: Major, Value: 
Key: HKEY_LOCAL_MACHINE\SOFTWARE\Microsoft\VisualStudio\14.0\VC\Runtimes\X64, Name: Minor, Value: 
Key: HKEY_LOCAL_MACHINE\SOFTWARE\Microsoft\VisualStudio\14.0\VC\Runtimes\X64, Name: Bld, Value: 
Key: HKEY_LOCAL_MACHINE\SOFTWARE\Microsoft\VisualStudio\14.0\VC\Runtimes\X64, Name: Rbld, Value: 
Key: HKEY_LOCAL_MACHINE\SOFTWARE\Microsoft\VisualStudio\14.0\VC\Runtimes\X64, Name: Installed, Value: 
Key: HKEY_LOCAL_MACHINE\SOFTWARE\Microsoft\VisualStudio\14.0\VC\Runtimes\X64, Name: Major, Value: 
Key: HKEY_LOCAL_MACHINE\SOFTWARE\Microsoft\VisualStudio\14.0\VC\Runtimes\X64, Name: Minor, Value: 
Key: HKEY_LOCAL_MACHINE\SOFTWARE\Microsoft\VisualStudio\14.0\VC\Runtimes\X64, Name: Bld, Value: 
Key: HKEY_LOCAL_MACHINE\SOFTWARE\Microsoft\VisualStudio\14.0\VC\Runtimes\X64, Name: Rbld, Value: 
Key: HKEY_LOCAL_MACHINE\SOFTWARE\Microsoft\DevDiv\VC\Servicing\14.0, Name: SPIndex, Value: 
Key: HKEY_LOCAL_MACHINE\SOFTWARE\Microsoft\DevDiv\VC\Servicing\14.0\RuntimeAdditional, Name: InstallerType, Value: MSI
Key: HKEY_LOCAL_MACHINE\SOFTWARE\Microsoft\DevDiv\VC\Servicing\14.0\RuntimeAdditional, Name: SP, Value: 
Key: HKEY_LOCAL_MACHINE\SOFTWARE\Microsoft\DevDiv\VC\Servicing\14.0\RuntimeAdditional, Name: SPIndex, Value: 
Key: HKEY_LOCAL_MACHINE\SOFTWARE\Microsoft\DevDiv\VC\Servicing\14.0\RuntimeAdditional, Name: SPName, Value: RTM
Key: HKEY_LOCAL_MACHINE\SOFTWARE\Microsoft\DevDiv\VC\Servicing\14.0\RuntimeAdditional, Name: Version, Value: 14.28.29325
Key: HKEY_LOCAL_MACHINE\SOFTWARE\Microsoft\DevDiv\VC\Servicing\14.0\RuntimeAdditional, Name: UpdateVersion, Value: 14.28.29325
Key: HKEY_LOCAL_MACHINE\SOFTWARE\Microsoft\DevDiv\VC\Servicing\14.0, Name: SPIndex, Value: 
Key: HKEY_LOCAL_MACHINE\SOFTWARE\Microsoft\DevDiv\VC\Servicing\14.0\RuntimeAdditional, Name: InstallerType, Value: MSI
Key: HKEY_LOCAL_MACHINE\SOFTWARE\Microsoft\DevDiv\VC\Servicing\14.0\RuntimeAdditional, Name: SP, Value: 
Key: HKEY_LOCAL_MACHINE\SOFTWARE\Microsoft\DevDiv\VC\Servicing\14.0\RuntimeAdditional, Name: SPIndex, Value: 
Key: HKEY_LOCAL_MACHINE\SOFTWARE\Microsoft\DevDiv\VC\Servicing\14.0\RuntimeAdditional, Name: SPName, Value: RTM
Key: HKEY_LOCAL_MACHINE\SOFTWARE\Microsoft\DevDiv\VC\Servicing\14.0\RuntimeAdditional, Name: Version, Value: 14.28.29325
Key: HKEY_LOCAL_MACHINE\SOFTWARE\Microsoft\DevDiv\VC\Servicing\14.0\RuntimeAdditional, Name: UpdateVersion, Value: 14.28.29325
Key: HKEY_LOCAL_MACHINE\Software\Classes\Installer\Dependencies\Microsoft.VS.VC_RuntimeAdditionalVSU_amd64,v14, Name: , Value: {26AF0C35-55EC-4025-8D83-349E8FB1419F}
Key: HKEY_LOCAL_MACHINE\Software\Classes\Installer\Dependencies\Microsoft.VS.VC_RuntimeAdditionalVSU_amd64,v14, Name: DisplayName, Value: Microsoft Visual C++ 2019 X64 Additional Runtime - 14.28.29325
Action ended 5:16:13: WriteRegistryValues. Return value 1.
Action 5:16:13: RegisterUser. Registering user
Action start 5:16:13: RegisterUser.
1:  
Action ended 5:16:13: RegisterUser. Return value 1.
Action 5:16:13: RegisterProduct. Registering product
Action start 5:16:13: RegisterProduct.
1: {26AF0C35-55EC-4025-8D83-349E8FB1419F} 
Action ended 5:16:13: RegisterProduct. Return value 1.
Action 5:16:13: PublishFeatures. Publishing Product Features
Action start 5:16:13: PublishFeatures.
Feature: VC_Runtime_Additional
Feature: Provider
Feature: Servicing_Key
Action ended 5:16:13: PublishFeatures. Return value 1.
Action 5:16:13: PublishProduct. Publishing product information
Action start 5:16:13: PublishProduct.
1: {26AF0C35-55EC-4025-8D83-349E8FB1419F} 
Action ended 5:16:13: PublishProduct. Return value 1.
Action ended 5:16:13: InstallFinalize. Return value 1.
Action ended 5:16:13: INSTALL. Return value 1.
1: Microsoft Visual C++ 2019 X64 Additional Runtime - 14.28.29325 2: {26AF0C35-55EC-4025-8D83-349E8FB1419F} 3: 1 
Property(S): UpgradeCode = {9B0BAA88-E15F-3A1F-ACC0-B206E9DDF71C}
Property(S): TARGETDIR = C:\
Property(S): System64Folder = C:\windows\system32\
Property(S): SourceDir = C:\ProgramData\Package Cache\{26AF0C35-55EC-4025-8D83-349E8FB1419F}v14.28.29325\packages\vcRuntimeAdditional_amd64\
Property(S): ALLUSERS = 1
Property(S): FILESINUSETEXT = The following applications should be closed before continuing the install:
Property(S): INSTALLLEVEL = 2
Property(S): LIMITUI = 1
Property(S): REBOOT = ReallySuppress
Property(S): REPAIR_REINSTALLMODE = pecmsu
Property(S): ARPSYSTEMCOMPONENT = 1
Property(S): LocProductName = Microsoft Visual C++ 2019 X64 Runtime
Property(S): ProductCPU = amd64
Property(S): ProductEdition = Runtime
Property(S): ProductFamily = VC
Property(S): RTM_ProductVersion = 14.28.29325
Property(S): MsiLogging = voicewarmup
Property(S): Manufacturer = Microsoft Corporation
Property(S): ProductCode = {26AF0C35-55EC-4025-8D83-349E8FB1419F}
Property(S): ProductLanguage = 1033
Property(S): ProductName = Microsoft Visual C++ 2019 X64 Additional Runtime - 14.28.29325
Property(S): ProductVersion = 14.28.29325
Property(S): DirectoryTable100_amd64 = DirectoryTable
Property(S): SecureCustomProperties = IGNOREDEPENDENCIES;NEWERVCRUNTIMEVERSIONDETECTED;UPGRADEVCRUNTIME
Property(S): AdminUser = 1
Property(S): CommonAppDataFolder = C:\ProgramData\
Property(S): FavoritesFolder = C:\users\govi\Favorites\
Property(S): FontsFolder = C:\windows\Fonts\
Property(S): SendToFolder = C:\users\govi\SendTo\
Property(S): StartMenuFolder = C:\users\govi\Start Menu\
Property(S): StartupFolder = C:\users\govi\Start Menu\Programs\StartUp\
Property(S): TemplateFolder = C:\users\govi\Templates\
Property(S): DesktopFolder = C:\users\govi\Escritorio\
Property(S): ProgramMenuFolder = C:\users\govi\Start Menu\Programs\
Property(S): AdminToolsFolder = C:\users\govi\Start Menu\Programs\Administrative Tools\
Property(S): AppDataFolder = C:\users\govi\Application Data\
Property(S): SystemFolder = C:\windows\syswow64\
Property(S): System16Folder = C:\windows\system32\
Property(S): LocalAppDataFolder = C:\users\govi\Local Settings\Application Data\
Property(S): MyPicturesFolder = C:\users\govi\Mis imágenes\
Property(S): PersonalFolder = C:\users\govi\Mis Documentos\
Property(S): WindowsFolder = C:\windows\
Property(S): PrintHoodFolder = C:\users\govi\PrintHood\
Property(S): NetHoodFolder = C:\users\govi\NetHood\
Property(S): RecentFolder = C:\users\govi\Recent\
Property(S): PhysicalMemory = 31921
Property(S): WindowsVolume = C:\
Property(S): TempFolder = C:\users\govi\Temp\
Property(S): Privileged = 1
Property(S): VersionNT = 601
Property(S): MsiNTProductType = 1
Property(S): WindowsBuild = 7601
Property(S): ServicePackLevel = 1
Property(S): VersionMsi = 4.5
Property(S): VersionDatabase = 400
Property(S): Intel = 6
Property(S): MsiAMD64 = 6
Property(S): Msix64 = 6
Property(S): VersionNT64 = 601
Property(S): ProgramFiles64Folder = C:\Program Files\
Property(S): ProgramFilesFolder = C:\Program Files (x86)\
Property(S): CommonFiles64Folder = C:\Program Files\Common Files\
Property(S): CommonFilesFolder = C:\Program Files (x86)\Common Files\
Property(S): ScreenX = 1920
Property(S): ScreenY = 1080
Property(S): ColorBits = 32
Property(S): UserSID = S-1-5-21-0-0-0-1000
Property(S): UserLanguageID = 3082
Property(S): SystemLanguageID = 3082
Property(S): ProductState = -1
Property(S): LogonUser = govi
Property(S): ComputerName = GOVI-PC
Property(S): UILevel = 2
Property(S): PackageCode = {3EA247AD-48C4-41E1-892C-6EFD0DB193A1}
Property(S): DATABASE = C:\windows\Installer\70fe.msi
Property(S): OriginalDatabase = C:\ProgramData\Package Cache\{26AF0C35-55EC-4025-8D83-349E8FB1419F}v14.28.29325\packages\vcRuntimeAdditional_amd64\vc_runtimeAdditional_x64.msi
Property(S): SOURCEDIR = C:\ProgramData\Package Cache\{26AF0C35-55EC-4025-8D83-349E8FB1419F}v14.28.29325\packages\vcRuntimeAdditional_amd64\
Property(S): MSIFASTINSTALL = 7
Property(S): NOVSUI = 1
Property(S): ACTION = INSTALL
Property(S): EXECUTEACTION = INSTALL
Property(S): CostingComplete = 1
Property(S): ROOTDRIVE = C:\
Property(S): OutOfDiskSpace = 0
Property(S): OutOfNoRbDiskSpace = 0
1: 2 2: 0 
1: 2 2: 1 
Action ended 5:16:13: INSTALL. Return value 1.
