1: 0 2: 1033 3: 1252 
=== Inicio de Trazas: 31/01/2021  14:35:08 ===
Message type: 0, Argument: 1033, 1252
Message type: 1, Argument: Microsoft Visual C++ 2019 X86 Minimum Runtime - 14.28.29325
Action 14:35:08: INSTALL. 
Action start 14:35:08: INSTALL.
1: 0 2: 1033 3: 1252 
1: 0 2: 1033 3: 1252 
=== Inicio de Trazas: 31/01/2021  14:35:08 ===
Message type: 0, Argument: 1033, 1252
Message type: 1, Argument: Microsoft Visual C++ 2019 X86 Minimum Runtime - 14.28.29325
Action 14:35:08: INSTALL. 
Action start 14:35:08: INSTALL.
1: Microsoft Visual C++ 2019 X86 Minimum Runtime - 14.28.29325 2: {EE2E15BB-54C8-4DB0-B1F3-026E3C166991} 
Action 14:35:08: FindRelatedProducts. Searching for related applications
Action start 14:35:08: FindRelatedProducts.
Action ended 14:35:08: FindRelatedProducts. Return value 1.
Action 14:35:08: LaunchConditions. Evaluating launch conditions
Action start 14:35:08: LaunchConditions.
Action ended 14:35:08: LaunchConditions. Return value 1.
Action 14:35:08: ValidateProductID. 
Action start 14:35:08: ValidateProductID.
Action ended 14:35:08: ValidateProductID. Return value 1.
Action 14:35:08: CostInitialize. Calculando requisitos de espacio
Action start 14:35:08: CostInitialize.
Action ended 14:35:08: CostInitialize. Return value 1.
Action 14:35:08: FileCost. Calculando requisitos de espacio
Action start 14:35:08: FileCost.
Action ended 14:35:08: FileCost. Return value 1.
Action 14:35:08: CostFinalize. Calculando requisitos de espacio
Action start 14:35:08: CostFinalize.
Action ended 14:35:08: CostFinalize. Return value 1.
Action 14:35:08: InstallValidate. Validating install
Action start 14:35:08: InstallValidate.
Action ended 14:35:08: InstallValidate. Return value 1.
Action 14:35:08: InstallInitialize. 
Action start 14:35:08: InstallInitialize.
Action ended 14:35:08: InstallInitialize. Return value 1.
Action 14:35:08: RemoveExistingProducts. Eliminando aplicaciones
Action start 14:35:08: RemoveExistingProducts.
Action ended 14:35:08: RemoveExistingProducts. Return value 1.
Action 14:35:08: ProcessComponents. Updating component registration
Action start 14:35:08: ProcessComponents.
Action ended 14:35:08: ProcessComponents. Return value 1.
Action 14:35:08: UnpublishFeatures. Unpublishing Product Features
Action start 14:35:08: UnpublishFeatures.
Action ended 14:35:08: UnpublishFeatures. Return value 1.
Action 14:35:08: RemoveRegistryValues. Removing system registry values
Action start 14:35:08: RemoveRegistryValues.
Action ended 14:35:08: RemoveRegistryValues. Return value 1.
Action 14:35:08: RemoveFiles. Eliminando archivos
Action start 14:35:08: RemoveFiles.
Action ended 14:35:08: RemoveFiles. Return value 1.
Action 14:35:08: InstallFiles. Copiando nuevos archivos
Action start 14:35:08: InstallFiles.
Action ended 14:35:08: InstallFiles. Return value 1.
Action 14:35:08: WriteRegistryValues. Writing system registry values
Action start 14:35:08: WriteRegistryValues.
Action ended 14:35:08: WriteRegistryValues. Return value 1.
Action 14:35:08: RegisterUser. Registering user
Action start 14:35:08: RegisterUser.
Action ended 14:35:08: RegisterUser. Return value 1.
Action 14:35:08: RegisterProduct. Registering product
Action start 14:35:08: RegisterProduct.
Action ended 14:35:08: RegisterProduct. Return value 1.
Action 14:35:08: PublishFeatures. Publishing Product Features
Action start 14:35:08: PublishFeatures.
Action ended 14:35:08: PublishFeatures. Return value 1.
Action 14:35:08: PublishProduct. Publishing product information
Action start 14:35:08: PublishProduct.
Action ended 14:35:08: PublishProduct. Return value 1.
Action 14:35:08: InstallFinalize. 
Action start 14:35:08: InstallFinalize.
Action 14:35:08: ProcessComponents. Updating component registration
Action start 14:35:08: ProcessComponents.
1: {EE2E15BB-54C8-4DB0-B1F3-026E3C166991} 2: {E3819B64-3C56-3DD7-921D-00B011AD31DE} 3: 02:\SOFTWARE\Microsoft\VisualStudio\14.0\VC\Runtimes\X86\Version 
1: {EE2E15BB-54C8-4DB0-B1F3-026E3C166991} 2: {42F41217-AF8B-33D4-9CB3-FF5F696BECBB} 3:  
1: {EE2E15BB-54C8-4DB0-B1F3-026E3C166991} 2: {E8E39D3B-4F35-36D8-B892-4B28336FE041} 3: C:\windows\syswow64\vcruntime140.dll 
1: {EE2E15BB-54C8-4DB0-B1F3-026E3C166991} 2: {A2AA960C-FD3C-3A6D-BD6F-14933011AFB3} 3: C:\windows\syswow64\msvcp140.dll 
1: {EE2E15BB-54C8-4DB0-B1F3-026E3C166991} 2: {A2E7203F-60C2-3D7E-8A46-DB3D381A2CE6} 3: C:\windows\syswow64\msvcp140_1.dll 
1: {EE2E15BB-54C8-4DB0-B1F3-026E3C166991} 2: {BC0399EF-5E9D-3C7C-BFF5-5E9A95C96DAF} 3: C:\windows\syswow64\msvcp140_2.dll 
1: {EE2E15BB-54C8-4DB0-B1F3-026E3C166991} 2: {763CEC2D-A166-4806-9E55-7D0676C9B2C2} 3: C:\windows\syswow64\msvcp140_atomic_wait.dll 
1: {EE2E15BB-54C8-4DB0-B1F3-026E3C166991} 2: {A09E2159-AF75-436E-AA4D-25B6B0A11D60} 3: C:\windows\syswow64\msvcp140_codecvt_ids.dll 
1: {EE2E15BB-54C8-4DB0-B1F3-026E3C166991} 2: {9FC931F8-9ED1-3263-A0F1-8ADE330D0ECE} 3: C:\windows\syswow64\concrt140.dll 
1: {EE2E15BB-54C8-4DB0-B1F3-026E3C166991} 2: {0200CF79-B9A1-3BE4-955A-29FA9D4B1A5C} 3: C:\windows\syswow64\vccorlib140.dll 
1: {EE2E15BB-54C8-4DB0-B1F3-026E3C166991} 2: {240E5802-BDC9-3681-9267-7CA35F29EEBF} 3: C:\windows\syswow64\vcamp140.dll 
1: {EE2E15BB-54C8-4DB0-B1F3-026E3C166991} 2: {64DE6BFD-3D7C-36DF-9427-2DE6858F45CE} 3: C:\windows\syswow64\vcomp140.dll 
1: {EE2E15BB-54C8-4DB0-B1F3-026E3C166991} 2: {C96DC6F1-894A-33E0-A8C1-3E9E7394FA28} 3: 02:\SOFTWARE\Microsoft\DevDiv\VC\Servicing\14.0\SP 
1: {EE2E15BB-54C8-4DB0-B1F3-026E3C166991} 2: {7ACE84BA-4FF6-351B-AE91-E198DDB852EE} 3: 02:\SOFTWARE\Microsoft\DevDiv\VC\Servicing\14.0\RuntimeMinimum\Install 
1: {EE2E15BB-54C8-4DB0-B1F3-026E3C166991} 2: {7F616D2F-B149-3802-BE4C-0F971B293B6C} 3: -1:\Software\Classes\Installer\Dependencies\Microsoft.VS.VC_RuntimeMinimumVSU_x86,v14\Version 
Action ended 14:35:08: ProcessComponents. Return value 1.
Action 14:35:08: UnpublishFeatures. Unpublishing Product Features
Action start 14:35:08: UnpublishFeatures.
Action ended 14:35:08: UnpublishFeatures. Return value 1.
Action 14:35:08: RemoveRegistryValues. Removing system registry values
Action start 14:35:08: RemoveRegistryValues.
Action ended 14:35:08: RemoveRegistryValues. Return value 1.
Action 14:35:08: RemoveFiles. Eliminando archivos
Action start 14:35:08: RemoveFiles.
Archivo: api-ms-win-core-console-l1-1-0.dll, Carpeta: SystemFolder
Archivo: api-ms-win-core-datetime-l1-1-0.dll, Carpeta: SystemFolder
Archivo: api-ms-win-core-debug-l1-1-0.dll, Carpeta: SystemFolder
Archivo: api-ms-win-core-errorhandling-l1-1-0.dll, Carpeta: SystemFolder
Archivo: api-ms-win-core-file-l1-1-0.dll, Carpeta: SystemFolder
Archivo: api-ms-win-core-file-l1-2-0.dll, Carpeta: SystemFolder
Archivo: api-ms-win-core-file-l2-1-0.dll, Carpeta: SystemFolder
Archivo: api-ms-win-core-handle-l1-1-0.dll, Carpeta: SystemFolder
Archivo: api-ms-win-core-heap-l1-1-0.dll, Carpeta: SystemFolder
Archivo: api-ms-win-core-interlocked-l1-1-0.dll, Carpeta: SystemFolder
Archivo: api-ms-win-core-libraryloader-l1-1-0.dll, Carpeta: SystemFolder
Archivo: api-ms-win-core-localization-l1-2-0.dll, Carpeta: SystemFolder
Archivo: api-ms-win-core-memory-l1-1-0.dll, Carpeta: SystemFolder
Archivo: api-ms-win-core-namedpipe-l1-1-0.dll, Carpeta: SystemFolder
Archivo: api-ms-win-core-processenvironment-l1-1-0.dll, Carpeta: SystemFolder
Archivo: api-ms-win-core-processthreads-l1-1-0.dll, Carpeta: SystemFolder
Archivo: api-ms-win-core-processthreads-l1-1-1.dll, Carpeta: SystemFolder
Archivo: api-ms-win-core-profile-l1-1-0.dll, Carpeta: SystemFolder
Archivo: api-ms-win-core-rtlsupport-l1-1-0.dll, Carpeta: SystemFolder
Archivo: api-ms-win-core-string-l1-1-0.dll, Carpeta: SystemFolder
Archivo: api-ms-win-core-synch-l1-1-0.dll, Carpeta: SystemFolder
Archivo: api-ms-win-core-synch-l1-2-0.dll, Carpeta: SystemFolder
Archivo: api-ms-win-core-sysinfo-l1-1-0.dll, Carpeta: SystemFolder
Archivo: api-ms-win-core-timezone-l1-1-0.dll, Carpeta: SystemFolder
Archivo: api-ms-win-core-util-l1-1-0.dll, Carpeta: SystemFolder
Archivo: api-ms-win-crt-conio-l1-1-0.dll, Carpeta: SystemFolder
Archivo: api-ms-win-crt-convert-l1-1-0.dll, Carpeta: SystemFolder
Archivo: api-ms-win-crt-environment-l1-1-0.dll, Carpeta: SystemFolder
Archivo: api-ms-win-crt-filesystem-l1-1-0.dll, Carpeta: SystemFolder
Archivo: api-ms-win-crt-heap-l1-1-0.dll, Carpeta: SystemFolder
Archivo: api-ms-win-crt-locale-l1-1-0.dll, Carpeta: SystemFolder
Archivo: api-ms-win-crt-math-l1-1-0.dll, Carpeta: SystemFolder
Archivo: api-ms-win-crt-multibyte-l1-1-0.dll, Carpeta: SystemFolder
Archivo: api-ms-win-crt-private-l1-1-0.dll, Carpeta: SystemFolder
Archivo: api-ms-win-crt-process-l1-1-0.dll, Carpeta: SystemFolder
Archivo: api-ms-win-crt-runtime-l1-1-0.dll, Carpeta: SystemFolder
Archivo: api-ms-win-crt-stdio-l1-1-0.dll, Carpeta: SystemFolder
Archivo: api-ms-win-crt-string-l1-1-0.dll, Carpeta: SystemFolder
Archivo: api-ms-win-crt-time-l1-1-0.dll, Carpeta: SystemFolder
Archivo: api-ms-win-crt-utility-l1-1-0.dll, Carpeta: SystemFolder
Archivo: concrt140.dll, Carpeta: SystemFolder
Archivo: msvcp140.dll, Carpeta: SystemFolder
Archivo: msvcp140_1.dll, Carpeta: SystemFolder
Archivo: msvcp140_2.dll, Carpeta: SystemFolder
Archivo: msvcp140_atomic_wait.dll, Carpeta: SystemFolder
Archivo: msvcp140_codecvt_ids.dll, Carpeta: SystemFolder
Archivo: ucrtbase.dll, Carpeta: SystemFolder
Archivo: vcamp140.dll, Carpeta: SystemFolder
Archivo: vccorlib140.dll, Carpeta: SystemFolder
Archivo: vcomp140.dll, Carpeta: SystemFolder
Archivo: vcruntime140.dll, Carpeta: SystemFolder
Action ended 14:35:08: RemoveFiles. Return value 1.
Action 14:35:08: InstallFiles. Copiando nuevos archivos
Action start 14:35:08: InstallFiles.
Archivo: api-ms-win-core-console-l1-1-0.dll,  Carpeta: SystemFolder,  Tamaño: 12672
Archivo: api-ms-win-core-datetime-l1-1-0.dll,  Carpeta: SystemFolder,  Tamaño: 12160
Archivo: api-ms-win-core-debug-l1-1-0.dll,  Carpeta: SystemFolder,  Tamaño: 12160
Archivo: api-ms-win-core-errorhandling-l1-1-0.dll,  Carpeta: SystemFolder,  Tamaño: 12160
Archivo: api-ms-win-core-file-l1-1-0.dll,  Carpeta: SystemFolder,  Tamaño: 15752
Archivo: api-ms-win-core-file-l1-2-0.dll,  Carpeta: SystemFolder,  Tamaño: 12168
Archivo: api-ms-win-core-file-l2-1-0.dll,  Carpeta: SystemFolder,  Tamaño: 12168
Archivo: api-ms-win-core-handle-l1-1-0.dll,  Carpeta: SystemFolder,  Tamaño: 12168
Archivo: api-ms-win-core-heap-l1-1-0.dll,  Carpeta: SystemFolder,  Tamaño: 12664
Archivo: api-ms-win-core-interlocked-l1-1-0.dll,  Carpeta: SystemFolder,  Tamaño: 12680
Archivo: api-ms-win-core-libraryloader-l1-1-0.dll,  Carpeta: SystemFolder,  Tamaño: 12664
Archivo: api-ms-win-core-localization-l1-2-0.dll,  Carpeta: SystemFolder,  Tamaño: 14712
Archivo: api-ms-win-core-memory-l1-1-0.dll,  Carpeta: SystemFolder,  Tamaño: 12680
Archivo: api-ms-win-core-namedpipe-l1-1-0.dll,  Carpeta: SystemFolder,  Tamaño: 12160
Archivo: api-ms-win-core-processenvironment-l1-1-0.dll,  Carpeta: SystemFolder,  Tamaño: 13192
Archivo: api-ms-win-core-processthreads-l1-1-0.dll,  Carpeta: SystemFolder,  Tamaño: 14216
Archivo: api-ms-win-core-processthreads-l1-1-1.dll,  Carpeta: SystemFolder,  Tamaño: 12672
Archivo: api-ms-win-core-profile-l1-1-0.dll,  Carpeta: SystemFolder,  Tamaño: 11656
Archivo: api-ms-win-core-rtlsupport-l1-1-0.dll,  Carpeta: SystemFolder,  Tamaño: 11640
Archivo: api-ms-win-core-string-l1-1-0.dll,  Carpeta: SystemFolder,  Tamaño: 12168
Archivo: api-ms-win-core-synch-l1-1-0.dll,  Carpeta: SystemFolder,  Tamaño: 14200
Archivo: api-ms-win-core-synch-l1-2-0.dll,  Carpeta: SystemFolder,  Tamaño: 12664
Archivo: api-ms-win-core-sysinfo-l1-1-0.dll,  Carpeta: SystemFolder,  Tamaño: 13184
Archivo: api-ms-win-core-timezone-l1-1-0.dll,  Carpeta: SystemFolder,  Tamaño: 12168
Archivo: api-ms-win-core-util-l1-1-0.dll,  Carpeta: SystemFolder,  Tamaño: 12152
Archivo: api-ms-win-crt-conio-l1-1-0.dll,  Carpeta: SystemFolder,  Tamaño: 13176
Archivo: api-ms-win-crt-convert-l1-1-0.dll,  Carpeta: SystemFolder,  Tamaño: 16248
Archivo: api-ms-win-crt-environment-l1-1-0.dll,  Carpeta: SystemFolder,  Tamaño: 12680
Archivo: api-ms-win-crt-filesystem-l1-1-0.dll,  Carpeta: SystemFolder,  Tamaño: 14216
Archivo: api-ms-win-crt-heap-l1-1-0.dll,  Carpeta: SystemFolder,  Tamaño: 13192
Archivo: api-ms-win-crt-locale-l1-1-0.dll,  Carpeta: SystemFolder,  Tamaño: 12680
Archivo: api-ms-win-crt-math-l1-1-0.dll,  Carpeta: SystemFolder,  Tamaño: 22904
Archivo: api-ms-win-crt-multibyte-l1-1-0.dll,  Carpeta: SystemFolder,  Tamaño: 20360
Archivo: api-ms-win-crt-private-l1-1-0.dll,  Carpeta: SystemFolder,  Tamaño: 66936
Archivo: api-ms-win-crt-process-l1-1-0.dll,  Carpeta: SystemFolder,  Tamaño: 13192
Archivo: api-ms-win-crt-runtime-l1-1-0.dll,  Carpeta: SystemFolder,  Tamaño: 16776
Archivo: api-ms-win-crt-stdio-l1-1-0.dll,  Carpeta: SystemFolder,  Tamaño: 18312
Archivo: api-ms-win-crt-string-l1-1-0.dll,  Carpeta: SystemFolder,  Tamaño: 18312
Archivo: api-ms-win-crt-time-l1-1-0.dll,  Carpeta: SystemFolder,  Tamaño: 14728
Archivo: api-ms-win-crt-utility-l1-1-0.dll,  Carpeta: SystemFolder,  Tamaño: 12672
Archivo: concrt140.dll,  Carpeta: SystemFolder,  Tamaño: 244088
Archivo: msvcp140.dll,  Carpeta: SystemFolder,  Tamaño: 450952
Archivo: msvcp140_1.dll,  Carpeta: SystemFolder,  Tamaño: 21376
Archivo: msvcp140_2.dll,  Carpeta: SystemFolder,  Tamaño: 166776
Archivo: msvcp140_atomic_wait.dll,  Carpeta: SystemFolder,  Tamaño: 39296
Archivo: msvcp140_codecvt_ids.dll,  Carpeta: SystemFolder,  Tamaño: 18808
Archivo: ucrtbase.dll,  Carpeta: SystemFolder,  Tamaño: 914816
Archivo: vcamp140.dll,  Carpeta: SystemFolder,  Tamaño: 355208
Archivo: vccorlib140.dll,  Carpeta: SystemFolder,  Tamaño: 267656
Archivo: vcomp140.dll,  Carpeta: SystemFolder,  Tamaño: 150392
Archivo: vcruntime140.dll,  Carpeta: SystemFolder,  Tamaño: 76152
Action ended 14:35:08: InstallFiles. Return value 1.
Action 14:35:08: WriteRegistryValues. Writing system registry values
Action start 14:35:08: WriteRegistryValues.
Key: HKEY_LOCAL_MACHINE\SOFTWARE\Microsoft\VisualStudio\14.0\VC\Runtimes\X86, Name: Version, Value: v14.28.29325.02
Key: HKEY_LOCAL_MACHINE\SOFTWARE\Microsoft\DevDiv\VC\Servicing\14.0, Name: SP, Value: 
Key: HKEY_LOCAL_MACHINE\SOFTWARE\Microsoft\DevDiv\VC\Servicing\14.0\RuntimeMinimum, Name: Install, Value: 
Key: HKEY_LOCAL_MACHINE\Software\Classes\Installer\Dependencies\Microsoft.VS.VC_RuntimeMinimumVSU_x86,v14, Name: Version, Value: 14.28.29325
Key: HKEY_LOCAL_MACHINE\SOFTWARE\Microsoft\VisualStudio\14.0\VC\Runtimes\X86, Name: Installed, Value: 
Key: HKEY_LOCAL_MACHINE\SOFTWARE\Microsoft\VisualStudio\14.0\VC\Runtimes\X86, Name: Major, Value: 
Key: HKEY_LOCAL_MACHINE\SOFTWARE\Microsoft\VisualStudio\14.0\VC\Runtimes\X86, Name: Minor, Value: 
Key: HKEY_LOCAL_MACHINE\SOFTWARE\Microsoft\VisualStudio\14.0\VC\Runtimes\X86, Name: Bld, Value: 
Key: HKEY_LOCAL_MACHINE\SOFTWARE\Microsoft\VisualStudio\14.0\VC\Runtimes\X86, Name: Rbld, Value: 
Key: HKEY_LOCAL_MACHINE\SOFTWARE\Microsoft\DevDiv\VC\Servicing\14.0, Name: SPIndex, Value: 
Key: HKEY_LOCAL_MACHINE\SOFTWARE\Microsoft\DevDiv\VC\Servicing\14.0\RuntimeMinimum, Name: InstallerType, Value: MSI
Key: HKEY_LOCAL_MACHINE\SOFTWARE\Microsoft\DevDiv\VC\Servicing\14.0\RuntimeMinimum, Name: SP, Value: 
Key: HKEY_LOCAL_MACHINE\SOFTWARE\Microsoft\DevDiv\VC\Servicing\14.0\RuntimeMinimum, Name: SPIndex, Value: 
Key: HKEY_LOCAL_MACHINE\SOFTWARE\Microsoft\DevDiv\VC\Servicing\14.0\RuntimeMinimum, Name: SPName, Value: RTM
Key: HKEY_LOCAL_MACHINE\SOFTWARE\Microsoft\DevDiv\VC\Servicing\14.0\RuntimeMinimum, Name: Version, Value: 14.28.29325
Key: HKEY_LOCAL_MACHINE\SOFTWARE\Microsoft\DevDiv\VC\Servicing\14.0\RuntimeMinimum, Name: UpdateVersion, Value: 14.28.29325
Key: HKEY_LOCAL_MACHINE\Software\Classes\Installer\Dependencies\Microsoft.VS.VC_RuntimeMinimumVSU_x86,v14, Name: , Value: {EE2E15BB-54C8-4DB0-B1F3-026E3C166991}
Key: HKEY_LOCAL_MACHINE\Software\Classes\Installer\Dependencies\Microsoft.VS.VC_RuntimeMinimumVSU_x86,v14, Name: DisplayName, Value: Microsoft Visual C++ 2019 X86 Minimum Runtime - 14.28.29325
Action ended 14:35:08: WriteRegistryValues. Return value 1.
Action 14:35:08: RegisterUser. Registering user
Action start 14:35:08: RegisterUser.
1:  
Action ended 14:35:08: RegisterUser. Return value 1.
Action 14:35:08: RegisterProduct. Registering product
Action start 14:35:08: RegisterProduct.
1: {EE2E15BB-54C8-4DB0-B1F3-026E3C166991} 
Action ended 14:35:08: RegisterProduct. Return value 1.
Action 14:35:08: PublishFeatures. Publishing Product Features
Action start 14:35:08: PublishFeatures.
Feature: VC_Runtime_Minimum
Feature: Provider
Feature: Servicing_Key
Action ended 14:35:08: PublishFeatures. Return value 1.
Action 14:35:08: PublishProduct. Publishing product information
Action start 14:35:08: PublishProduct.
1: {EE2E15BB-54C8-4DB0-B1F3-026E3C166991} 
Action ended 14:35:08: PublishProduct. Return value 1.
Action ended 14:35:08: InstallFinalize. Return value 1.
Action ended 14:35:08: INSTALL. Return value 1.
1: Microsoft Visual C++ 2019 X86 Minimum Runtime - 14.28.29325 2: {EE2E15BB-54C8-4DB0-B1F3-026E3C166991} 3: 1 
Property(S): UpgradeCode = {65E5BD06-6392-3027-8C26-853107D3CF1A}
Property(S): TARGETDIR = C:\
Property(S): SystemFolder = C:\windows\syswow64\
Property(S): SourceDir = C:\ProgramData\Package Cache\{EE2E15BB-54C8-4DB0-B1F3-026E3C166991}v14.28.29325\packages\vcRuntimeMinimum_x86\
Property(S): ALLUSERS = 1
Property(S): FILESINUSETEXT = The following applications should be closed before continuing the install:
Property(S): INSTALLLEVEL = 2
Property(S): LIMITUI = 1
Property(S): REBOOT = ReallySuppress
Property(S): REPAIR_REINSTALLMODE = pecmsu
Property(S): ARPSYSTEMCOMPONENT = 1
Property(S): LocProductName = Microsoft Visual C++ 2019 X86 Runtime
Property(S): ProductCPU = x86
Property(S): ProductEdition = RuntimeMinimum
Property(S): ProductFamily = VC
Property(S): RTM_ProductVersion = 14.28.29325
Property(S): MsiLogging = voicewarmupx
Property(S): Manufacturer = Microsoft Corporation
Property(S): ProductCode = {EE2E15BB-54C8-4DB0-B1F3-026E3C166991}
Property(S): ProductLanguage = 1033
Property(S): ProductName = Microsoft Visual C++ 2019 X86 Minimum Runtime - 14.28.29325
Property(S): ProductVersion = 14.28.29325
Property(S): DirectoryTable100_x86 = DirectoryTable
Property(S): SecureCustomProperties = IGNOREDEPENDENCIES;NEWERVCRUNTIMEVERSIONDETECTED;UPGRADEVCRUNTIME
Property(S): AdminUser = 1
Property(S): CommonAppDataFolder = C:\ProgramData\
Property(S): FavoritesFolder = C:\users\govi\Favorites\
Property(S): FontsFolder = C:\windows\Fonts\
Property(S): SendToFolder = C:\users\govi\SendTo\
Property(S): StartMenuFolder = C:\users\govi\Start Menu\
Property(S): StartupFolder = C:\users\govi\Start Menu\Programs\StartUp\
Property(S): TemplateFolder = C:\users\govi\Templates\
Property(S): DesktopFolder = C:\users\govi\Escritorio\
Property(S): ProgramMenuFolder = C:\users\govi\Start Menu\Programs\
Property(S): AdminToolsFolder = C:\users\govi\Start Menu\Programs\Administrative Tools\
Property(S): AppDataFolder = C:\users\govi\Application Data\
Property(S): System16Folder = C:\windows\system32\
Property(S): LocalAppDataFolder = C:\users\govi\Local Settings\Application Data\
Property(S): MyPicturesFolder = C:\users\govi\Mis imágenes\
Property(S): PersonalFolder = C:\users\govi\Mis Documentos\
Property(S): WindowsFolder = C:\windows\
Property(S): PrintHoodFolder = C:\users\govi\PrintHood\
Property(S): NetHoodFolder = C:\users\govi\NetHood\
Property(S): RecentFolder = C:\users\govi\Recent\
Property(S): PhysicalMemory = 31921
Property(S): WindowsVolume = C:\
Property(S): TempFolder = C:\users\govi\Temp\
Property(S): Privileged = 1
Property(S): VersionNT = 601
Property(S): MsiNTProductType = 1
Property(S): WindowsBuild = 7601
Property(S): ServicePackLevel = 1
Property(S): VersionMsi = 4.5
Property(S): VersionDatabase = 400
Property(S): Intel = 6
Property(S): MsiAMD64 = 6
Property(S): Msix64 = 6
Property(S): VersionNT64 = 601
Property(S): System64Folder = C:\windows\system32\
Property(S): ProgramFiles64Folder = C:\Program Files\
Property(S): ProgramFilesFolder = C:\Program Files (x86)\
Property(S): CommonFiles64Folder = C:\Program Files\Common Files\
Property(S): CommonFilesFolder = C:\Program Files (x86)\Common Files\
Property(S): ScreenX = 1920
Property(S): ScreenY = 1080
Property(S): ColorBits = 32
Property(S): UserSID = S-1-5-21-0-0-0-1000
Property(S): UserLanguageID = 3082
Property(S): SystemLanguageID = 3082
Property(S): ProductState = -1
Property(S): LogonUser = govi
Property(S): ComputerName = GOVI-PC
Property(S): UILevel = 2
Property(S): PackageCode = {3CDD361C-3781-4377-B9D6-AE05580703BF}
Property(S): DATABASE = C:\windows\Installer\27b3.msi
Property(S): OriginalDatabase = C:\ProgramData\Package Cache\{EE2E15BB-54C8-4DB0-B1F3-026E3C166991}v14.28.29325\packages\vcRuntimeMinimum_x86\vc_runtimeMinimum_x86.msi
Property(S): SOURCEDIR = C:\ProgramData\Package Cache\{EE2E15BB-54C8-4DB0-B1F3-026E3C166991}v14.28.29325\packages\vcRuntimeMinimum_x86\
Property(S): MSIFASTINSTALL = 7
Property(S): NOVSUI = 1
Property(S): ACTION = INSTALL
Property(S): EXECUTEACTION = INSTALL
Property(S): CostingComplete = 1
Property(S): ROOTDRIVE = C:\
Property(S): OutOfDiskSpace = 0
Property(S): OutOfNoRbDiskSpace = 0
1: 2 2: 0 
1: 2 2: 1 
Action ended 14:35:08: INSTALL. Return value 1.
