[02AC:02B0][2021-01-31T05:16:09]i001: Burn v3.10.4.4718, Windows v6.1 (Build 7601: Service Pack 1), path: C:\windows\temp\{B9CB53CB-4709-4DC6-A048-D404CF248940}\.cr\vc_redist.x64.exe
[02AC:02B0][2021-01-31T05:16:09]i009: Command Line: '-burn.clean.room=Y:\vcrun2019\vc_redist.x64.exe -burn.filehandle.attached=160 -burn.filehandle.self=164'
[02AC:02B0][2021-01-31T05:16:09]i000: Setting string variable 'WixBundleOriginalSource' to value 'Y:\vcrun2019\vc_redist.x64.exe'
[02AC:02B0][2021-01-31T05:16:09]i000: Setting string variable 'WixBundleOriginalSourceFolder' to value 'Y:\vcrun2019\'
[02AC:02B0][2021-01-31T05:16:09]i000: Setting string variable 'WixBundleLog' to value 'C:\users\govi\Temp\dd_vcredist_amd64_20210131051609.log'
[02AC:02B0][2021-01-31T05:16:09]i000: Setting string variable 'WixBundleName' to value 'Microsoft Visual C++ 2015-2019 Redistributable (x64) - 14.28.29325'
[02AC:02B0][2021-01-31T05:16:09]i000: Setting string variable 'WixBundleManufacturer' to value 'Microsoft Corporation'
[02AC:02BC][2021-01-31T05:16:09]i000: Setting version variable 'WixBundleFileVersion' to value '14.28.29325.2'
[02AC:02B0][2021-01-31T05:16:09]i100: Detect begin, 10 packages
[02AC:02B0][2021-01-31T05:16:09]i000: Setting version variable 'windows_uCRT_DetectKey' to value '10.0.14393.2247'
[02AC:02B0][2021-01-31T05:16:09]i000: Setting numeric variable 'windows_uCRT_DetectKeyExists' to value 1
[02AC:02B0][2021-01-31T05:16:09]i052: Condition '(VersionNT = v6.3 AND NOT VersionNT64) AND (windows_uCRT_DetectKeyExists AND windows_uCRT_DetectKey >= v10.0.10240.0)' evaluates to false.
[02AC:02B0][2021-01-31T05:16:09]i052: Condition '(VersionNT = v6.3 AND VersionNT64) AND (windows_uCRT_DetectKeyExists AND windows_uCRT_DetectKey >= v10.0.10240.0)' evaluates to false.
[02AC:02B0][2021-01-31T05:16:09]i052: Condition '(VersionNT = v6.2 AND NOT VersionNT64) AND (windows_uCRT_DetectKeyExists AND windows_uCRT_DetectKey >= v10.0.10240.0)' evaluates to false.
[02AC:02B0][2021-01-31T05:16:09]i052: Condition '(VersionNT = v6.2 AND VersionNT64) AND (windows_uCRT_DetectKeyExists AND windows_uCRT_DetectKey >= v10.0.10240.0)' evaluates to false.
[02AC:02B0][2021-01-31T05:16:09]i052: Condition '(VersionNT = v6.1 AND NOT VersionNT64) AND (windows_uCRT_DetectKeyExists AND windows_uCRT_DetectKey >= v10.0.10240.0)' evaluates to false.
[02AC:02B0][2021-01-31T05:16:09]i052: Condition '(VersionNT = v6.1 AND VersionNT64) AND (windows_uCRT_DetectKeyExists AND windows_uCRT_DetectKey >= v10.0.10240.0)' evaluates to true.
[02AC:02B0][2021-01-31T05:16:09]i052: Condition '(VersionNT = v6.0 AND NOT VersionNT64) AND (windows_uCRT_DetectKeyExists AND windows_uCRT_DetectKey >= v10.0.10240.0)' evaluates to false.
[02AC:02B0][2021-01-31T05:16:09]i052: Condition '(VersionNT = v6.0 AND VersionNT64) AND (windows_uCRT_DetectKeyExists AND windows_uCRT_DetectKey >= v10.0.10240.0)' evaluates to false.
[02AC:02B0][2021-01-31T05:16:09]i101: Detected package: Windows81_x86, state: Absent, cached: None
[02AC:02B0][2021-01-31T05:16:09]i101: Detected package: Windows81_x64, state: Absent, cached: None
[02AC:02B0][2021-01-31T05:16:09]i101: Detected package: Windows8_x86, state: Absent, cached: None
[02AC:02B0][2021-01-31T05:16:09]i101: Detected package: Windows8_x64, state: Absent, cached: None
[02AC:02B0][2021-01-31T05:16:09]i101: Detected package: Windows7_MSU_x86, state: Absent, cached: None
[02AC:02B0][2021-01-31T05:16:09]i101: Detected package: Windows7_MSU_x64, state: Present, cached: None
[02AC:02B0][2021-01-31T05:16:09]i101: Detected package: WindowsVista_MSU_x86, state: Absent, cached: None
[02AC:02B0][2021-01-31T05:16:09]i101: Detected package: WindowsVista_MSU_x64, state: Absent, cached: None
[02AC:02B0][2021-01-31T05:16:09]i101: Detected package: vcRuntimeMinimum_x64, state: Absent, cached: None
[02AC:02B0][2021-01-31T05:16:09]i101: Detected package: vcRuntimeAdditional_x64, state: Absent, cached: None
[02AC:02B0][2021-01-31T05:16:09]i052: Condition 'VersionNT64 >= v6.0 OR (VersionNT64 = v5.2 AND ServicePackLevel >= 1)' evaluates to true.
[02AC:02B0][2021-01-31T05:16:09]i199: Detect complete, result: 0x0
[02AC:02BC][2021-01-31T05:16:12]i000: Setting numeric variable 'EulaAcceptCheckbox' to value 1
[02AC:02B0][2021-01-31T05:16:12]i200: Plan begin, 10 packages, action: Install
[02AC:02B0][2021-01-31T05:16:12]i052: Condition 'VersionNT = v6.3 AND NOT VersionNT64' evaluates to false.
[02AC:02B0][2021-01-31T05:16:12]w321: Skipping dependency registration on package with no dependency providers: Windows81_x86
[02AC:02B0][2021-01-31T05:16:12]i052: Condition 'VersionNT = v6.3 AND VersionNT64' evaluates to false.
[02AC:02B0][2021-01-31T05:16:12]w321: Skipping dependency registration on package with no dependency providers: Windows81_x64
[02AC:02B0][2021-01-31T05:16:12]i052: Condition 'VersionNT = v6.2 AND NOT VersionNT64' evaluates to false.
[02AC:02B0][2021-01-31T05:16:12]w321: Skipping dependency registration on package with no dependency providers: Windows8_x86
[02AC:02B0][2021-01-31T05:16:12]i052: Condition 'VersionNT = v6.2 AND VersionNT64' evaluates to false.
[02AC:02B0][2021-01-31T05:16:12]w321: Skipping dependency registration on package with no dependency providers: Windows8_x64
[02AC:02B0][2021-01-31T05:16:12]i052: Condition 'VersionNT = v6.1 AND NOT VersionNT64' evaluates to false.
[02AC:02B0][2021-01-31T05:16:12]w321: Skipping dependency registration on package with no dependency providers: Windows7_MSU_x86
[02AC:02B0][2021-01-31T05:16:12]i052: Condition 'VersionNT = v6.1 AND VersionNT64' evaluates to true.
[02AC:02B0][2021-01-31T05:16:12]w321: Skipping dependency registration on package with no dependency providers: Windows7_MSU_x64
[02AC:02B0][2021-01-31T05:16:12]i052: Condition 'VersionNT = v6.0 AND NOT VersionNT64' evaluates to false.
[02AC:02B0][2021-01-31T05:16:12]w321: Skipping dependency registration on package with no dependency providers: WindowsVista_MSU_x86
[02AC:02B0][2021-01-31T05:16:12]i052: Condition 'VersionNT = v6.0 AND VersionNT64' evaluates to false.
[02AC:02B0][2021-01-31T05:16:12]w321: Skipping dependency registration on package with no dependency providers: WindowsVista_MSU_x64
[02AC:02B0][2021-01-31T05:16:12]i052: Condition '(VersionNT64)' evaluates to true.
[02AC:02B0][2021-01-31T05:16:12]i000: Setting string variable 'WixBundleRollbackLog_vcRuntimeMinimum_x64' to value 'C:\users\govi\Temp\dd_vcredist_amd64_20210131051609_000_vcRuntimeMinimum_x64_rollback.log'
[02AC:02B0][2021-01-31T05:16:12]i000: Setting string variable 'WixBundleLog_vcRuntimeMinimum_x64' to value 'C:\users\govi\Temp\dd_vcredist_amd64_20210131051609_000_vcRuntimeMinimum_x64.log'
[02AC:02B0][2021-01-31T05:16:12]i052: Condition '(VersionNT64)' evaluates to true.
[02AC:02B0][2021-01-31T05:16:12]i000: Setting string variable 'WixBundleRollbackLog_vcRuntimeAdditional_x64' to value 'C:\users\govi\Temp\dd_vcredist_amd64_20210131051609_001_vcRuntimeAdditional_x64_rollback.log'
[02AC:02B0][2021-01-31T05:16:12]i000: Setting string variable 'WixBundleLog_vcRuntimeAdditional_x64' to value 'C:\users\govi\Temp\dd_vcredist_amd64_20210131051609_001_vcRuntimeAdditional_x64.log'
[02AC:02B0][2021-01-31T05:16:12]i201: Planned package: Windows81_x86, state: Absent, default requested: Absent, ba requested: Absent, execute: None, rollback: None, cache: No, uncache: No, dependency: None
[02AC:02B0][2021-01-31T05:16:12]i201: Planned package: Windows81_x64, state: Absent, default requested: Absent, ba requested: Absent, execute: None, rollback: None, cache: No, uncache: No, dependency: None
[02AC:02B0][2021-01-31T05:16:12]i201: Planned package: Windows8_x86, state: Absent, default requested: Absent, ba requested: Absent, execute: None, rollback: None, cache: No, uncache: No, dependency: None
[02AC:02B0][2021-01-31T05:16:12]i201: Planned package: Windows8_x64, state: Absent, default requested: Absent, ba requested: Absent, execute: None, rollback: None, cache: No, uncache: No, dependency: None
[02AC:02B0][2021-01-31T05:16:12]i201: Planned package: Windows7_MSU_x86, state: Absent, default requested: Absent, ba requested: Absent, execute: None, rollback: None, cache: No, uncache: No, dependency: None
[02AC:02B0][2021-01-31T05:16:12]i201: Planned package: Windows7_MSU_x64, state: Present, default requested: Present, ba requested: Present, execute: None, rollback: None, cache: No, uncache: No, dependency: None
[02AC:02B0][2021-01-31T05:16:12]i201: Planned package: WindowsVista_MSU_x86, state: Absent, default requested: Absent, ba requested: Absent, execute: None, rollback: None, cache: No, uncache: No, dependency: None
[02AC:02B0][2021-01-31T05:16:12]i201: Planned package: WindowsVista_MSU_x64, state: Absent, default requested: Absent, ba requested: Absent, execute: None, rollback: None, cache: No, uncache: No, dependency: None
[02AC:02B0][2021-01-31T05:16:12]i201: Planned package: vcRuntimeMinimum_x64, state: Absent, default requested: Present, ba requested: Present, execute: Install, rollback: Uninstall, cache: Yes, uncache: No, dependency: Register
[02AC:02B0][2021-01-31T05:16:12]i201: Planned package: vcRuntimeAdditional_x64, state: Absent, default requested: Present, ba requested: Present, execute: Install, rollback: Uninstall, cache: Yes, uncache: No, dependency: Register
[02AC:02B0][2021-01-31T05:16:12]i299: Plan complete, result: 0x0
[02AC:02B0][2021-01-31T05:16:12]i300: Apply begin
[02AC:02B0][2021-01-31T05:16:12]i010: Launching elevated engine process.
[02AC:02B0][2021-01-31T05:16:12]i011: Launched elevated engine process.
[02AC:02B0][2021-01-31T05:16:12]i012: Connected to elevated engine.
[02C0:02C4][2021-01-31T05:16:12]i358: Pausing automatic updates.
[02C0:02C4][2021-01-31T05:16:12]i359: Paused automatic updates.
[02C0:02C4][2021-01-31T05:16:12]i360: Creating a system restore point.
[02C0:02C4][2021-01-31T05:16:12]i361: Created a system restore point.
[02C0:02C4][2021-01-31T05:16:12]i370: Session begin, registration key: SOFTWARE\Microsoft\Windows\CurrentVersion\Uninstall\{33628a12-6787-4b9f-95a1-92449f69fae0}, options: 0x7, disable resume: No
[02C0:02C4][2021-01-31T05:16:12]i000: Caching bundle from: 'C:\windows\Temp\{1884CDC4-E999-42E8-BB12-262903E12AB8}\.be\VC_redist.x64.exe' to: 'C:\ProgramData\Package Cache\{33628a12-6787-4b9f-95a1-92449f69fae0}\VC_redist.x64.exe'
[02C0:02C4][2021-01-31T05:16:12]i320: Registering bundle dependency provider: VC,redist.x64,amd64,14.28,bundle, version: 14.28.29325.2
[02C0:02C4][2021-01-31T05:16:12]i371: Updating session, registration key: SOFTWARE\Microsoft\Windows\CurrentVersion\Uninstall\{33628a12-6787-4b9f-95a1-92449f69fae0}, resume: Active, restart initiated: No, disable resume: No
[02C0:02D0][2021-01-31T05:16:12]i305: Verified acquired payload: vcRuntimeMinimum_x64 at path: C:\ProgramData\Package Cache\.unverified\vcRuntimeMinimum_x64, moving to: C:\ProgramData\Package Cache\{7D0362D5-C699-4403-BC09-0C1DAD1D93AB}v14.28.29325\packages\vcRuntimeMinimum_amd64\vc_runtimeMinimum_x64.msi.
[02C0:02D0][2021-01-31T05:16:12]i305: Verified acquired payload: cab5046A8AB272BF37297BB7928664C9503 at path: C:\ProgramData\Package Cache\.unverified\cab5046A8AB272BF37297BB7928664C9503, moving to: C:\ProgramData\Package Cache\{7D0362D5-C699-4403-BC09-0C1DAD1D93AB}v14.28.29325\packages\vcRuntimeMinimum_amd64\cab1.cab.
[02C0:02D0][2021-01-31T05:16:12]i305: Verified acquired payload: vcRuntimeAdditional_x64 at path: C:\ProgramData\Package Cache\.unverified\vcRuntimeAdditional_x64, moving to: C:\ProgramData\Package Cache\{26AF0C35-55EC-4025-8D83-349E8FB1419F}v14.28.29325\packages\vcRuntimeAdditional_amd64\vc_runtimeAdditional_x64.msi.
[02C0:02D0][2021-01-31T05:16:12]i305: Verified acquired payload: cab2C04DDC374BD96EB5C8EB8208F2C7C92 at path: C:\ProgramData\Package Cache\.unverified\cab2C04DDC374BD96EB5C8EB8208F2C7C92, moving to: C:\ProgramData\Package Cache\{26AF0C35-55EC-4025-8D83-349E8FB1419F}v14.28.29325\packages\vcRuntimeAdditional_amd64\cab1.cab.
[02C0:02C4][2021-01-31T05:16:12]i301: Applying execute package: vcRuntimeMinimum_x64, action: Install, path: C:\ProgramData\Package Cache\{7D0362D5-C699-4403-BC09-0C1DAD1D93AB}v14.28.29325\packages\vcRuntimeMinimum_amd64\vc_runtimeMinimum_x64.msi, arguments: ' MSIFASTINSTALL="7" NOVSUI="1"'
[02AC:02B0][2021-01-31T05:16:12]i319: Applied execute package: vcRuntimeMinimum_x64, result: 0x0, restart: None
[02C0:02C4][2021-01-31T05:16:12]i325: Registering dependency: {33628a12-6787-4b9f-95a1-92449f69fae0} on package provider: Microsoft.VS.VC_RuntimeMinimumVSU_amd64,v14, package: vcRuntimeMinimum_x64
[02C0:02C4][2021-01-31T05:16:12]i301: Applying execute package: vcRuntimeAdditional_x64, action: Install, path: C:\ProgramData\Package Cache\{26AF0C35-55EC-4025-8D83-349E8FB1419F}v14.28.29325\packages\vcRuntimeAdditional_amd64\vc_runtimeAdditional_x64.msi, arguments: ' MSIFASTINSTALL="7" NOVSUI="1"'
[02AC:02B0][2021-01-31T05:16:13]i319: Applied execute package: vcRuntimeAdditional_x64, result: 0x0, restart: None
[02C0:02C4][2021-01-31T05:16:13]i325: Registering dependency: {33628a12-6787-4b9f-95a1-92449f69fae0} on package provider: Microsoft.VS.VC_RuntimeAdditionalVSU_amd64,v14, package: vcRuntimeAdditional_x64
[02C0:02C4][2021-01-31T05:16:13]i372: Session end, registration key: SOFTWARE\Microsoft\Windows\CurrentVersion\Uninstall\{33628a12-6787-4b9f-95a1-92449f69fae0}, resume: ARP, restart: None, disable resume: No
[02C0:02C4][2021-01-31T05:16:13]i371: Updating session, registration key: SOFTWARE\Microsoft\Windows\CurrentVersion\Uninstall\{33628a12-6787-4b9f-95a1-92449f69fae0}, resume: ARP, restart initiated: No, disable resume: No
[02AC:02B0][2021-01-31T05:16:13]i399: Apply complete, result: 0x0, restart: None, ba requested restart:  No
[02AC:02B0][2021-01-31T05:16:14]i500: Shutting down, exit code: 0x0
[02AC:02B0][2021-01-31T05:16:14]i410: Variable: EulaAcceptCheckbox = 1
[02AC:02B0][2021-01-31T05:16:14]i410: Variable: ServicePackLevel = 1
[02AC:02B0][2021-01-31T05:16:14]i410: Variable: SystemFolder = C:\windows\system32\
[02AC:02B0][2021-01-31T05:16:14]i410: Variable: VersionNT = 6.1.0.0
[02AC:02B0][2021-01-31T05:16:14]i410: Variable: VersionNT64 = 6.1.0.0
[02AC:02B0][2021-01-31T05:16:14]i410: Variable: windows_uCRT_DetectKey = 10.0.14393.2247
[02AC:02B0][2021-01-31T05:16:14]i410: Variable: windows_uCRT_DetectKeyExists = 1
[02AC:02B0][2021-01-31T05:16:14]i410: Variable: WixBundleAction = 5
[02AC:02B0][2021-01-31T05:16:14]i410: Variable: WixBundleElevated = 1
[02AC:02B0][2021-01-31T05:16:14]i410: Variable: WixBundleFileVersion = 14.28.29325.2
[02AC:02B0][2021-01-31T05:16:14]i410: Variable: WixBundleInstalled = 0
[02AC:02B0][2021-01-31T05:16:14]i410: Variable: WixBundleLog = C:\users\govi\Temp\dd_vcredist_amd64_20210131051609.log
[02AC:02B0][2021-01-31T05:16:14]i410: Variable: WixBundleLog_vcRuntimeAdditional_x64 = C:\users\govi\Temp\dd_vcredist_amd64_20210131051609_001_vcRuntimeAdditional_x64.log
[02AC:02B0][2021-01-31T05:16:14]i410: Variable: WixBundleLog_vcRuntimeMinimum_x64 = C:\users\govi\Temp\dd_vcredist_amd64_20210131051609_000_vcRuntimeMinimum_x64.log
[02AC:02B0][2021-01-31T05:16:14]i410: Variable: WixBundleManufacturer = Microsoft Corporation
[02AC:02B0][2021-01-31T05:16:14]i410: Variable: WixBundleName = Microsoft Visual C++ 2015-2019 Redistributable (x64) - 14.28.29325
[02AC:02B0][2021-01-31T05:16:14]i410: Variable: WixBundleOriginalSource = Y:\vcrun2019\vc_redist.x64.exe
[02AC:02B0][2021-01-31T05:16:14]i410: Variable: WixBundleOriginalSourceFolder = Y:\vcrun2019\
[02AC:02B0][2021-01-31T05:16:14]i410: Variable: WixBundleProviderKey = VC,redist.x64,amd64,14.28,bundle
[02AC:02B0][2021-01-31T05:16:14]i410: Variable: WixBundleRollbackLog_vcRuntimeAdditional_x64 = C:\users\govi\Temp\dd_vcredist_amd64_20210131051609_001_vcRuntimeAdditional_x64_rollback.log
[02AC:02B0][2021-01-31T05:16:14]i410: Variable: WixBundleRollbackLog_vcRuntimeMinimum_x64 = C:\users\govi\Temp\dd_vcredist_amd64_20210131051609_000_vcRuntimeMinimum_x64_rollback.log
[02AC:02B0][2021-01-31T05:16:14]i410: Variable: WixBundleSourceProcessFolder = Y:\vcrun2019\
[02AC:02B0][2021-01-31T05:16:14]i410: Variable: WixBundleSourceProcessPath = Y:\vcrun2019\vc_redist.x64.exe
[02AC:02B0][2021-01-31T05:16:14]i410: Variable: WixBundleTag = 
[02AC:02B0][2021-01-31T05:16:14]i410: Variable: WixBundleVersion = 14.28.29325.2
[02AC:02B0][2021-01-31T05:16:14]i007: Exit code: 0x0, restarting: No
