1: 0 2: 1033 3: 1252 
=== Inicio de Trazas: 28/01/2021  2:02:41 ===
Message type: 0, Argument: 1033, 1252
Message type: 1, Argument: Microsoft Visual C++ 2017 X86 Additional Runtime - 14.16.27033
Action 2:02:41: INSTALL. 
Action start 2:02:41: INSTALL.
1: 0 2: 1033 3: 1252 
1: 0 2: 1033 3: 1252 
=== Inicio de Trazas: 28/01/2021  2:02:41 ===
Message type: 0, Argument: 1033, 1252
Message type: 1, Argument: Microsoft Visual C++ 2017 X86 Additional Runtime - 14.16.27033
Action 2:02:41: INSTALL. 
Action start 2:02:41: INSTALL.
1: Microsoft Visual C++ 2017 X86 Additional Runtime - 14.16.27033 2: {88D1025F-45D0-45C6-9EDB-379C2EE07AD7} 
Action 2:02:41: FindRelatedProducts. Searching for related applications
Action start 2:02:41: FindRelatedProducts.
Action ended 2:02:41: FindRelatedProducts. Return value 1.
Action 2:02:41: LaunchConditions. Evaluating launch conditions
Action start 2:02:41: LaunchConditions.
Action ended 2:02:41: LaunchConditions. Return value 1.
Action 2:02:41: ValidateProductID. 
Action start 2:02:41: ValidateProductID.
Action ended 2:02:41: ValidateProductID. Return value 1.
Action 2:02:41: CostInitialize. Calculando requisitos de espacio
Action start 2:02:41: CostInitialize.
Action ended 2:02:41: CostInitialize. Return value 1.
Action 2:02:41: FileCost. Calculando requisitos de espacio
Action start 2:02:41: FileCost.
Action ended 2:02:41: FileCost. Return value 1.
Action 2:02:41: CostFinalize. Calculando requisitos de espacio
Action start 2:02:41: CostFinalize.
Action ended 2:02:41: CostFinalize. Return value 1.
Action 2:02:41: InstallValidate. Validating install
Action start 2:02:41: InstallValidate.
Action ended 2:02:41: InstallValidate. Return value 1.
Action 2:02:41: InstallInitialize. 
Action start 2:02:41: InstallInitialize.
Action ended 2:02:41: InstallInitialize. Return value 1.
Action 2:02:41: RemoveExistingProducts. Eliminando aplicaciones
Action start 2:02:41: RemoveExistingProducts.
Action ended 2:02:41: RemoveExistingProducts. Return value 1.
Action 2:02:41: ProcessComponents. Updating component registration
Action start 2:02:41: ProcessComponents.
Action ended 2:02:41: ProcessComponents. Return value 1.
Action 2:02:41: UnpublishFeatures. Unpublishing Product Features
Action start 2:02:41: UnpublishFeatures.
Action ended 2:02:41: UnpublishFeatures. Return value 1.
Action 2:02:41: RemoveRegistryValues. Removing system registry values
Action start 2:02:41: RemoveRegistryValues.
Action ended 2:02:41: RemoveRegistryValues. Return value 1.
Action 2:02:41: RemoveFiles. Eliminando archivos
Action start 2:02:41: RemoveFiles.
Action ended 2:02:41: RemoveFiles. Return value 1.
Action 2:02:41: InstallFiles. Copiando nuevos archivos
Action start 2:02:41: InstallFiles.
Action ended 2:02:41: InstallFiles. Return value 1.
Action 2:02:41: WriteRegistryValues. Writing system registry values
Action start 2:02:41: WriteRegistryValues.
Action ended 2:02:41: WriteRegistryValues. Return value 1.
Action 2:02:41: RegisterUser. Registering user
Action start 2:02:41: RegisterUser.
Action ended 2:02:41: RegisterUser. Return value 1.
Action 2:02:41: RegisterProduct. Registering product
Action start 2:02:41: RegisterProduct.
Action ended 2:02:41: RegisterProduct. Return value 1.
Action 2:02:41: PublishFeatures. Publishing Product Features
Action start 2:02:41: PublishFeatures.
Action ended 2:02:41: PublishFeatures. Return value 1.
Action 2:02:41: PublishProduct. Publishing product information
Action start 2:02:41: PublishProduct.
Action ended 2:02:41: PublishProduct. Return value 1.
Action 2:02:41: InstallFinalize. 
Action start 2:02:41: InstallFinalize.
Action 2:02:41: ProcessComponents. Updating component registration
Action start 2:02:41: ProcessComponents.
1: {88D1025F-45D0-45C6-9EDB-379C2EE07AD7} 2: {E3819B64-3C56-3DD7-921D-00B011AD31DE} 3: 02:\SOFTWARE\Microsoft\VisualStudio\14.0\VC\Runtimes\X86\Version 
1: {88D1025F-45D0-45C6-9EDB-379C2EE07AD7} 2: {4FD4AB8C-C57F-3782-9230-9CCA22153AD3} 3: C:\windows\syswow64\mfc140.dll 
1: {88D1025F-45D0-45C6-9EDB-379C2EE07AD7} 2: {46A1EA6B-3D81-3399-8991-127F7F7AE76A} 3: C:\windows\syswow64\mfc140u.dll 
1: {88D1025F-45D0-45C6-9EDB-379C2EE07AD7} 2: {C94DDE19-CC70-3B9A-A6AF-5CA7340B9B9A} 3: C:\windows\syswow64\mfcm140.dll 
1: {88D1025F-45D0-45C6-9EDB-379C2EE07AD7} 2: {946D6FA6-49BB-3415-AD2D-4D634C432CF0} 3: C:\windows\syswow64\mfcm140u.dll 
1: {88D1025F-45D0-45C6-9EDB-379C2EE07AD7} 2: {E533B148-A83A-3788-A763-0C6C46CF6CC3} 3: C:\windows\syswow64\mfc140chs.dll 
1: {88D1025F-45D0-45C6-9EDB-379C2EE07AD7} 2: {8B35C1A3-3BC8-3C7F-B375-6D5B2E278BFF} 3: C:\windows\syswow64\mfc140cht.dll 
1: {88D1025F-45D0-45C6-9EDB-379C2EE07AD7} 2: {A06367B0-D1B9-3CA0-A518-2BB563762257} 3: C:\windows\syswow64\mfc140deu.dll 
1: {88D1025F-45D0-45C6-9EDB-379C2EE07AD7} 2: {B2A724FB-BE66-3A00-8162-733A2616AA43} 3: C:\windows\syswow64\mfc140enu.dll 
1: {88D1025F-45D0-45C6-9EDB-379C2EE07AD7} 2: {29C00ECB-07FA-314C-93B9-A4058FE2025B} 3: C:\windows\syswow64\mfc140esn.dll 
1: {88D1025F-45D0-45C6-9EDB-379C2EE07AD7} 2: {4E5D8DF7-1BC9-3950-B148-90102BCE777A} 3: C:\windows\syswow64\mfc140fra.dll 
1: {88D1025F-45D0-45C6-9EDB-379C2EE07AD7} 2: {B9E93E81-8CA8-3A5A-AE53-58269C7974C8} 3: C:\windows\syswow64\mfc140ita.dll 
1: {88D1025F-45D0-45C6-9EDB-379C2EE07AD7} 2: {BFAB25E7-7089-3F7F-B206-5B894ABD7B7A} 3: C:\windows\syswow64\mfc140jpn.dll 
1: {88D1025F-45D0-45C6-9EDB-379C2EE07AD7} 2: {8A2ECF25-CE78-39E8-B94D-AB1B1A825FC3} 3: C:\windows\syswow64\mfc140kor.dll 
1: {88D1025F-45D0-45C6-9EDB-379C2EE07AD7} 2: {DE8821FC-6B01-34B3-822E-1F37A99E4A2E} 3: C:\windows\syswow64\mfc140rus.dll 
1: {88D1025F-45D0-45C6-9EDB-379C2EE07AD7} 2: {C96DC6F1-894A-33E0-A8C1-3E9E7394FA28} 3: 02:\SOFTWARE\Microsoft\DevDiv\VC\Servicing\14.0\SP 
1: {88D1025F-45D0-45C6-9EDB-379C2EE07AD7} 2: {1EA220DF-5B36-3289-B979-D06841E41888} 3: 02:\SOFTWARE\Microsoft\DevDiv\VC\Servicing\14.0\RuntimeAdditional\Install 
1: {88D1025F-45D0-45C6-9EDB-379C2EE07AD7} 2: {7F3A911D-F2F1-31B0-9880-590B7CA662C7} 3: -1:\Software\Classes\Installer\Dependencies\Microsoft.VS.VC_RuntimeAdditionalVSU_x86,v14\Version 
Action ended 2:02:41: ProcessComponents. Return value 1.
Action 2:02:41: UnpublishFeatures. Unpublishing Product Features
Action start 2:02:41: UnpublishFeatures.
Action ended 2:02:41: UnpublishFeatures. Return value 1.
Action 2:02:41: RemoveRegistryValues. Removing system registry values
Action start 2:02:41: RemoveRegistryValues.
Action ended 2:02:41: RemoveRegistryValues. Return value 1.
Action 2:02:41: RemoveFiles. Eliminando archivos
Action start 2:02:41: RemoveFiles.
Archivo: mfc140.dll, Carpeta: SystemFolder
Archivo: mfc140chs.dll, Carpeta: SystemFolder
Archivo: mfc140cht.dll, Carpeta: SystemFolder
Archivo: mfc140deu.dll, Carpeta: SystemFolder
Archivo: mfc140enu.dll, Carpeta: SystemFolder
Archivo: mfc140esn.dll, Carpeta: SystemFolder
Archivo: mfc140fra.dll, Carpeta: SystemFolder
Archivo: mfc140ita.dll, Carpeta: SystemFolder
Archivo: mfc140jpn.dll, Carpeta: SystemFolder
Archivo: mfc140kor.dll, Carpeta: SystemFolder
Archivo: mfc140rus.dll, Carpeta: SystemFolder
Archivo: mfc140u.dll, Carpeta: SystemFolder
Archivo: mfcm140.dll, Carpeta: SystemFolder
Archivo: mfcm140u.dll, Carpeta: SystemFolder
Action ended 2:02:41: RemoveFiles. Return value 1.
Action 2:02:41: InstallFiles. Copiando nuevos archivos
Action start 2:02:41: InstallFiles.
Archivo: mfc140.dll,  Carpeta: SystemFolder,  Tamaño: 4757480
Archivo: mfc140chs.dll,  Carpeta: SystemFolder,  Tamaño: 47592
Archivo: mfc140cht.dll,  Carpeta: SystemFolder,  Tamaño: 47592
Archivo: mfc140deu.dll,  Carpeta: SystemFolder,  Tamaño: 76264
Archivo: mfc140enu.dll,  Carpeta: SystemFolder,  Tamaño: 66536
Archivo: mfc140esn.dll,  Carpeta: SystemFolder,  Tamaño: 75240
Archivo: mfc140fra.dll,  Carpeta: SystemFolder,  Tamaño: 76264
Archivo: mfc140ita.dll,  Carpeta: SystemFolder,  Tamaño: 74216
Archivo: mfc140jpn.dll,  Carpeta: SystemFolder,  Tamaño: 55808
Archivo: mfc140kor.dll,  Carpeta: SystemFolder,  Tamaño: 54760
Archivo: mfc140rus.dll,  Carpeta: SystemFolder,  Tamaño: 72192
Archivo: mfc140u.dll,  Carpeta: SystemFolder,  Tamaño: 5052184
Archivo: mfcm140.dll,  Carpeta: SystemFolder,  Tamaño: 93168
Archivo: mfcm140u.dll,  Carpeta: SystemFolder,  Tamaño: 93160
Action ended 2:02:41: InstallFiles. Return value 1.
Action 2:02:41: WriteRegistryValues. Writing system registry values
Action start 2:02:41: WriteRegistryValues.
Key: HKEY_LOCAL_MACHINE\SOFTWARE\Microsoft\VisualStudio\14.0\VC\Runtimes\X86, Name: Version, Value: v14.16.27033.00
Key: HKEY_LOCAL_MACHINE\SOFTWARE\Microsoft\DevDiv\VC\Servicing\14.0, Name: SP, Value: 
Key: HKEY_LOCAL_MACHINE\SOFTWARE\Microsoft\DevDiv\VC\Servicing\14.0\RuntimeAdditional, Name: Install, Value: 
Key: HKEY_LOCAL_MACHINE\Software\Classes\Installer\Dependencies\Microsoft.VS.VC_RuntimeAdditionalVSU_x86,v14, Name: Version, Value: 14.16.27033
Key: HKEY_LOCAL_MACHINE\SOFTWARE\Microsoft\VisualStudio\14.0\VC\Runtimes\X86, Name: Installed, Value: 
Key: HKEY_LOCAL_MACHINE\SOFTWARE\Microsoft\VisualStudio\14.0\VC\Runtimes\X86, Name: Major, Value: 
Key: HKEY_LOCAL_MACHINE\SOFTWARE\Microsoft\VisualStudio\14.0\VC\Runtimes\X86, Name: Minor, Value: 
Key: HKEY_LOCAL_MACHINE\SOFTWARE\Microsoft\VisualStudio\14.0\VC\Runtimes\X86, Name: Bld, Value: 
Key: HKEY_LOCAL_MACHINE\SOFTWARE\Microsoft\VisualStudio\14.0\VC\Runtimes\X86, Name: Rbld, Value: 
Key: HKEY_LOCAL_MACHINE\SOFTWARE\Microsoft\DevDiv\VC\Servicing\14.0, Name: SPIndex, Value: 
Key: HKEY_LOCAL_MACHINE\SOFTWARE\Microsoft\DevDiv\VC\Servicing\14.0\RuntimeAdditional, Name: InstallerType, Value: MSI
Key: HKEY_LOCAL_MACHINE\SOFTWARE\Microsoft\DevDiv\VC\Servicing\14.0\RuntimeAdditional, Name: SP, Value: 
Key: HKEY_LOCAL_MACHINE\SOFTWARE\Microsoft\DevDiv\VC\Servicing\14.0\RuntimeAdditional, Name: SPIndex, Value: 
Key: HKEY_LOCAL_MACHINE\SOFTWARE\Microsoft\DevDiv\VC\Servicing\14.0\RuntimeAdditional, Name: SPName, Value: RTM
Key: HKEY_LOCAL_MACHINE\SOFTWARE\Microsoft\DevDiv\VC\Servicing\14.0\RuntimeAdditional, Name: Version, Value: 14.16.27033
Key: HKEY_LOCAL_MACHINE\SOFTWARE\Microsoft\DevDiv\VC\Servicing\14.0\RuntimeAdditional, Name: UpdateVersion, Value: 14.16.27033
Key: HKEY_LOCAL_MACHINE\Software\Classes\Installer\Dependencies\Microsoft.VS.VC_RuntimeAdditionalVSU_x86,v14, Name: , Value: {88D1025F-45D0-45C6-9EDB-379C2EE07AD7}
Key: HKEY_LOCAL_MACHINE\Software\Classes\Installer\Dependencies\Microsoft.VS.VC_RuntimeAdditionalVSU_x86,v14, Name: DisplayName, Value: Microsoft Visual C++ 2017 X86 Additional Runtime - 14.16.27033
Action ended 2:02:41: WriteRegistryValues. Return value 1.
Action 2:02:41: RegisterUser. Registering user
Action start 2:02:41: RegisterUser.
1:  
Action ended 2:02:41: RegisterUser. Return value 1.
Action 2:02:41: RegisterProduct. Registering product
Action start 2:02:41: RegisterProduct.
1: {88D1025F-45D0-45C6-9EDB-379C2EE07AD7} 
Action ended 2:02:41: RegisterProduct. Return value 1.
Action 2:02:41: PublishFeatures. Publishing Product Features
Action start 2:02:41: PublishFeatures.
Feature: VC_Runtime_Additional
Feature: Provider
Feature: Servicing_Key
Action ended 2:02:41: PublishFeatures. Return value 1.
Action 2:02:41: PublishProduct. Publishing product information
Action start 2:02:41: PublishProduct.
1: {88D1025F-45D0-45C6-9EDB-379C2EE07AD7} 
Action ended 2:02:41: PublishProduct. Return value 1.
Action ended 2:02:41: InstallFinalize. Return value 1.
Action ended 2:02:41: INSTALL. Return value 1.
1: Microsoft Visual C++ 2017 X86 Additional Runtime - 14.16.27033 2: {88D1025F-45D0-45C6-9EDB-379C2EE07AD7} 3: 1 
Property(S): UpgradeCode = {C78B8E51-0C65-377E-85D1-282F689FE505}
Property(S): TARGETDIR = C:\
Property(S): SystemFolder = C:\windows\syswow64\
Property(S): SourceDir = C:\ProgramData\Package Cache\{88D1025F-45D0-45C6-9EDB-379C2EE07AD7}v14.16.27033\packages\vcRuntimeAdditional_x86\
Property(S): ALLUSERS = 1
Property(S): FILESINUSETEXT = The following applications should be closed before continuing the install:
Property(S): INSTALLLEVEL = 2
Property(S): LIMITUI = 1
Property(S): REBOOT = ReallySuppress
Property(S): REPAIR_REINSTALLMODE = pecmsu
Property(S): ARPSYSTEMCOMPONENT = 1
Property(S): LocProductName = Microsoft Visual C++ 2017 X86 Runtime
Property(S): ProductCPU = x86
Property(S): ProductEdition = Runtime
Property(S): ProductFamily = VC
Property(S): RTM_ProductVersion = 14.16.27033
Property(S): MsiLogging = voicewarmup
Property(S): Manufacturer = Microsoft Corporation
Property(S): ProductCode = {88D1025F-45D0-45C6-9EDB-379C2EE07AD7}
Property(S): ProductLanguage = 1033
Property(S): ProductName = Microsoft Visual C++ 2017 X86 Additional Runtime - 14.16.27033
Property(S): ProductVersion = 14.16.27033
Property(S): DirectoryTable100_x86 = DirectoryTable
Property(S): SecureCustomProperties = IGNOREDEPENDENCIES;NEWERVCRUNTIMEVERSIONDETECTED;UPGRADEVCRUNTIME
Property(S): AdminUser = 1
Property(S): CommonAppDataFolder = C:\ProgramData\
Property(S): FavoritesFolder = C:\users\govi\Favorites\
Property(S): FontsFolder = C:\windows\Fonts\
Property(S): SendToFolder = C:\users\govi\SendTo\
Property(S): StartMenuFolder = C:\users\govi\Start Menu\
Property(S): StartupFolder = C:\users\govi\Start Menu\Programs\StartUp\
Property(S): TemplateFolder = C:\users\govi\Templates\
Property(S): DesktopFolder = C:\users\govi\Escritorio\
Property(S): ProgramMenuFolder = C:\users\govi\Start Menu\Programs\
Property(S): AdminToolsFolder = C:\users\govi\Start Menu\Programs\Administrative Tools\
Property(S): AppDataFolder = C:\users\govi\Application Data\
Property(S): System16Folder = C:\windows\system32\
Property(S): LocalAppDataFolder = C:\users\govi\Local Settings\Application Data\
Property(S): MyPicturesFolder = C:\users\govi\Mis imágenes\
Property(S): PersonalFolder = C:\users\govi\Mis Documentos\
Property(S): WindowsFolder = C:\windows\
Property(S): PrintHoodFolder = C:\users\govi\PrintHood\
Property(S): NetHoodFolder = C:\users\govi\NetHood\
Property(S): RecentFolder = C:\users\govi\Recent\
Property(S): PhysicalMemory = 31921
Property(S): WindowsVolume = C:\
Property(S): TempFolder = C:\users\govi\Temp\
Property(S): Privileged = 1
Property(S): VersionNT = 502
Property(S): MsiNTProductType = 1
Property(S): WindowsBuild = 3790
Property(S): ServicePackLevel = 2
Property(S): VersionMsi = 4.5
Property(S): VersionDatabase = 400
Property(S): Intel = 6
Property(S): MsiAMD64 = 6
Property(S): Msix64 = 6
Property(S): VersionNT64 = 502
Property(S): System64Folder = C:\windows\system32\
Property(S): ProgramFiles64Folder = C:\Program Files\
Property(S): ProgramFilesFolder = C:\Program Files (x86)\
Property(S): CommonFiles64Folder = C:\Program Files\Common Files\
Property(S): CommonFilesFolder = C:\Program Files (x86)\Common Files\
Property(S): ScreenX = 1920
Property(S): ScreenY = 1080
Property(S): ColorBits = 32
Property(S): UserSID = S-1-5-21-0-0-0-1000
Property(S): MsiNetAssemblySupport = 2.0.50727.4016
Property(S): UserLanguageID = 3082
Property(S): SystemLanguageID = 3082
Property(S): ProductState = -1
Property(S): LogonUser = govi
Property(S): ComputerName = GOVI-PC
Property(S): UILevel = 2
Property(S): PackageCode = {3516E3CB-F901-453D-864D-CF302EAB788C}
Property(S): DATABASE = C:\windows\Installer\8b19.msi
Property(S): OriginalDatabase = C:\ProgramData\Package Cache\{88D1025F-45D0-45C6-9EDB-379C2EE07AD7}v14.16.27033\packages\vcRuntimeAdditional_x86\vc_runtimeAdditional_x86.msi
Property(S): SOURCEDIR = C:\ProgramData\Package Cache\{88D1025F-45D0-45C6-9EDB-379C2EE07AD7}v14.16.27033\packages\vcRuntimeAdditional_x86\
Property(S): MSIFASTINSTALL = 7
Property(S): NOVSUI = 1
Property(S): ACTION = INSTALL
Property(S): EXECUTEACTION = INSTALL
Property(S): CostingComplete = 1
Property(S): ROOTDRIVE = C:\
Property(S): OutOfDiskSpace = 0
Property(S): OutOfNoRbDiskSpace = 0
1: 2 2: 0 
1: 2 2: 1 
Action ended 2:02:41: INSTALL. Return value 1.
