[010C:0110][2021-01-28T02:02:37]i001: Burn v3.10.4.4718, Windows v5.2 (Build 3790: Service Pack 2), path: C:\windows\temp\{4A4D4C68-4C85-4171-87BE-DDA35325D27E}\.cr\vc_redist.x86.exe
[010C:0110][2021-01-28T02:02:37]i009: Command Line: '-burn.clean.room=Y:\vcrun2017\vc_redist.x86.exe -burn.filehandle.attached=160 -burn.filehandle.self=164'
[010C:0110][2021-01-28T02:02:37]i000: Setting string variable 'WixBundleOriginalSource' to value 'Y:\vcrun2017\vc_redist.x86.exe'
[010C:0110][2021-01-28T02:02:37]i000: Setting string variable 'WixBundleOriginalSourceFolder' to value 'Y:\vcrun2017\'
[010C:0110][2021-01-28T02:02:37]i000: Setting string variable 'WixBundleLog' to value 'C:\users\govi\Temp\dd_vcredist_x86_20210128020237.log'
[010C:0110][2021-01-28T02:02:37]i000: Setting string variable 'WixBundleName' to value 'Microsoft Visual C++ 2017 Redistributable (x86) - 14.16.27033'
[010C:0110][2021-01-28T02:02:37]i000: Setting string variable 'WixBundleManufacturer' to value 'Microsoft Corporation'
[010C:011C][2021-01-28T02:02:37]i000: Setting version variable 'WixBundleFileVersion' to value '14.16.27033.0'
[010C:0110][2021-01-28T02:02:37]i100: Detect begin, 10 packages
[010C:0110][2021-01-28T02:02:37]i000: Setting version variable 'windows_uCRT_DetectKey' to value '10.0.14393.2247'
[010C:0110][2021-01-28T02:02:37]i000: Setting numeric variable 'windows_uCRT_DetectKeyExists' to value 1
[010C:0110][2021-01-28T02:02:37]i052: Condition '(VersionNT = v6.3 AND NOT VersionNT64) AND (windows_uCRT_DetectKeyExists AND windows_uCRT_DetectKey >= v10.0.10240.0)' evaluates to false.
[010C:0110][2021-01-28T02:02:37]i052: Condition '(VersionNT = v6.3 AND VersionNT64) AND (windows_uCRT_DetectKeyExists AND windows_uCRT_DetectKey >= v10.0.10240.0)' evaluates to false.
[010C:0110][2021-01-28T02:02:37]i052: Condition '(VersionNT = v6.2 AND NOT VersionNT64) AND (windows_uCRT_DetectKeyExists AND windows_uCRT_DetectKey >= v10.0.10240.0)' evaluates to false.
[010C:0110][2021-01-28T02:02:37]i052: Condition '(VersionNT = v6.2 AND VersionNT64) AND (windows_uCRT_DetectKeyExists AND windows_uCRT_DetectKey >= v10.0.10240.0)' evaluates to false.
[010C:0110][2021-01-28T02:02:37]i052: Condition '(VersionNT = v6.1 AND NOT VersionNT64) AND (windows_uCRT_DetectKeyExists AND windows_uCRT_DetectKey >= v10.0.10240.0)' evaluates to false.
[010C:0110][2021-01-28T02:02:37]i052: Condition '(VersionNT = v6.1 AND VersionNT64) AND (windows_uCRT_DetectKeyExists AND windows_uCRT_DetectKey >= v10.0.10240.0)' evaluates to false.
[010C:0110][2021-01-28T02:02:37]i052: Condition '(VersionNT = v6.0 AND NOT VersionNT64) AND (windows_uCRT_DetectKeyExists AND windows_uCRT_DetectKey >= v10.0.10240.0)' evaluates to false.
[010C:0110][2021-01-28T02:02:37]i052: Condition '(VersionNT = v6.0 AND VersionNT64) AND (windows_uCRT_DetectKeyExists AND windows_uCRT_DetectKey >= v10.0.10240.0)' evaluates to false.
[010C:0110][2021-01-28T02:02:37]i101: Detected package: Windows81_x86, state: Absent, cached: None
[010C:0110][2021-01-28T02:02:37]i101: Detected package: Windows81_x64, state: Absent, cached: None
[010C:0110][2021-01-28T02:02:37]i101: Detected package: Windows8_x86, state: Absent, cached: None
[010C:0110][2021-01-28T02:02:37]i101: Detected package: Windows8_x64, state: Absent, cached: None
[010C:0110][2021-01-28T02:02:37]i101: Detected package: Windows7_MSU_x86, state: Absent, cached: None
[010C:0110][2021-01-28T02:02:37]i101: Detected package: Windows7_MSU_x64, state: Absent, cached: None
[010C:0110][2021-01-28T02:02:37]i101: Detected package: WindowsVista_MSU_x86, state: Absent, cached: None
[010C:0110][2021-01-28T02:02:37]i101: Detected package: WindowsVista_MSU_x64, state: Absent, cached: None
[010C:0110][2021-01-28T02:02:37]i101: Detected package: vcRuntimeMinimum_x86, state: Absent, cached: None
[010C:0110][2021-01-28T02:02:37]i101: Detected package: vcRuntimeAdditional_x86, state: Absent, cached: None
[010C:0110][2021-01-28T02:02:37]i052: Condition 'VersionNT >= v6.0 OR (VersionNT = v5.1 AND ServicePackLevel >= 2) OR (VersionNT = v5.2 AND ServicePackLevel >= 1)' evaluates to true.
[010C:0110][2021-01-28T02:02:37]i199: Detect complete, result: 0x0
[010C:011C][2021-01-28T02:02:41]i000: Setting numeric variable 'EulaAcceptCheckbox' to value 1
[010C:0110][2021-01-28T02:02:41]i200: Plan begin, 10 packages, action: Install
[010C:0110][2021-01-28T02:02:41]i052: Condition 'VersionNT = v6.3 AND NOT VersionNT64' evaluates to false.
[010C:0110][2021-01-28T02:02:41]w321: Skipping dependency registration on package with no dependency providers: Windows81_x86
[010C:0110][2021-01-28T02:02:41]i052: Condition 'VersionNT = v6.3 AND VersionNT64' evaluates to false.
[010C:0110][2021-01-28T02:02:41]w321: Skipping dependency registration on package with no dependency providers: Windows81_x64
[010C:0110][2021-01-28T02:02:41]i052: Condition 'VersionNT = v6.2 AND NOT VersionNT64' evaluates to false.
[010C:0110][2021-01-28T02:02:41]w321: Skipping dependency registration on package with no dependency providers: Windows8_x86
[010C:0110][2021-01-28T02:02:41]i052: Condition 'VersionNT = v6.2 AND VersionNT64' evaluates to false.
[010C:0110][2021-01-28T02:02:41]w321: Skipping dependency registration on package with no dependency providers: Windows8_x64
[010C:0110][2021-01-28T02:02:41]i052: Condition 'VersionNT = v6.1 AND NOT VersionNT64' evaluates to false.
[010C:0110][2021-01-28T02:02:41]w321: Skipping dependency registration on package with no dependency providers: Windows7_MSU_x86
[010C:0110][2021-01-28T02:02:41]i052: Condition 'VersionNT = v6.1 AND VersionNT64' evaluates to false.
[010C:0110][2021-01-28T02:02:41]w321: Skipping dependency registration on package with no dependency providers: Windows7_MSU_x64
[010C:0110][2021-01-28T02:02:41]i052: Condition 'VersionNT = v6.0 AND NOT VersionNT64' evaluates to false.
[010C:0110][2021-01-28T02:02:41]w321: Skipping dependency registration on package with no dependency providers: WindowsVista_MSU_x86
[010C:0110][2021-01-28T02:02:41]i052: Condition 'VersionNT = v6.0 AND VersionNT64' evaluates to false.
[010C:0110][2021-01-28T02:02:41]w321: Skipping dependency registration on package with no dependency providers: WindowsVista_MSU_x64
[010C:0110][2021-01-28T02:02:41]i000: Setting string variable 'WixBundleRollbackLog_vcRuntimeMinimum_x86' to value 'C:\users\govi\Temp\dd_vcredist_x86_20210128020237_000_vcRuntimeMinimum_x86_rollback.log'
[010C:0110][2021-01-28T02:02:41]i000: Setting string variable 'WixBundleLog_vcRuntimeMinimum_x86' to value 'C:\users\govi\Temp\dd_vcredist_x86_20210128020237_000_vcRuntimeMinimum_x86.log'
[010C:0110][2021-01-28T02:02:41]i000: Setting string variable 'WixBundleRollbackLog_vcRuntimeAdditional_x86' to value 'C:\users\govi\Temp\dd_vcredist_x86_20210128020237_001_vcRuntimeAdditional_x86_rollback.log'
[010C:0110][2021-01-28T02:02:41]i000: Setting string variable 'WixBundleLog_vcRuntimeAdditional_x86' to value 'C:\users\govi\Temp\dd_vcredist_x86_20210128020237_001_vcRuntimeAdditional_x86.log'
[010C:0110][2021-01-28T02:02:41]i201: Planned package: Windows81_x86, state: Absent, default requested: Absent, ba requested: Absent, execute: None, rollback: None, cache: No, uncache: No, dependency: None
[010C:0110][2021-01-28T02:02:41]i201: Planned package: Windows81_x64, state: Absent, default requested: Absent, ba requested: Absent, execute: None, rollback: None, cache: No, uncache: No, dependency: None
[010C:0110][2021-01-28T02:02:41]i201: Planned package: Windows8_x86, state: Absent, default requested: Absent, ba requested: Absent, execute: None, rollback: None, cache: No, uncache: No, dependency: None
[010C:0110][2021-01-28T02:02:41]i201: Planned package: Windows8_x64, state: Absent, default requested: Absent, ba requested: Absent, execute: None, rollback: None, cache: No, uncache: No, dependency: None
[010C:0110][2021-01-28T02:02:41]i201: Planned package: Windows7_MSU_x86, state: Absent, default requested: Absent, ba requested: Absent, execute: None, rollback: None, cache: No, uncache: No, dependency: None
[010C:0110][2021-01-28T02:02:41]i201: Planned package: Windows7_MSU_x64, state: Absent, default requested: Absent, ba requested: Absent, execute: None, rollback: None, cache: No, uncache: No, dependency: None
[010C:0110][2021-01-28T02:02:41]i201: Planned package: WindowsVista_MSU_x86, state: Absent, default requested: Absent, ba requested: Absent, execute: None, rollback: None, cache: No, uncache: No, dependency: None
[010C:0110][2021-01-28T02:02:41]i201: Planned package: WindowsVista_MSU_x64, state: Absent, default requested: Absent, ba requested: Absent, execute: None, rollback: None, cache: No, uncache: No, dependency: None
[010C:0110][2021-01-28T02:02:41]i201: Planned package: vcRuntimeMinimum_x86, state: Absent, default requested: Present, ba requested: Present, execute: Install, rollback: Uninstall, cache: Yes, uncache: No, dependency: Register
[010C:0110][2021-01-28T02:02:41]i201: Planned package: vcRuntimeAdditional_x86, state: Absent, default requested: Present, ba requested: Present, execute: Install, rollback: Uninstall, cache: Yes, uncache: No, dependency: Register
[010C:0110][2021-01-28T02:02:41]i299: Plan complete, result: 0x0
[010C:0110][2021-01-28T02:02:41]i300: Apply begin
[010C:0110][2021-01-28T02:02:41]i010: Launching elevated engine process.
[010C:0110][2021-01-28T02:02:41]i011: Launched elevated engine process.
[010C:0110][2021-01-28T02:02:41]i012: Connected to elevated engine.
[0120:0124][2021-01-28T02:02:41]i358: Pausing automatic updates.
[0120:0124][2021-01-28T02:02:41]i359: Paused automatic updates.
[0120:0124][2021-01-28T02:02:41]i360: Creating a system restore point.
[0120:0124][2021-01-28T02:02:41]i361: Created a system restore point.
[0120:0124][2021-01-28T02:02:41]i370: Session begin, registration key: SOFTWARE\Microsoft\Windows\CurrentVersion\Uninstall\{624ba875-fdfc-4efa-9c66-b170dfebc3ec}, options: 0x7, disable resume: No
[0120:0124][2021-01-28T02:02:41]i000: Caching bundle from: 'C:\windows\Temp\{E83D068D-B7C4-467C-A681-42381768C712}\.be\VC_redist.x86.exe' to: 'C:\ProgramData\Package Cache\{624ba875-fdfc-4efa-9c66-b170dfebc3ec}\VC_redist.x86.exe'
[0120:0124][2021-01-28T02:02:41]i320: Registering bundle dependency provider: VC,redist.x86,x86,14.16,bundle, version: 14.16.27033.0
[0120:0124][2021-01-28T02:02:41]i371: Updating session, registration key: SOFTWARE\Microsoft\Windows\CurrentVersion\Uninstall\{624ba875-fdfc-4efa-9c66-b170dfebc3ec}, resume: Active, restart initiated: No, disable resume: No
[0120:0130][2021-01-28T02:02:41]i305: Verified acquired payload: vcRuntimeMinimum_x86 at path: C:\ProgramData\Package Cache\.unverified\vcRuntimeMinimum_x86, moving to: C:\ProgramData\Package Cache\{D5AEE36E-4771-4F65-BDB6-8C59077BFBE4}v14.16.27033\packages\vcRuntimeMinimum_x86\vc_runtimeMinimum_x86.msi.
[0120:0130][2021-01-28T02:02:41]i305: Verified acquired payload: cab54A5CABBE7274D8A22EB58060AAB7623 at path: C:\ProgramData\Package Cache\.unverified\cab54A5CABBE7274D8A22EB58060AAB7623, moving to: C:\ProgramData\Package Cache\{D5AEE36E-4771-4F65-BDB6-8C59077BFBE4}v14.16.27033\packages\vcRuntimeMinimum_x86\cab1.cab.
[0120:0130][2021-01-28T02:02:41]i305: Verified acquired payload: vcRuntimeAdditional_x86 at path: C:\ProgramData\Package Cache\.unverified\vcRuntimeAdditional_x86, moving to: C:\ProgramData\Package Cache\{88D1025F-45D0-45C6-9EDB-379C2EE07AD7}v14.16.27033\packages\vcRuntimeAdditional_x86\vc_runtimeAdditional_x86.msi.
[0120:0130][2021-01-28T02:02:41]i305: Verified acquired payload: cabB3E1576D1FEFBB979E13B1A5379E0B16 at path: C:\ProgramData\Package Cache\.unverified\cabB3E1576D1FEFBB979E13B1A5379E0B16, moving to: C:\ProgramData\Package Cache\{88D1025F-45D0-45C6-9EDB-379C2EE07AD7}v14.16.27033\packages\vcRuntimeAdditional_x86\cab1.cab.
[0120:0124][2021-01-28T02:02:41]i301: Applying execute package: vcRuntimeMinimum_x86, action: Install, path: C:\ProgramData\Package Cache\{D5AEE36E-4771-4F65-BDB6-8C59077BFBE4}v14.16.27033\packages\vcRuntimeMinimum_x86\vc_runtimeMinimum_x86.msi, arguments: ' MSIFASTINSTALL="7" NOVSUI="1"'
[010C:0110][2021-01-28T02:02:41]i319: Applied execute package: vcRuntimeMinimum_x86, result: 0x0, restart: None
[0120:0124][2021-01-28T02:02:41]i325: Registering dependency: {624ba875-fdfc-4efa-9c66-b170dfebc3ec} on package provider: Microsoft.VS.VC_RuntimeMinimumVSU_x86,v14, package: vcRuntimeMinimum_x86
[0120:0124][2021-01-28T02:02:41]i301: Applying execute package: vcRuntimeAdditional_x86, action: Install, path: C:\ProgramData\Package Cache\{88D1025F-45D0-45C6-9EDB-379C2EE07AD7}v14.16.27033\packages\vcRuntimeAdditional_x86\vc_runtimeAdditional_x86.msi, arguments: ' MSIFASTINSTALL="7" NOVSUI="1"'
[010C:0110][2021-01-28T02:02:41]i319: Applied execute package: vcRuntimeAdditional_x86, result: 0x0, restart: None
[0120:0124][2021-01-28T02:02:41]i325: Registering dependency: {624ba875-fdfc-4efa-9c66-b170dfebc3ec} on package provider: Microsoft.VS.VC_RuntimeAdditionalVSU_x86,v14, package: vcRuntimeAdditional_x86
[0120:0124][2021-01-28T02:02:41]i372: Session end, registration key: SOFTWARE\Microsoft\Windows\CurrentVersion\Uninstall\{624ba875-fdfc-4efa-9c66-b170dfebc3ec}, resume: ARP, restart: None, disable resume: No
[0120:0124][2021-01-28T02:02:41]i371: Updating session, registration key: SOFTWARE\Microsoft\Windows\CurrentVersion\Uninstall\{624ba875-fdfc-4efa-9c66-b170dfebc3ec}, resume: ARP, restart initiated: No, disable resume: No
[010C:0110][2021-01-28T02:02:41]i399: Apply complete, result: 0x0, restart: None, ba requested restart:  No
[010C:0110][2021-01-28T02:02:43]i500: Shutting down, exit code: 0x0
[010C:0110][2021-01-28T02:02:43]i410: Variable: EulaAcceptCheckbox = 1
[010C:0110][2021-01-28T02:02:43]i410: Variable: ServicePackLevel = 2
[010C:0110][2021-01-28T02:02:43]i410: Variable: SystemFolder = C:\windows\system32\
[010C:0110][2021-01-28T02:02:43]i410: Variable: VersionNT = 5.2.0.0
[010C:0110][2021-01-28T02:02:43]i410: Variable: VersionNT64 = 5.2.0.0
[010C:0110][2021-01-28T02:02:43]i410: Variable: windows_uCRT_DetectKey = 10.0.14393.2247
[010C:0110][2021-01-28T02:02:43]i410: Variable: windows_uCRT_DetectKeyExists = 1
[010C:0110][2021-01-28T02:02:43]i410: Variable: WixBundleAction = 5
[010C:0110][2021-01-28T02:02:43]i410: Variable: WixBundleElevated = 1
[010C:0110][2021-01-28T02:02:43]i410: Variable: WixBundleFileVersion = 14.16.27033.0
[010C:0110][2021-01-28T02:02:43]i410: Variable: WixBundleInstalled = 0
[010C:0110][2021-01-28T02:02:43]i410: Variable: WixBundleLog = C:\users\govi\Temp\dd_vcredist_x86_20210128020237.log
[010C:0110][2021-01-28T02:02:43]i410: Variable: WixBundleLog_vcRuntimeAdditional_x86 = C:\users\govi\Temp\dd_vcredist_x86_20210128020237_001_vcRuntimeAdditional_x86.log
[010C:0110][2021-01-28T02:02:43]i410: Variable: WixBundleLog_vcRuntimeMinimum_x86 = C:\users\govi\Temp\dd_vcredist_x86_20210128020237_000_vcRuntimeMinimum_x86.log
[010C:0110][2021-01-28T02:02:43]i410: Variable: WixBundleManufacturer = Microsoft Corporation
[010C:0110][2021-01-28T02:02:43]i410: Variable: WixBundleName = Microsoft Visual C++ 2017 Redistributable (x86) - 14.16.27033
[010C:0110][2021-01-28T02:02:43]i410: Variable: WixBundleOriginalSource = Y:\vcrun2017\vc_redist.x86.exe
[010C:0110][2021-01-28T02:02:43]i410: Variable: WixBundleOriginalSourceFolder = Y:\vcrun2017\
[010C:0110][2021-01-28T02:02:43]i410: Variable: WixBundleProviderKey = VC,redist.x86,x86,14.16,bundle
[010C:0110][2021-01-28T02:02:43]i410: Variable: WixBundleRollbackLog_vcRuntimeAdditional_x86 = C:\users\govi\Temp\dd_vcredist_x86_20210128020237_001_vcRuntimeAdditional_x86_rollback.log
[010C:0110][2021-01-28T02:02:43]i410: Variable: WixBundleRollbackLog_vcRuntimeMinimum_x86 = C:\users\govi\Temp\dd_vcredist_x86_20210128020237_000_vcRuntimeMinimum_x86_rollback.log
[010C:0110][2021-01-28T02:02:43]i410: Variable: WixBundleSourceProcessFolder = Y:\vcrun2017\
[010C:0110][2021-01-28T02:02:43]i410: Variable: WixBundleSourceProcessPath = Y:\vcrun2017\vc_redist.x86.exe
[010C:0110][2021-01-28T02:02:43]i410: Variable: WixBundleTag = 
[010C:0110][2021-01-28T02:02:43]i410: Variable: WixBundleVersion = 14.16.27033.0
[010C:0110][2021-01-28T02:02:43]i007: Exit code: 0x0, restarting: No
