1: 0 2: 1033 3: 1252 
=== Inicio de Trazas: 28/01/2021  2:02:46 ===
Message type: 0, Argument: 1033, 1252
Message type: 1, Argument: Microsoft Visual C++ 2017 X64 Minimum Runtime - 14.16.27033
Action 2:02:46: INSTALL. 
Action start 2:02:46: INSTALL.
1: 0 2: 1033 3: 1252 
1: 0 2: 1033 3: 1252 
=== Inicio de Trazas: 28/01/2021  2:02:46 ===
Message type: 0, Argument: 1033, 1252
Message type: 1, Argument: Microsoft Visual C++ 2017 X64 Minimum Runtime - 14.16.27033
Action 2:02:46: INSTALL. 
Action start 2:02:46: INSTALL.
1: Microsoft Visual C++ 2017 X64 Minimum Runtime - 14.16.27033 2: {65835E57-3712-4382-990A-8D39008A8E0B} 
Action 2:02:46: FindRelatedProducts. Searching for related applications
Action start 2:02:46: FindRelatedProducts.
Action ended 2:02:46: FindRelatedProducts. Return value 1.
Action 2:02:46: LaunchConditions. Evaluating launch conditions
Action start 2:02:46: LaunchConditions.
Action ended 2:02:46: LaunchConditions. Return value 1.
Action 2:02:46: ValidateProductID. 
Action start 2:02:46: ValidateProductID.
Action ended 2:02:46: ValidateProductID. Return value 1.
Action 2:02:46: CostInitialize. Calculando requisitos de espacio
Action start 2:02:46: CostInitialize.
Action ended 2:02:46: CostInitialize. Return value 1.
Action 2:02:46: FileCost. Calculando requisitos de espacio
Action start 2:02:46: FileCost.
Action ended 2:02:46: FileCost. Return value 1.
Action 2:02:46: CostFinalize. Calculando requisitos de espacio
Action start 2:02:46: CostFinalize.
Action ended 2:02:46: CostFinalize. Return value 1.
Action 2:02:46: InstallValidate. Validating install
Action start 2:02:46: InstallValidate.
Action ended 2:02:46: InstallValidate. Return value 1.
Action 2:02:46: InstallInitialize. 
Action start 2:02:46: InstallInitialize.
Action ended 2:02:46: InstallInitialize. Return value 1.
Action 2:02:46: RemoveExistingProducts. Eliminando aplicaciones
Action start 2:02:46: RemoveExistingProducts.
Action ended 2:02:46: RemoveExistingProducts. Return value 1.
Action 2:02:46: ProcessComponents. Updating component registration
Action start 2:02:46: ProcessComponents.
Action ended 2:02:46: ProcessComponents. Return value 1.
Action 2:02:46: UnpublishFeatures. Unpublishing Product Features
Action start 2:02:46: UnpublishFeatures.
Action ended 2:02:46: UnpublishFeatures. Return value 1.
Action 2:02:46: RemoveRegistryValues. Removing system registry values
Action start 2:02:46: RemoveRegistryValues.
Action ended 2:02:46: RemoveRegistryValues. Return value 1.
Action 2:02:46: RemoveFiles. Eliminando archivos
Action start 2:02:46: RemoveFiles.
Action ended 2:02:46: RemoveFiles. Return value 1.
Action 2:02:46: InstallFiles. Copiando nuevos archivos
Action start 2:02:46: InstallFiles.
Action ended 2:02:46: InstallFiles. Return value 1.
Action 2:02:46: WriteRegistryValues. Writing system registry values
Action start 2:02:46: WriteRegistryValues.
Action ended 2:02:46: WriteRegistryValues. Return value 1.
Action 2:02:46: RegisterUser. Registering user
Action start 2:02:46: RegisterUser.
Action ended 2:02:46: RegisterUser. Return value 1.
Action 2:02:46: RegisterProduct. Registering product
Action start 2:02:46: RegisterProduct.
Action ended 2:02:46: RegisterProduct. Return value 1.
Action 2:02:46: PublishFeatures. Publishing Product Features
Action start 2:02:46: PublishFeatures.
Action ended 2:02:46: PublishFeatures. Return value 1.
Action 2:02:46: PublishProduct. Publishing product information
Action start 2:02:46: PublishProduct.
Action ended 2:02:46: PublishProduct. Return value 1.
Action 2:02:46: InstallFinalize. 
Action start 2:02:46: InstallFinalize.
Action 2:02:46: ProcessComponents. Updating component registration
Action start 2:02:46: ProcessComponents.
1: {65835E57-3712-4382-990A-8D39008A8E0B} 2: {3639FCCA-5969-316D-AC18-E0C6B2B532E9} 3: 02:\SOFTWARE\Microsoft\VisualStudio\14.0\VC\Runtimes\X64\Version 
1: {65835E57-3712-4382-990A-8D39008A8E0B} 2: {D2959D22-4DB7-32AF-A1B0-8405C4221749} 3: 02:\SOFTWARE\Microsoft\VisualStudio\14.0\VC\Runtimes\X64\Version 
1: {65835E57-3712-4382-990A-8D39008A8E0B} 2: {03C1EACE-7E47-3142-A7E7-F36508D02BD1} 3: C:\windows\system32\api-ms-win-core-console-l1-1-0.dll 
1: {65835E57-3712-4382-990A-8D39008A8E0B} 2: {B33258FD-750C-3B42-8BE4-535B48E97DB4} 3: C:\windows\system32\vcruntime140.dll 
1: {65835E57-3712-4382-990A-8D39008A8E0B} 2: {22824972-0C4A-31B4-AEEF-9FC7596F1305} 3: C:\windows\system32\msvcp140.dll 
1: {65835E57-3712-4382-990A-8D39008A8E0B} 2: {6713558D-DE1F-373C-A12D-BAE9004657F9} 3: C:\windows\system32\msvcp140_1.dll 
1: {65835E57-3712-4382-990A-8D39008A8E0B} 2: {AD0439C6-DC3D-3A2C-AF38-B22083D8639F} 3: C:\windows\system32\msvcp140_2.dll 
1: {65835E57-3712-4382-990A-8D39008A8E0B} 2: {35B5C1D2-EB5B-3569-83EB-78E34F5C3254} 3: C:\windows\system32\concrt140.dll 
1: {65835E57-3712-4382-990A-8D39008A8E0B} 2: {D227D7DF-D9F8-33AF-B935-4BF2F47F2EA4} 3: C:\windows\system32\vccorlib140.dll 
1: {65835E57-3712-4382-990A-8D39008A8E0B} 2: {7050289E-BECF-32C7-89DC-08C4480E482B} 3: C:\windows\system32\vcamp140.dll 
1: {65835E57-3712-4382-990A-8D39008A8E0B} 2: {F5E98D96-3C7F-37D7-821F-E4BB03D4384B} 3: C:\windows\system32\vcomp140.dll 
1: {65835E57-3712-4382-990A-8D39008A8E0B} 2: {EA0D3A76-AE46-3F46-B94D-309D5097A125} 3: 02:\SOFTWARE\Microsoft\DevDiv\VC\Servicing\14.0\SP 
1: {65835E57-3712-4382-990A-8D39008A8E0B} 2: {38F26AF8-73D2-34A5-9BB3-83CE1900A2AE} 3: 02:\SOFTWARE\Microsoft\DevDiv\VC\Servicing\14.0\RuntimeMinimum\Install 
1: {65835E57-3712-4382-990A-8D39008A8E0B} 2: {04D1E303-8E0F-36D1-BC1F-E27EE209198A} 3: 02:\SOFTWARE\Microsoft\DevDiv\VC\Servicing\14.0\SP 
1: {65835E57-3712-4382-990A-8D39008A8E0B} 2: {F53F2531-272C-39F4-9C5B-312B318B91E5} 3: 02:\SOFTWARE\Microsoft\DevDiv\VC\Servicing\14.0\RuntimeMinimum\Install 
1: {65835E57-3712-4382-990A-8D39008A8E0B} 2: {31FF3687-EC05-3A6B-A8CE-ADD81BF1506E} 3: -1:\Software\Classes\Installer\Dependencies\Microsoft.VS.VC_RuntimeMinimumVSU_amd64,v14\Version 
Action ended 2:02:46: ProcessComponents. Return value 1.
Action 2:02:46: UnpublishFeatures. Unpublishing Product Features
Action start 2:02:46: UnpublishFeatures.
Action ended 2:02:46: UnpublishFeatures. Return value 1.
Action 2:02:46: RemoveRegistryValues. Removing system registry values
Action start 2:02:46: RemoveRegistryValues.
Action ended 2:02:46: RemoveRegistryValues. Return value 1.
Action 2:02:46: RemoveFiles. Eliminando archivos
Action start 2:02:46: RemoveFiles.
Archivo: api-ms-win-core-console-l1-1-0.dll, Carpeta: System64Folder
Archivo: api-ms-win-core-datetime-l1-1-0.dll, Carpeta: System64Folder
Archivo: api-ms-win-core-debug-l1-1-0.dll, Carpeta: System64Folder
Archivo: api-ms-win-core-errorhandling-l1-1-0.dll, Carpeta: System64Folder
Archivo: api-ms-win-core-file-l1-1-0.dll, Carpeta: System64Folder
Archivo: api-ms-win-core-file-l1-2-0.dll, Carpeta: System64Folder
Archivo: api-ms-win-core-file-l2-1-0.dll, Carpeta: System64Folder
Archivo: api-ms-win-core-handle-l1-1-0.dll, Carpeta: System64Folder
Archivo: api-ms-win-core-heap-l1-1-0.dll, Carpeta: System64Folder
Archivo: api-ms-win-core-interlocked-l1-1-0.dll, Carpeta: System64Folder
Archivo: api-ms-win-core-libraryloader-l1-1-0.dll, Carpeta: System64Folder
Archivo: api-ms-win-core-localization-l1-2-0.dll, Carpeta: System64Folder
Archivo: api-ms-win-core-memory-l1-1-0.dll, Carpeta: System64Folder
Archivo: api-ms-win-core-namedpipe-l1-1-0.dll, Carpeta: System64Folder
Archivo: api-ms-win-core-processenvironment-l1-1-0.dll, Carpeta: System64Folder
Archivo: api-ms-win-core-processthreads-l1-1-0.dll, Carpeta: System64Folder
Archivo: api-ms-win-core-processthreads-l1-1-1.dll, Carpeta: System64Folder
Archivo: api-ms-win-core-profile-l1-1-0.dll, Carpeta: System64Folder
Archivo: api-ms-win-core-rtlsupport-l1-1-0.dll, Carpeta: System64Folder
Archivo: api-ms-win-core-string-l1-1-0.dll, Carpeta: System64Folder
Archivo: api-ms-win-core-synch-l1-1-0.dll, Carpeta: System64Folder
Archivo: api-ms-win-core-synch-l1-2-0.dll, Carpeta: System64Folder
Archivo: api-ms-win-core-sysinfo-l1-1-0.dll, Carpeta: System64Folder
Archivo: api-ms-win-core-timezone-l1-1-0.dll, Carpeta: System64Folder
Archivo: api-ms-win-core-util-l1-1-0.dll, Carpeta: System64Folder
Archivo: api-ms-win-crt-conio-l1-1-0.dll, Carpeta: System64Folder
Archivo: api-ms-win-crt-convert-l1-1-0.dll, Carpeta: System64Folder
Archivo: api-ms-win-crt-environment-l1-1-0.dll, Carpeta: System64Folder
Archivo: api-ms-win-crt-filesystem-l1-1-0.dll, Carpeta: System64Folder
Archivo: api-ms-win-crt-heap-l1-1-0.dll, Carpeta: System64Folder
Archivo: api-ms-win-crt-locale-l1-1-0.dll, Carpeta: System64Folder
Archivo: api-ms-win-crt-math-l1-1-0.dll, Carpeta: System64Folder
Archivo: api-ms-win-crt-multibyte-l1-1-0.dll, Carpeta: System64Folder
Archivo: api-ms-win-crt-private-l1-1-0.dll, Carpeta: System64Folder
Archivo: api-ms-win-crt-process-l1-1-0.dll, Carpeta: System64Folder
Archivo: api-ms-win-crt-runtime-l1-1-0.dll, Carpeta: System64Folder
Archivo: api-ms-win-crt-stdio-l1-1-0.dll, Carpeta: System64Folder
Archivo: api-ms-win-crt-string-l1-1-0.dll, Carpeta: System64Folder
Archivo: api-ms-win-crt-time-l1-1-0.dll, Carpeta: System64Folder
Archivo: api-ms-win-crt-utility-l1-1-0.dll, Carpeta: System64Folder
Archivo: concrt140.dll, Carpeta: System64Folder
Archivo: msvcp140.dll, Carpeta: System64Folder
Archivo: msvcp140_1.dll, Carpeta: System64Folder
Archivo: msvcp140_2.dll, Carpeta: System64Folder
Archivo: ucrtbase.dll, Carpeta: System64Folder
Archivo: vcamp140.dll, Carpeta: System64Folder
Archivo: vccorlib140.dll, Carpeta: System64Folder
Archivo: vcomp140.dll, Carpeta: System64Folder
Archivo: vcruntime140.dll, Carpeta: System64Folder
Action ended 2:02:46: RemoveFiles. Return value 1.
Action 2:02:46: InstallFiles. Copiando nuevos archivos
Action start 2:02:46: InstallFiles.
Archivo: api-ms-win-core-console-l1-1-0.dll,  Carpeta: System64Folder,  Tamaño: 20248
Archivo: api-ms-win-core-datetime-l1-1-0.dll,  Carpeta: System64Folder,  Tamaño: 19736
Archivo: api-ms-win-core-debug-l1-1-0.dll,  Carpeta: System64Folder,  Tamaño: 19736
Archivo: api-ms-win-core-errorhandling-l1-1-0.dll,  Carpeta: System64Folder,  Tamaño: 19736
Archivo: api-ms-win-core-file-l1-1-0.dll,  Carpeta: System64Folder,  Tamaño: 23320
Archivo: api-ms-win-core-file-l1-2-0.dll,  Carpeta: System64Folder,  Tamaño: 19736
Archivo: api-ms-win-core-file-l2-1-0.dll,  Carpeta: System64Folder,  Tamaño: 19736
Archivo: api-ms-win-core-handle-l1-1-0.dll,  Carpeta: System64Folder,  Tamaño: 19736
Archivo: api-ms-win-core-heap-l1-1-0.dll,  Carpeta: System64Folder,  Tamaño: 20248
Archivo: api-ms-win-core-interlocked-l1-1-0.dll,  Carpeta: System64Folder,  Tamaño: 19736
Archivo: api-ms-win-core-libraryloader-l1-1-0.dll,  Carpeta: System64Folder,  Tamaño: 20248
Archivo: api-ms-win-core-localization-l1-2-0.dll,  Carpeta: System64Folder,  Tamaño: 22296
Archivo: api-ms-win-core-memory-l1-1-0.dll,  Carpeta: System64Folder,  Tamaño: 20248
Archivo: api-ms-win-core-namedpipe-l1-1-0.dll,  Carpeta: System64Folder,  Tamaño: 19736
Archivo: api-ms-win-core-processenvironment-l1-1-0.dll,  Carpeta: System64Folder,  Tamaño: 20760
Archivo: api-ms-win-core-processthreads-l1-1-0.dll,  Carpeta: System64Folder,  Tamaño: 21784
Archivo: api-ms-win-core-processthreads-l1-1-1.dll,  Carpeta: System64Folder,  Tamaño: 20248
Archivo: api-ms-win-core-profile-l1-1-0.dll,  Carpeta: System64Folder,  Tamaño: 19224
Archivo: api-ms-win-core-rtlsupport-l1-1-0.dll,  Carpeta: System64Folder,  Tamaño: 20248
Archivo: api-ms-win-core-string-l1-1-0.dll,  Carpeta: System64Folder,  Tamaño: 19736
Archivo: api-ms-win-core-synch-l1-1-0.dll,  Carpeta: System64Folder,  Tamaño: 21784
Archivo: api-ms-win-core-synch-l1-2-0.dll,  Carpeta: System64Folder,  Tamaño: 20248
Archivo: api-ms-win-core-sysinfo-l1-1-0.dll,  Carpeta: System64Folder,  Tamaño: 20760
Archivo: api-ms-win-core-timezone-l1-1-0.dll,  Carpeta: System64Folder,  Tamaño: 19736
Archivo: api-ms-win-core-util-l1-1-0.dll,  Carpeta: System64Folder,  Tamaño: 19736
Archivo: api-ms-win-crt-conio-l1-1-0.dll,  Carpeta: System64Folder,  Tamaño: 20760
Archivo: api-ms-win-crt-convert-l1-1-0.dll,  Carpeta: System64Folder,  Tamaño: 23832
Archivo: api-ms-win-crt-environment-l1-1-0.dll,  Carpeta: System64Folder,  Tamaño: 20248
Archivo: api-ms-win-crt-filesystem-l1-1-0.dll,  Carpeta: System64Folder,  Tamaño: 21784
Archivo: api-ms-win-crt-heap-l1-1-0.dll,  Carpeta: System64Folder,  Tamaño: 20760
Archivo: api-ms-win-crt-locale-l1-1-0.dll,  Carpeta: System64Folder,  Tamaño: 20248
Archivo: api-ms-win-crt-math-l1-1-0.dll,  Carpeta: System64Folder,  Tamaño: 28952
Archivo: api-ms-win-crt-multibyte-l1-1-0.dll,  Carpeta: System64Folder,  Tamaño: 27928
Archivo: api-ms-win-crt-private-l1-1-0.dll,  Carpeta: System64Folder,  Tamaño: 71960
Archivo: api-ms-win-crt-process-l1-1-0.dll,  Carpeta: System64Folder,  Tamaño: 20760
Archivo: api-ms-win-crt-runtime-l1-1-0.dll,  Carpeta: System64Folder,  Tamaño: 24344
Archivo: api-ms-win-crt-stdio-l1-1-0.dll,  Carpeta: System64Folder,  Tamaño: 25880
Archivo: api-ms-win-crt-string-l1-1-0.dll,  Carpeta: System64Folder,  Tamaño: 25880
Archivo: api-ms-win-crt-time-l1-1-0.dll,  Carpeta: System64Folder,  Tamaño: 22296
Archivo: api-ms-win-crt-utility-l1-1-0.dll,  Carpeta: System64Folder,  Tamaño: 20248
Archivo: concrt140.dll,  Carpeta: System64Folder,  Tamaño: 332568
Archivo: msvcp140.dll,  Carpeta: System64Folder,  Tamaño: 627992
Archivo: msvcp140_1.dll,  Carpeta: System64Folder,  Tamaño: 31512
Archivo: msvcp140_2.dll,  Carpeta: System64Folder,  Tamaño: 206104
Archivo: ucrtbase.dll,  Carpeta: System64Folder,  Tamaño: 994072
Archivo: vcamp140.dll,  Carpeta: System64Folder,  Tamaño: 492824
Archivo: vccorlib140.dll,  Carpeta: System64Folder,  Tamaño: 366872
Archivo: vcomp140.dll,  Carpeta: System64Folder,  Tamaño: 154392
Archivo: vcruntime140.dll,  Carpeta: System64Folder,  Tamaño: 85784
Action ended 2:02:46: InstallFiles. Return value 1.
Action 2:02:46: WriteRegistryValues. Writing system registry values
Action start 2:02:46: WriteRegistryValues.
Key: HKEY_LOCAL_MACHINE\SOFTWARE\Microsoft\VisualStudio\14.0\VC\Runtimes\X64, Name: Version, Value: v14.16.27033.00
Key: HKEY_LOCAL_MACHINE\SOFTWARE\Microsoft\VisualStudio\14.0\VC\Runtimes\X64, Name: Version, Value: v14.16.27033.00
Key: HKEY_LOCAL_MACHINE\SOFTWARE\Microsoft\DevDiv\VC\Servicing\14.0, Name: SP, Value: 
Key: HKEY_LOCAL_MACHINE\SOFTWARE\Microsoft\DevDiv\VC\Servicing\14.0\RuntimeMinimum, Name: Install, Value: 
Key: HKEY_LOCAL_MACHINE\SOFTWARE\Microsoft\DevDiv\VC\Servicing\14.0, Name: SP, Value: 
Key: HKEY_LOCAL_MACHINE\SOFTWARE\Microsoft\DevDiv\VC\Servicing\14.0\RuntimeMinimum, Name: Install, Value: 
Key: HKEY_LOCAL_MACHINE\Software\Classes\Installer\Dependencies\Microsoft.VS.VC_RuntimeMinimumVSU_amd64,v14, Name: Version, Value: 14.16.27033
Key: HKEY_LOCAL_MACHINE\SOFTWARE\Microsoft\VisualStudio\14.0\VC\Runtimes\X64, Name: Installed, Value: 
Key: HKEY_LOCAL_MACHINE\SOFTWARE\Microsoft\VisualStudio\14.0\VC\Runtimes\X64, Name: Major, Value: 
Key: HKEY_LOCAL_MACHINE\SOFTWARE\Microsoft\VisualStudio\14.0\VC\Runtimes\X64, Name: Minor, Value: 
Key: HKEY_LOCAL_MACHINE\SOFTWARE\Microsoft\VisualStudio\14.0\VC\Runtimes\X64, Name: Bld, Value: 
Key: HKEY_LOCAL_MACHINE\SOFTWARE\Microsoft\VisualStudio\14.0\VC\Runtimes\X64, Name: Rbld, Value: 
Key: HKEY_LOCAL_MACHINE\SOFTWARE\Microsoft\VisualStudio\14.0\VC\Runtimes\X64, Name: Installed, Value: 
Key: HKEY_LOCAL_MACHINE\SOFTWARE\Microsoft\VisualStudio\14.0\VC\Runtimes\X64, Name: Major, Value: 
Key: HKEY_LOCAL_MACHINE\SOFTWARE\Microsoft\VisualStudio\14.0\VC\Runtimes\X64, Name: Minor, Value: 
Key: HKEY_LOCAL_MACHINE\SOFTWARE\Microsoft\VisualStudio\14.0\VC\Runtimes\X64, Name: Bld, Value: 
Key: HKEY_LOCAL_MACHINE\SOFTWARE\Microsoft\VisualStudio\14.0\VC\Runtimes\X64, Name: Rbld, Value: 
Key: HKEY_LOCAL_MACHINE\SOFTWARE\Microsoft\DevDiv\VC\Servicing\14.0, Name: SPIndex, Value: 
Key: HKEY_LOCAL_MACHINE\SOFTWARE\Microsoft\DevDiv\VC\Servicing\14.0\RuntimeMinimum, Name: InstallerType, Value: MSI
Key: HKEY_LOCAL_MACHINE\SOFTWARE\Microsoft\DevDiv\VC\Servicing\14.0\RuntimeMinimum, Name: SP, Value: 
Key: HKEY_LOCAL_MACHINE\SOFTWARE\Microsoft\DevDiv\VC\Servicing\14.0\RuntimeMinimum, Name: SPIndex, Value: 
Key: HKEY_LOCAL_MACHINE\SOFTWARE\Microsoft\DevDiv\VC\Servicing\14.0\RuntimeMinimum, Name: SPName, Value: RTM
Key: HKEY_LOCAL_MACHINE\SOFTWARE\Microsoft\DevDiv\VC\Servicing\14.0\RuntimeMinimum, Name: Version, Value: 14.16.27033
Key: HKEY_LOCAL_MACHINE\SOFTWARE\Microsoft\DevDiv\VC\Servicing\14.0\RuntimeMinimum, Name: UpdateVersion, Value: 14.16.27033
Key: HKEY_LOCAL_MACHINE\SOFTWARE\Microsoft\DevDiv\VC\Servicing\14.0, Name: SPIndex, Value: 
Key: HKEY_LOCAL_MACHINE\SOFTWARE\Microsoft\DevDiv\VC\Servicing\14.0\RuntimeMinimum, Name: InstallerType, Value: MSI
Key: HKEY_LOCAL_MACHINE\SOFTWARE\Microsoft\DevDiv\VC\Servicing\14.0\RuntimeMinimum, Name: SP, Value: 
Key: HKEY_LOCAL_MACHINE\SOFTWARE\Microsoft\DevDiv\VC\Servicing\14.0\RuntimeMinimum, Name: SPIndex, Value: 
Key: HKEY_LOCAL_MACHINE\SOFTWARE\Microsoft\DevDiv\VC\Servicing\14.0\RuntimeMinimum, Name: SPName, Value: RTM
Key: HKEY_LOCAL_MACHINE\SOFTWARE\Microsoft\DevDiv\VC\Servicing\14.0\RuntimeMinimum, Name: Version, Value: 14.16.27033
Key: HKEY_LOCAL_MACHINE\SOFTWARE\Microsoft\DevDiv\VC\Servicing\14.0\RuntimeMinimum, Name: UpdateVersion, Value: 14.16.27033
Key: HKEY_LOCAL_MACHINE\Software\Classes\Installer\Dependencies\Microsoft.VS.VC_RuntimeMinimumVSU_amd64,v14, Name: , Value: {65835E57-3712-4382-990A-8D39008A8E0B}
Key: HKEY_LOCAL_MACHINE\Software\Classes\Installer\Dependencies\Microsoft.VS.VC_RuntimeMinimumVSU_amd64,v14, Name: DisplayName, Value: Microsoft Visual C++ 2017 X64 Minimum Runtime - 14.16.27033
Action ended 2:02:46: WriteRegistryValues. Return value 1.
Action 2:02:46: RegisterUser. Registering user
Action start 2:02:46: RegisterUser.
1:  
Action ended 2:02:46: RegisterUser. Return value 1.
Action 2:02:46: RegisterProduct. Registering product
Action start 2:02:46: RegisterProduct.
1: {65835E57-3712-4382-990A-8D39008A8E0B} 
Action ended 2:02:46: RegisterProduct. Return value 1.
Action 2:02:46: PublishFeatures. Publishing Product Features
Action start 2:02:46: PublishFeatures.
Feature: VC_Runtime_Minimum
Feature: Provider
Feature: Servicing_Key
Action ended 2:02:46: PublishFeatures. Return value 1.
Action 2:02:46: PublishProduct. Publishing product information
Action start 2:02:46: PublishProduct.
1: {65835E57-3712-4382-990A-8D39008A8E0B} 
Action ended 2:02:46: PublishProduct. Return value 1.
Action ended 2:02:46: InstallFinalize. Return value 1.
Action ended 2:02:46: INSTALL. Return value 1.
1: Microsoft Visual C++ 2017 X64 Minimum Runtime - 14.16.27033 2: {65835E57-3712-4382-990A-8D39008A8E0B} 3: 1 
Property(S): UpgradeCode = {36F68A90-239C-34DF-B58C-64B30153CE35}
Property(S): TARGETDIR = C:\
Property(S): System64Folder = C:\windows\system32\
Property(S): SourceDir = C:\ProgramData\Package Cache\{65835E57-3712-4382-990A-8D39008A8E0B}v14.16.27033\packages\vcRuntimeMinimum_amd64\
Property(S): ALLUSERS = 1
Property(S): FILESINUSETEXT = The following applications should be closed before continuing the install:
Property(S): INSTALLLEVEL = 2
Property(S): LIMITUI = 1
Property(S): REBOOT = ReallySuppress
Property(S): REPAIR_REINSTALLMODE = pecmsu
Property(S): ARPSYSTEMCOMPONENT = 1
Property(S): LocProductName = Microsoft Visual C++ 2017 X64 Runtime
Property(S): ProductCPU = amd64
Property(S): ProductEdition = RuntimeMinimum
Property(S): ProductFamily = VC
Property(S): RTM_ProductVersion = 14.16.27033
Property(S): MsiLogging = voicewarmupx
Property(S): Manufacturer = Microsoft Corporation
Property(S): ProductCode = {65835E57-3712-4382-990A-8D39008A8E0B}
Property(S): ProductLanguage = 1033
Property(S): ProductName = Microsoft Visual C++ 2017 X64 Minimum Runtime - 14.16.27033
Property(S): ProductVersion = 14.16.27033
Property(S): DirectoryTable100_amd64 = DirectoryTable
Property(S): SecureCustomProperties = IGNOREDEPENDENCIES;NEWERVCRUNTIMEVERSIONDETECTED;UPGRADEVCRUNTIME
Property(S): AdminUser = 1
Property(S): CommonAppDataFolder = C:\ProgramData\
Property(S): FavoritesFolder = C:\users\govi\Favorites\
Property(S): FontsFolder = C:\windows\Fonts\
Property(S): SendToFolder = C:\users\govi\SendTo\
Property(S): StartMenuFolder = C:\users\govi\Start Menu\
Property(S): StartupFolder = C:\users\govi\Start Menu\Programs\StartUp\
Property(S): TemplateFolder = C:\users\govi\Templates\
Property(S): DesktopFolder = C:\users\govi\Escritorio\
Property(S): ProgramMenuFolder = C:\users\govi\Start Menu\Programs\
Property(S): AdminToolsFolder = C:\users\govi\Start Menu\Programs\Administrative Tools\
Property(S): AppDataFolder = C:\users\govi\Application Data\
Property(S): SystemFolder = C:\windows\syswow64\
Property(S): System16Folder = C:\windows\system32\
Property(S): LocalAppDataFolder = C:\users\govi\Local Settings\Application Data\
Property(S): MyPicturesFolder = C:\users\govi\Mis imágenes\
Property(S): PersonalFolder = C:\users\govi\Mis Documentos\
Property(S): WindowsFolder = C:\windows\
Property(S): PrintHoodFolder = C:\users\govi\PrintHood\
Property(S): NetHoodFolder = C:\users\govi\NetHood\
Property(S): RecentFolder = C:\users\govi\Recent\
Property(S): PhysicalMemory = 31921
Property(S): WindowsVolume = C:\
Property(S): TempFolder = C:\users\govi\Temp\
Property(S): Privileged = 1
Property(S): VersionNT = 502
Property(S): MsiNTProductType = 1
Property(S): WindowsBuild = 3790
Property(S): ServicePackLevel = 2
Property(S): VersionMsi = 4.5
Property(S): VersionDatabase = 400
Property(S): Intel = 6
Property(S): MsiAMD64 = 6
Property(S): Msix64 = 6
Property(S): VersionNT64 = 502
Property(S): ProgramFiles64Folder = C:\Program Files\
Property(S): ProgramFilesFolder = C:\Program Files (x86)\
Property(S): CommonFiles64Folder = C:\Program Files\Common Files\
Property(S): CommonFilesFolder = C:\Program Files (x86)\Common Files\
Property(S): ScreenX = 1920
Property(S): ScreenY = 1080
Property(S): ColorBits = 32
Property(S): UserSID = S-1-5-21-0-0-0-1000
Property(S): MsiNetAssemblySupport = 2.0.50727.4016
Property(S): UserLanguageID = 3082
Property(S): SystemLanguageID = 3082
Property(S): ProductState = -1
Property(S): LogonUser = govi
Property(S): ComputerName = GOVI-PC
Property(S): UILevel = 2
Property(S): PackageCode = {FE0B05C6-822C-4D4A-8EE0-9468AAD40F44}
Property(S): DATABASE = C:\windows\Installer\9d9b.msi
Property(S): OriginalDatabase = C:\ProgramData\Package Cache\{65835E57-3712-4382-990A-8D39008A8E0B}v14.16.27033\packages\vcRuntimeMinimum_amd64\vc_runtimeMinimum_x64.msi
Property(S): SOURCEDIR = C:\ProgramData\Package Cache\{65835E57-3712-4382-990A-8D39008A8E0B}v14.16.27033\packages\vcRuntimeMinimum_amd64\
Property(S): MSIFASTINSTALL = 7
Property(S): NOVSUI = 1
Property(S): ACTION = INSTALL
Property(S): EXECUTEACTION = INSTALL
Property(S): CostingComplete = 1
Property(S): ROOTDRIVE = C:\
Property(S): OutOfDiskSpace = 0
Property(S): OutOfNoRbDiskSpace = 0
1: 2 2: 0 
1: 2 2: 1 
Action ended 2:02:46: INSTALL. Return value 1.
