1: 0 2: 1033 3: 1252 
=== Inicio de Trazas: 28/01/2021  2:02:41 ===
Message type: 0, Argument: 1033, 1252
Message type: 1, Argument: Microsoft Visual C++ 2017 X86 Minimum Runtime - 14.16.27033
Action 2:02:41: INSTALL. 
Action start 2:02:41: INSTALL.
1: 0 2: 1033 3: 1252 
1: 0 2: 1033 3: 1252 
=== Inicio de Trazas: 28/01/2021  2:02:41 ===
Message type: 0, Argument: 1033, 1252
Message type: 1, Argument: Microsoft Visual C++ 2017 X86 Minimum Runtime - 14.16.27033
Action 2:02:41: INSTALL. 
Action start 2:02:41: INSTALL.
1: Microsoft Visual C++ 2017 X86 Minimum Runtime - 14.16.27033 2: {D5AEE36E-4771-4F65-BDB6-8C59077BFBE4} 
Action 2:02:41: FindRelatedProducts. Searching for related applications
Action start 2:02:41: FindRelatedProducts.
Action ended 2:02:41: FindRelatedProducts. Return value 1.
Action 2:02:41: LaunchConditions. Evaluating launch conditions
Action start 2:02:41: LaunchConditions.
Action ended 2:02:41: LaunchConditions. Return value 1.
Action 2:02:41: ValidateProductID. 
Action start 2:02:41: ValidateProductID.
Action ended 2:02:41: ValidateProductID. Return value 1.
Action 2:02:41: CostInitialize. Calculando requisitos de espacio
Action start 2:02:41: CostInitialize.
Action ended 2:02:41: CostInitialize. Return value 1.
Action 2:02:41: FileCost. Calculando requisitos de espacio
Action start 2:02:41: FileCost.
Action ended 2:02:41: FileCost. Return value 1.
Action 2:02:41: CostFinalize. Calculando requisitos de espacio
Action start 2:02:41: CostFinalize.
Action ended 2:02:41: CostFinalize. Return value 1.
Action 2:02:41: InstallValidate. Validating install
Action start 2:02:41: InstallValidate.
Action ended 2:02:41: InstallValidate. Return value 1.
Action 2:02:41: InstallInitialize. 
Action start 2:02:41: InstallInitialize.
Action ended 2:02:41: InstallInitialize. Return value 1.
Action 2:02:41: RemoveExistingProducts. Eliminando aplicaciones
Action start 2:02:41: RemoveExistingProducts.
Action ended 2:02:41: RemoveExistingProducts. Return value 1.
Action 2:02:41: ProcessComponents. Updating component registration
Action start 2:02:41: ProcessComponents.
Action ended 2:02:41: ProcessComponents. Return value 1.
Action 2:02:41: UnpublishFeatures. Unpublishing Product Features
Action start 2:02:41: UnpublishFeatures.
Action ended 2:02:41: UnpublishFeatures. Return value 1.
Action 2:02:41: RemoveRegistryValues. Removing system registry values
Action start 2:02:41: RemoveRegistryValues.
Action ended 2:02:41: RemoveRegistryValues. Return value 1.
Action 2:02:41: RemoveFiles. Eliminando archivos
Action start 2:02:41: RemoveFiles.
Action ended 2:02:41: RemoveFiles. Return value 1.
Action 2:02:41: InstallFiles. Copiando nuevos archivos
Action start 2:02:41: InstallFiles.
Action ended 2:02:41: InstallFiles. Return value 1.
Action 2:02:41: WriteRegistryValues. Writing system registry values
Action start 2:02:41: WriteRegistryValues.
Action ended 2:02:41: WriteRegistryValues. Return value 1.
Action 2:02:41: RegisterUser. Registering user
Action start 2:02:41: RegisterUser.
Action ended 2:02:41: RegisterUser. Return value 1.
Action 2:02:41: RegisterProduct. Registering product
Action start 2:02:41: RegisterProduct.
Action ended 2:02:41: RegisterProduct. Return value 1.
Action 2:02:41: PublishFeatures. Publishing Product Features
Action start 2:02:41: PublishFeatures.
Action ended 2:02:41: PublishFeatures. Return value 1.
Action 2:02:41: PublishProduct. Publishing product information
Action start 2:02:41: PublishProduct.
Action ended 2:02:41: PublishProduct. Return value 1.
Action 2:02:41: InstallFinalize. 
Action start 2:02:41: InstallFinalize.
Action 2:02:41: ProcessComponents. Updating component registration
Action start 2:02:41: ProcessComponents.
1: {D5AEE36E-4771-4F65-BDB6-8C59077BFBE4} 2: {E3819B64-3C56-3DD7-921D-00B011AD31DE} 3: 02:\SOFTWARE\Microsoft\VisualStudio\14.0\VC\Runtimes\X86\Version 
1: {D5AEE36E-4771-4F65-BDB6-8C59077BFBE4} 2: {42F41217-AF8B-33D4-9CB3-FF5F696BECBB} 3: C:\windows\syswow64\api-ms-win-core-console-l1-1-0.dll 
1: {D5AEE36E-4771-4F65-BDB6-8C59077BFBE4} 2: {E8E39D3B-4F35-36D8-B892-4B28336FE041} 3: C:\windows\syswow64\vcruntime140.dll 
1: {D5AEE36E-4771-4F65-BDB6-8C59077BFBE4} 2: {A2AA960C-FD3C-3A6D-BD6F-14933011AFB3} 3: C:\windows\syswow64\msvcp140.dll 
1: {D5AEE36E-4771-4F65-BDB6-8C59077BFBE4} 2: {A2E7203F-60C2-3D7E-8A46-DB3D381A2CE6} 3: C:\windows\syswow64\msvcp140_1.dll 
1: {D5AEE36E-4771-4F65-BDB6-8C59077BFBE4} 2: {BC0399EF-5E9D-3C7C-BFF5-5E9A95C96DAF} 3: C:\windows\syswow64\msvcp140_2.dll 
1: {D5AEE36E-4771-4F65-BDB6-8C59077BFBE4} 2: {9FC931F8-9ED1-3263-A0F1-8ADE330D0ECE} 3: C:\windows\syswow64\concrt140.dll 
1: {D5AEE36E-4771-4F65-BDB6-8C59077BFBE4} 2: {0200CF79-B9A1-3BE4-955A-29FA9D4B1A5C} 3: C:\windows\syswow64\vccorlib140.dll 
1: {D5AEE36E-4771-4F65-BDB6-8C59077BFBE4} 2: {240E5802-BDC9-3681-9267-7CA35F29EEBF} 3: C:\windows\syswow64\vcamp140.dll 
1: {D5AEE36E-4771-4F65-BDB6-8C59077BFBE4} 2: {64DE6BFD-3D7C-36DF-9427-2DE6858F45CE} 3: C:\windows\syswow64\vcomp140.dll 
1: {D5AEE36E-4771-4F65-BDB6-8C59077BFBE4} 2: {C96DC6F1-894A-33E0-A8C1-3E9E7394FA28} 3: 02:\SOFTWARE\Microsoft\DevDiv\VC\Servicing\14.0\SP 
1: {D5AEE36E-4771-4F65-BDB6-8C59077BFBE4} 2: {7ACE84BA-4FF6-351B-AE91-E198DDB852EE} 3: 02:\SOFTWARE\Microsoft\DevDiv\VC\Servicing\14.0\RuntimeMinimum\Install 
1: {D5AEE36E-4771-4F65-BDB6-8C59077BFBE4} 2: {7F616D2F-B149-3802-BE4C-0F971B293B6C} 3: -1:\Software\Classes\Installer\Dependencies\Microsoft.VS.VC_RuntimeMinimumVSU_x86,v14\Version 
Action ended 2:02:41: ProcessComponents. Return value 1.
Action 2:02:41: UnpublishFeatures. Unpublishing Product Features
Action start 2:02:41: UnpublishFeatures.
Action ended 2:02:41: UnpublishFeatures. Return value 1.
Action 2:02:41: RemoveRegistryValues. Removing system registry values
Action start 2:02:41: RemoveRegistryValues.
Action ended 2:02:41: RemoveRegistryValues. Return value 1.
Action 2:02:41: RemoveFiles. Eliminando archivos
Action start 2:02:41: RemoveFiles.
Archivo: api-ms-win-core-console-l1-1-0.dll, Carpeta: SystemFolder
Archivo: api-ms-win-core-datetime-l1-1-0.dll, Carpeta: SystemFolder
Archivo: api-ms-win-core-debug-l1-1-0.dll, Carpeta: SystemFolder
Archivo: api-ms-win-core-errorhandling-l1-1-0.dll, Carpeta: SystemFolder
Archivo: api-ms-win-core-file-l1-1-0.dll, Carpeta: SystemFolder
Archivo: api-ms-win-core-file-l1-2-0.dll, Carpeta: SystemFolder
Archivo: api-ms-win-core-file-l2-1-0.dll, Carpeta: SystemFolder
Archivo: api-ms-win-core-handle-l1-1-0.dll, Carpeta: SystemFolder
Archivo: api-ms-win-core-heap-l1-1-0.dll, Carpeta: SystemFolder
Archivo: api-ms-win-core-interlocked-l1-1-0.dll, Carpeta: SystemFolder
Archivo: api-ms-win-core-libraryloader-l1-1-0.dll, Carpeta: SystemFolder
Archivo: api-ms-win-core-localization-l1-2-0.dll, Carpeta: SystemFolder
Archivo: api-ms-win-core-memory-l1-1-0.dll, Carpeta: SystemFolder
Archivo: api-ms-win-core-namedpipe-l1-1-0.dll, Carpeta: SystemFolder
Archivo: api-ms-win-core-processenvironment-l1-1-0.dll, Carpeta: SystemFolder
Archivo: api-ms-win-core-processthreads-l1-1-0.dll, Carpeta: SystemFolder
Archivo: api-ms-win-core-processthreads-l1-1-1.dll, Carpeta: SystemFolder
Archivo: api-ms-win-core-profile-l1-1-0.dll, Carpeta: SystemFolder
Archivo: api-ms-win-core-rtlsupport-l1-1-0.dll, Carpeta: SystemFolder
Archivo: api-ms-win-core-string-l1-1-0.dll, Carpeta: SystemFolder
Archivo: api-ms-win-core-synch-l1-1-0.dll, Carpeta: SystemFolder
Archivo: api-ms-win-core-synch-l1-2-0.dll, Carpeta: SystemFolder
Archivo: api-ms-win-core-sysinfo-l1-1-0.dll, Carpeta: SystemFolder
Archivo: api-ms-win-core-timezone-l1-1-0.dll, Carpeta: SystemFolder
Archivo: api-ms-win-core-util-l1-1-0.dll, Carpeta: SystemFolder
Archivo: api-ms-win-crt-conio-l1-1-0.dll, Carpeta: SystemFolder
Archivo: api-ms-win-crt-convert-l1-1-0.dll, Carpeta: SystemFolder
Archivo: api-ms-win-crt-environment-l1-1-0.dll, Carpeta: SystemFolder
Archivo: api-ms-win-crt-filesystem-l1-1-0.dll, Carpeta: SystemFolder
Archivo: api-ms-win-crt-heap-l1-1-0.dll, Carpeta: SystemFolder
Archivo: api-ms-win-crt-locale-l1-1-0.dll, Carpeta: SystemFolder
Archivo: api-ms-win-crt-math-l1-1-0.dll, Carpeta: SystemFolder
Archivo: api-ms-win-crt-multibyte-l1-1-0.dll, Carpeta: SystemFolder
Archivo: api-ms-win-crt-private-l1-1-0.dll, Carpeta: SystemFolder
Archivo: api-ms-win-crt-process-l1-1-0.dll, Carpeta: SystemFolder
Archivo: api-ms-win-crt-runtime-l1-1-0.dll, Carpeta: SystemFolder
Archivo: api-ms-win-crt-stdio-l1-1-0.dll, Carpeta: SystemFolder
Archivo: api-ms-win-crt-string-l1-1-0.dll, Carpeta: SystemFolder
Archivo: api-ms-win-crt-time-l1-1-0.dll, Carpeta: SystemFolder
Archivo: api-ms-win-crt-utility-l1-1-0.dll, Carpeta: SystemFolder
Archivo: concrt140.dll, Carpeta: SystemFolder
Archivo: msvcp140.dll, Carpeta: SystemFolder
Archivo: msvcp140_1.dll, Carpeta: SystemFolder
Archivo: msvcp140_2.dll, Carpeta: SystemFolder
Archivo: ucrtbase.dll, Carpeta: SystemFolder
Archivo: vcamp140.dll, Carpeta: SystemFolder
Archivo: vccorlib140.dll, Carpeta: SystemFolder
Archivo: vcomp140.dll, Carpeta: SystemFolder
Archivo: vcruntime140.dll, Carpeta: SystemFolder
Action ended 2:02:41: RemoveFiles. Return value 1.
Action 2:02:41: InstallFiles. Copiando nuevos archivos
Action start 2:02:41: InstallFiles.
Archivo: api-ms-win-core-console-l1-1-0.dll,  Carpeta: SystemFolder,  Tamaño: 20456
Archivo: api-ms-win-core-datetime-l1-1-0.dll,  Carpeta: SystemFolder,  Tamaño: 19968
Archivo: api-ms-win-core-debug-l1-1-0.dll,  Carpeta: SystemFolder,  Tamaño: 19944
Archivo: api-ms-win-core-errorhandling-l1-1-0.dll,  Carpeta: SystemFolder,  Tamaño: 19944
Archivo: api-ms-win-core-file-l1-1-0.dll,  Carpeta: SystemFolder,  Tamaño: 23528
Archivo: api-ms-win-core-file-l1-2-0.dll,  Carpeta: SystemFolder,  Tamaño: 19944
Archivo: api-ms-win-core-file-l2-1-0.dll,  Carpeta: SystemFolder,  Tamaño: 19944
Archivo: api-ms-win-core-handle-l1-1-0.dll,  Carpeta: SystemFolder,  Tamaño: 19952
Archivo: api-ms-win-core-heap-l1-1-0.dll,  Carpeta: SystemFolder,  Tamaño: 20456
Archivo: api-ms-win-core-interlocked-l1-1-0.dll,  Carpeta: SystemFolder,  Tamaño: 20456
Archivo: api-ms-win-core-libraryloader-l1-1-0.dll,  Carpeta: SystemFolder,  Tamaño: 20456
Archivo: api-ms-win-core-localization-l1-2-0.dll,  Carpeta: SystemFolder,  Tamaño: 22512
Archivo: api-ms-win-core-memory-l1-1-0.dll,  Carpeta: SystemFolder,  Tamaño: 20448
Archivo: api-ms-win-core-namedpipe-l1-1-0.dll,  Carpeta: SystemFolder,  Tamaño: 19944
Archivo: api-ms-win-core-processenvironment-l1-1-0.dll,  Carpeta: SystemFolder,  Tamaño: 20968
Archivo: api-ms-win-core-processthreads-l1-1-0.dll,  Carpeta: SystemFolder,  Tamaño: 22000
Archivo: api-ms-win-core-processthreads-l1-1-1.dll,  Carpeta: SystemFolder,  Tamaño: 20480
Archivo: api-ms-win-core-profile-l1-1-0.dll,  Carpeta: SystemFolder,  Tamaño: 19432
Archivo: api-ms-win-core-rtlsupport-l1-1-0.dll,  Carpeta: SystemFolder,  Tamaño: 19432
Archivo: api-ms-win-core-string-l1-1-0.dll,  Carpeta: SystemFolder,  Tamaño: 19944
Archivo: api-ms-win-core-synch-l1-1-0.dll,  Carpeta: SystemFolder,  Tamaño: 21984
Archivo: api-ms-win-core-synch-l1-2-0.dll,  Carpeta: SystemFolder,  Tamaño: 20464
Archivo: api-ms-win-core-sysinfo-l1-1-0.dll,  Carpeta: SystemFolder,  Tamaño: 20968
Archivo: api-ms-win-core-timezone-l1-1-0.dll,  Carpeta: SystemFolder,  Tamaño: 19944
Archivo: api-ms-win-core-util-l1-1-0.dll,  Carpeta: SystemFolder,  Tamaño: 19944
Archivo: api-ms-win-crt-conio-l1-1-0.dll,  Carpeta: SystemFolder,  Tamaño: 20968
Archivo: api-ms-win-crt-convert-l1-1-0.dll,  Carpeta: SystemFolder,  Tamaño: 24040
Archivo: api-ms-win-crt-environment-l1-1-0.dll,  Carpeta: SystemFolder,  Tamaño: 20456
Archivo: api-ms-win-crt-filesystem-l1-1-0.dll,  Carpeta: SystemFolder,  Tamaño: 21992
Archivo: api-ms-win-crt-heap-l1-1-0.dll,  Carpeta: SystemFolder,  Tamaño: 20968
Archivo: api-ms-win-crt-locale-l1-1-0.dll,  Carpeta: SystemFolder,  Tamaño: 20456
Archivo: api-ms-win-crt-math-l1-1-0.dll,  Carpeta: SystemFolder,  Tamaño: 30720
Archivo: api-ms-win-crt-multibyte-l1-1-0.dll,  Carpeta: SystemFolder,  Tamaño: 28136
Archivo: api-ms-win-crt-private-l1-1-0.dll,  Carpeta: SystemFolder,  Tamaño: 74752
Archivo: api-ms-win-crt-process-l1-1-0.dll,  Carpeta: SystemFolder,  Tamaño: 20960
Archivo: api-ms-win-crt-runtime-l1-1-0.dll,  Carpeta: SystemFolder,  Tamaño: 24552
Archivo: api-ms-win-crt-stdio-l1-1-0.dll,  Carpeta: SystemFolder,  Tamaño: 26096
Archivo: api-ms-win-crt-string-l1-1-0.dll,  Carpeta: SystemFolder,  Tamaño: 26088
Archivo: api-ms-win-crt-time-l1-1-0.dll,  Carpeta: SystemFolder,  Tamaño: 22504
Archivo: api-ms-win-crt-utility-l1-1-0.dll,  Carpeta: SystemFolder,  Tamaño: 20456
Archivo: concrt140.dll,  Carpeta: SystemFolder,  Tamaño: 250336
Archivo: msvcp140.dll,  Carpeta: SystemFolder,  Tamaño: 450024
Archivo: msvcp140_1.dll,  Carpeta: SystemFolder,  Tamaño: 29160
Archivo: msvcp140_2.dll,  Carpeta: SystemFolder,  Tamaño: 173544
Archivo: ucrtbase.dll,  Carpeta: SystemFolder,  Tamaño: 922600
Archivo: vcamp140.dll,  Carpeta: SystemFolder,  Tamaño: 380928
Archivo: vccorlib140.dll,  Carpeta: SystemFolder,  Tamaño: 270312
Archivo: vcomp140.dll,  Carpeta: SystemFolder,  Tamaño: 136680
Archivo: vcruntime140.dll,  Carpeta: SystemFolder,  Tamaño: 80880
Action ended 2:02:41: InstallFiles. Return value 1.
Action 2:02:41: WriteRegistryValues. Writing system registry values
Action start 2:02:41: WriteRegistryValues.
Key: HKEY_LOCAL_MACHINE\SOFTWARE\Microsoft\VisualStudio\14.0\VC\Runtimes\X86, Name: Version, Value: v14.16.27033.00
Key: HKEY_LOCAL_MACHINE\SOFTWARE\Microsoft\DevDiv\VC\Servicing\14.0, Name: SP, Value: 
Key: HKEY_LOCAL_MACHINE\SOFTWARE\Microsoft\DevDiv\VC\Servicing\14.0\RuntimeMinimum, Name: Install, Value: 
Key: HKEY_LOCAL_MACHINE\Software\Classes\Installer\Dependencies\Microsoft.VS.VC_RuntimeMinimumVSU_x86,v14, Name: Version, Value: 14.16.27033
Key: HKEY_LOCAL_MACHINE\SOFTWARE\Microsoft\VisualStudio\14.0\VC\Runtimes\X86, Name: Installed, Value: 
Key: HKEY_LOCAL_MACHINE\SOFTWARE\Microsoft\VisualStudio\14.0\VC\Runtimes\X86, Name: Major, Value: 
Key: HKEY_LOCAL_MACHINE\SOFTWARE\Microsoft\VisualStudio\14.0\VC\Runtimes\X86, Name: Minor, Value: 
Key: HKEY_LOCAL_MACHINE\SOFTWARE\Microsoft\VisualStudio\14.0\VC\Runtimes\X86, Name: Bld, Value: 
Key: HKEY_LOCAL_MACHINE\SOFTWARE\Microsoft\VisualStudio\14.0\VC\Runtimes\X86, Name: Rbld, Value: 
Key: HKEY_LOCAL_MACHINE\SOFTWARE\Microsoft\DevDiv\VC\Servicing\14.0, Name: SPIndex, Value: 
Key: HKEY_LOCAL_MACHINE\SOFTWARE\Microsoft\DevDiv\VC\Servicing\14.0\RuntimeMinimum, Name: InstallerType, Value: MSI
Key: HKEY_LOCAL_MACHINE\SOFTWARE\Microsoft\DevDiv\VC\Servicing\14.0\RuntimeMinimum, Name: SP, Value: 
Key: HKEY_LOCAL_MACHINE\SOFTWARE\Microsoft\DevDiv\VC\Servicing\14.0\RuntimeMinimum, Name: SPIndex, Value: 
Key: HKEY_LOCAL_MACHINE\SOFTWARE\Microsoft\DevDiv\VC\Servicing\14.0\RuntimeMinimum, Name: SPName, Value: RTM
Key: HKEY_LOCAL_MACHINE\SOFTWARE\Microsoft\DevDiv\VC\Servicing\14.0\RuntimeMinimum, Name: Version, Value: 14.16.27033
Key: HKEY_LOCAL_MACHINE\SOFTWARE\Microsoft\DevDiv\VC\Servicing\14.0\RuntimeMinimum, Name: UpdateVersion, Value: 14.16.27033
Key: HKEY_LOCAL_MACHINE\Software\Classes\Installer\Dependencies\Microsoft.VS.VC_RuntimeMinimumVSU_x86,v14, Name: , Value: {D5AEE36E-4771-4F65-BDB6-8C59077BFBE4}
Key: HKEY_LOCAL_MACHINE\Software\Classes\Installer\Dependencies\Microsoft.VS.VC_RuntimeMinimumVSU_x86,v14, Name: DisplayName, Value: Microsoft Visual C++ 2017 X86 Minimum Runtime - 14.16.27033
Action ended 2:02:41: WriteRegistryValues. Return value 1.
Action 2:02:41: RegisterUser. Registering user
Action start 2:02:41: RegisterUser.
1:  
Action ended 2:02:41: RegisterUser. Return value 1.
Action 2:02:41: RegisterProduct. Registering product
Action start 2:02:41: RegisterProduct.
1: {D5AEE36E-4771-4F65-BDB6-8C59077BFBE4} 
Action ended 2:02:41: RegisterProduct. Return value 1.
Action 2:02:41: PublishFeatures. Publishing Product Features
Action start 2:02:41: PublishFeatures.
Feature: VC_Runtime_Minimum
Feature: Provider
Feature: Servicing_Key
Action ended 2:02:41: PublishFeatures. Return value 1.
Action 2:02:41: PublishProduct. Publishing product information
Action start 2:02:41: PublishProduct.
1: {D5AEE36E-4771-4F65-BDB6-8C59077BFBE4} 
Action ended 2:02:41: PublishProduct. Return value 1.
Action ended 2:02:41: InstallFinalize. Return value 1.
Action ended 2:02:41: INSTALL. Return value 1.
1: Microsoft Visual C++ 2017 X86 Minimum Runtime - 14.16.27033 2: {D5AEE36E-4771-4F65-BDB6-8C59077BFBE4} 3: 1 
Property(S): UpgradeCode = {65E5BD06-6392-3027-8C26-853107D3CF1A}
Property(S): TARGETDIR = C:\
Property(S): SystemFolder = C:\windows\syswow64\
Property(S): SourceDir = C:\ProgramData\Package Cache\{D5AEE36E-4771-4F65-BDB6-8C59077BFBE4}v14.16.27033\packages\vcRuntimeMinimum_x86\
Property(S): ALLUSERS = 1
Property(S): FILESINUSETEXT = The following applications should be closed before continuing the install:
Property(S): INSTALLLEVEL = 2
Property(S): LIMITUI = 1
Property(S): REBOOT = ReallySuppress
Property(S): REPAIR_REINSTALLMODE = pecmsu
Property(S): ARPSYSTEMCOMPONENT = 1
Property(S): LocProductName = Microsoft Visual C++ 2017 X86 Runtime
Property(S): ProductCPU = x86
Property(S): ProductEdition = RuntimeMinimum
Property(S): ProductFamily = VC
Property(S): RTM_ProductVersion = 14.16.27033
Property(S): MsiLogging = voicewarmupx
Property(S): Manufacturer = Microsoft Corporation
Property(S): ProductCode = {D5AEE36E-4771-4F65-BDB6-8C59077BFBE4}
Property(S): ProductLanguage = 1033
Property(S): ProductName = Microsoft Visual C++ 2017 X86 Minimum Runtime - 14.16.27033
Property(S): ProductVersion = 14.16.27033
Property(S): DirectoryTable100_x86 = DirectoryTable
Property(S): SecureCustomProperties = IGNOREDEPENDENCIES;NEWERVCRUNTIMEVERSIONDETECTED;UPGRADEVCRUNTIME
Property(S): AdminUser = 1
Property(S): CommonAppDataFolder = C:\ProgramData\
Property(S): FavoritesFolder = C:\users\govi\Favorites\
Property(S): FontsFolder = C:\windows\Fonts\
Property(S): SendToFolder = C:\users\govi\SendTo\
Property(S): StartMenuFolder = C:\users\govi\Start Menu\
Property(S): StartupFolder = C:\users\govi\Start Menu\Programs\StartUp\
Property(S): TemplateFolder = C:\users\govi\Templates\
Property(S): DesktopFolder = C:\users\govi\Escritorio\
Property(S): ProgramMenuFolder = C:\users\govi\Start Menu\Programs\
Property(S): AdminToolsFolder = C:\users\govi\Start Menu\Programs\Administrative Tools\
Property(S): AppDataFolder = C:\users\govi\Application Data\
Property(S): System16Folder = C:\windows\system32\
Property(S): LocalAppDataFolder = C:\users\govi\Local Settings\Application Data\
Property(S): MyPicturesFolder = C:\users\govi\Mis imágenes\
Property(S): PersonalFolder = C:\users\govi\Mis Documentos\
Property(S): WindowsFolder = C:\windows\
Property(S): PrintHoodFolder = C:\users\govi\PrintHood\
Property(S): NetHoodFolder = C:\users\govi\NetHood\
Property(S): RecentFolder = C:\users\govi\Recent\
Property(S): PhysicalMemory = 31921
Property(S): WindowsVolume = C:\
Property(S): TempFolder = C:\users\govi\Temp\
Property(S): Privileged = 1
Property(S): VersionNT = 502
Property(S): MsiNTProductType = 1
Property(S): WindowsBuild = 3790
Property(S): ServicePackLevel = 2
Property(S): VersionMsi = 4.5
Property(S): VersionDatabase = 400
Property(S): Intel = 6
Property(S): MsiAMD64 = 6
Property(S): Msix64 = 6
Property(S): VersionNT64 = 502
Property(S): System64Folder = C:\windows\system32\
Property(S): ProgramFiles64Folder = C:\Program Files\
Property(S): ProgramFilesFolder = C:\Program Files (x86)\
Property(S): CommonFiles64Folder = C:\Program Files\Common Files\
Property(S): CommonFilesFolder = C:\Program Files (x86)\Common Files\
Property(S): ScreenX = 1920
Property(S): ScreenY = 1080
Property(S): ColorBits = 32
Property(S): UserSID = S-1-5-21-0-0-0-1000
Property(S): MsiNetAssemblySupport = 2.0.50727.4016
Property(S): UserLanguageID = 3082
Property(S): SystemLanguageID = 3082
Property(S): ProductState = -1
Property(S): LogonUser = govi
Property(S): ComputerName = GOVI-PC
Property(S): UILevel = 2
Property(S): PackageCode = {8E0AFE3A-4A18-4D54-8273-6B4A182B638F}
Property(S): DATABASE = C:\windows\Installer\8a79.msi
Property(S): OriginalDatabase = C:\ProgramData\Package Cache\{D5AEE36E-4771-4F65-BDB6-8C59077BFBE4}v14.16.27033\packages\vcRuntimeMinimum_x86\vc_runtimeMinimum_x86.msi
Property(S): SOURCEDIR = C:\ProgramData\Package Cache\{D5AEE36E-4771-4F65-BDB6-8C59077BFBE4}v14.16.27033\packages\vcRuntimeMinimum_x86\
Property(S): MSIFASTINSTALL = 7
Property(S): NOVSUI = 1
Property(S): ACTION = INSTALL
Property(S): EXECUTEACTION = INSTALL
Property(S): CostingComplete = 1
Property(S): ROOTDRIVE = C:\
Property(S): OutOfDiskSpace = 0
Property(S): OutOfNoRbDiskSpace = 0
1: 2 2: 0 
1: 2 2: 1 
Action ended 2:02:41: INSTALL. Return value 1.
