[0150:0154][2021-01-28T02:02:44]i001: Burn v3.10.4.4718, Windows v5.2 (Build 3790: Service Pack 2), path: C:\windows\temp\{22C7A143-F5C2-4850-A6ED-C61F3D51914A}\.cr\vc_redist.x64.exe
[0150:0154][2021-01-28T02:02:44]i009: Command Line: '-burn.clean.room=Y:\vcrun2017\vc_redist.x64.exe -burn.filehandle.attached=160 -burn.filehandle.self=164'
[0150:0154][2021-01-28T02:02:44]i000: Setting string variable 'WixBundleOriginalSource' to value 'Y:\vcrun2017\vc_redist.x64.exe'
[0150:0154][2021-01-28T02:02:44]i000: Setting string variable 'WixBundleOriginalSourceFolder' to value 'Y:\vcrun2017\'
[0150:0154][2021-01-28T02:02:44]i000: Setting string variable 'WixBundleLog' to value 'C:\users\govi\Temp\dd_vcredist_amd64_20210128020244.log'
[0150:0154][2021-01-28T02:02:44]i000: Setting string variable 'WixBundleName' to value 'Microsoft Visual C++ 2017 Redistributable (x64) - 14.16.27033'
[0150:0154][2021-01-28T02:02:44]i000: Setting string variable 'WixBundleManufacturer' to value 'Microsoft Corporation'
[0150:0160][2021-01-28T02:02:44]i000: Setting version variable 'WixBundleFileVersion' to value '14.16.27033.0'
[0150:0154][2021-01-28T02:02:44]i100: Detect begin, 10 packages
[0150:0154][2021-01-28T02:02:44]i000: Setting version variable 'windows_uCRT_DetectKey' to value '10.0.14393.2247'
[0150:0154][2021-01-28T02:02:44]i000: Setting numeric variable 'windows_uCRT_DetectKeyExists' to value 1
[0150:0154][2021-01-28T02:02:44]i052: Condition '(VersionNT = v6.3 AND NOT VersionNT64) AND (windows_uCRT_DetectKeyExists AND windows_uCRT_DetectKey >= v10.0.10240.0)' evaluates to false.
[0150:0154][2021-01-28T02:02:44]i052: Condition '(VersionNT = v6.3 AND VersionNT64) AND (windows_uCRT_DetectKeyExists AND windows_uCRT_DetectKey >= v10.0.10240.0)' evaluates to false.
[0150:0154][2021-01-28T02:02:44]i052: Condition '(VersionNT = v6.2 AND NOT VersionNT64) AND (windows_uCRT_DetectKeyExists AND windows_uCRT_DetectKey >= v10.0.10240.0)' evaluates to false.
[0150:0154][2021-01-28T02:02:44]i052: Condition '(VersionNT = v6.2 AND VersionNT64) AND (windows_uCRT_DetectKeyExists AND windows_uCRT_DetectKey >= v10.0.10240.0)' evaluates to false.
[0150:0154][2021-01-28T02:02:44]i052: Condition '(VersionNT = v6.1 AND NOT VersionNT64) AND (windows_uCRT_DetectKeyExists AND windows_uCRT_DetectKey >= v10.0.10240.0)' evaluates to false.
[0150:0154][2021-01-28T02:02:44]i052: Condition '(VersionNT = v6.1 AND VersionNT64) AND (windows_uCRT_DetectKeyExists AND windows_uCRT_DetectKey >= v10.0.10240.0)' evaluates to false.
[0150:0154][2021-01-28T02:02:44]i052: Condition '(VersionNT = v6.0 AND NOT VersionNT64) AND (windows_uCRT_DetectKeyExists AND windows_uCRT_DetectKey >= v10.0.10240.0)' evaluates to false.
[0150:0154][2021-01-28T02:02:44]i052: Condition '(VersionNT = v6.0 AND VersionNT64) AND (windows_uCRT_DetectKeyExists AND windows_uCRT_DetectKey >= v10.0.10240.0)' evaluates to false.
[0150:0154][2021-01-28T02:02:44]i101: Detected package: Windows81_x86, state: Absent, cached: None
[0150:0154][2021-01-28T02:02:44]i101: Detected package: Windows81_x64, state: Absent, cached: None
[0150:0154][2021-01-28T02:02:44]i101: Detected package: Windows8_x86, state: Absent, cached: None
[0150:0154][2021-01-28T02:02:44]i101: Detected package: Windows8_x64, state: Absent, cached: None
[0150:0154][2021-01-28T02:02:44]i101: Detected package: Windows7_MSU_x86, state: Absent, cached: None
[0150:0154][2021-01-28T02:02:44]i101: Detected package: Windows7_MSU_x64, state: Absent, cached: None
[0150:0154][2021-01-28T02:02:44]i101: Detected package: WindowsVista_MSU_x86, state: Absent, cached: None
[0150:0154][2021-01-28T02:02:44]i101: Detected package: WindowsVista_MSU_x64, state: Absent, cached: None
[0150:0154][2021-01-28T02:02:44]i101: Detected package: vcRuntimeMinimum_x64, state: Absent, cached: None
[0150:0154][2021-01-28T02:02:44]i101: Detected package: vcRuntimeAdditional_x64, state: Absent, cached: None
[0150:0154][2021-01-28T02:02:44]i052: Condition 'VersionNT64 >= v6.0 OR (VersionNT64 = v5.2 AND ServicePackLevel >= 1)' evaluates to true.
[0150:0154][2021-01-28T02:02:44]i199: Detect complete, result: 0x0
[0150:0160][2021-01-28T02:02:46]i000: Setting numeric variable 'EulaAcceptCheckbox' to value 1
[0150:0154][2021-01-28T02:02:46]i200: Plan begin, 10 packages, action: Install
[0150:0154][2021-01-28T02:02:46]i052: Condition 'VersionNT = v6.3 AND NOT VersionNT64' evaluates to false.
[0150:0154][2021-01-28T02:02:46]w321: Skipping dependency registration on package with no dependency providers: Windows81_x86
[0150:0154][2021-01-28T02:02:46]i052: Condition 'VersionNT = v6.3 AND VersionNT64' evaluates to false.
[0150:0154][2021-01-28T02:02:46]w321: Skipping dependency registration on package with no dependency providers: Windows81_x64
[0150:0154][2021-01-28T02:02:46]i052: Condition 'VersionNT = v6.2 AND NOT VersionNT64' evaluates to false.
[0150:0154][2021-01-28T02:02:46]w321: Skipping dependency registration on package with no dependency providers: Windows8_x86
[0150:0154][2021-01-28T02:02:46]i052: Condition 'VersionNT = v6.2 AND VersionNT64' evaluates to false.
[0150:0154][2021-01-28T02:02:46]w321: Skipping dependency registration on package with no dependency providers: Windows8_x64
[0150:0154][2021-01-28T02:02:46]i052: Condition 'VersionNT = v6.1 AND NOT VersionNT64' evaluates to false.
[0150:0154][2021-01-28T02:02:46]w321: Skipping dependency registration on package with no dependency providers: Windows7_MSU_x86
[0150:0154][2021-01-28T02:02:46]i052: Condition 'VersionNT = v6.1 AND VersionNT64' evaluates to false.
[0150:0154][2021-01-28T02:02:46]w321: Skipping dependency registration on package with no dependency providers: Windows7_MSU_x64
[0150:0154][2021-01-28T02:02:46]i052: Condition 'VersionNT = v6.0 AND NOT VersionNT64' evaluates to false.
[0150:0154][2021-01-28T02:02:46]w321: Skipping dependency registration on package with no dependency providers: WindowsVista_MSU_x86
[0150:0154][2021-01-28T02:02:46]i052: Condition 'VersionNT = v6.0 AND VersionNT64' evaluates to false.
[0150:0154][2021-01-28T02:02:46]w321: Skipping dependency registration on package with no dependency providers: WindowsVista_MSU_x64
[0150:0154][2021-01-28T02:02:46]i052: Condition '(VersionNT64)' evaluates to true.
[0150:0154][2021-01-28T02:02:46]i000: Setting string variable 'WixBundleRollbackLog_vcRuntimeMinimum_x64' to value 'C:\users\govi\Temp\dd_vcredist_amd64_20210128020244_000_vcRuntimeMinimum_x64_rollback.log'
[0150:0154][2021-01-28T02:02:46]i000: Setting string variable 'WixBundleLog_vcRuntimeMinimum_x64' to value 'C:\users\govi\Temp\dd_vcredist_amd64_20210128020244_000_vcRuntimeMinimum_x64.log'
[0150:0154][2021-01-28T02:02:46]i052: Condition '(VersionNT64)' evaluates to true.
[0150:0154][2021-01-28T02:02:46]i000: Setting string variable 'WixBundleRollbackLog_vcRuntimeAdditional_x64' to value 'C:\users\govi\Temp\dd_vcredist_amd64_20210128020244_001_vcRuntimeAdditional_x64_rollback.log'
[0150:0154][2021-01-28T02:02:46]i000: Setting string variable 'WixBundleLog_vcRuntimeAdditional_x64' to value 'C:\users\govi\Temp\dd_vcredist_amd64_20210128020244_001_vcRuntimeAdditional_x64.log'
[0150:0154][2021-01-28T02:02:46]i201: Planned package: Windows81_x86, state: Absent, default requested: Absent, ba requested: Absent, execute: None, rollback: None, cache: No, uncache: No, dependency: None
[0150:0154][2021-01-28T02:02:46]i201: Planned package: Windows81_x64, state: Absent, default requested: Absent, ba requested: Absent, execute: None, rollback: None, cache: No, uncache: No, dependency: None
[0150:0154][2021-01-28T02:02:46]i201: Planned package: Windows8_x86, state: Absent, default requested: Absent, ba requested: Absent, execute: None, rollback: None, cache: No, uncache: No, dependency: None
[0150:0154][2021-01-28T02:02:46]i201: Planned package: Windows8_x64, state: Absent, default requested: Absent, ba requested: Absent, execute: None, rollback: None, cache: No, uncache: No, dependency: None
[0150:0154][2021-01-28T02:02:46]i201: Planned package: Windows7_MSU_x86, state: Absent, default requested: Absent, ba requested: Absent, execute: None, rollback: None, cache: No, uncache: No, dependency: None
[0150:0154][2021-01-28T02:02:46]i201: Planned package: Windows7_MSU_x64, state: Absent, default requested: Absent, ba requested: Absent, execute: None, rollback: None, cache: No, uncache: No, dependency: None
[0150:0154][2021-01-28T02:02:46]i201: Planned package: WindowsVista_MSU_x86, state: Absent, default requested: Absent, ba requested: Absent, execute: None, rollback: None, cache: No, uncache: No, dependency: None
[0150:0154][2021-01-28T02:02:46]i201: Planned package: WindowsVista_MSU_x64, state: Absent, default requested: Absent, ba requested: Absent, execute: None, rollback: None, cache: No, uncache: No, dependency: None
[0150:0154][2021-01-28T02:02:46]i201: Planned package: vcRuntimeMinimum_x64, state: Absent, default requested: Present, ba requested: Present, execute: Install, rollback: Uninstall, cache: Yes, uncache: No, dependency: Register
[0150:0154][2021-01-28T02:02:46]i201: Planned package: vcRuntimeAdditional_x64, state: Absent, default requested: Present, ba requested: Present, execute: Install, rollback: Uninstall, cache: Yes, uncache: No, dependency: Register
[0150:0154][2021-01-28T02:02:46]i299: Plan complete, result: 0x0
[0150:0154][2021-01-28T02:02:46]i300: Apply begin
[0150:0154][2021-01-28T02:02:46]i010: Launching elevated engine process.
[0150:0154][2021-01-28T02:02:46]i011: Launched elevated engine process.
[0150:0154][2021-01-28T02:02:46]i012: Connected to elevated engine.
[0164:0168][2021-01-28T02:02:46]i358: Pausing automatic updates.
[0164:0168][2021-01-28T02:02:46]i359: Paused automatic updates.
[0164:0168][2021-01-28T02:02:46]i360: Creating a system restore point.
[0164:0168][2021-01-28T02:02:46]i361: Created a system restore point.
[0164:0168][2021-01-28T02:02:46]i370: Session begin, registration key: SOFTWARE\Microsoft\Windows\CurrentVersion\Uninstall\{cc3a7c63-31fb-4129-9024-63ebefd86a95}, options: 0x7, disable resume: No
[0164:0168][2021-01-28T02:02:46]i000: Caching bundle from: 'C:\windows\Temp\{20E32DD4-C2DF-43EF-9027-3E4B3C9E1C4C}\.be\VC_redist.x64.exe' to: 'C:\ProgramData\Package Cache\{cc3a7c63-31fb-4129-9024-63ebefd86a95}\VC_redist.x64.exe'
[0164:0168][2021-01-28T02:02:46]i320: Registering bundle dependency provider: VC,redist.x64,amd64,14.16,bundle, version: 14.16.27033.0
[0164:0168][2021-01-28T02:02:46]i371: Updating session, registration key: SOFTWARE\Microsoft\Windows\CurrentVersion\Uninstall\{cc3a7c63-31fb-4129-9024-63ebefd86a95}, resume: Active, restart initiated: No, disable resume: No
[0164:0174][2021-01-28T02:02:46]i305: Verified acquired payload: vcRuntimeMinimum_x64 at path: C:\ProgramData\Package Cache\.unverified\vcRuntimeMinimum_x64, moving to: C:\ProgramData\Package Cache\{65835E57-3712-4382-990A-8D39008A8E0B}v14.16.27033\packages\vcRuntimeMinimum_amd64\vc_runtimeMinimum_x64.msi.
[0164:0174][2021-01-28T02:02:46]i305: Verified acquired payload: cab5046A8AB272BF37297BB7928664C9503 at path: C:\ProgramData\Package Cache\.unverified\cab5046A8AB272BF37297BB7928664C9503, moving to: C:\ProgramData\Package Cache\{65835E57-3712-4382-990A-8D39008A8E0B}v14.16.27033\packages\vcRuntimeMinimum_amd64\cab1.cab.
[0164:0174][2021-01-28T02:02:46]i305: Verified acquired payload: vcRuntimeAdditional_x64 at path: C:\ProgramData\Package Cache\.unverified\vcRuntimeAdditional_x64, moving to: C:\ProgramData\Package Cache\{27744187-E45F-41F3-8BC2-0DC5F9238FDB}v14.16.27033\packages\vcRuntimeAdditional_amd64\vc_runtimeAdditional_x64.msi.
[0164:0174][2021-01-28T02:02:46]i305: Verified acquired payload: cab2C04DDC374BD96EB5C8EB8208F2C7C92 at path: C:\ProgramData\Package Cache\.unverified\cab2C04DDC374BD96EB5C8EB8208F2C7C92, moving to: C:\ProgramData\Package Cache\{27744187-E45F-41F3-8BC2-0DC5F9238FDB}v14.16.27033\packages\vcRuntimeAdditional_amd64\cab1.cab.
[0164:0168][2021-01-28T02:02:46]i301: Applying execute package: vcRuntimeMinimum_x64, action: Install, path: C:\ProgramData\Package Cache\{65835E57-3712-4382-990A-8D39008A8E0B}v14.16.27033\packages\vcRuntimeMinimum_amd64\vc_runtimeMinimum_x64.msi, arguments: ' MSIFASTINSTALL="7" NOVSUI="1"'
[0150:0154][2021-01-28T02:02:46]i319: Applied execute package: vcRuntimeMinimum_x64, result: 0x0, restart: None
[0164:0168][2021-01-28T02:02:46]i325: Registering dependency: {cc3a7c63-31fb-4129-9024-63ebefd86a95} on package provider: Microsoft.VS.VC_RuntimeMinimumVSU_amd64,v14, package: vcRuntimeMinimum_x64
[0164:0168][2021-01-28T02:02:46]i301: Applying execute package: vcRuntimeAdditional_x64, action: Install, path: C:\ProgramData\Package Cache\{27744187-E45F-41F3-8BC2-0DC5F9238FDB}v14.16.27033\packages\vcRuntimeAdditional_amd64\vc_runtimeAdditional_x64.msi, arguments: ' MSIFASTINSTALL="7" NOVSUI="1"'
[0150:0154][2021-01-28T02:02:46]i319: Applied execute package: vcRuntimeAdditional_x64, result: 0x0, restart: None
[0164:0168][2021-01-28T02:02:46]i325: Registering dependency: {cc3a7c63-31fb-4129-9024-63ebefd86a95} on package provider: Microsoft.VS.VC_RuntimeAdditionalVSU_amd64,v14, package: vcRuntimeAdditional_x64
[0164:0168][2021-01-28T02:02:46]i372: Session end, registration key: SOFTWARE\Microsoft\Windows\CurrentVersion\Uninstall\{cc3a7c63-31fb-4129-9024-63ebefd86a95}, resume: ARP, restart: None, disable resume: No
[0164:0168][2021-01-28T02:02:46]i371: Updating session, registration key: SOFTWARE\Microsoft\Windows\CurrentVersion\Uninstall\{cc3a7c63-31fb-4129-9024-63ebefd86a95}, resume: ARP, restart initiated: No, disable resume: No
[0150:0154][2021-01-28T02:02:46]i399: Apply complete, result: 0x0, restart: None, ba requested restart:  No
[0150:0154][2021-01-28T02:02:48]i500: Shutting down, exit code: 0x0
[0150:0154][2021-01-28T02:02:48]i410: Variable: EulaAcceptCheckbox = 1
[0150:0154][2021-01-28T02:02:48]i410: Variable: ServicePackLevel = 2
[0150:0154][2021-01-28T02:02:48]i410: Variable: SystemFolder = C:\windows\system32\
[0150:0154][2021-01-28T02:02:48]i410: Variable: VersionNT = 5.2.0.0
[0150:0154][2021-01-28T02:02:48]i410: Variable: VersionNT64 = 5.2.0.0
[0150:0154][2021-01-28T02:02:48]i410: Variable: windows_uCRT_DetectKey = 10.0.14393.2247
[0150:0154][2021-01-28T02:02:48]i410: Variable: windows_uCRT_DetectKeyExists = 1
[0150:0154][2021-01-28T02:02:48]i410: Variable: WixBundleAction = 5
[0150:0154][2021-01-28T02:02:48]i410: Variable: WixBundleElevated = 1
[0150:0154][2021-01-28T02:02:48]i410: Variable: WixBundleFileVersion = 14.16.27033.0
[0150:0154][2021-01-28T02:02:48]i410: Variable: WixBundleInstalled = 0
[0150:0154][2021-01-28T02:02:48]i410: Variable: WixBundleLog = C:\users\govi\Temp\dd_vcredist_amd64_20210128020244.log
[0150:0154][2021-01-28T02:02:48]i410: Variable: WixBundleLog_vcRuntimeAdditional_x64 = C:\users\govi\Temp\dd_vcredist_amd64_20210128020244_001_vcRuntimeAdditional_x64.log
[0150:0154][2021-01-28T02:02:48]i410: Variable: WixBundleLog_vcRuntimeMinimum_x64 = C:\users\govi\Temp\dd_vcredist_amd64_20210128020244_000_vcRuntimeMinimum_x64.log
[0150:0154][2021-01-28T02:02:48]i410: Variable: WixBundleManufacturer = Microsoft Corporation
[0150:0154][2021-01-28T02:02:48]i410: Variable: WixBundleName = Microsoft Visual C++ 2017 Redistributable (x64) - 14.16.27033
[0150:0154][2021-01-28T02:02:48]i410: Variable: WixBundleOriginalSource = Y:\vcrun2017\vc_redist.x64.exe
[0150:0154][2021-01-28T02:02:48]i410: Variable: WixBundleOriginalSourceFolder = Y:\vcrun2017\
[0150:0154][2021-01-28T02:02:48]i410: Variable: WixBundleProviderKey = VC,redist.x64,amd64,14.16,bundle
[0150:0154][2021-01-28T02:02:48]i410: Variable: WixBundleRollbackLog_vcRuntimeAdditional_x64 = C:\users\govi\Temp\dd_vcredist_amd64_20210128020244_001_vcRuntimeAdditional_x64_rollback.log
[0150:0154][2021-01-28T02:02:48]i410: Variable: WixBundleRollbackLog_vcRuntimeMinimum_x64 = C:\users\govi\Temp\dd_vcredist_amd64_20210128020244_000_vcRuntimeMinimum_x64_rollback.log
[0150:0154][2021-01-28T02:02:48]i410: Variable: WixBundleSourceProcessFolder = Y:\vcrun2017\
[0150:0154][2021-01-28T02:02:48]i410: Variable: WixBundleSourceProcessPath = Y:\vcrun2017\vc_redist.x64.exe
[0150:0154][2021-01-28T02:02:48]i410: Variable: WixBundleTag = 
[0150:0154][2021-01-28T02:02:48]i410: Variable: WixBundleVersion = 14.16.27033.0
[0150:0154][2021-01-28T02:02:48]i007: Exit code: 0x0, restarting: No
