====================================================================================

-Iniciado Webgrab


           WebGrab+Plus/w MDB & REX Postprocess -- version  V3.1.0.0            

                                Jan van Straaten                                
                             Francis De Paemeleere                              

            thanks to Paul Weterings and all the contributing users             
--------------------------------------------------------------------------------

Job started at 17/07/2020 00:00:01
Checking License ..
For License request/update data, see WGLicense.log.txt
found: /home/govi/Programas/Webgrab++/.wg++/./siteini.user/movistarplus.es.ini -- Revision 21
encrypted with userkey and expiry date in 'new (V3)' mode
found: /home/govi/Programas/Webgrab++/.wg++/./siteini.pack/Misc/empty.ini -- Revision 00
found: /home/govi/Programas/Webgrab++/.wg++/./siteini.user/elpais.com.E.ini -- Revision 04
encrypted in 'legacy (V2)' mode
found: /home/govi/Programas/Webgrab++/.wg++/./siteini.user/bomcine.com.E.ini -- Revision 00
encrypted in 'legacy (V2)' mode
found: /home/govi/Programas/Webgrab++/.wg++/./siteini.user/orange.es.EK.ini -- Revision 00
encrypted with userkey and expiry date in 'legacy (V2)' mode
found: /home/govi/Programas/Webgrab++/.wg++/./siteini.user/tvtv.us.ini -- Revision 05
found: /home/govi/Programas/Webgrab++/.wg++/./siteini.user/streamingtvguides.com.E.ini -- Revision 00
encrypted in 'legacy (V2)' mode
found: /home/govi/Programas/Webgrab++/.wg++/./siteini.user/redbull.tv.ini -- Revision 03
encrypted in 'legacy (V2)' mode
found: /home/govi/Programas/Webgrab++/.wg++/./siteini.user/nba.com.ini -- Revision 00
found: /home/govi/Programas/Webgrab++/.wg++/./siteini.user/pluto.tv.E.ini -- Revision 03
encrypted in 'legacy (V2)' mode
found: /home/govi/Programas/Webgrab++/.wg++/./siteini.user/canaldigitaal.nl.E.ini -- Revision 04
encrypted in 'legacy (V2)' mode
processing /home/govi/Programas/Webgrab++/.wg++/xmltv.xml ...
Found existing channel (xmltv_id=LA 1) in the config file
Found existing channel (xmltv_id=LA 2) in the config file
Found existing channel (xmltv_id=Antena 3) in the config file
Found existing channel (xmltv_id=Cuatro) in the config file
Found existing channel (xmltv_id=Telecinco) in the config file
Found existing channel (xmltv_id=La Sexta) in the config file
Found existing channel (xmltv_id=TVG - TV Galicia) in the config file
Found existing channel (xmltv_id=TELEVIGO) in the config file
Found existing channel (xmltv_id=24 Horas) in the config file
Found existing channel (xmltv_id=CGTN Español) in the config file
Found existing channel (xmltv_id=Mega) in the config file
Found existing channel (xmltv_id=BE MAD) in the config file
Found existing channel (xmltv_id=Discovery Max) in the config file
Found existing channel (xmltv_id=Blaze) in the config file
Found existing channel (xmltv_id=Ten) in the config file
Found existing channel (xmltv_id=DKISS) in the config file
Found existing channel (xmltv_id=Divinity) in the config file
Found existing channel (xmltv_id=COSMO) in the config file
Found existing channel (xmltv_id=Nova) in the config file
Found existing channel (xmltv_id=Atreseries) in the config file
Found existing channel (xmltv_id=Neox) in the config file
Found existing channel (xmltv_id=Energy) in the config file
Found existing channel (xmltv_id=Factoría de Ficción) in the config file
Found existing channel (xmltv_id=Comedy Central) in the config file
Found existing channel (xmltv_id=AXN) in the config file
Found existing channel (xmltv_id=AXN White) in the config file
Found existing channel (xmltv_id=SYFY) in the config file
Found existing channel (xmltv_id=Fox) in the config file
Found existing channel (xmltv_id=Fox Life) in the config file
Found existing channel (xmltv_id=TNT) in the config file
Found existing channel (xmltv_id=XTRM) in the config file
Found existing channel (xmltv_id=#0) in the config file
Found existing channel (xmltv_id=Movistar Series) in the config file
Found existing channel (xmltv_id=M. Seriesmanía) in the config file
Found existing channel (xmltv_id=Movistar Estrenos) in the config file
Found existing channel (xmltv_id=Movistar Acción) in the config file
Found existing channel (xmltv_id=M.CineDoc&Roll) in the config file
Found existing channel (xmltv_id=Movistar Cine Español) in the config file
Found existing channel (xmltv_id=Movistar Comedia) in the config file
Found existing channel (xmltv_id=M. Drama) in the config file
Found existing channel (xmltv_id=BOM Cine) in the config file
Found existing channel (xmltv_id=Hollywood) in the config file
Found existing channel (xmltv_id=Paramount Channel) in the config file
Found existing channel (xmltv_id=TCM) in the config file
Found existing channel (xmltv_id=AMC) in the config file
Found existing channel (xmltv_id=Calle 13) in the config file
Found existing channel (xmltv_id=DARK) in the config file
Found existing channel (xmltv_id=Somos) in the config file
Found existing channel (xmltv_id=Sundance) in the config file
Found existing channel (xmltv_id=Discovery) in the config file
Found existing channel (xmltv_id=Historia) in the config file
Found existing channel (xmltv_id=Crimen + Investigación) in the config file
Found existing channel (xmltv_id=National Geographic) in the config file
Found existing channel (xmltv_id=Nat Geo Wild) in the config file
Found existing channel (xmltv_id=Odisea) in the config file
Found existing channel (xmltv_id=Viajar) in the config file
Found existing channel (xmltv_id=Cazavisión) in the config file
Found existing channel (xmltv_id=Caza y Pesca) in the config file
Found existing channel (xmltv_id=Iberalia TV) in the config file
Found existing channel (xmltv_id=Animal Planet US - East) in the config file
Found existing channel (xmltv_id=Clan HD) in the config file
Found existing channel (xmltv_id=Boing) in the config file
Found existing channel (xmltv_id=Disney Channel) in the config file
Found existing channel (xmltv_id=Disney Junior) in the config file
Found existing channel (xmltv_id=Nickelodeon) in the config file
Found existing channel (xmltv_id=Nick Junior) in the config file
Found existing channel (xmltv_id=Teledeporte) in the config file
Found existing channel (xmltv_id=GOL) in the config file
Found existing channel (xmltv_id=Real Madrid TV) in the config file
Found existing channel (xmltv_id=Barça TV) in the config file
Found existing channel (xmltv_id=#Vamos) in the config file
Found existing channel (xmltv_id=Movistar LaLiga) in the config file
Found existing channel (xmltv_id=M. Liga de Campeones) in the config file
Found existing channel (xmltv_id=Movistar Deportes) in the config file
Found existing channel (xmltv_id=Movistar Fórmula 1) in the config file
Found existing channel (xmltv_id=Movistar Golf) in the config file
Found existing channel (xmltv_id=Eurosport) in the config file
Found existing channel (xmltv_id=Eurosport 2) in the config file
Found existing channel (xmltv_id=OLYHD Olympic Channel) in the config file
Found existing channel (xmltv_id=RedBull TV) in the config file
Found existing channel (xmltv_id=The Tennis Channel) in the config file
Found existing channel (xmltv_id=NBA TV) in the config file
Found existing channel (xmltv_id=ESPN) in the config file
Found existing channel (xmltv_id=ESPN2) in the config file
Found existing channel (xmltv_id=Fox Sports 1) in the config file
Found existing channel (xmltv_id=Fox Sports 2) in the config file
Found existing channel (xmltv_id=NBC Sports Network) in the config file
Found existing channel (xmltv_id=Adventure TV) in the config file
Found existing channel (xmltv_id=Pluto TV Surf) in the config file
Found existing channel (xmltv_id=Fight Time) in the config file
Found existing channel (xmltv_id=El Garage TV) in the config file
Found existing channel (xmltv_id=Wipeout) in the config file
Found existing channel (xmltv_id=FailArmy) in the config file
Found existing channel (xmltv_id=HBO On Demand) in the config file
Found existing channel (xmltv_id=BBC World) in the config file
Found existing channel (xmltv_id=CNN Int) in the config file
Found existing channel (xmltv_id=CNBC) in the config file
Found existing channel (xmltv_id=Fox News) in the config file
Found existing channel (xmltv_id=NASA Public Educational Channel) in the config file
Found existing channel (xmltv_id=40TV) in the config file
Found existing channel (xmltv_id=Mezzo) in the config file
Found existing channel (xmltv_id=Mezzo Live) in the config file
Found existing channel (xmltv_id=Sol Música) in the config file
Found existing channel (xmltv_id=TOP Latino) in the config file
Found existing channel (xmltv_id=VH1) in the config file
Found existing channel (xmltv_id=VH1 Classic) in the config file
Found existing channel (xmltv_id=Retro Music TV) in the config file
Found existing channel (xmltv_id=MTV Live) in the config file
Found existing channel (xmltv_id=MTV Hits) in the config file
Found existing channel (xmltv_id=MTV Rocks) in the config file
Found existing channel (xmltv_id=MTV Dance) in the config file
.................................................................................................................


      i=index  .=same  c=change  g=gab  r=replace  n=new


Group (0) :
update requested for - 0 - out of - 111 - channels for 3 day(s)

Group (1) :
update requested for - 111 - out of - 111 - channels for 3 day(s)
(   1/111 ) MOVISTARPLUS.ES -- chan. (xmltv_id=LA 1) -- mode Incremental
iii.......................................nnnnnnnnnnnnnnnnn

   Summary for update of       LA 1
     missing shows added       0
     changed shows updated     0
     new shows added           17
     unchanged shows inspected 39
     total after update        60

(   2/111 ) MOVISTARPLUS.ES -- chan. (xmltv_id=LA 2) -- mode Incremental
iiic.cc...........ccc.ccc.cc.....cccccccc..cc.ccccccccccccccccccccccc.nnnnnnnnnnnnnnnn
error downloading page: The operation has timed out. (10sec)
Retry 1 of 6 times
nn
error downloading page: The operation has timed out. (10sec)
Retry 1 of 6 times
nnnnnn
error downloading page: The operation has timed out. (10sec)
Retry 1 of 6 times
nnnn
error downloading page: The operation has timed out. (10sec)
Retry 1 of 6 times
n

(   3/111 ) MOVISTARPLUS.ES -- chan. (xmltv_id=Antena 3) -- mode Incremental
iii......................cccccccc....cc...cc...nnnnnnnnnnnnnnnnnnnnnn

   Summary for update of       Antena 3
     missing shows added       0
     changed shows updated     12
     new shows added           22
     unchanged shows inspected 32
     total after update        70

(   4/111 ) MOVISTARPLUS.ES -- chan. (xmltv_id=Cuatro) -- mode Incremental
iii............................cccccccccccccccccccccccc..nnnnnnnnnnnnnnnnnnnnn

(   5/111 ) MOVISTARPLUS.ES -- chan. (xmltv_id=Telecinco) -- mode Incremental
iii.......................ccc.ccccc....cccccccgcccccccccc.cccnnnn

(   6/111 ) MOVISTARPLUS.ES -- chan. (xmltv_id=La Sexta) -- mode Incremental
iii..........................ccccccc...ccc........nnnnnnnnnnnnnnnnnnnnnn

   Summary for update of       La Sexta
     missing shows added       0
     changed shows updated     10
     new shows added           22
     unchanged shows inspected 37
     total after update        72

(   7/111 ) MOVISTARPLUS.ES -- chan. (xmltv_id=TVG - TV Galicia) -- mode Incremental
iii.....ccc....ccccc.cccccc
error downloading page: The operation has timed out. (10sec)
Retry 1 of 6 times
ccnnnnnnnnnnnnnnnnnnnnnnnnnnn
error downloading page: The operation has timed out. (10sec)
Retry 1 of 6 times
nnnnnnnnnn

(   8/111 ) EMPTY -- chan. (xmltv_id=TELEVIGO) -- mode Incremental
Unable to update channel TELEVIGO
Generic syntax exception:
   message: 
no index page data received from TELEVIGO
unable to update channel, try again later
Existing guide data restored!
(   8/111 ) MOVISTARPLUS.ES -- chan. (xmltv_id=24 Horas) -- mode Incremental
iii........................................nnnnnnnnnnnnnnnnnn

   Summary for update of       24 Horas
     missing shows added       0
     changed shows updated     0
     new shows added           18
     unchanged shows inspected 40
     total after update        67

(   9/111 ) MOVISTARPLUS.ES -- chan. (xmltv_id=CGTN Español) -- mode Incremental
iii...........................................................................................................nnnnnnnnnnnnnnnnnnnnnnnnn
error downloading page: The operation has timed out. (10sec)
Retry 1 of 6 times
nnnnnnnnnnnnnnnnnnnnnnnnnnnnnn

(  10/111 ) MOVISTARPLUS.ES -- chan. (xmltv_id=Mega) -- mode Incremental
iiiccccccccccccccccccccccccccccccggcccccccccccccccnn

(  11/111 ) MOVISTARPLUS.ES -- chan. (xmltv_id=BE MAD) -- mode Incremental
iii........................cccccccccccccccccccccccccccccnnnnnnnnnnnnnnnnnnnnnnnnnnnnnnnnnn

(  12/111 ) MOVISTARPLUS.ES -- chan. (xmltv_id=Discovery Max) -- mode Incremental
iii.............................................................nnnnnnnnnnnnnnnnnnnnnnnnnnnnnnn

(  13/111 ) MOVISTARPLUS.ES -- chan. (xmltv_id=Blaze) -- mode Incremental
iiiccccccccccccccccccccccccccccccc.ccccccccccccccccccccccccccccccccccccccccccccc.ccccccccccccccccccccnnnnnnnnnnnnnnnnnnnnnnnnnnnnnnnnnnnnnnnnnnn

(  14/111 ) MOVISTARPLUS.ES -- chan. (xmltv_id=Ten) -- mode Incremental
iiiccccccccccccccccc....................nnnnnnnnnnnnnnnnnn

   Summary for update of       Ten
     missing shows added       0
     changed shows updated     17
     new shows added           18
     unchanged shows inspected 20
     total after update        57

(  15/111 ) MOVISTARPLUS.ES -- chan. (xmltv_id=DKISS) -- mode Incremental
iiicccccccccccccccccccccccccccccc.................................nnnnnnnnnnnnnnnnnnnnnnnnnnnnnnnn

(  16/111 ) MOVISTARPLUS.ES -- chan. (xmltv_id=Divinity) -- mode Incremental
iii............................cccccccccccccccccccccccccccccnnnnnnnnnnnnnnnnnnnnnnnnnnnnnnn

(  17/111 ) MOVISTARPLUS.ES -- chan. (xmltv_id=COSMO) -- mode Incremental
iiiccccccccccccccccccccccccccccccccccccccccccnnnnnnnnnnnnnnnnnnnn

(  18/111 ) MOVISTARPLUS.ES -- chan. (xmltv_id=Nova) -- mode Incremental
iiiccc..cccc.......ccccc...........ccccccccccccn

   Summary for update of       Nova
     missing shows added       0
     changed shows updated     24
     new shows added           1
     unchanged shows inspected 20
     total after update        51

(  19/111 ) MOVISTARPLUS.ES -- chan. (xmltv_id=Atreseries) -- mode Incremental
iiicc...cccccccccccccccccccc.........nnnnnnnn

(  20/111 ) MOVISTARPLUS.ES -- chan. (xmltv_id=Neox) -- mode Incremental
iii..cccccccccccccccccccccccccccccccc....cc.................nnnnnnnnnn

   Summary for update of       Neox
     missing shows added       0
     changed shows updated     34
     new shows added           10
     unchanged shows inspected 23
     total after update        82

(  21/111 ) MOVISTARPLUS.ES -- chan. (xmltv_id=Energy) -- mode Incremental
iii.............................cccccccccccccccccccccccccccc..nnnnnnnnnnnnnnnnnnnnnnnnnnnnnnnn

(  22/111 ) MOVISTARPLUS.ES -- chan. (xmltv_id=Factoría de Ficción) -- mode Incremental
iii.......................cccccccccccccc..ccccnnnnnnnnnnnnnnn

(  23/111 ) MOVISTARPLUS.ES -- chan. (xmltv_id=Comedy Central) -- mode Incremental
iii.......................................................ccccccccccccccccc.....cccccccccnnnnnnnnnnnnnnnnnnnnnnnnnnn

(  24/111 ) MOVISTARPLUS.ES -- chan. (xmltv_id=AXN) -- mode Incremental
iii.........................ccccccccccccc.cccccnnnnnnnnnnnnnnnnnnnn

(  25/111 ) MOVISTARPLUS.ES -- chan. (xmltv_id=AXN White) -- mode Incremental
iii..............cccccccccccccccccnnnnnnnnnnnnnn

(  26/111 ) MOVISTARPLUS.ES -- chan. (xmltv_id=SYFY) -- mode Incremental
iii.cccccccccccccccccccccccccc.ccc.ccccccccccccccccccccccnnnnnnnnnnnnnnnnnn

(  27/111 ) MOVISTARPLUS.ES -- chan. (xmltv_id=Fox) -- mode Incremental
iii...................................cccccccccccccccccccccccc.ccccccccnnnnnnnnnnnnnnnnnnnnnnnnnnnnnnnn

(  28/111 ) MOVISTARPLUS.ES -- chan. (xmltv_id=Fox Life) -- mode Incremental
iii.................................cccccccccccccccccccccccnnnnnnnnnnnnnnnnnnnnnnnnnn

(  29/111 ) MOVISTARPLUS.ES -- chan. (xmltv_id=TNT) -- mode Incremental
iii..............................cccccccccccccccccccccccccccnnnnnnnnnnnnnnnnnnnnnnnn

(  30/111 ) ELPAIS.COM.E -- chan. (xmltv_id=XTRM) -- mode Incremental
iii.....................................nnnnnnnnnnnnnnnnnnnn

(  31/111 ) MOVISTARPLUS.ES -- chan. (xmltv_id=#0) -- mode Incremental
iii....ccccccccccccccccccccccccccccccccccccc.ccccccccccccnnnnnnnnnnnnnnnnnnnnnnn

(  32/111 ) MOVISTARPLUS.ES -- chan. (xmltv_id=Movistar Series) -- mode Incremental
iii.......cc.......ccc.......ccccccccccccccccccnnnnnnnnnnnnnnnnnnnnnnnnnnnnnnnnnnnnnnnnnnnnnnnnnnnnnnnnnnnnnnnnnnnnn

(  33/111 ) MOVISTARPLUS.ES -- chan. (xmltv_id=M. Seriesmanía) -- mode Incremental
iii.............................................................cc..cccc...nnnnnnnnnnnnnnnnnnnnnnnnnnnnnn

(  34/111 ) MOVISTARPLUS.ES -- chan. (xmltv_id=Movistar Estrenos) -- mode Incremental
iii.......ccccc......................nnnnnnnnnnnnnnnn

(  35/111 ) MOVISTARPLUS.ES -- chan. (xmltv_id=Movistar Acción) -- mode Incremental
iii.ccccc.ccccc.cc..............nnnnnnnnnnnnnnnn

(  36/111 ) MOVISTARPLUS.ES -- chan. (xmltv_id=M.CineDoc&Roll) -- mode Incremental
iii.....................................nnnnnnnnnnnnnnnnnnnnnnnn

(  37/111 ) MOVISTARPLUS.ES -- chan. (xmltv_id=Movistar Cine Español) -- mode Incremental
iii...cccc...cc...cccc................nnnnnnnnnnnnnnnn

(  38/111 ) MOVISTARPLUS.ES -- chan. (xmltv_id=Movistar Comedia) -- mode Incremental
iii.cc.........cc..cc...................nnnnnnnnnnnnnnnnn

(  39/111 ) MOVISTARPLUS.ES -- chan. (xmltv_id=M. Drama) -- mode Incremental
iii...ccccccccccccccc.......................nnnnnnnnnnnnnnn

(  40/111 ) BOMCINE.COM.E -- chan. (xmltv_id=BOM Cine) -- mode Incremental
iii.ccccccc................nnnnnnnnnnnn

(  41/111 ) MOVISTARPLUS.ES -- chan. (xmltv_id=Hollywood) -- mode Incremental
iiiccccccccccccccccccccccccccnnnnnnnnnnnnn

(  42/111 ) MOVISTARPLUS.ES -- chan. (xmltv_id=Paramount Channel) -- mode Incremental
iii........................................nnnnnnnnnnnnnnnnnn

(  43/111 ) MOVISTARPLUS.ES -- chan. (xmltv_id=TCM) -- mode Incremental
iii..............ccccccccccccccccnnnnnnnnnnnnn

(  44/111 ) MOVISTARPLUS.ES -- chan. (xmltv_id=AMC) -- mode Incremental
iiicccccc.ccccccccccccccccccccccnnnnnnnnnnnnn

(  45/111 ) MOVISTARPLUS.ES -- chan. (xmltv_id=Calle 13) -- mode Incremental
iii.cccccccccccccccccccccccccccccccccccccccccccccccccccnnnnnnnnnnnnnnnnnnnnnnn

(  46/111 ) MOVISTARPLUS.ES -- chan. (xmltv_id=DARK) -- mode Incremental
iii..ccccccccccccccc.ccccccccccccccccc.nnnnnnnnnnnnnnnnn

(  47/111 ) ELPAIS.COM.E -- chan. (xmltv_id=Somos) -- mode Incremental
iii............cc...........nnnnnnnnnnnnn

(  48/111 ) MOVISTARPLUS.ES -- chan. (xmltv_id=Sundance) -- mode Incremental
iii.................................nnnnnnnnnnnnnnnnn

(  49/111 ) MOVISTARPLUS.ES -- chan. (xmltv_id=Discovery) -- mode Incremental
iii....ccccccccc.ccccccc.............cccccccccccccccccccc..........nnnnnnnnnnnnnnnnnnnnnnnnnnnnnnn

(  50/111 ) MOVISTARPLUS.ES -- chan. (xmltv_id=Historia) -- mode Incremental
iii..................................................................nnnnnnnnnnnnnnnnnnnnnnnnnnnn

(  51/111 ) MOVISTARPLUS.ES -- chan. (xmltv_id=Crimen + Investigación) -- mode Incremental
iii....................................ccccccccccccccccccccccccccccccccccnnnnnnnnnnnnnnnnnnnnnnnnnnnn

(  52/111 ) MOVISTARPLUS.ES -- chan. (xmltv_id=National Geographic) -- mode Incremental
iii.............................................................nnnnnnnnnnnnnnnnnnnnnnnnnnnnnnnn

(  53/111 ) MOVISTARPLUS.ES -- chan. (xmltv_id=Nat Geo Wild) -- mode Incremental
iii.................................ccccccccccccccccccccccccccccccnnnnnnnnnnnnnnnnnnnnnnnnnnnnnnn

(  54/111 ) MOVISTARPLUS.ES -- chan. (xmltv_id=Odisea) -- mode Incremental
iii.............................................................nnnnnnnnnnnnnnnnnnnnnnnnnnnnnn

(  55/111 ) MOVISTARPLUS.ES -- chan. (xmltv_id=Viajar) -- mode Incremental
iii.........................................................................nnnnnnnnnnnnnnnnnnnnnnnnnnnnnnnnnnn

(  56/111 ) ORANGE.ES.EK -- chan. (xmltv_id=Cazavisión) -- mode Incremental
iii.............................................................................................

   Summary for update of       Cazavisión
     no changes, no update necessary !
     unchanged shows inspected 93
     total after update        141

(  57/111 ) MOVISTARPLUS.ES -- chan. (xmltv_id=Caza y Pesca) -- mode Incremental
iii.....................................................................................nnnnnnnnnnnnnnnnnnnnnnnnnnnnnnnnnnnnnnnnnnnn

(  58/111 ) MOVISTARPLUS.ES -- chan. (xmltv_id=Iberalia TV) -- mode Incremental
iii............................................................nnnnnnnnnnnnnnnnnnnnnnnnnnnnnnn

(  59/111 ) TVTV.US -- chan. (xmltv_id=Animal Planet US - East) -- mode Incremental

  !! -- WARNING : tvtv.us doesn't allow epg grabbing !!
it is advised to disable this channel / site from your channel list

i

  !! -- WARNING : tvtv.us doesn't allow epg grabbing !!
it is advised to disable this channel / site from your channel list

i

  !! -- WARNING : tvtv.us doesn't allow epg grabbing !!
it is advised to disable this channel / site from your channel list

i
Unable to update channel Animal Planet US - East
Generic syntax exception:
   message: 
no index page data received from Animal Planet US - East
unable to update channel, try again later
Existing guide data restored!
(  59/111 ) ORANGE.ES.EK -- chan. (xmltv_id=Clan HD) -- mode Incremental
iii..............................................................................................................................................................................................

   Summary for update of       Clan HD
     no changes, no update necessary !
     unchanged shows inspected 190
     total after update        288

(  60/111 ) MOVISTARPLUS.ES -- chan. (xmltv_id=Boing) -- mode Incremental
iiiccccccccccccccccccccccccccccccccccccccccccc.ccccccccc.ccccc.cccccc...cccccc.cccccccccccccccccccc.cccccccccccccccccccccccccccccnnnnnnnnnnnnnnnnnnnnnnnnnnnnnnnnnnnnnnnnnnnnnnnnnnnnnnnnnnnnnnnnnnnnnnnnnnnnnnnnnn

(  61/111 ) ORANGE.ES.EK -- chan. (xmltv_id=Disney Channel) -- mode Incremental
iii..........................................................................................................................................................................................

   Summary for update of       Disney Channel
     no changes, no update necessary !
     unchanged shows inspected 186
     total after update        284

(  62/111 ) ORANGE.ES.EK -- chan. (xmltv_id=Disney Junior) -- mode Incremental
iii................................................................................................................................................................................................................................................

   Summary for update of       Disney Junior
     no changes, no update necessary !
     unchanged shows inspected 240
     total after update        361

(  63/111 ) ORANGE.ES.EK -- chan. (xmltv_id=Nickelodeon) -- mode Incremental
iii...........................................................................................................................................

   Summary for update of       Nickelodeon
     no changes, no update necessary !
     unchanged shows inspected 139
     total after update        209

(  64/111 ) ORANGE.ES.EK -- chan. (xmltv_id=Nick Junior) -- mode Incremental
iii...................................................................................................................................................................

   Summary for update of       Nick Junior
     no changes, no update necessary !
     unchanged shows inspected 163
     total after update        247

(  65/111 ) MOVISTARPLUS.ES -- chan. (xmltv_id=Teledeporte) -- mode Incremental
iiicccccccccccccccccccccccccc....nnnnnn

   Summary for update of       Teledeporte
     missing shows added       0
     changed shows updated     26
     new shows added           6
     unchanged shows inspected 4
     total after update        39

(  66/111 ) MOVISTARPLUS.ES -- chan. (xmltv_id=GOL) -- mode Incremental
iii..........................................ccccccccccnn

(  67/111 ) MOVISTARPLUS.ES -- chan. (xmltv_id=Real Madrid TV) -- mode Incremental
iii.cc.......cc.cccccccccccccnnnnnn

   Summary for update of       Real Madrid TV
     missing shows added       0
     changed shows updated     17
     new shows added           6
     unchanged shows inspected 9
     total after update        35

(  68/111 ) MOVISTARPLUS.ES -- chan. (xmltv_id=Barça TV) -- mode Incremental
iii...................................nnnnnn

   Summary for update of       Barça TV
     missing shows added       0
     changed shows updated     0
     new shows added           6
     unchanged shows inspected 35
     total after update        47

(  69/111 ) MOVISTARPLUS.ES -- chan. (xmltv_id=#Vamos) -- mode Incremental
iii...........cc...................cc...........nnnnnnnnnnnnnnnnnnnnnnnn

   Summary for update of       #Vamos
     missing shows added       0
     changed shows updated     4
     new shows added           24
     unchanged shows inspected 41
     total after update        73

(  70/111 ) ORANGE.ES.EK -- chan. (xmltv_id=Movistar LaLiga) -- mode Incremental
iii.......................................

   Summary for update of       Movistar LaLiga
     no changes, no update necessary !
     unchanged shows inspected 39
     total after update        61

(  71/111 ) MOVISTARPLUS.ES -- chan. (xmltv_id=M. Liga de Campeones) -- mode Incremental
iii..........................................nnnnnnnnnnnnnnnnnn

   Summary for update of       M. Liga de Campeones
     missing shows added       0
     changed shows updated     0
     new shows added           18
     unchanged shows inspected 42
     total after update        66

(  72/111 ) MOVISTARPLUS.ES -- chan. (xmltv_id=Movistar Deportes) -- mode Incremental
iii.........................c....nnnnnnnnnnnnnnn

   Summary for update of       Movistar Deportes
     missing shows added       0
     changed shows updated     1
     new shows added           15
     unchanged shows inspected 29
     total after update        49

(  73/111 ) MOVISTARPLUS.ES -- chan. (xmltv_id=Movistar Fórmula 1) -- mode Incremental
iii..c.....................cc...c...................cc.nnnnnnnnnnnnnnnnnnnnnn

   Summary for update of       Movistar Fórmula 1
     missing shows added       0
     changed shows updated     6
     new shows added           22
     unchanged shows inspected 46
     total after update        81

(  74/111 ) MOVISTARPLUS.ES -- chan. (xmltv_id=Movistar Golf) -- mode Incremental
iii.ccccccc...c..nnnnnnnnnn

(  75/111 ) ORANGE.ES.EK -- chan. (xmltv_id=Eurosport) -- mode Incremental
iii........................................

   Summary for update of       Eurosport
     no changes, no update necessary !
     unchanged shows inspected 40
     total after update        57

(  76/111 ) ORANGE.ES.EK -- chan. (xmltv_id=Eurosport 2) -- mode Incremental
iii.......................................

   Summary for update of       Eurosport 2
     no changes, no update necessary !
     unchanged shows inspected 39
     total after update        59

(  77/111 ) STREAMINGTVGUIDES.COM.E -- chan. (xmltv_id=OLYHD Olympic Channel) -- mode Incremental
i..............................................................

(  78/111 ) REDBULL.TV -- chan. (xmltv_id=RedBull TV) -- mode Incremental
innnnnnnnnnnnnnnnnnnn

   Summary for update of       RedBull TV
     missing shows added       0
     changed shows updated     0
     new shows added           20
     unchanged shows inspected 0
     total after update        53

(  79/111 ) TVTV.US -- chan. (xmltv_id=The Tennis Channel) -- mode Incremental

  !! -- WARNING : tvtv.us doesn't allow epg grabbing !!
it is advised to disable this channel / site from your channel list

i

  !! -- WARNING : tvtv.us doesn't allow epg grabbing !!
it is advised to disable this channel / site from your channel list

i

  !! -- WARNING : tvtv.us doesn't allow epg grabbing !!
it is advised to disable this channel / site from your channel list

i
Unable to update channel The Tennis Channel
Generic syntax exception:
   message: 
no index page data received from The Tennis Channel
unable to update channel, try again later
Existing guide data restored!
(  79/111 ) NBA.COM -- chan. (xmltv_id=NBA TV) -- mode Incremental
iiiccccccccccccccccccccc....................rrrrrrrrrrrrr...............c....................rrrrrrrrrrrrr................

   Summary for update of       NBA TV
     missing shows added       26
     changed shows updated     22
     new shows added           0
     unchanged shows inspected 71
     total after update        97

(  80/111 ) TVTV.US -- chan. (xmltv_id=ESPN) -- mode Incremental

  !! -- WARNING : tvtv.us doesn't allow epg grabbing !!
it is advised to disable this channel / site from your channel list

i

  !! -- WARNING : tvtv.us doesn't allow epg grabbing !!
it is advised to disable this channel / site from your channel list

i

  !! -- WARNING : tvtv.us doesn't allow epg grabbing !!
it is advised to disable this channel / site from your channel list

i
Unable to update channel ESPN
Generic syntax exception:
   message: 
no index page data received from ESPN
unable to update channel, try again later
Existing guide data restored!
(  80/111 ) TVTV.US -- chan. (xmltv_id=ESPN2) -- mode Incremental

  !! -- WARNING : tvtv.us doesn't allow epg grabbing !!
it is advised to disable this channel / site from your channel list

i

  !! -- WARNING : tvtv.us doesn't allow epg grabbing !!
it is advised to disable this channel / site from your channel list

i

  !! -- WARNING : tvtv.us doesn't allow epg grabbing !!
it is advised to disable this channel / site from your channel list

i
Unable to update channel ESPN2
Generic syntax exception:
   message: 
no index page data received from ESPN2
unable to update channel, try again later
Existing guide data restored!
(  80/111 ) TVTV.US -- chan. (xmltv_id=Fox Sports 1) -- mode Incremental

  !! -- WARNING : tvtv.us doesn't allow epg grabbing !!
it is advised to disable this channel / site from your channel list

i

  !! -- WARNING : tvtv.us doesn't allow epg grabbing !!
it is advised to disable this channel / site from your channel list

i

  !! -- WARNING : tvtv.us doesn't allow epg grabbing !!
it is advised to disable this channel / site from your channel list

i
Unable to update channel Fox Sports 1
Generic syntax exception:
   message: 
no index page data received from Fox Sports 1
unable to update channel, try again later
Existing guide data restored!
(  80/111 ) TVTV.US -- chan. (xmltv_id=Fox Sports 2) -- mode Incremental

  !! -- WARNING : tvtv.us doesn't allow epg grabbing !!
it is advised to disable this channel / site from your channel list

i

  !! -- WARNING : tvtv.us doesn't allow epg grabbing !!
it is advised to disable this channel / site from your channel list

i

  !! -- WARNING : tvtv.us doesn't allow epg grabbing !!
it is advised to disable this channel / site from your channel list

i
Unable to update channel Fox Sports 2
Generic syntax exception:
   message: 
no index page data received from Fox Sports 2
unable to update channel, try again later
Existing guide data restored!
(  80/111 ) TVTV.US -- chan. (xmltv_id=NBC Sports Network) -- mode Incremental

  !! -- WARNING : tvtv.us doesn't allow epg grabbing !!
it is advised to disable this channel / site from your channel list

i

  !! -- WARNING : tvtv.us doesn't allow epg grabbing !!
it is advised to disable this channel / site from your channel list

i

  !! -- WARNING : tvtv.us doesn't allow epg grabbing !!
it is advised to disable this channel / site from your channel list

i
Unable to update channel NBC Sports Network
Generic syntax exception:
   message: 
no index page data received from NBC Sports Network
unable to update channel, try again later
Existing guide data restored!
(  80/111 ) PLUTO.TV.E -- chan. (xmltv_id=Adventure TV) -- mode Incremental
i
no shows in indexpage!

(  81/111 ) PLUTO.TV.E -- chan. (xmltv_id=Pluto TV Surf) -- mode Incremental
iii
no shows in indexpage!

(  82/111 ) EMPTY -- chan. (xmltv_id=Fight Time) -- mode Incremental
Unable to update channel Fight Time
Generic syntax exception:
   message: 
no index page data received from Fight Time
unable to update channel, try again later
Existing guide data restored!
(  82/111 ) MOVISTARPLUS.ES -- chan. (xmltv_id=El Garage TV) -- mode Incremental
iii..................................................................................nnnnnnnnnnnnnnnnnnnnnnnnnnnnnnnnnnnnnnnnnn

(  83/111 ) PLUTO.TV.E -- chan. (xmltv_id=Wipeout) -- mode Incremental
iii
no shows in indexpage!

(  84/111 ) PLUTO.TV.E -- chan. (xmltv_id=FailArmy) -- mode Incremental
iii
no shows in indexpage!

(  85/111 ) TVTV.US -- chan. (xmltv_id=HBO On Demand) -- mode Incremental

  !! -- WARNING : tvtv.us doesn't allow epg grabbing !!
it is advised to disable this channel / site from your channel list

i

  !! -- WARNING : tvtv.us doesn't allow epg grabbing !!
it is advised to disable this channel / site from your channel list

i

  !! -- WARNING : tvtv.us doesn't allow epg grabbing !!
it is advised to disable this channel / site from your channel list

i
Unable to update channel HBO On Demand
Generic syntax exception:
   message: 
no index page data received from HBO On Demand
unable to update channel, try again later
Existing guide data restored!
(  85/111 ) MOVISTARPLUS.ES -- chan. (xmltv_id=BBC World) -- mode Incremental
iii..........cc...........................c.............c............cc.....cc.cc...cc.............nnnnnnnnnnnnnnnnnnnnnnnnnnnnnnnnnnnnnnnnnnnnnnnnnnnnnnnnn

(  86/111 ) MOVISTARPLUS.ES -- chan. (xmltv_id=CNN Int) -- mode Incremental
iii...............................................nnnnnnnnnnnnnnnnnnnnnnnnnnnnn

   Summary for update of       CNN Int
     missing shows added       0
     changed shows updated     0
     new shows added           29
     unchanged shows inspected 47
     total after update        80

(  87/111 ) ELPAIS.COM.E -- chan. (xmltv_id=CNBC) -- mode Incremental
iii..........................................nnnnnnnnnnnnnnnnnnnnnnnnnnnnnnn

(  88/111 ) MOVISTARPLUS.ES -- chan. (xmltv_id=Fox News) -- mode Incremental
iii..............................cc....nnnnnnnnnnnnnnnnnnn

(  89/111 ) TVTV.US -- chan. (xmltv_id=NASA Public Educational Channel) -- mode Incremental

  !! -- WARNING : tvtv.us doesn't allow epg grabbing !!
it is advised to disable this channel / site from your channel list

i

  !! -- WARNING : tvtv.us doesn't allow epg grabbing !!
it is advised to disable this channel / site from your channel list

i

  !! -- WARNING : tvtv.us doesn't allow epg grabbing !!
it is advised to disable this channel / site from your channel list

i
Unable to update channel NASA Public Educational Channel
Generic syntax exception:
   message: 
no index page data received from NASA Public Educational Channel
unable to update channel, try again later
Existing guide data restored!
(  89/111 ) ELPAIS.COM.E -- chan. (xmltv_id=40TV) -- mode Incremental
iii
no shows in indexpage!

(  90/111 ) ORANGE.ES.EK -- chan. (xmltv_id=Mezzo) -- mode Incremental
iii.....................................

   Summary for update of       Mezzo
     no changes, no update necessary !
     unchanged shows inspected 37
     total after update        56

(  91/111 ) ORANGE.ES.EK -- chan. (xmltv_id=Mezzo Live) -- mode Incremental
iii...................................

   Summary for update of       Mezzo Live
     no changes, no update necessary !
     unchanged shows inspected 35
     total after update        54

(  92/111 ) ELPAIS.COM.E -- chan. (xmltv_id=Sol Música) -- mode Incremental
iii..............cnnnnnnnnnnn

(  93/111 ) EMPTY -- chan. (xmltv_id=TOP Latino) -- mode Incremental
Unable to update channel TOP Latino
Generic syntax exception:
   message: 
no index page data received from TOP Latino
unable to update channel, try again later
Existing guide data restored!
(  93/111 ) ORANGE.ES.EK -- chan. (xmltv_id=VH1) -- mode Incremental
iii......................

   Summary for update of       VH1
     no changes, no update necessary !
     unchanged shows inspected 22
     total after update        33

(  94/111 ) ELPAIS.COM.E -- chan. (xmltv_id=VH1 Classic) -- mode Incremental
iii........nnnn

(  95/111 ) CANALDIGITAAL.NL.E -- chan. (xmltv_id=Retro Music TV) -- mode Incremental
i.............................

(  96/111 ) ORANGE.ES.EK -- chan. (xmltv_id=MTV Live) -- mode Incremental
iii..................................................

   Summary for update of       MTV Live
     no changes, no update necessary !
     unchanged shows inspected 50
     total after update        75

(  97/111 ) ELPAIS.COM.E -- chan. (xmltv_id=MTV Hits) -- mode Incremental
iii.........nnnnn

(  98/111 ) ELPAIS.COM.E -- chan. (xmltv_id=MTV Rocks) -- mode Incremental
iii.........nnnnn

(  99/111 ) ELPAIS.COM.E -- chan. (xmltv_id=MTV Dance) -- mode Incremental
iii...............nnnnnnnnn



Job finished at 17/07/2020 00:10:02 done in 10m 0s

-Remplazando xmltv.xml

'/home/govi/Programas/Webgrab++/.wg++/xmltv.xml' -> '/Datos/GoVi/Proyectos/Github/GoVi-EPG/xmltv.xml'

====================================================================================

-Subiendo a Github

[master bb9b525] Updated
 1 file changed, 30766 insertions(+), 33086 deletions(-)
To https://github.com/GoVi-48/GoVi-EPG.git
   cf72c76..bb9b525  master -> master
Rama 'master' configurada para hacer seguimiento a la rama remota 'master' de 'origin'.


-Completado
00:10 - 17/07/2020

====================================================================================
