00:00:00.002409 VirtualBox DHCP Server 6.1.30 r148432 linux.amd64 (Dec 10 2021 19:46:42) release log
00:00:00.002410 Log opened 2021-12-20T22:54:41.359034000Z
00:00:00.002410 Build Type: release
00:00:00.002412 OS Product: Linux
00:00:00.002412 OS Release: 5.15.10-zen1-1-zen
00:00:00.002413 OS Version: #1 ZEN SMP PREEMPT Fri, 17 Dec 2021 11:17:39 +0000
00:00:00.002428 DMI Product Name: Z97-HD3
00:00:00.002433 DMI Product Version: To be filled by O.E.M.
00:00:00.002436 Firmware type: UEFI
00:00:00.003304 Secure Boot: Disabled
00:00:00.003334 Host RAM: 15883MB (15.5GB) total, 8549MB (8.3GB) available
00:00:00.003336 Executable: /usr/lib/virtualbox/VBoxNetDHCP
00:00:00.003336 Process ID: 2830384
00:00:00.003336 Package type: LINUX_64BITS_GENERIC (OSE)
00:00:00.003350 --config:  HostInterfaceNetworking-vboxnet0
00:00:00.003352 --comment: HostInterfaceNetworking-vboxnet0
00:00:00.003431 IP address:   192.168.56.100/24
00:00:00.003435 Address pool: 192.168.56.101 - 192.168.56.254
00:00:00.003971 MAC address is not specified: will use generated MAC 08:00:27:8d:bc:11
00:00:00.003976 Db::i_enterFixedAddressAssignment: 08:00:27:8d:bc:11: 192.168.56.100
00:00:00.003980 loading leases from /home/govi/.config/VirtualBox/HostInterfaceNetworking-vboxnet0-Dhcpd.leases
00:00:00.004181 > LOAD: EXPIRED lease 192.168.56.117 to 08:00:27:d3:26:5c, acked, valid from 2021-12-20T22:46:14Z for 600s until 2021-12-20T22:56:14Z
00:00:00.004189 > LOAD:         lease 192.168.56.116 to 08:00:27:5e:18:43, expired, valid from 2021-12-20T22:32:35Z for 600s until 2021-12-20T22:42:35Z
00:00:00.004194 > LOAD:         lease 192.168.56.115 to 08:00:27:05:a2:8e, expired, valid from 2021-12-20T22:01:47Z for 600s until 2021-12-20T22:11:47Z
00:00:00.004198 > LOAD:         lease 192.168.56.114 to 08:00:27:35:eb:93, expired, valid from 2021-12-20T20:04:52Z for 600s until 2021-12-20T20:14:52Z
00:00:00.004201 > LOAD:         lease 192.168.56.113 to 08:00:27:45:4c:ac, expired, valid from 2021-10-30T14:06:05Z for 600s until 2021-10-30T14:16:05Z
00:00:00.004205 > LOAD:         lease 192.168.56.112 to 08:00:27:b8:1c:8d, expired, valid from 2021-10-30T14:01:07Z for 600s until 2021-10-30T14:11:07Z
00:00:00.004208 > LOAD:         lease 192.168.56.111 to 08:00:27:92:59:81, expired, valid from 2021-10-30T13:49:35Z for 600s until 2021-10-30T13:59:35Z
00:00:00.004212 > LOAD:         lease 192.168.56.110 to 08:00:27:b1:21:6e, expired, valid from 2021-10-30T17:09:09Z for 600s until 2021-10-30T17:19:09Z
00:00:00.004215 > LOAD:         lease 192.168.56.109 to 08:00:27:9a:ec:58, expired, valid from 2021-10-30T13:16:53Z for 600s until 2021-10-30T13:26:53Z
00:00:00.004218 > LOAD:         lease 192.168.56.108 to 08:00:27:18:e5:c5, expired, valid from 2021-10-30T17:08:28Z for 600s until 2021-10-30T17:18:28Z
00:00:00.004222 > LOAD:         lease 192.168.56.107 to 08:00:27:2c:4b:34, expired, valid from 2021-10-30T17:07:54Z for 600s until 2021-10-30T17:17:54Z
00:00:00.004225 > LOAD:         lease 192.168.56.106 to 08:00:27:b2:dd:22, expired, valid from 2021-10-30T17:07:19Z for 600s until 2021-10-30T17:17:19Z
00:00:00.004229 > LOAD:         lease 192.168.56.105 to 08:00:27:0d:26:94, expired, valid from 2021-10-27T19:12:49Z for 600s until 2021-10-27T19:22:49Z
00:00:00.004232 > LOAD:         lease 192.168.56.104 to 08:00:27:53:e1:67, expired, valid from 2021-10-27T17:48:55Z for 600s until 2021-10-27T17:58:55Z
00:00:00.004236 > LOAD:         lease 192.168.56.103 to 08:00:27:47:6a:5d, expired, valid from 2021-10-27T17:21:18Z for 600s until 2021-10-27T17:31:18Z
00:00:00.004239 > LOAD:         lease 192.168.56.102 to 08:00:27:e1:92:ae, expired, valid from 2021-10-27T17:07:09Z for 600s until 2021-10-27T17:17:09Z
00:00:00.004243 > LOAD:         lease 192.168.56.101 to 08:00:27:c8:01:4a, expired, valid from 2021-10-27T17:00:51Z for 600s until 2021-10-27T17:10:51Z
00:00:06.333286 DISCOVER xid 0x00000d32 chaddr 08:00:27:d3:26:5c
00:00:06.333311  ciaddr 0.0.0.0
00:00:06.333315  params { 1 3 6 28 }
00:00:06.333324 > allocateAddress to client 08:00:27:d3:26:5c
00:00:06.333328 > ... found existing binding 192.168.56.117 to 08:00:27:d3:26:5c, acked, valid from 2021-12-20T22:46:14Z for 600s until 2021-12-20T22:56:14Z
00:00:06.333341 Lease time 600 secs (default)
00:00:06.333345 >>> requested option 1 (SubnetMask)
00:00:06.333347 ... always supplied
00:00:06.333348 >>> requested option 3 (Routers)
00:00:06.333350 ... not found
00:00:06.333352 >>> requested option 6 (DNSes)
00:00:06.333353 ... not found
00:00:06.333354 >>> requested option 28 (BroadcastAddress)
00:00:06.333356 ... not found
00:00:06.333360 encoding option 1 (SubnetMask)
00:00:06.333362 encoding option 51 (LeaseTime)
00:00:06.333364 OFFER xid 0x00000d32 chaddr 08:00:27:d3:26:5c
00:00:06.333369  ciaddr 0.0.0.0 yiaddr 192.168.56.117
00:00:06.333373 encoded message: 548 bytes
00:00:06.333374 00007f63c80011d0/0000: 02 01 06 00 32 0d 00 00-00 00 00 00 00 00 00 00 ....2...........
00:00:06.333376 00007f63c80011e0/0010: c0 a8 38 75 00 00 00 00-00 00 00 00 08 00 27 d3 ..8u..........'.
00:00:06.333378 00007f63c80011f0/0020: 26 5c 00 00 00 00 00 00-00 00 00 00 00 00 00 00 &\..............
00:00:06.333379 00007f63c8001200/0030: 00 00 00 00 00 00 00 00-00 00 00 00 00 00 00 00 ................
00:00:06.333380 00007f63c8001210/0040: 00 00 00 00 00 00 00 00-00 00 00 00 00 00 00 00 ................
00:00:06.333382 00007f63c8001220/0050: 00 00 00 00 00 00 00 00-00 00 00 00 00 00 00 00 ................
00:00:06.333383 00007f63c8001230/0060: 00 00 00 00 00 00 00 00-00 00 00 00 00 00 00 00 ................
00:00:06.333384 00007f63c8001240/0070: 00 00 00 00 00 00 00 00-00 00 00 00 00 00 00 00 ................
00:00:06.333386 00007f63c8001250/0080: 00 00 00 00 00 00 00 00-00 00 00 00 00 00 00 00 ................
00:00:06.333387 00007f63c8001260/0090: 00 00 00 00 00 00 00 00-00 00 00 00 00 00 00 00 ................
00:00:06.333388 00007f63c8001270/00a0: 00 00 00 00 00 00 00 00-00 00 00 00 00 00 00 00 ................
00:00:06.333389 00007f63c8001280/00b0: 00 00 00 00 00 00 00 00-00 00 00 00 00 00 00 00 ................
00:00:06.333391 00007f63c8001290/00c0: 00 00 00 00 00 00 00 00-00 00 00 00 00 00 00 00 ................
00:00:06.333392 00007f63c80012a0/00d0: 00 00 00 00 00 00 00 00-00 00 00 00 00 00 00 00 ................
00:00:06.333393 00007f63c80012b0/00e0: 00 00 00 00 00 00 00 00-00 00 00 00 63 82 53 63 ............c.Sc
00:00:06.333395 00007f63c80012c0/00f0: 36 04 c0 a8 38 64 35 01-02 01 04 ff ff ff 00 33 6...8d5........3
00:00:06.333396 00007f63c80012d0/0100: 04 00 00 02 58 ff 00 00-00 00 00 00 00 00 00 00 ....X...........
00:00:06.333397 00007f63c80012e0/0110: 00 00 00 00 00 00 00 00-00 00 00 00 00 00 00 00 ................
00:00:06.333399 00007f63c80012f0/0120: 00 00 00 00 00 00 00 00-00 00 00 00 00 00 00 00 ................
00:00:06.333400 00007f63c8001300/0130: 00 00 00 00 00 00 00 00-00 00 00 00 00 00 00 00 ................
00:00:06.333401 00007f63c8001310/0140: 00 00 00 00 00 00 00 00-00 00 00 00 00 00 00 00 ................
00:00:06.333402 00007f63c8001320/0150: 00 00 00 00 00 00 00 00-00 00 00 00 00 00 00 00 ................
00:00:06.333404 00007f63c8001330/0160: 00 00 00 00 00 00 00 00-00 00 00 00 00 00 00 00 ................
00:00:06.333405 00007f63c8001340/0170: 00 00 00 00 00 00 00 00-00 00 00 00 00 00 00 00 ................
00:00:06.333406 00007f63c8001350/0180: 00 00 00 00 00 00 00 00-00 00 00 00 00 00 00 00 ................
00:00:06.333407 00007f63c8001360/0190: 00 00 00 00 00 00 00 00-00 00 00 00 00 00 00 00 ................
00:00:06.333409 00007f63c8001370/01a0: 00 00 00 00 00 00 00 00-00 00 00 00 00 00 00 00 ................
00:00:06.333410 00007f63c8001380/01b0: 00 00 00 00 00 00 00 00-00 00 00 00 00 00 00 00 ................
00:00:06.333411 00007f63c8001390/01c0: 00 00 00 00 00 00 00 00-00 00 00 00 00 00 00 00 ................
00:00:06.333413 00007f63c80013a0/01d0: 00 00 00 00 00 00 00 00-00 00 00 00 00 00 00 00 ................
00:00:06.333414 00007f63c80013b0/01e0: 00 00 00 00 00 00 00 00-00 00 00 00 00 00 00 00 ................
00:00:06.333415 00007f63c80013c0/01f0: 00 00 00 00 00 00 00 00-00 00 00 00 00 00 00 00 ................
00:00:06.333416 00007f63c80013d0/0200: 00 00 00 00 00 00 00 00-00 00 00 00 00 00 00 00 ................
00:00:06.333418 00007f63c80013e0/0210: 00 00 00 00 00 00 00 00-00 00 00 00 00 00 00 00 ................
00:00:06.333419 00007f63c80013f0/0220: 00 00 00 00                                     ....
00:00:06.341135 REQUEST xid 0x00000d33 chaddr 08:00:27:d3:26:5c
00:00:06.341155  ciaddr 0.0.0.0
00:00:06.341158  for server 192.168.56.100 requested address 192.168.56.117
00:00:06.341164  params { 1 3 6 28 }
00:00:06.341172   54: c0 a8 38 64
00:00:06.341176 > allocateAddress 192.168.56.117 to client 08:00:27:d3:26:5c
00:00:06.341179 > ... found existing binding 192.168.56.117 to 08:00:27:d3:26:5c, acked, valid from 2021-12-20T22:54:47Z for 600s until 2021-12-20T23:04:47Z
00:00:06.341185 Lease time 600 secs (default)
00:00:06.341187 writing leases to /home/govi/.config/VirtualBox/HostInterfaceNetworking-vboxnet0-Dhcpd.leases
00:00:06.344443 >>> requested option 1 (SubnetMask)
00:00:06.344459 ... always supplied
00:00:06.344460 >>> requested option 3 (Routers)
00:00:06.344462 ... not found
00:00:06.344463 >>> requested option 6 (DNSes)
00:00:06.344465 ... not found
00:00:06.344466 >>> requested option 28 (BroadcastAddress)
00:00:06.344468 ... not found
00:00:06.344471 encoding option 1 (SubnetMask)
00:00:06.344473 encoding option 51 (LeaseTime)
00:00:06.344475 ACK xid 0x00000d33 chaddr 08:00:27:d3:26:5c
00:00:06.344481  ciaddr 0.0.0.0 yiaddr 192.168.56.117
00:00:06.344486 encoded message: 548 bytes
00:00:06.344487 00007f63c80011d0/0000: 02 01 06 00 33 0d 00 00-00 00 00 00 00 00 00 00 ....3...........
00:00:06.344489 00007f63c80011e0/0010: c0 a8 38 75 00 00 00 00-00 00 00 00 08 00 27 d3 ..8u..........'.
00:00:06.344491 00007f63c80011f0/0020: 26 5c 00 00 00 00 00 00-00 00 00 00 00 00 00 00 &\..............
00:00:06.344492 00007f63c8001200/0030: 00 00 00 00 00 00 00 00-00 00 00 00 00 00 00 00 ................
00:00:06.344493 00007f63c8001210/0040: 00 00 00 00 00 00 00 00-00 00 00 00 00 00 00 00 ................
00:00:06.344495 00007f63c8001220/0050: 00 00 00 00 00 00 00 00-00 00 00 00 00 00 00 00 ................
00:00:06.344496 00007f63c8001230/0060: 00 00 00 00 00 00 00 00-00 00 00 00 00 00 00 00 ................
00:00:06.344497 00007f63c8001240/0070: 00 00 00 00 00 00 00 00-00 00 00 00 00 00 00 00 ................
00:00:06.344498 00007f63c8001250/0080: 00 00 00 00 00 00 00 00-00 00 00 00 00 00 00 00 ................
00:00:06.344500 00007f63c8001260/0090: 00 00 00 00 00 00 00 00-00 00 00 00 00 00 00 00 ................
00:00:06.344501 00007f63c8001270/00a0: 00 00 00 00 00 00 00 00-00 00 00 00 00 00 00 00 ................
00:00:06.344502 00007f63c8001280/00b0: 00 00 00 00 00 00 00 00-00 00 00 00 00 00 00 00 ................
00:00:06.344503 00007f63c8001290/00c0: 00 00 00 00 00 00 00 00-00 00 00 00 00 00 00 00 ................
00:00:06.344505 00007f63c80012a0/00d0: 00 00 00 00 00 00 00 00-00 00 00 00 00 00 00 00 ................
00:00:06.344506 00007f63c80012b0/00e0: 00 00 00 00 00 00 00 00-00 00 00 00 63 82 53 63 ............c.Sc
00:00:06.344507 00007f63c80012c0/00f0: 36 04 c0 a8 38 64 35 01-05 01 04 ff ff ff 00 33 6...8d5........3
00:00:06.344509 00007f63c80012d0/0100: 04 00 00 02 58 ff 00 00-00 00 00 00 00 00 00 00 ....X...........
00:00:06.344510 00007f63c80012e0/0110: 00 00 00 00 00 00 00 00-00 00 00 00 00 00 00 00 ................
00:00:06.344511 00007f63c80012f0/0120: 00 00 00 00 00 00 00 00-00 00 00 00 00 00 00 00 ................
00:00:06.344513 00007f63c8001300/0130: 00 00 00 00 00 00 00 00-00 00 00 00 00 00 00 00 ................
00:00:06.344514 00007f63c8001310/0140: 00 00 00 00 00 00 00 00-00 00 00 00 00 00 00 00 ................
00:00:06.344515 00007f63c8001320/0150: 00 00 00 00 00 00 00 00-00 00 00 00 00 00 00 00 ................
00:00:06.344516 00007f63c8001330/0160: 00 00 00 00 00 00 00 00-00 00 00 00 00 00 00 00 ................
00:00:06.344518 00007f63c8001340/0170: 00 00 00 00 00 00 00 00-00 00 00 00 00 00 00 00 ................
00:00:06.344519 00007f63c8001350/0180: 00 00 00 00 00 00 00 00-00 00 00 00 00 00 00 00 ................
00:00:06.344520 00007f63c8001360/0190: 00 00 00 00 00 00 00 00-00 00 00 00 00 00 00 00 ................
00:00:06.344521 00007f63c8001370/01a0: 00 00 00 00 00 00 00 00-00 00 00 00 00 00 00 00 ................
00:00:06.344523 00007f63c8001380/01b0: 00 00 00 00 00 00 00 00-00 00 00 00 00 00 00 00 ................
00:00:06.344524 00007f63c8001390/01c0: 00 00 00 00 00 00 00 00-00 00 00 00 00 00 00 00 ................
00:00:06.344525 00007f63c80013a0/01d0: 00 00 00 00 00 00 00 00-00 00 00 00 00 00 00 00 ................
00:00:06.344526 00007f63c80013b0/01e0: 00 00 00 00 00 00 00 00-00 00 00 00 00 00 00 00 ................
00:00:06.344528 00007f63c80013c0/01f0: 00 00 00 00 00 00 00 00-00 00 00 00 00 00 00 00 ................
00:00:06.344529 00007f63c80013d0/0200: 00 00 00 00 00 00 00 00-00 00 00 00 00 00 00 00 ................
00:00:06.344530 00007f63c80013e0/0210: 00 00 00 00 00 00 00 00-00 00 00 00 00 00 00 00 ................
00:00:06.344531 00007f63c80013f0/0220: 00 00 00 00                                     ....
00:05:18.608460 DISCOVER xid 0x00001164 chaddr 08:00:27:d3:26:5c
00:05:18.608607  ciaddr 0.0.0.0
00:05:18.608612  params { 1 3 6 28 }
00:05:18.608621 > allocateAddress to client 08:00:27:d3:26:5c
00:05:18.608624 > ... found existing binding 192.168.56.117 to 08:00:27:d3:26:5c, acked, valid from 2021-12-20T22:54:47Z for 600s until 2021-12-20T23:04:47Z
00:05:18.608630 Lease time 600 secs (default)
00:05:18.608633 >>> requested option 1 (SubnetMask)
00:05:18.608635 ... always supplied
00:05:18.608637 >>> requested option 3 (Routers)
00:05:18.608638 ... not found
00:05:18.608640 >>> requested option 6 (DNSes)
00:05:18.608641 ... not found
00:05:18.608643 >>> requested option 28 (BroadcastAddress)
00:05:18.608644 ... not found
00:05:18.608647 encoding option 1 (SubnetMask)
00:05:18.608648 encoding option 51 (LeaseTime)
00:05:18.608650 OFFER xid 0x00001164 chaddr 08:00:27:d3:26:5c
00:05:18.608655  ciaddr 0.0.0.0 yiaddr 192.168.56.117
00:05:18.608660 encoded message: 548 bytes
00:05:18.608661 00007f63c80011d0/0000: 02 01 06 00 64 11 00 00-00 00 00 00 00 00 00 00 ....d...........
00:05:18.608663 00007f63c80011e0/0010: c0 a8 38 75 00 00 00 00-00 00 00 00 08 00 27 d3 ..8u..........'.
00:05:18.608664 00007f63c80011f0/0020: 26 5c 00 00 00 00 00 00-00 00 00 00 00 00 00 00 &\..............
00:05:18.608666 00007f63c8001200/0030: 00 00 00 00 00 00 00 00-00 00 00 00 00 00 00 00 ................
00:05:18.608667 00007f63c8001210/0040: 00 00 00 00 00 00 00 00-00 00 00 00 00 00 00 00 ................
00:05:18.608668 00007f63c8001220/0050: 00 00 00 00 00 00 00 00-00 00 00 00 00 00 00 00 ................
00:05:18.608670 00007f63c8001230/0060: 00 00 00 00 00 00 00 00-00 00 00 00 00 00 00 00 ................
00:05:18.608671 00007f63c8001240/0070: 00 00 00 00 00 00 00 00-00 00 00 00 00 00 00 00 ................
00:05:18.608672 00007f63c8001250/0080: 00 00 00 00 00 00 00 00-00 00 00 00 00 00 00 00 ................
00:05:18.608673 00007f63c8001260/0090: 00 00 00 00 00 00 00 00-00 00 00 00 00 00 00 00 ................
00:05:18.608675 00007f63c8001270/00a0: 00 00 00 00 00 00 00 00-00 00 00 00 00 00 00 00 ................
00:05:18.608676 00007f63c8001280/00b0: 00 00 00 00 00 00 00 00-00 00 00 00 00 00 00 00 ................
00:05:18.608677 00007f63c8001290/00c0: 00 00 00 00 00 00 00 00-00 00 00 00 00 00 00 00 ................
00:05:18.608678 00007f63c80012a0/00d0: 00 00 00 00 00 00 00 00-00 00 00 00 00 00 00 00 ................
00:05:18.608680 00007f63c80012b0/00e0: 00 00 00 00 00 00 00 00-00 00 00 00 63 82 53 63 ............c.Sc
00:05:18.608681 00007f63c80012c0/00f0: 36 04 c0 a8 38 64 35 01-02 01 04 ff ff ff 00 33 6...8d5........3
00:05:18.608682 00007f63c80012d0/0100: 04 00 00 02 58 ff 00 00-00 00 00 00 00 00 00 00 ....X...........
00:05:18.608684 00007f63c80012e0/0110: 00 00 00 00 00 00 00 00-00 00 00 00 00 00 00 00 ................
00:05:18.608685 00007f63c80012f0/0120: 00 00 00 00 00 00 00 00-00 00 00 00 00 00 00 00 ................
00:05:18.608686 00007f63c8001300/0130: 00 00 00 00 00 00 00 00-00 00 00 00 00 00 00 00 ................
00:05:18.608688 00007f63c8001310/0140: 00 00 00 00 00 00 00 00-00 00 00 00 00 00 00 00 ................
00:05:18.608689 00007f63c8001320/0150: 00 00 00 00 00 00 00 00-00 00 00 00 00 00 00 00 ................
00:05:18.608690 00007f63c8001330/0160: 00 00 00 00 00 00 00 00-00 00 00 00 00 00 00 00 ................
00:05:18.608691 00007f63c8001340/0170: 00 00 00 00 00 00 00 00-00 00 00 00 00 00 00 00 ................
00:05:18.608693 00007f63c8001350/0180: 00 00 00 00 00 00 00 00-00 00 00 00 00 00 00 00 ................
00:05:18.608694 00007f63c8001360/0190: 00 00 00 00 00 00 00 00-00 00 00 00 00 00 00 00 ................
00:05:18.608695 00007f63c8001370/01a0: 00 00 00 00 00 00 00 00-00 00 00 00 00 00 00 00 ................
00:05:18.608696 00007f63c8001380/01b0: 00 00 00 00 00 00 00 00-00 00 00 00 00 00 00 00 ................
00:05:18.608698 00007f63c8001390/01c0: 00 00 00 00 00 00 00 00-00 00 00 00 00 00 00 00 ................
00:05:18.608699 00007f63c80013a0/01d0: 00 00 00 00 00 00 00 00-00 00 00 00 00 00 00 00 ................
00:05:18.608700 00007f63c80013b0/01e0: 00 00 00 00 00 00 00 00-00 00 00 00 00 00 00 00 ................
00:05:18.608702 00007f63c80013c0/01f0: 00 00 00 00 00 00 00 00-00 00 00 00 00 00 00 00 ................
00:05:18.608703 00007f63c80013d0/0200: 00 00 00 00 00 00 00 00-00 00 00 00 00 00 00 00 ................
00:05:18.608704 00007f63c80013e0/0210: 00 00 00 00 00 00 00 00-00 00 00 00 00 00 00 00 ................
00:05:18.608705 00007f63c80013f0/0220: 00 00 00 00                                     ....
00:05:18.614020 REQUEST xid 0x00001165 chaddr 08:00:27:d3:26:5c
00:05:18.614044  ciaddr 0.0.0.0
00:05:18.614049  for server 192.168.56.100 requested address 192.168.56.117
00:05:18.614055  params { 1 3 6 28 }
00:05:18.614064   54: c0 a8 38 64
00:05:18.614068 > allocateAddress 192.168.56.117 to client 08:00:27:d3:26:5c
00:05:18.614072 > ... found existing binding 192.168.56.117 to 08:00:27:d3:26:5c, acked, valid from 2021-12-20T22:59:59Z for 600s until 2021-12-20T23:09:59Z
00:05:18.614079 Lease time 600 secs (default)
00:05:18.614082 writing leases to /home/govi/.config/VirtualBox/HostInterfaceNetworking-vboxnet0-Dhcpd.leases
00:05:18.628942 >>> requested option 1 (SubnetMask)
00:05:18.628955 ... always supplied
00:05:18.628957 >>> requested option 3 (Routers)
00:05:18.628958 ... not found
00:05:18.628960 >>> requested option 6 (DNSes)
00:05:18.628961 ... not found
00:05:18.628963 >>> requested option 28 (BroadcastAddress)
00:05:18.628964 ... not found
00:05:18.628968 encoding option 1 (SubnetMask)
00:05:18.628969 encoding option 51 (LeaseTime)
00:05:18.628972 ACK xid 0x00001165 chaddr 08:00:27:d3:26:5c
00:05:18.628977  ciaddr 0.0.0.0 yiaddr 192.168.56.117
00:05:18.628982 encoded message: 548 bytes
00:05:18.628984 00007f63c80011d0/0000: 02 01 06 00 65 11 00 00-00 00 00 00 00 00 00 00 ....e...........
00:05:18.628986 00007f63c80011e0/0010: c0 a8 38 75 00 00 00 00-00 00 00 00 08 00 27 d3 ..8u..........'.
00:05:18.628988 00007f63c80011f0/0020: 26 5c 00 00 00 00 00 00-00 00 00 00 00 00 00 00 &\..............
00:05:18.628989 00007f63c8001200/0030: 00 00 00 00 00 00 00 00-00 00 00 00 00 00 00 00 ................
00:05:18.628990 00007f63c8001210/0040: 00 00 00 00 00 00 00 00-00 00 00 00 00 00 00 00 ................
00:05:18.628991 00007f63c8001220/0050: 00 00 00 00 00 00 00 00-00 00 00 00 00 00 00 00 ................
00:05:18.628993 00007f63c8001230/0060: 00 00 00 00 00 00 00 00-00 00 00 00 00 00 00 00 ................
00:05:18.628994 00007f63c8001240/0070: 00 00 00 00 00 00 00 00-00 00 00 00 00 00 00 00 ................
00:05:18.628995 00007f63c8001250/0080: 00 00 00 00 00 00 00 00-00 00 00 00 00 00 00 00 ................
00:05:18.628997 00007f63c8001260/0090: 00 00 00 00 00 00 00 00-00 00 00 00 00 00 00 00 ................
00:05:18.628998 00007f63c8001270/00a0: 00 00 00 00 00 00 00 00-00 00 00 00 00 00 00 00 ................
00:05:18.628999 00007f63c8001280/00b0: 00 00 00 00 00 00 00 00-00 00 00 00 00 00 00 00 ................
00:05:18.629000 00007f63c8001290/00c0: 00 00 00 00 00 00 00 00-00 00 00 00 00 00 00 00 ................
00:05:18.629002 00007f63c80012a0/00d0: 00 00 00 00 00 00 00 00-00 00 00 00 00 00 00 00 ................
00:05:18.629003 00007f63c80012b0/00e0: 00 00 00 00 00 00 00 00-00 00 00 00 63 82 53 63 ............c.Sc
00:05:18.629004 00007f63c80012c0/00f0: 36 04 c0 a8 38 64 35 01-05 01 04 ff ff ff 00 33 6...8d5........3
00:05:18.629006 00007f63c80012d0/0100: 04 00 00 02 58 ff 00 00-00 00 00 00 00 00 00 00 ....X...........
00:05:18.629007 00007f63c80012e0/0110: 00 00 00 00 00 00 00 00-00 00 00 00 00 00 00 00 ................
00:05:18.629008 00007f63c80012f0/0120: 00 00 00 00 00 00 00 00-00 00 00 00 00 00 00 00 ................
00:05:18.629010 00007f63c8001300/0130: 00 00 00 00 00 00 00 00-00 00 00 00 00 00 00 00 ................
00:05:18.629011 00007f63c8001310/0140: 00 00 00 00 00 00 00 00-00 00 00 00 00 00 00 00 ................
00:05:18.629012 00007f63c8001320/0150: 00 00 00 00 00 00 00 00-00 00 00 00 00 00 00 00 ................
00:05:18.629014 00007f63c8001330/0160: 00 00 00 00 00 00 00 00-00 00 00 00 00 00 00 00 ................
00:05:18.629015 00007f63c8001340/0170: 00 00 00 00 00 00 00 00-00 00 00 00 00 00 00 00 ................
00:05:18.629016 00007f63c8001350/0180: 00 00 00 00 00 00 00 00-00 00 00 00 00 00 00 00 ................
00:05:18.629017 00007f63c8001360/0190: 00 00 00 00 00 00 00 00-00 00 00 00 00 00 00 00 ................
00:05:18.629019 00007f63c8001370/01a0: 00 00 00 00 00 00 00 00-00 00 00 00 00 00 00 00 ................
00:05:18.629020 00007f63c8001380/01b0: 00 00 00 00 00 00 00 00-00 00 00 00 00 00 00 00 ................
00:05:18.629021 00007f63c8001390/01c0: 00 00 00 00 00 00 00 00-00 00 00 00 00 00 00 00 ................
00:05:18.629023 00007f63c80013a0/01d0: 00 00 00 00 00 00 00 00-00 00 00 00 00 00 00 00 ................
00:05:18.629024 00007f63c80013b0/01e0: 00 00 00 00 00 00 00 00-00 00 00 00 00 00 00 00 ................
00:05:18.629025 00007f63c80013c0/01f0: 00 00 00 00 00 00 00 00-00 00 00 00 00 00 00 00 ................
00:05:18.629027 00007f63c80013d0/0200: 00 00 00 00 00 00 00 00-00 00 00 00 00 00 00 00 ................
00:05:18.629028 00007f63c80013e0/0210: 00 00 00 00 00 00 00 00-00 00 00 00 00 00 00 00 ................
00:05:18.629029 00007f63c80013f0/0220: 00 00 00 00                                     ....
00:07:40.785998 DISCOVER xid 0x00001b0e chaddr 08:00:27:d3:26:5c
00:07:40.786179  ciaddr 0.0.0.0
00:07:40.786183  params { 1 3 6 28 }
00:07:40.786193 > allocateAddress to client 08:00:27:d3:26:5c
00:07:40.786196 > ... found existing binding 192.168.56.117 to 08:00:27:d3:26:5c, acked, valid from 2021-12-20T22:59:59Z for 600s until 2021-12-20T23:09:59Z
00:07:40.786202 Lease time 600 secs (default)
00:07:40.786206 >>> requested option 1 (SubnetMask)
00:07:40.786207 ... always supplied
00:07:40.786209 >>> requested option 3 (Routers)
00:07:40.786210 ... not found
00:07:40.786212 >>> requested option 6 (DNSes)
00:07:40.786213 ... not found
00:07:40.786215 >>> requested option 28 (BroadcastAddress)
00:07:40.786216 ... not found
00:07:40.786219 encoding option 1 (SubnetMask)
00:07:40.786220 encoding option 51 (LeaseTime)
00:07:40.786223 OFFER xid 0x00001b0e chaddr 08:00:27:d3:26:5c
00:07:40.786227  ciaddr 0.0.0.0 yiaddr 192.168.56.117
00:07:40.786232 encoded message: 548 bytes
00:07:40.786233 00007f63c80011d0/0000: 02 01 06 00 0e 1b 00 00-00 00 00 00 00 00 00 00 ................
00:07:40.786235 00007f63c80011e0/0010: c0 a8 38 75 00 00 00 00-00 00 00 00 08 00 27 d3 ..8u..........'.
00:07:40.786236 00007f63c80011f0/0020: 26 5c 00 00 00 00 00 00-00 00 00 00 00 00 00 00 &\..............
00:07:40.786238 00007f63c8001200/0030: 00 00 00 00 00 00 00 00-00 00 00 00 00 00 00 00 ................
00:07:40.786239 00007f63c8001210/0040: 00 00 00 00 00 00 00 00-00 00 00 00 00 00 00 00 ................
00:07:40.786240 00007f63c8001220/0050: 00 00 00 00 00 00 00 00-00 00 00 00 00 00 00 00 ................
00:07:40.786241 00007f63c8001230/0060: 00 00 00 00 00 00 00 00-00 00 00 00 00 00 00 00 ................
00:07:40.786243 00007f63c8001240/0070: 00 00 00 00 00 00 00 00-00 00 00 00 00 00 00 00 ................
00:07:40.786244 00007f63c8001250/0080: 00 00 00 00 00 00 00 00-00 00 00 00 00 00 00 00 ................
00:07:40.786245 00007f63c8001260/0090: 00 00 00 00 00 00 00 00-00 00 00 00 00 00 00 00 ................
00:07:40.786246 00007f63c8001270/00a0: 00 00 00 00 00 00 00 00-00 00 00 00 00 00 00 00 ................
00:07:40.786248 00007f63c8001280/00b0: 00 00 00 00 00 00 00 00-00 00 00 00 00 00 00 00 ................
00:07:40.786249 00007f63c8001290/00c0: 00 00 00 00 00 00 00 00-00 00 00 00 00 00 00 00 ................
00:07:40.786250 00007f63c80012a0/00d0: 00 00 00 00 00 00 00 00-00 00 00 00 00 00 00 00 ................
00:07:40.786252 00007f63c80012b0/00e0: 00 00 00 00 00 00 00 00-00 00 00 00 63 82 53 63 ............c.Sc
00:07:40.786258 00007f63c80012c0/00f0: 36 04 c0 a8 38 64 35 01-02 01 04 ff ff ff 00 33 6...8d5........3
00:07:40.786260 00007f63c80012d0/0100: 04 00 00 02 58 ff 00 00-00 00 00 00 00 00 00 00 ....X...........
00:07:40.786261 00007f63c80012e0/0110: 00 00 00 00 00 00 00 00-00 00 00 00 00 00 00 00 ................
00:07:40.786268 00007f63c80012f0/0120: 00 00 00 00 00 00 00 00-00 00 00 00 00 00 00 00 ................
00:07:40.786270 00007f63c8001300/0130: 00 00 00 00 00 00 00 00-00 00 00 00 00 00 00 00 ................
00:07:40.786271 00007f63c8001310/0140: 00 00 00 00 00 00 00 00-00 00 00 00 00 00 00 00 ................
00:07:40.786272 00007f63c8001320/0150: 00 00 00 00 00 00 00 00-00 00 00 00 00 00 00 00 ................
00:07:40.786274 00007f63c8001330/0160: 00 00 00 00 00 00 00 00-00 00 00 00 00 00 00 00 ................
00:07:40.786275 00007f63c8001340/0170: 00 00 00 00 00 00 00 00-00 00 00 00 00 00 00 00 ................
00:07:40.786276 00007f63c8001350/0180: 00 00 00 00 00 00 00 00-00 00 00 00 00 00 00 00 ................
00:07:40.786277 00007f63c8001360/0190: 00 00 00 00 00 00 00 00-00 00 00 00 00 00 00 00 ................
00:07:40.786279 00007f63c8001370/01a0: 00 00 00 00 00 00 00 00-00 00 00 00 00 00 00 00 ................
00:07:40.786280 00007f63c8001380/01b0: 00 00 00 00 00 00 00 00-00 00 00 00 00 00 00 00 ................
00:07:40.786281 00007f63c8001390/01c0: 00 00 00 00 00 00 00 00-00 00 00 00 00 00 00 00 ................
00:07:40.786283 00007f63c80013a0/01d0: 00 00 00 00 00 00 00 00-00 00 00 00 00 00 00 00 ................
00:07:40.786284 00007f63c80013b0/01e0: 00 00 00 00 00 00 00 00-00 00 00 00 00 00 00 00 ................
00:07:40.786285 00007f63c80013c0/01f0: 00 00 00 00 00 00 00 00-00 00 00 00 00 00 00 00 ................
00:07:40.786286 00007f63c80013d0/0200: 00 00 00 00 00 00 00 00-00 00 00 00 00 00 00 00 ................
00:07:40.786288 00007f63c80013e0/0210: 00 00 00 00 00 00 00 00-00 00 00 00 00 00 00 00 ................
00:07:40.786289 00007f63c80013f0/0220: 00 00 00 00                                     ....
00:07:40.786577 REQUEST xid 0x00001b0f chaddr 08:00:27:d3:26:5c
00:07:40.786588  ciaddr 0.0.0.0
00:07:40.786591  for server 192.168.56.100 requested address 192.168.56.117
00:07:40.786596  params { 1 3 6 28 }
00:07:40.786604   54: c0 a8 38 64
00:07:40.786607 > allocateAddress 192.168.56.117 to client 08:00:27:d3:26:5c
00:07:40.786609 > ... found existing binding 192.168.56.117 to 08:00:27:d3:26:5c, acked, valid from 2021-12-20T23:02:22Z for 600s until 2021-12-20T23:12:22Z
00:07:40.786614 Lease time 600 secs (default)
00:07:40.786616 writing leases to /home/govi/.config/VirtualBox/HostInterfaceNetworking-vboxnet0-Dhcpd.leases
00:07:40.797882 >>> requested option 1 (SubnetMask)
00:07:40.797897 ... always supplied
00:07:40.797898 >>> requested option 3 (Routers)
00:07:40.797900 ... not found
00:07:40.797901 >>> requested option 6 (DNSes)
00:07:40.797903 ... not found
00:07:40.797904 >>> requested option 28 (BroadcastAddress)
00:07:40.797906 ... not found
00:07:40.797909 encoding option 1 (SubnetMask)
00:07:40.797911 encoding option 51 (LeaseTime)
00:07:40.797913 ACK xid 0x00001b0f chaddr 08:00:27:d3:26:5c
00:07:40.797919  ciaddr 0.0.0.0 yiaddr 192.168.56.117
00:07:40.797924 encoded message: 548 bytes
00:07:40.797926 00007f63c80011d0/0000: 02 01 06 00 0f 1b 00 00-00 00 00 00 00 00 00 00 ................
00:07:40.797928 00007f63c80011e0/0010: c0 a8 38 75 00 00 00 00-00 00 00 00 08 00 27 d3 ..8u..........'.
00:07:40.797929 00007f63c80011f0/0020: 26 5c 00 00 00 00 00 00-00 00 00 00 00 00 00 00 &\..............
00:07:40.797930 00007f63c8001200/0030: 00 00 00 00 00 00 00 00-00 00 00 00 00 00 00 00 ................
00:07:40.797932 00007f63c8001210/0040: 00 00 00 00 00 00 00 00-00 00 00 00 00 00 00 00 ................
00:07:40.797933 00007f63c8001220/0050: 00 00 00 00 00 00 00 00-00 00 00 00 00 00 00 00 ................
00:07:40.797934 00007f63c8001230/0060: 00 00 00 00 00 00 00 00-00 00 00 00 00 00 00 00 ................
00:07:40.797935 00007f63c8001240/0070: 00 00 00 00 00 00 00 00-00 00 00 00 00 00 00 00 ................
00:07:40.797937 00007f63c8001250/0080: 00 00 00 00 00 00 00 00-00 00 00 00 00 00 00 00 ................
00:07:40.797938 00007f63c8001260/0090: 00 00 00 00 00 00 00 00-00 00 00 00 00 00 00 00 ................
00:07:40.797939 00007f63c8001270/00a0: 00 00 00 00 00 00 00 00-00 00 00 00 00 00 00 00 ................
00:07:40.797941 00007f63c8001280/00b0: 00 00 00 00 00 00 00 00-00 00 00 00 00 00 00 00 ................
00:07:40.797942 00007f63c8001290/00c0: 00 00 00 00 00 00 00 00-00 00 00 00 00 00 00 00 ................
00:07:40.797943 00007f63c80012a0/00d0: 00 00 00 00 00 00 00 00-00 00 00 00 00 00 00 00 ................
00:07:40.797944 00007f63c80012b0/00e0: 00 00 00 00 00 00 00 00-00 00 00 00 63 82 53 63 ............c.Sc
00:07:40.797946 00007f63c80012c0/00f0: 36 04 c0 a8 38 64 35 01-05 01 04 ff ff ff 00 33 6...8d5........3
00:07:40.797947 00007f63c80012d0/0100: 04 00 00 02 58 ff 00 00-00 00 00 00 00 00 00 00 ....X...........
00:07:40.797948 00007f63c80012e0/0110: 00 00 00 00 00 00 00 00-00 00 00 00 00 00 00 00 ................
00:07:40.797950 00007f63c80012f0/0120: 00 00 00 00 00 00 00 00-00 00 00 00 00 00 00 00 ................
00:07:40.797951 00007f63c8001300/0130: 00 00 00 00 00 00 00 00-00 00 00 00 00 00 00 00 ................
00:07:40.797952 00007f63c8001310/0140: 00 00 00 00 00 00 00 00-00 00 00 00 00 00 00 00 ................
00:07:40.797953 00007f63c8001320/0150: 00 00 00 00 00 00 00 00-00 00 00 00 00 00 00 00 ................
00:07:40.797955 00007f63c8001330/0160: 00 00 00 00 00 00 00 00-00 00 00 00 00 00 00 00 ................
00:07:40.797956 00007f63c8001340/0170: 00 00 00 00 00 00 00 00-00 00 00 00 00 00 00 00 ................
00:07:40.797957 00007f63c8001350/0180: 00 00 00 00 00 00 00 00-00 00 00 00 00 00 00 00 ................
00:07:40.797959 00007f63c8001360/0190: 00 00 00 00 00 00 00 00-00 00 00 00 00 00 00 00 ................
00:07:40.797960 00007f63c8001370/01a0: 00 00 00 00 00 00 00 00-00 00 00 00 00 00 00 00 ................
00:07:40.797961 00007f63c8001380/01b0: 00 00 00 00 00 00 00 00-00 00 00 00 00 00 00 00 ................
00:07:40.797962 00007f63c8001390/01c0: 00 00 00 00 00 00 00 00-00 00 00 00 00 00 00 00 ................
00:07:40.797964 00007f63c80013a0/01d0: 00 00 00 00 00 00 00 00-00 00 00 00 00 00 00 00 ................
00:07:40.797965 00007f63c80013b0/01e0: 00 00 00 00 00 00 00 00-00 00 00 00 00 00 00 00 ................
00:07:40.797966 00007f63c80013c0/01f0: 00 00 00 00 00 00 00 00-00 00 00 00 00 00 00 00 ................
00:07:40.797967 00007f63c80013d0/0200: 00 00 00 00 00 00 00 00-00 00 00 00 00 00 00 00 ................
00:07:40.797969 00007f63c80013e0/0210: 00 00 00 00 00 00 00 00-00 00 00 00 00 00 00 00 ................
00:07:40.797970 00007f63c80013f0/0220: 00 00 00 00                                     ....
