00:00:00.327997 VirtualBox GUI VM Selector Window 6.1.28 r147628 linux.amd64 (Oct 20 2021 21:54:22) release log
00:00:00.327998 Log opened 2021-10-31T21:07:39.289692000Z
00:00:00.327998 Build Type: release
00:00:00.327999 OS Product: Linux
00:00:00.328000 OS Release: 5.14.14-zen1-1-zen
00:00:00.328001 OS Version: #1 ZEN SMP PREEMPT Wed, 20 Oct 2021 21:35:17 +0000
00:00:00.328015 DMI Product Name: Z97-HD3
00:00:00.328019 DMI Product Version: To be filled by O.E.M.
00:00:00.328022 Firmware type: UEFI
00:00:00.328923 Secure Boot: Disabled
00:00:00.328948 Host RAM: 15885MB (15.5GB) total, 10680MB (10.4GB) available
00:00:00.328950 Executable: /usr/lib/virtualbox/VirtualBox
00:00:00.328950 Process ID: 406521
00:00:00.328951 Package type: LINUX_64BITS_GENERIC (OSE)
00:00:00.329016 Qt version: 5.15.2
00:00:00.380988 GUI: UIMediumEnumerator: Medium-enumeration started...
00:00:00.719188 GUI: UIDesktopWidgetWatchdog::sltHandleHostScreenAvailableGeometryCalculated: Screen 0 work area is actually resized to: 2611x42 x 655x339
00:00:00.719307 GUI: UIDesktopWidgetWatchdog::sltHandleHostScreenAvailableGeometryCalculated: Screen 1 work area is actually resized to: 2611x398 x 655x350
00:00:00.813500 GUI: UIMediumEnumerator: Medium-enumeration finished!
00:02:29.329008 GUI: UIMediumEnumerator: Medium-enumeration finished!
00:20:16.852727 GUI: UIMediumEnumerator: Medium-enumeration finished!
00:20:35.230835 GUI: UIMediumEnumerator: Medium-enumeration finished!
00:21:31.818394 GUI: UIMediumEnumerator: Medium-enumeration finished!
00:23:30.535121 GUI: UIMediumEnumerator: Medium-enumeration finished!
00:24:03.852779 GUI: UIMediumEnumerator: Medium-enumeration finished!
00:26:01.536854 GUI: UIMediumEnumerator: Medium-enumeration finished!
00:27:01.670096 GUI: UIMediumEnumerator: Medium-enumeration finished!
00:42:17.943903 GUI: UIMediumEnumerator: Medium-enumeration finished!
00:44:34.976601 GUI: UIMediumEnumerator: Medium-enumeration finished!
00:44:58.906280 GUI: UIMediumEnumerator: Medium-enumeration finished!
00:44:59.532049 GUI: UIMediumEnumerator: Medium-enumeration finished!
00:44:59.540466 GUI: UIMediumEnumerator: Medium-enumeration finished!
00:46:47.542971 GUI: UIMediumEnumerator: Medium-enumeration finished!
