00:00:00.001541 main     VirtualBox XPCOM Server 6.1.28 r147628 linux.amd64 (Oct 20 2021 21:54:22) release log
00:00:00.001542 main     Log opened 2021-11-13T12:32:25.320156000Z
00:00:00.001543 main     Build Type: release
00:00:00.001544 main     OS Product: Linux
00:00:00.001545 main     OS Release: 5.14.16-zen1-1-zen
00:00:00.001546 main     OS Version: #1 ZEN SMP PREEMPT Tue, 02 Nov 2021 22:23:00 +0000
00:00:00.001560 main     DMI Product Name: Z97-HD3
00:00:00.001565 main     DMI Product Version: To be filled by O.E.M.
00:00:00.001568 main     Firmware type: UEFI
00:00:00.002158 main     Secure Boot: Disabled
00:00:00.002183 main     Host RAM: 15885MB (15.5GB) total, 8183MB (7.9GB) available
00:00:00.002185 main     Executable: /usr/lib/virtualbox/VBoxSVC
00:00:00.002185 main     Process ID: 3517251
00:00:00.002185 main     Package type: LINUX_64BITS_GENERIC (OSE)
00:00:00.003414 main     IPC socket path: /tmp/.vbox-govi-ipc/ipcd
00:00:00.110793 nspr-2   VirtualBox: object creation starts
00:00:00.110848 nspr-2   Home directory: '/home/govi/.config/VirtualBox'
00:00:00.111573 nspr-2   Loading settings file "/home/govi/.config/VirtualBox/VirtualBox.xml" with version "1.12-linux"
00:00:00.117179 nspr-2   HostDnsMonitor: initializing
00:00:00.117302 nspr-2   NAT: resolv.conf: nameserver 192.168.0.1
00:00:00.117313 nspr-2   HostDnsMonitor: updating information
00:00:00.117320 nspr-2   HostDnsMonitor: old information
00:00:00.117321 nspr-2     no server entries
00:00:00.117323 nspr-2     no domain set
00:00:00.117324 nspr-2     no search string entries
00:00:00.117326 nspr-2   HostDnsMonitor: new information
00:00:00.117327 nspr-2     server 1: 192.168.0.1
00:00:00.117329 nspr-2     no domain set
00:00:00.117330 nspr-2     no search string entries
00:00:00.138783 nspr-2   VD: VDInit finished with VINF_SUCCESS
00:00:00.139650 nspr-2   ERROR [COM]: aRC=NS_ERROR_FAILURE (0x80004005) aIID={027bc463-929c-40e8-bf16-fea557cd8e7e} aComponent={SystemPropertiesWrap} aText={Cannot determine default Guest Additions ISO location. Most likely they are not available}, preserve=false aResultDetail=0
00:00:00.155605 nspr-2   Loading settings file "/Datos/Virtual Machines/Android 8/Android 8.vbox" with version "1.15-linux"
00:00:00.164058 nspr-2   Loading settings file "/Datos/Virtual Machines/Android 7.1/Android 7.1.vbox" with version "1.15-linux"
00:00:00.171650 nspr-2   Loading settings file "/Datos/Virtual Machines/Windows 10 LTSC/Windows 10 LTSC.vbox" with version "1.15-linux"
00:00:00.172074 nspr-2   Loading settings file "/Datos/Virtual Machines/Bliss/Bliss.vbox" with version "1.15-linux"
00:00:00.172360 nspr-2   VirtualBox: object created
00:00:00.352065 nspr-2   Saving settings file "/home/govi/.config/VirtualBox/VirtualBox.xml" with version "1.12-linux"
00:00:00.368623 nspr-2   Saving settings file "/home/govi/.config/VirtualBox/VirtualBox.xml" with version "1.12-linux"
00:00:00.459094 nspr-2   Saving settings file "/home/govi/.config/VirtualBox/VirtualBox.xml" with version "1.12-linux"
00:00:00.471172 nspr-2   Saving settings file "/home/govi/.config/VirtualBox/VirtualBox.xml" with version "1.12-linux"
00:00:00.677597 nspr-2   Saving settings file "/home/govi/.config/VirtualBox/VirtualBox.xml" with version "1.12-linux"
00:00:00.739441 nspr-2   Saving settings file "/home/govi/.config/VirtualBox/VirtualBox.xml" with version "1.12-linux"
00:00:00.749257 nspr-2   Saving settings file "/home/govi/.config/VirtualBox/VirtualBox.xml" with version "1.12-linux"
00:00:00.759231 nspr-2   Saving settings file "/home/govi/.config/VirtualBox/VirtualBox.xml" with version "1.12-linux"
00:00:00.764579 nspr-2   Saving settings file "/home/govi/.config/VirtualBox/VirtualBox.xml" with version "1.12-linux"
00:00:00.770786 nspr-2   Saving settings file "/home/govi/.config/VirtualBox/VirtualBox.xml" with version "1.12-linux"
00:00:06.058200 main     VirtualBox: object deletion starts
00:00:06.058243 main     ERROR [COM]: aRC=VBOX_E_OBJECT_IN_USE (0x80bb000c) aIID={ad47ad09-787b-44ab-b343-a082a3f2dfb1} aComponent={MediumWrap} aText={Medium '/Datos/Virtual Machines/Android 8/Android 8_1.vdi' cannot be closed because it is still attached to 1 virtual machines}, preserve=false aResultDetail=0
00:00:06.059988 main     ERROR [COM]: aRC=VBOX_E_OBJECT_IN_USE (0x80bb000c) aIID={ad47ad09-787b-44ab-b343-a082a3f2dfb1} aComponent={MediumWrap} aText={Medium '/Datos/Virtual Machines/Android 7.1/Android 7.vdi' cannot be closed because it is still attached to 1 virtual machines}, preserve=false aResultDetail=0
00:00:06.060047 main     ERROR [COM]: aRC=VBOX_E_OBJECT_IN_USE (0x80bb000c) aIID={ad47ad09-787b-44ab-b343-a082a3f2dfb1} aComponent={MediumWrap} aText={Medium '/Datos/Virtual Machines/Windows 10 LTSC/Windows 10 LTSC.vdi' cannot be closed because it is still attached to 1 virtual machines}, preserve=false aResultDetail=0
00:00:06.060095 main     ERROR [COM]: aRC=VBOX_E_OBJECT_IN_USE (0x80bb000c) aIID={ad47ad09-787b-44ab-b343-a082a3f2dfb1} aComponent={MediumWrap} aText={Medium '/Datos/Virtual Machines/Bliss/Bliss.vdi' cannot be closed because it is still attached to 1 virtual machines}, preserve=false aResultDetail=0
00:00:06.060256 main     HostDnsMonitor: shutting down ...
00:00:06.063557 main     HostDnsMonitor: shut down
00:00:06.558234 Watcher  ERROR [COM]: aRC=E_ACCESSDENIED (0x80070005) aIID={d0a0163f-e254-4e5b-a1f2-011cf991c38d} aComponent={VirtualBoxWrap} aText={The object is not ready}, preserve=false aResultDetail=0
00:00:11.063654 main     {00007f08e4019f10} HostPowerServiceLinux::~HostPowerServiceLinux: RTThreadWait() for 5000 ms failed with VERR_TIMEOUT
00:00:11.063810 main     VirtualBox: object deleted
