May 28 01:06:00.000 [notice] Tor 0.3.5.10 opening new log file.
May 28 01:06:00.604 [notice] Tor 0.3.5.10 running on Linux with Libevent 2.1.9-beta, OpenSSL 1.0.2q, Zlib 1.2.11, Liblzma N/A, and Libzstd N/A.
May 28 01:06:00.604 [notice] Tor can't help you if you use it wrong! Learn how to be safe at https://www.torproject.org/download/download#warning
May 28 01:06:00.605 [notice] Configuration file "/nonexistent" not present, using reasonable defaults.
May 28 01:06:00.606 [notice] Opening Socks listener on 127.0.0.1:9390
May 28 01:06:00.606 [notice] Opened Socks listener on 127.0.0.1:9390
May 28 01:06:00.606 [notice] Opening Control listener on 127.0.0.1:0
May 28 01:06:00.606 [notice] Control listener listening on port 45637.
May 28 01:06:00.606 [notice] Opened Control listener on 127.0.0.1:45637
May 28 01:06:00.000 [notice] Bootstrapped 0%: Starting
May 28 01:06:00.000 [notice] Starting with guard context "default"
May 28 01:06:00.000 [notice] Application request when we haven't used client functionality lately. Optimistically trying directory fetches again.
May 28 01:06:00.000 [notice] Application request when we haven't used client functionality lately. Optimistically trying directory fetches again.
May 28 01:06:00.000 [notice] Application request when we haven't used client functionality lately. Optimistically trying directory fetches again.
May 28 01:06:01.000 [notice] Application request when we haven't used client functionality lately. Optimistically trying directory fetches again.
May 28 01:06:01.000 [notice] Application request when we haven't used client functionality lately. Optimistically trying directory fetches again.
May 28 01:06:01.000 [notice] Application request when we haven't used client functionality lately. Optimistically trying directory fetches again.
May 28 01:06:01.000 [notice] Application request when we haven't used client functionality lately. Optimistically trying directory fetches again.
May 28 01:06:01.000 [notice] Application request when we haven't used client functionality lately. Optimistically trying directory fetches again.
May 28 01:06:01.000 [notice] Application request when we haven't used client functionality lately. Optimistically trying directory fetches again.
May 28 01:06:01.000 [notice] Application request when we haven't used client functionality lately. Optimistically trying directory fetches again.
May 28 01:06:01.000 [notice] Application request when we haven't used client functionality lately. Optimistically trying directory fetches again.
May 28 01:06:01.000 [notice] Application request when we haven't used client functionality lately. Optimistically trying directory fetches again.
May 28 01:06:01.000 [notice] Application request when we haven't used client functionality lately. Optimistically trying directory fetches again.
May 28 01:06:01.000 [notice] Application request when we haven't used client functionality lately. Optimistically trying directory fetches again.
May 28 01:06:01.000 [notice] Application request when we haven't used client functionality lately. Optimistically trying directory fetches again.
May 28 01:06:01.000 [notice] Application request when we haven't used client functionality lately. Optimistically trying directory fetches again.
May 28 01:06:01.000 [notice] Application request when we haven't used client functionality lately. Optimistically trying directory fetches again.
May 28 01:06:01.000 [notice] Application request when we haven't used client functionality lately. Optimistically trying directory fetches again.
May 28 01:06:01.000 [notice] Application request when we haven't used client functionality lately. Optimistically trying directory fetches again.
May 28 01:06:01.000 [notice] Application request when we haven't used client functionality lately. Optimistically trying directory fetches again.
May 28 01:06:01.000 [notice] Application request when we haven't used client functionality lately. Optimistically trying directory fetches again.
May 28 01:06:01.000 [notice] Bootstrapped 5%: Connecting to directory server
May 28 01:06:01.000 [notice] Bootstrapped 10%: Finishing handshake with directory server
May 28 01:06:01.000 [notice] Bootstrapped 15%: Establishing an encrypted directory connection
May 28 01:06:01.000 [notice] Bootstrapped 20%: Asking for networkstatus consensus
May 28 01:06:01.000 [notice] Bootstrapped 25%: Loading networkstatus consensus
May 28 01:06:02.000 [notice] Bootstrapped 45%: Asking for relay descriptors
May 28 01:06:02.000 [notice] I learned some more directory information, but not enough to build a circuit: We need more microdescriptors: we have 3480/6083, and can only build 21% of likely paths. (We have 64% of guards bw, 61% of midpoint bw, and 55% of exit bw = 21% of path bw.)
May 28 01:06:02.000 [notice] Catching signal TERM, exiting cleanly.
